/** -------------------------------------------------
 ** Algorithm:   Warmr
 ** Output type: freq_queries.out
 ** Date:        7/27/2016 8:25:23
 ** ACE version: 1.2.20
 ** Hardware:    ubuntu : x86_64 running Linux
 ** -------------------------------------------------
 **/

sample_size(52.0).
min_rel_freq(0.5).
min_abs_freq(26.0).

level(1).
freq(1,1,[true],1.0).
c_counter(1,1).
f_counter(1,1).

level(2).
freq(2,1,[true,method(A)],1.0).
freq(2,2,[true,basic_block(A)],1.0).
freq(2,3,[true,in(A,B)],1.0).
freq(2,4,[true,directed_edge(A,B)],1.0).
freq(2,5,[true,method_call(A,B)],0.903846153846154).
c_counter(2,8).
f_counter(2,5).

level(3).
freq(3,1,[true,method(A),basic_block(B)],1.0).
freq(3,2,[true,method(A),in(B,A)],1.0).
freq(3,3,[true,method(A),in(B,C)],1.0).
freq(3,4,[true,method(A),directed_edge(B,C)],1.0).
freq(3,5,[true,method(A),method_call(A,B)],0.903846153846154).
freq(3,6,[true,method(A),method_call(B,A)],0.903846153846154).
freq(3,7,[true,method(A),method_call(B,C)],0.903846153846154).
freq(3,8,[true,basic_block(A),in(A,B)],1.0).
freq(3,9,[true,basic_block(A),in(B,C)],1.0).
freq(3,10,[true,basic_block(A),directed_edge(A,B)],0.980769230769231).
freq(3,11,[true,basic_block(A),directed_edge(B,A)],1.0).
freq(3,12,[true,basic_block(A),directed_edge(B,C)],1.0).
freq(3,13,[true,basic_block(A),method_call(B,C)],0.903846153846154).
freq(3,14,[true,in(A,B),directed_edge(A,C)],0.980769230769231).
freq(3,15,[true,in(A,B),directed_edge(C,A)],1.0).
freq(3,16,[true,in(A,B),directed_edge(C,D)],1.0).
freq(3,17,[true,in(A,B),method_call(B,C)],0.903846153846154).
freq(3,18,[true,in(A,B),method_call(C,B)],0.903846153846154).
freq(3,19,[true,in(A,B),method_call(C,D)],0.903846153846154).
freq(3,20,[true,directed_edge(A,B),directed_edge(B,C)],0.980769230769231).
freq(3,21,[true,directed_edge(A,B),method_call(C,D)],0.903846153846154).
freq(3,22,[true,method_call(A,B),method_call(B,C)],0.576923076923077).
c_counter(3,47).
f_counter(3,22).

level(4).
freq(4,1,[true,method(A),basic_block(B),in(B,A)],1.0).
freq(4,2,[true,method(A),basic_block(B),in(B,C)],1.0).
freq(4,3,[true,method(A),basic_block(B),in(C,A)],1.0).
freq(4,4,[true,method(A),basic_block(B),in(C,D)],1.0).
freq(4,5,[true,method(A),basic_block(B),directed_edge(B,C)],0.980769230769231).
freq(4,6,[true,method(A),basic_block(B),directed_edge(C,B)],1.0).
freq(4,7,[true,method(A),basic_block(B),directed_edge(C,D)],1.0).
freq(4,8,[true,method(A),basic_block(B),method_call(A,C)],0.903846153846154).
freq(4,9,[true,method(A),basic_block(B),method_call(C,A)],0.903846153846154).
freq(4,10,[true,method(A),basic_block(B),method_call(C,D)],0.903846153846154).
freq(4,11,[true,method(A),in(B,A),directed_edge(B,C)],0.980769230769231).
freq(4,12,[true,method(A),in(B,A),directed_edge(C,B)],1.0).
freq(4,13,[true,method(A),in(B,A),directed_edge(C,D)],1.0).
freq(4,14,[true,method(A),in(B,A),method_call(A,C)],0.903846153846154).
freq(4,15,[true,method(A),in(B,A),method_call(C,A)],0.903846153846154).
freq(4,16,[true,method(A),in(B,A),method_call(C,D)],0.903846153846154).
freq(4,17,[true,method(A),in(B,C),method(C)],1.0).
freq(4,18,[true,method(A),in(B,C),directed_edge(B,D)],0.980769230769231).
freq(4,19,[true,method(A),in(B,C),directed_edge(D,B)],1.0).
freq(4,20,[true,method(A),in(B,C),directed_edge(D,E)],1.0).
freq(4,21,[true,method(A),in(B,C),method_call(C,A)],0.903846153846154).
freq(4,22,[true,method(A),in(B,C),method_call(C,D)],0.903846153846154).
freq(4,23,[true,method(A),in(B,C),method_call(A,C)],0.903846153846154).
freq(4,24,[true,method(A),in(B,C),method_call(A,D)],0.903846153846154).
freq(4,25,[true,method(A),in(B,C),method_call(D,C)],0.903846153846154).
freq(4,26,[true,method(A),in(B,C),method_call(D,A)],0.903846153846154).
freq(4,27,[true,method(A),in(B,C),method_call(D,E)],0.903846153846154).
freq(4,28,[true,method(A),directed_edge(B,C),directed_edge(C,D)],0.980769230769231).
freq(4,29,[true,method(A),directed_edge(B,C),method_call(A,D)],0.903846153846154).
freq(4,30,[true,method(A),directed_edge(B,C),method_call(D,A)],0.903846153846154).
freq(4,31,[true,method(A),directed_edge(B,C),method_call(D,E)],0.903846153846154).
freq(4,32,[true,method(A),method_call(A,B),method(B)],0.903846153846154).
freq(4,33,[true,method(A),method_call(A,B),method_call(B,C)],0.576923076923077).
freq(4,34,[true,method(A),method_call(A,B),method_call(C,A)],0.576923076923077).
freq(4,35,[true,method(A),method_call(B,A),method_call(C,B)],0.576923076923077).
freq(4,36,[true,method(A),method_call(B,C),method(C)],0.903846153846154).
freq(4,37,[true,method(A),method_call(B,C),method(B)],0.903846153846154).
freq(4,38,[true,method(A),method_call(B,C),method_call(C,D)],0.576923076923077).
freq(4,39,[true,basic_block(A),in(A,B),directed_edge(A,C)],0.980769230769231).
freq(4,40,[true,basic_block(A),in(A,B),directed_edge(C,A)],1.0).
freq(4,41,[true,basic_block(A),in(A,B),directed_edge(C,D)],1.0).
freq(4,42,[true,basic_block(A),in(A,B),method_call(B,C)],0.903846153846154).
freq(4,43,[true,basic_block(A),in(A,B),method_call(C,B)],0.903846153846154).
freq(4,44,[true,basic_block(A),in(A,B),method_call(C,D)],0.903846153846154).
freq(4,45,[true,basic_block(A),in(B,C),basic_block(B)],1.0).
freq(4,46,[true,basic_block(A),in(B,C),directed_edge(B,A)],0.980769230769231).
freq(4,47,[true,basic_block(A),in(B,C),directed_edge(B,D)],0.980769230769231).
freq(4,48,[true,basic_block(A),in(B,C),directed_edge(A,B)],0.980769230769231).
freq(4,49,[true,basic_block(A),in(B,C),directed_edge(A,D)],0.980769230769231).
freq(4,50,[true,basic_block(A),in(B,C),directed_edge(D,B)],1.0).
freq(4,51,[true,basic_block(A),in(B,C),directed_edge(D,A)],1.0).
freq(4,52,[true,basic_block(A),in(B,C),directed_edge(D,E)],1.0).
freq(4,53,[true,basic_block(A),in(B,C),method_call(C,D)],0.903846153846154).
freq(4,54,[true,basic_block(A),in(B,C),method_call(D,C)],0.903846153846154).
freq(4,55,[true,basic_block(A),in(B,C),method_call(D,E)],0.903846153846154).
freq(4,56,[true,basic_block(A),directed_edge(A,B),basic_block(B)],0.980769230769231).
freq(4,57,[true,basic_block(A),directed_edge(A,B),directed_edge(B,C)],0.961538461538462).
freq(4,58,[true,basic_block(A),directed_edge(A,B),directed_edge(C,A)],0.980769230769231).
freq(4,59,[true,basic_block(A),directed_edge(A,B),method_call(C,D)],0.903846153846154).
freq(4,60,[true,basic_block(A),directed_edge(B,A),directed_edge(C,B)],0.980769230769231).
freq(4,61,[true,basic_block(A),directed_edge(B,A),method_call(C,D)],0.903846153846154).
freq(4,62,[true,basic_block(A),directed_edge(B,C),basic_block(C)],1.0).
freq(4,63,[true,basic_block(A),directed_edge(B,C),basic_block(B)],0.980769230769231).
freq(4,64,[true,basic_block(A),directed_edge(B,C),directed_edge(C,D)],0.980769230769231).
freq(4,65,[true,basic_block(A),directed_edge(B,C),method_call(D,E)],0.903846153846154).
freq(4,66,[true,basic_block(A),method_call(B,C),method_call(C,D)],0.576923076923077).
freq(4,67,[true,in(A,B),directed_edge(A,C),in(C,B)],0.980769230769231).
freq(4,68,[true,in(A,B),directed_edge(A,C),in(C,D)],0.980769230769231).
freq(4,69,[true,in(A,B),directed_edge(A,C),directed_edge(C,D)],0.961538461538462).
freq(4,70,[true,in(A,B),directed_edge(A,C),directed_edge(D,A)],0.980769230769231).
freq(4,71,[true,in(A,B),directed_edge(A,C),method_call(B,D)],0.673076923076923).
freq(4,72,[true,in(A,B),directed_edge(A,C),method_call(D,B)],0.846153846153846).
freq(4,73,[true,in(A,B),directed_edge(A,C),method_call(D,E)],0.903846153846154).
freq(4,74,[true,in(A,B),directed_edge(C,A),directed_edge(D,C)],0.980769230769231).
freq(4,75,[true,in(A,B),directed_edge(C,A),method_call(B,D)],0.903846153846154).
freq(4,76,[true,in(A,B),directed_edge(C,A),method_call(D,B)],0.903846153846154).
freq(4,77,[true,in(A,B),directed_edge(C,A),method_call(D,E)],0.903846153846154).
freq(4,78,[true,in(A,B),directed_edge(C,D),in(D,B)],1.0).
freq(4,79,[true,in(A,B),directed_edge(C,D),in(C,B)],0.980769230769231).
freq(4,80,[true,in(A,B),directed_edge(C,D),directed_edge(D,E)],0.980769230769231).
freq(4,81,[true,in(A,B),directed_edge(C,D),method_call(B,E)],0.903846153846154).
freq(4,82,[true,in(A,B),directed_edge(C,D),method_call(E,B)],0.903846153846154).
freq(4,83,[true,in(A,B),directed_edge(C,D),method_call(E,F)],0.903846153846154).
freq(4,84,[true,in(A,B),method_call(B,C),in(D,C)],0.903846153846154).
freq(4,85,[true,in(A,B),method_call(B,C),method_call(C,D)],0.576923076923077).
freq(4,86,[true,in(A,B),method_call(B,C),method_call(D,B)],0.576923076923077).
freq(4,87,[true,in(A,B),method_call(C,B),method_call(D,C)],0.576923076923077).
freq(4,88,[true,in(A,B),method_call(C,D),in(A,D)],0.903846153846154).
freq(4,89,[true,in(A,B),method_call(C,D),in(A,C)],0.903846153846154).
freq(4,90,[true,in(A,B),method_call(C,D),method_call(D,E)],0.576923076923077).
freq(4,91,[true,directed_edge(A,B),directed_edge(B,C),directed_edge(C,A)],0.75).
freq(4,92,[true,directed_edge(A,B),directed_edge(B,C),directed_edge(C,D)],0.961538461538462).
freq(4,93,[true,directed_edge(A,B),directed_edge(B,C),directed_edge(A,C)],0.75).
freq(4,94,[true,directed_edge(A,B),directed_edge(B,C),method_call(D,E)],0.903846153846154).
freq(4,95,[true,directed_edge(A,B),method_call(C,D),method_call(D,E)],0.576923076923077).
c_counter(4,99).
f_counter(4,95).
