/** -------------------------------------------------
 ** Algorithm:   Warmr
 ** Output type: freq_queries.out
 ** Date:        7/21/2016 13:47:49
 ** ACE version: 1.2.20
 ** Hardware:    ubuntu : x86_64 running Linux
 ** -------------------------------------------------
 **/

sample_size(0.0).
min_rel_freq(0.5).
min_abs_freq(0.0).

level(1).
freq(1,1,[true],-nan).
c_counter(1,1).
f_counter(1,1).

level(2).
freq(2,1,[true,method(A)],-nan).
freq(2,2,[true,basic_block(A)],-nan).
freq(2,3,[true,in(A,A)],-nan).
freq(2,4,[true,in(A,B)],-nan).
freq(2,5,[true,directed_edge(A,A)],-nan).
freq(2,6,[true,directed_edge(A,B)],-nan).
freq(2,7,[true,method_call(A,A)],-nan).
freq(2,8,[true,method_call(A,B)],-nan).
c_counter(2,8).
f_counter(2,8).

level(3).
freq(3,1,[true,method(A),basic_block(A)],-nan).
freq(3,2,[true,method(A),basic_block(B)],-nan).
freq(3,3,[true,method(A),in(A,A)],-nan).
freq(3,4,[true,method(A),in(A,B)],-nan).
freq(3,5,[true,method(A),in(B,B)],-nan).
freq(3,6,[true,method(A),in(B,A)],-nan).
freq(3,7,[true,method(A),in(B,C)],-nan).
freq(3,8,[true,method(A),directed_edge(A,A)],-nan).
freq(3,9,[true,method(A),directed_edge(A,B)],-nan).
freq(3,10,[true,method(A),directed_edge(B,B)],-nan).
freq(3,11,[true,method(A),directed_edge(B,A)],-nan).
freq(3,12,[true,method(A),directed_edge(B,C)],-nan).
freq(3,13,[true,method(A),method_call(A,A)],-nan).
freq(3,14,[true,method(A),method_call(A,B)],-nan).
freq(3,15,[true,method(A),method_call(B,B)],-nan).
freq(3,16,[true,method(A),method_call(B,A)],-nan).
freq(3,17,[true,method(A),method_call(B,C)],-nan).
freq(3,18,[true,basic_block(A),in(A,A)],-nan).
freq(3,19,[true,basic_block(A),in(A,B)],-nan).
freq(3,20,[true,basic_block(A),in(B,B)],-nan).
freq(3,21,[true,basic_block(A),in(B,A)],-nan).
freq(3,22,[true,basic_block(A),in(B,C)],-nan).
freq(3,23,[true,basic_block(A),directed_edge(A,A)],-nan).
freq(3,24,[true,basic_block(A),directed_edge(A,B)],-nan).
freq(3,25,[true,basic_block(A),directed_edge(B,B)],-nan).
freq(3,26,[true,basic_block(A),directed_edge(B,A)],-nan).
freq(3,27,[true,basic_block(A),directed_edge(B,C)],-nan).
freq(3,28,[true,basic_block(A),method_call(A,A)],-nan).
freq(3,29,[true,basic_block(A),method_call(A,B)],-nan).
freq(3,30,[true,basic_block(A),method_call(B,B)],-nan).
freq(3,31,[true,basic_block(A),method_call(B,A)],-nan).
freq(3,32,[true,basic_block(A),method_call(B,C)],-nan).
freq(3,33,[true,in(A,A),directed_edge(A,A)],-nan).
freq(3,34,[true,in(A,A),directed_edge(A,B)],-nan).
freq(3,35,[true,in(A,A),directed_edge(B,B)],-nan).
freq(3,36,[true,in(A,A),directed_edge(B,A)],-nan).
freq(3,37,[true,in(A,A),directed_edge(B,C)],-nan).
freq(3,38,[true,in(A,A),method_call(A,A)],-nan).
freq(3,39,[true,in(A,A),method_call(A,B)],-nan).
freq(3,40,[true,in(A,A),method_call(B,B)],-nan).
freq(3,41,[true,in(A,A),method_call(B,A)],-nan).
freq(3,42,[true,in(A,A),method_call(B,C)],-nan).
freq(3,43,[true,in(A,B),in(B,B)],-nan).
freq(3,44,[true,in(A,B),in(B,A)],-nan).
freq(3,45,[true,in(A,B),in(B,C)],-nan).
freq(3,46,[true,in(A,B),directed_edge(B,B)],-nan).
freq(3,47,[true,in(A,B),directed_edge(B,A)],-nan).
freq(3,48,[true,in(A,B),directed_edge(B,C)],-nan).
freq(3,49,[true,in(A,B),directed_edge(A,B)],-nan).
freq(3,50,[true,in(A,B),directed_edge(A,A)],-nan).
freq(3,51,[true,in(A,B),directed_edge(A,C)],-nan).
freq(3,52,[true,in(A,B),directed_edge(C,C)],-nan).
freq(3,53,[true,in(A,B),directed_edge(C,B)],-nan).
freq(3,54,[true,in(A,B),directed_edge(C,A)],-nan).
freq(3,55,[true,in(A,B),directed_edge(C,D)],-nan).
freq(3,56,[true,in(A,B),method_call(B,B)],-nan).
freq(3,57,[true,in(A,B),method_call(B,A)],-nan).
freq(3,58,[true,in(A,B),method_call(B,C)],-nan).
freq(3,59,[true,in(A,B),method_call(A,B)],-nan).
freq(3,60,[true,in(A,B),method_call(A,A)],-nan).
freq(3,61,[true,in(A,B),method_call(A,C)],-nan).
freq(3,62,[true,in(A,B),method_call(C,C)],-nan).
freq(3,63,[true,in(A,B),method_call(C,B)],-nan).
freq(3,64,[true,in(A,B),method_call(C,A)],-nan).
freq(3,65,[true,in(A,B),method_call(C,D)],-nan).
freq(3,66,[true,directed_edge(A,A),method_call(A,A)],-nan).
freq(3,67,[true,directed_edge(A,A),method_call(A,B)],-nan).
freq(3,68,[true,directed_edge(A,A),method_call(B,B)],-nan).
freq(3,69,[true,directed_edge(A,A),method_call(B,A)],-nan).
freq(3,70,[true,directed_edge(A,A),method_call(B,C)],-nan).
freq(3,71,[true,directed_edge(A,B),directed_edge(B,B)],-nan).
freq(3,72,[true,directed_edge(A,B),directed_edge(B,A)],-nan).
freq(3,73,[true,directed_edge(A,B),directed_edge(B,C)],-nan).
freq(3,74,[true,directed_edge(A,B),method_call(B,B)],-nan).
freq(3,75,[true,directed_edge(A,B),method_call(B,A)],-nan).
freq(3,76,[true,directed_edge(A,B),method_call(B,C)],-nan).
freq(3,77,[true,directed_edge(A,B),method_call(A,B)],-nan).
freq(3,78,[true,directed_edge(A,B),method_call(A,A)],-nan).
freq(3,79,[true,directed_edge(A,B),method_call(A,C)],-nan).
freq(3,80,[true,directed_edge(A,B),method_call(C,C)],-nan).
freq(3,81,[true,directed_edge(A,B),method_call(C,B)],-nan).
freq(3,82,[true,directed_edge(A,B),method_call(C,A)],-nan).
freq(3,83,[true,directed_edge(A,B),method_call(C,D)],-nan).
freq(3,84,[true,method_call(A,B),method_call(B,B)],-nan).
freq(3,85,[true,method_call(A,B),method_call(B,A)],-nan).
freq(3,86,[true,method_call(A,B),method_call(B,C)],-nan).
c_counter(3,86).
f_counter(3,86).

level(4).
freq(4,1,[true,method(A),basic_block(A),in(A,A)],-nan).
freq(4,2,[true,method(A),basic_block(A),in(A,B)],-nan).
freq(4,3,[true,method(A),basic_block(A),in(B,B)],-nan).
freq(4,4,[true,method(A),basic_block(A),in(B,A)],-nan).
freq(4,5,[true,method(A),basic_block(A),in(B,C)],-nan).
freq(4,6,[true,method(A),basic_block(A),directed_edge(A,A)],-nan).
freq(4,7,[true,method(A),basic_block(A),directed_edge(A,B)],-nan).
freq(4,8,[true,method(A),basic_block(A),directed_edge(B,B)],-nan).
freq(4,9,[true,method(A),basic_block(A),directed_edge(B,A)],-nan).
freq(4,10,[true,method(A),basic_block(A),directed_edge(B,C)],-nan).
freq(4,11,[true,method(A),basic_block(A),method_call(A,A)],-nan).
freq(4,12,[true,method(A),basic_block(A),method_call(A,B)],-nan).
freq(4,13,[true,method(A),basic_block(A),method_call(B,B)],-nan).
freq(4,14,[true,method(A),basic_block(A),method_call(B,A)],-nan).
freq(4,15,[true,method(A),basic_block(A),method_call(B,C)],-nan).
freq(4,16,[true,method(A),basic_block(B),method(B)],-nan).
freq(4,17,[true,method(A),basic_block(B),in(B,B)],-nan).
freq(4,18,[true,method(A),basic_block(B),in(B,A)],-nan).
freq(4,19,[true,method(A),basic_block(B),in(B,C)],-nan).
freq(4,20,[true,method(A),basic_block(B),in(A,B)],-nan).
freq(4,21,[true,method(A),basic_block(B),in(A,A)],-nan).
freq(4,22,[true,method(A),basic_block(B),in(A,C)],-nan).
freq(4,23,[true,method(A),basic_block(B),in(C,C)],-nan).
freq(4,24,[true,method(A),basic_block(B),in(C,B)],-nan).
freq(4,25,[true,method(A),basic_block(B),in(C,A)],-nan).
freq(4,26,[true,method(A),basic_block(B),in(C,D)],-nan).
freq(4,27,[true,method(A),basic_block(B),directed_edge(B,B)],-nan).
freq(4,28,[true,method(A),basic_block(B),directed_edge(B,A)],-nan).
freq(4,29,[true,method(A),basic_block(B),directed_edge(B,C)],-nan).
freq(4,30,[true,method(A),basic_block(B),directed_edge(A,B)],-nan).
freq(4,31,[true,method(A),basic_block(B),directed_edge(A,A)],-nan).
freq(4,32,[true,method(A),basic_block(B),directed_edge(A,C)],-nan).
freq(4,33,[true,method(A),basic_block(B),directed_edge(C,C)],-nan).
freq(4,34,[true,method(A),basic_block(B),directed_edge(C,B)],-nan).
freq(4,35,[true,method(A),basic_block(B),directed_edge(C,A)],-nan).
freq(4,36,[true,method(A),basic_block(B),directed_edge(C,D)],-nan).
freq(4,37,[true,method(A),basic_block(B),method_call(B,B)],-nan).
freq(4,38,[true,method(A),basic_block(B),method_call(B,A)],-nan).
freq(4,39,[true,method(A),basic_block(B),method_call(B,C)],-nan).
freq(4,40,[true,method(A),basic_block(B),method_call(A,B)],-nan).
freq(4,41,[true,method(A),basic_block(B),method_call(A,A)],-nan).
freq(4,42,[true,method(A),basic_block(B),method_call(A,C)],-nan).
freq(4,43,[true,method(A),basic_block(B),method_call(C,C)],-nan).
freq(4,44,[true,method(A),basic_block(B),method_call(C,B)],-nan).
freq(4,45,[true,method(A),basic_block(B),method_call(C,A)],-nan).
freq(4,46,[true,method(A),basic_block(B),method_call(C,D)],-nan).
freq(4,47,[true,method(A),in(A,A),directed_edge(A,A)],-nan).
freq(4,48,[true,method(A),in(A,A),directed_edge(A,B)],-nan).
freq(4,49,[true,method(A),in(A,A),directed_edge(B,B)],-nan).
freq(4,50,[true,method(A),in(A,A),directed_edge(B,A)],-nan).
freq(4,51,[true,method(A),in(A,A),directed_edge(B,C)],-nan).
freq(4,52,[true,method(A),in(A,A),method_call(A,A)],-nan).
freq(4,53,[true,method(A),in(A,A),method_call(A,B)],-nan).
freq(4,54,[true,method(A),in(A,A),method_call(B,B)],-nan).
freq(4,55,[true,method(A),in(A,A),method_call(B,A)],-nan).
freq(4,56,[true,method(A),in(A,A),method_call(B,C)],-nan).
freq(4,57,[true,method(A),in(A,B),method(B)],-nan).
freq(4,58,[true,method(A),in(A,B),in(B,B)],-nan).
freq(4,59,[true,method(A),in(A,B),in(B,A)],-nan).
freq(4,60,[true,method(A),in(A,B),in(B,C)],-nan).
freq(4,61,[true,method(A),in(A,B),in(A,A)],-nan).
freq(4,62,[true,method(A),in(A,B),in(C,C)],-nan).
freq(4,63,[true,method(A),in(A,B),in(C,A)],-nan).
freq(4,64,[true,method(A),in(A,B),directed_edge(B,B)],-nan).
freq(4,65,[true,method(A),in(A,B),directed_edge(B,A)],-nan).
freq(4,66,[true,method(A),in(A,B),directed_edge(B,C)],-nan).
freq(4,67,[true,method(A),in(A,B),directed_edge(A,B)],-nan).
freq(4,68,[true,method(A),in(A,B),directed_edge(A,A)],-nan).
freq(4,69,[true,method(A),in(A,B),directed_edge(A,C)],-nan).
freq(4,70,[true,method(A),in(A,B),directed_edge(C,C)],-nan).
freq(4,71,[true,method(A),in(A,B),directed_edge(C,B)],-nan).
freq(4,72,[true,method(A),in(A,B),directed_edge(C,A)],-nan).
freq(4,73,[true,method(A),in(A,B),directed_edge(C,D)],-nan).
freq(4,74,[true,method(A),in(A,B),method_call(B,B)],-nan).
freq(4,75,[true,method(A),in(A,B),method_call(B,A)],-nan).
freq(4,76,[true,method(A),in(A,B),method_call(B,C)],-nan).
freq(4,77,[true,method(A),in(A,B),method_call(A,B)],-nan).
freq(4,78,[true,method(A),in(A,B),method_call(A,A)],-nan).
freq(4,79,[true,method(A),in(A,B),method_call(A,C)],-nan).
freq(4,80,[true,method(A),in(A,B),method_call(C,C)],-nan).
freq(4,81,[true,method(A),in(A,B),method_call(C,B)],-nan).
freq(4,82,[true,method(A),in(A,B),method_call(C,A)],-nan).
freq(4,83,[true,method(A),in(A,B),method_call(C,D)],-nan).
freq(4,84,[true,method(A),in(B,B),in(B,A)],-nan).
freq(4,85,[true,method(A),in(B,B),in(C,A)],-nan).
freq(4,86,[true,method(A),in(B,B),directed_edge(B,B)],-nan).
freq(4,87,[true,method(A),in(B,B),directed_edge(B,A)],-nan).
freq(4,88,[true,method(A),in(B,B),directed_edge(B,C)],-nan).
freq(4,89,[true,method(A),in(B,B),directed_edge(A,B)],-nan).
freq(4,90,[true,method(A),in(B,B),directed_edge(A,A)],-nan).
freq(4,91,[true,method(A),in(B,B),directed_edge(A,C)],-nan).
freq(4,92,[true,method(A),in(B,B),directed_edge(C,C)],-nan).
freq(4,93,[true,method(A),in(B,B),directed_edge(C,B)],-nan).
freq(4,94,[true,method(A),in(B,B),directed_edge(C,A)],-nan).
freq(4,95,[true,method(A),in(B,B),directed_edge(C,D)],-nan).
freq(4,96,[true,method(A),in(B,B),method_call(B,B)],-nan).
freq(4,97,[true,method(A),in(B,B),method_call(B,A)],-nan).
freq(4,98,[true,method(A),in(B,B),method_call(B,C)],-nan).
freq(4,99,[true,method(A),in(B,B),method_call(A,B)],-nan).
freq(4,100,[true,method(A),in(B,B),method_call(A,A)],-nan).
freq(4,101,[true,method(A),in(B,B),method_call(A,C)],-nan).
freq(4,102,[true,method(A),in(B,B),method_call(C,C)],-nan).
freq(4,103,[true,method(A),in(B,B),method_call(C,B)],-nan).
freq(4,104,[true,method(A),in(B,B),method_call(C,A)],-nan).
freq(4,105,[true,method(A),in(B,B),method_call(C,D)],-nan).
freq(4,106,[true,method(A),in(B,A),in(C,B)],-nan).
freq(4,107,[true,method(A),in(B,A),directed_edge(B,B)],-nan).
freq(4,108,[true,method(A),in(B,A),directed_edge(B,A)],-nan).
freq(4,109,[true,method(A),in(B,A),directed_edge(B,C)],-nan).
freq(4,110,[true,method(A),in(B,A),directed_edge(A,B)],-nan).
freq(4,111,[true,method(A),in(B,A),directed_edge(A,A)],-nan).
freq(4,112,[true,method(A),in(B,A),directed_edge(A,C)],-nan).
freq(4,113,[true,method(A),in(B,A),directed_edge(C,C)],-nan).
freq(4,114,[true,method(A),in(B,A),directed_edge(C,B)],-nan).
freq(4,115,[true,method(A),in(B,A),directed_edge(C,A)],-nan).
freq(4,116,[true,method(A),in(B,A),directed_edge(C,D)],-nan).
freq(4,117,[true,method(A),in(B,A),method_call(B,B)],-nan).
freq(4,118,[true,method(A),in(B,A),method_call(B,A)],-nan).
freq(4,119,[true,method(A),in(B,A),method_call(B,C)],-nan).
freq(4,120,[true,method(A),in(B,A),method_call(A,B)],-nan).
freq(4,121,[true,method(A),in(B,A),method_call(A,A)],-nan).
freq(4,122,[true,method(A),in(B,A),method_call(A,C)],-nan).
freq(4,123,[true,method(A),in(B,A),method_call(C,C)],-nan).
freq(4,124,[true,method(A),in(B,A),method_call(C,B)],-nan).
freq(4,125,[true,method(A),in(B,A),method_call(C,A)],-nan).
freq(4,126,[true,method(A),in(B,A),method_call(C,D)],-nan).
freq(4,127,[true,method(A),in(B,C),method(C)],-nan).
freq(4,128,[true,method(A),in(B,C),method(B)],-nan).
freq(4,129,[true,method(A),in(B,C),in(C,C)],-nan).
freq(4,130,[true,method(A),in(B,C),in(C,B)],-nan).
freq(4,131,[true,method(A),in(B,C),in(C,D)],-nan).
freq(4,132,[true,method(A),in(B,C),directed_edge(C,C)],-nan).
freq(4,133,[true,method(A),in(B,C),directed_edge(C,B)],-nan).
freq(4,134,[true,method(A),in(B,C),directed_edge(C,A)],-nan).
freq(4,135,[true,method(A),in(B,C),directed_edge(C,D)],-nan).
freq(4,136,[true,method(A),in(B,C),directed_edge(B,C)],-nan).
freq(4,137,[true,method(A),in(B,C),directed_edge(B,B)],-nan).
freq(4,138,[true,method(A),in(B,C),directed_edge(B,A)],-nan).
freq(4,139,[true,method(A),in(B,C),directed_edge(B,D)],-nan).
freq(4,140,[true,method(A),in(B,C),directed_edge(A,C)],-nan).
freq(4,141,[true,method(A),in(B,C),directed_edge(A,B)],-nan).
freq(4,142,[true,method(A),in(B,C),directed_edge(A,A)],-nan).
freq(4,143,[true,method(A),in(B,C),directed_edge(A,D)],-nan).
freq(4,144,[true,method(A),in(B,C),directed_edge(D,D)],-nan).
freq(4,145,[true,method(A),in(B,C),directed_edge(D,C)],-nan).
freq(4,146,[true,method(A),in(B,C),directed_edge(D,B)],-nan).
freq(4,147,[true,method(A),in(B,C),directed_edge(D,A)],-nan).
freq(4,148,[true,method(A),in(B,C),directed_edge(D,E)],-nan).
freq(4,149,[true,method(A),in(B,C),method_call(C,C)],-nan).
freq(4,150,[true,method(A),in(B,C),method_call(C,B)],-nan).
freq(4,151,[true,method(A),in(B,C),method_call(C,A)],-nan).
freq(4,152,[true,method(A),in(B,C),method_call(C,D)],-nan).
freq(4,153,[true,method(A),in(B,C),method_call(B,C)],-nan).
freq(4,154,[true,method(A),in(B,C),method_call(B,B)],-nan).
freq(4,155,[true,method(A),in(B,C),method_call(B,A)],-nan).
freq(4,156,[true,method(A),in(B,C),method_call(B,D)],-nan).
freq(4,157,[true,method(A),in(B,C),method_call(A,C)],-nan).
freq(4,158,[true,method(A),in(B,C),method_call(A,B)],-nan).
freq(4,159,[true,method(A),in(B,C),method_call(A,A)],-nan).
freq(4,160,[true,method(A),in(B,C),method_call(A,D)],-nan).
freq(4,161,[true,method(A),in(B,C),method_call(D,D)],-nan).
freq(4,162,[true,method(A),in(B,C),method_call(D,C)],-nan).
freq(4,163,[true,method(A),in(B,C),method_call(D,B)],-nan).
freq(4,164,[true,method(A),in(B,C),method_call(D,A)],-nan).
freq(4,165,[true,method(A),in(B,C),method_call(D,E)],-nan).
freq(4,166,[true,method(A),directed_edge(A,A),method_call(A,A)],-nan).
freq(4,167,[true,method(A),directed_edge(A,A),method_call(A,B)],-nan).
freq(4,168,[true,method(A),directed_edge(A,A),method_call(B,B)],-nan).
freq(4,169,[true,method(A),directed_edge(A,A),method_call(B,A)],-nan).
freq(4,170,[true,method(A),directed_edge(A,A),method_call(B,C)],-nan).
freq(4,171,[true,method(A),directed_edge(A,B),method(B)],-nan).
freq(4,172,[true,method(A),directed_edge(A,B),directed_edge(B,B)],-nan).
freq(4,173,[true,method(A),directed_edge(A,B),directed_edge(B,A)],-nan).
freq(4,174,[true,method(A),directed_edge(A,B),directed_edge(B,C)],-nan).
freq(4,175,[true,method(A),directed_edge(A,B),directed_edge(A,A)],-nan).
freq(4,176,[true,method(A),directed_edge(A,B),directed_edge(C,C)],-nan).
freq(4,177,[true,method(A),directed_edge(A,B),directed_edge(C,A)],-nan).
freq(4,178,[true,method(A),directed_edge(A,B),method_call(B,B)],-nan).
freq(4,179,[true,method(A),directed_edge(A,B),method_call(B,A)],-nan).
freq(4,180,[true,method(A),directed_edge(A,B),method_call(B,C)],-nan).
freq(4,181,[true,method(A),directed_edge(A,B),method_call(A,B)],-nan).
freq(4,182,[true,method(A),directed_edge(A,B),method_call(A,A)],-nan).
freq(4,183,[true,method(A),directed_edge(A,B),method_call(A,C)],-nan).
freq(4,184,[true,method(A),directed_edge(A,B),method_call(C,C)],-nan).
freq(4,185,[true,method(A),directed_edge(A,B),method_call(C,B)],-nan).
freq(4,186,[true,method(A),directed_edge(A,B),method_call(C,A)],-nan).
freq(4,187,[true,method(A),directed_edge(A,B),method_call(C,D)],-nan).
freq(4,188,[true,method(A),directed_edge(B,B),directed_edge(B,A)],-nan).
freq(4,189,[true,method(A),directed_edge(B,B),directed_edge(C,A)],-nan).
freq(4,190,[true,method(A),directed_edge(B,B),method_call(B,B)],-nan).
freq(4,191,[true,method(A),directed_edge(B,B),method_call(B,A)],-nan).
freq(4,192,[true,method(A),directed_edge(B,B),method_call(B,C)],-nan).
freq(4,193,[true,method(A),directed_edge(B,B),method_call(A,B)],-nan).
freq(4,194,[true,method(A),directed_edge(B,B),method_call(A,A)],-nan).
freq(4,195,[true,method(A),directed_edge(B,B),method_call(A,C)],-nan).
freq(4,196,[true,method(A),directed_edge(B,B),method_call(C,C)],-nan).
freq(4,197,[true,method(A),directed_edge(B,B),method_call(C,B)],-nan).
freq(4,198,[true,method(A),directed_edge(B,B),method_call(C,A)],-nan).
freq(4,199,[true,method(A),directed_edge(B,B),method_call(C,D)],-nan).
freq(4,200,[true,method(A),directed_edge(B,A),directed_edge(C,B)],-nan).
freq(4,201,[true,method(A),directed_edge(B,A),method_call(B,B)],-nan).
freq(4,202,[true,method(A),directed_edge(B,A),method_call(B,A)],-nan).
freq(4,203,[true,method(A),directed_edge(B,A),method_call(B,C)],-nan).
freq(4,204,[true,method(A),directed_edge(B,A),method_call(A,B)],-nan).
freq(4,205,[true,method(A),directed_edge(B,A),method_call(A,A)],-nan).
freq(4,206,[true,method(A),directed_edge(B,A),method_call(A,C)],-nan).
freq(4,207,[true,method(A),directed_edge(B,A),method_call(C,C)],-nan).
freq(4,208,[true,method(A),directed_edge(B,A),method_call(C,B)],-nan).
freq(4,209,[true,method(A),directed_edge(B,A),method_call(C,A)],-nan).
freq(4,210,[true,method(A),directed_edge(B,A),method_call(C,D)],-nan).
freq(4,211,[true,method(A),directed_edge(B,C),method(C)],-nan).
freq(4,212,[true,method(A),directed_edge(B,C),method(B)],-nan).
freq(4,213,[true,method(A),directed_edge(B,C),directed_edge(C,C)],-nan).
freq(4,214,[true,method(A),directed_edge(B,C),directed_edge(C,B)],-nan).
freq(4,215,[true,method(A),directed_edge(B,C),directed_edge(C,D)],-nan).
freq(4,216,[true,method(A),directed_edge(B,C),method_call(C,C)],-nan).
freq(4,217,[true,method(A),directed_edge(B,C),method_call(C,B)],-nan).
freq(4,218,[true,method(A),directed_edge(B,C),method_call(C,A)],-nan).
freq(4,219,[true,method(A),directed_edge(B,C),method_call(C,D)],-nan).
freq(4,220,[true,method(A),directed_edge(B,C),method_call(B,C)],-nan).
freq(4,221,[true,method(A),directed_edge(B,C),method_call(B,B)],-nan).
freq(4,222,[true,method(A),directed_edge(B,C),method_call(B,A)],-nan).
freq(4,223,[true,method(A),directed_edge(B,C),method_call(B,D)],-nan).
freq(4,224,[true,method(A),directed_edge(B,C),method_call(A,C)],-nan).
freq(4,225,[true,method(A),directed_edge(B,C),method_call(A,B)],-nan).
freq(4,226,[true,method(A),directed_edge(B,C),method_call(A,A)],-nan).
freq(4,227,[true,method(A),directed_edge(B,C),method_call(A,D)],-nan).
freq(4,228,[true,method(A),directed_edge(B,C),method_call(D,D)],-nan).
freq(4,229,[true,method(A),directed_edge(B,C),method_call(D,C)],-nan).
freq(4,230,[true,method(A),directed_edge(B,C),method_call(D,B)],-nan).
freq(4,231,[true,method(A),directed_edge(B,C),method_call(D,A)],-nan).
freq(4,232,[true,method(A),directed_edge(B,C),method_call(D,E)],-nan).
freq(4,233,[true,method(A),method_call(A,B),method(B)],-nan).
freq(4,234,[true,method(A),method_call(A,B),method_call(B,B)],-nan).
freq(4,235,[true,method(A),method_call(A,B),method_call(B,A)],-nan).
freq(4,236,[true,method(A),method_call(A,B),method_call(B,C)],-nan).
freq(4,237,[true,method(A),method_call(A,B),method_call(A,A)],-nan).
freq(4,238,[true,method(A),method_call(A,B),method_call(C,C)],-nan).
freq(4,239,[true,method(A),method_call(A,B),method_call(C,A)],-nan).
freq(4,240,[true,method(A),method_call(B,B),method_call(B,A)],-nan).
freq(4,241,[true,method(A),method_call(B,B),method_call(C,A)],-nan).
freq(4,242,[true,method(A),method_call(B,A),method_call(C,B)],-nan).
freq(4,243,[true,method(A),method_call(B,C),method(C)],-nan).
freq(4,244,[true,method(A),method_call(B,C),method(B)],-nan).
freq(4,245,[true,method(A),method_call(B,C),method_call(C,C)],-nan).
freq(4,246,[true,method(A),method_call(B,C),method_call(C,B)],-nan).
freq(4,247,[true,method(A),method_call(B,C),method_call(C,D)],-nan).
freq(4,248,[true,basic_block(A),in(A,A),directed_edge(A,A)],-nan).
freq(4,249,[true,basic_block(A),in(A,A),directed_edge(A,B)],-nan).
freq(4,250,[true,basic_block(A),in(A,A),directed_edge(B,B)],-nan).
freq(4,251,[true,basic_block(A),in(A,A),directed_edge(B,A)],-nan).
freq(4,252,[true,basic_block(A),in(A,A),directed_edge(B,C)],-nan).
freq(4,253,[true,basic_block(A),in(A,A),method_call(A,A)],-nan).
freq(4,254,[true,basic_block(A),in(A,A),method_call(A,B)],-nan).
freq(4,255,[true,basic_block(A),in(A,A),method_call(B,B)],-nan).
freq(4,256,[true,basic_block(A),in(A,A),method_call(B,A)],-nan).
freq(4,257,[true,basic_block(A),in(A,A),method_call(B,C)],-nan).
freq(4,258,[true,basic_block(A),in(A,B),basic_block(B)],-nan).
freq(4,259,[true,basic_block(A),in(A,B),in(B,B)],-nan).
freq(4,260,[true,basic_block(A),in(A,B),in(B,A)],-nan).
freq(4,261,[true,basic_block(A),in(A,B),in(B,C)],-nan).
freq(4,262,[true,basic_block(A),in(A,B),in(A,A)],-nan).
freq(4,263,[true,basic_block(A),in(A,B),in(C,C)],-nan).
freq(4,264,[true,basic_block(A),in(A,B),in(C,A)],-nan).
freq(4,265,[true,basic_block(A),in(A,B),directed_edge(B,B)],-nan).
freq(4,266,[true,basic_block(A),in(A,B),directed_edge(B,A)],-nan).
freq(4,267,[true,basic_block(A),in(A,B),directed_edge(B,C)],-nan).
freq(4,268,[true,basic_block(A),in(A,B),directed_edge(A,B)],-nan).
freq(4,269,[true,basic_block(A),in(A,B),directed_edge(A,A)],-nan).
freq(4,270,[true,basic_block(A),in(A,B),directed_edge(A,C)],-nan).
freq(4,271,[true,basic_block(A),in(A,B),directed_edge(C,C)],-nan).
freq(4,272,[true,basic_block(A),in(A,B),directed_edge(C,B)],-nan).
freq(4,273,[true,basic_block(A),in(A,B),directed_edge(C,A)],-nan).
freq(4,274,[true,basic_block(A),in(A,B),directed_edge(C,D)],-nan).
freq(4,275,[true,basic_block(A),in(A,B),method_call(B,B)],-nan).
freq(4,276,[true,basic_block(A),in(A,B),method_call(B,A)],-nan).
freq(4,277,[true,basic_block(A),in(A,B),method_call(B,C)],-nan).
freq(4,278,[true,basic_block(A),in(A,B),method_call(A,B)],-nan).
freq(4,279,[true,basic_block(A),in(A,B),method_call(A,A)],-nan).
freq(4,280,[true,basic_block(A),in(A,B),method_call(A,C)],-nan).
freq(4,281,[true,basic_block(A),in(A,B),method_call(C,C)],-nan).
freq(4,282,[true,basic_block(A),in(A,B),method_call(C,B)],-nan).
freq(4,283,[true,basic_block(A),in(A,B),method_call(C,A)],-nan).
freq(4,284,[true,basic_block(A),in(A,B),method_call(C,D)],-nan).
freq(4,285,[true,basic_block(A),in(B,B),in(B,A)],-nan).
freq(4,286,[true,basic_block(A),in(B,B),in(C,A)],-nan).
freq(4,287,[true,basic_block(A),in(B,B),directed_edge(B,B)],-nan).
freq(4,288,[true,basic_block(A),in(B,B),directed_edge(B,A)],-nan).
freq(4,289,[true,basic_block(A),in(B,B),directed_edge(B,C)],-nan).
freq(4,290,[true,basic_block(A),in(B,B),directed_edge(A,B)],-nan).
freq(4,291,[true,basic_block(A),in(B,B),directed_edge(A,A)],-nan).
freq(4,292,[true,basic_block(A),in(B,B),directed_edge(A,C)],-nan).
freq(4,293,[true,basic_block(A),in(B,B),directed_edge(C,C)],-nan).
freq(4,294,[true,basic_block(A),in(B,B),directed_edge(C,B)],-nan).
freq(4,295,[true,basic_block(A),in(B,B),directed_edge(C,A)],-nan).
freq(4,296,[true,basic_block(A),in(B,B),directed_edge(C,D)],-nan).
freq(4,297,[true,basic_block(A),in(B,B),method_call(B,B)],-nan).
freq(4,298,[true,basic_block(A),in(B,B),method_call(B,A)],-nan).
freq(4,299,[true,basic_block(A),in(B,B),method_call(B,C)],-nan).
freq(4,300,[true,basic_block(A),in(B,B),method_call(A,B)],-nan).
freq(4,301,[true,basic_block(A),in(B,B),method_call(A,A)],-nan).
freq(4,302,[true,basic_block(A),in(B,B),method_call(A,C)],-nan).
freq(4,303,[true,basic_block(A),in(B,B),method_call(C,C)],-nan).
freq(4,304,[true,basic_block(A),in(B,B),method_call(C,B)],-nan).
freq(4,305,[true,basic_block(A),in(B,B),method_call(C,A)],-nan).
freq(4,306,[true,basic_block(A),in(B,B),method_call(C,D)],-nan).
freq(4,307,[true,basic_block(A),in(B,A),in(C,B)],-nan).
freq(4,308,[true,basic_block(A),in(B,A),directed_edge(B,B)],-nan).
freq(4,309,[true,basic_block(A),in(B,A),directed_edge(B,A)],-nan).
freq(4,310,[true,basic_block(A),in(B,A),directed_edge(B,C)],-nan).
freq(4,311,[true,basic_block(A),in(B,A),directed_edge(A,B)],-nan).
freq(4,312,[true,basic_block(A),in(B,A),directed_edge(A,A)],-nan).
freq(4,313,[true,basic_block(A),in(B,A),directed_edge(A,C)],-nan).
freq(4,314,[true,basic_block(A),in(B,A),directed_edge(C,C)],-nan).
freq(4,315,[true,basic_block(A),in(B,A),directed_edge(C,B)],-nan).
freq(4,316,[true,basic_block(A),in(B,A),directed_edge(C,A)],-nan).
freq(4,317,[true,basic_block(A),in(B,A),directed_edge(C,D)],-nan).
freq(4,318,[true,basic_block(A),in(B,A),method_call(B,B)],-nan).
freq(4,319,[true,basic_block(A),in(B,A),method_call(B,A)],-nan).
freq(4,320,[true,basic_block(A),in(B,A),method_call(B,C)],-nan).
freq(4,321,[true,basic_block(A),in(B,A),method_call(A,B)],-nan).
freq(4,322,[true,basic_block(A),in(B,A),method_call(A,A)],-nan).
freq(4,323,[true,basic_block(A),in(B,A),method_call(A,C)],-nan).
freq(4,324,[true,basic_block(A),in(B,A),method_call(C,C)],-nan).
freq(4,325,[true,basic_block(A),in(B,A),method_call(C,B)],-nan).
freq(4,326,[true,basic_block(A),in(B,A),method_call(C,A)],-nan).
freq(4,327,[true,basic_block(A),in(B,A),method_call(C,D)],-nan).
freq(4,328,[true,basic_block(A),in(B,C),basic_block(C)],-nan).
freq(4,329,[true,basic_block(A),in(B,C),basic_block(B)],-nan).
freq(4,330,[true,basic_block(A),in(B,C),in(C,C)],-nan).
freq(4,331,[true,basic_block(A),in(B,C),in(C,B)],-nan).
freq(4,332,[true,basic_block(A),in(B,C),in(C,D)],-nan).
freq(4,333,[true,basic_block(A),in(B,C),directed_edge(C,C)],-nan).
freq(4,334,[true,basic_block(A),in(B,C),directed_edge(C,B)],-nan).
freq(4,335,[true,basic_block(A),in(B,C),directed_edge(C,A)],-nan).
freq(4,336,[true,basic_block(A),in(B,C),directed_edge(C,D)],-nan).
freq(4,337,[true,basic_block(A),in(B,C),directed_edge(B,C)],-nan).
freq(4,338,[true,basic_block(A),in(B,C),directed_edge(B,B)],-nan).
freq(4,339,[true,basic_block(A),in(B,C),directed_edge(B,A)],-nan).
freq(4,340,[true,basic_block(A),in(B,C),directed_edge(B,D)],-nan).
freq(4,341,[true,basic_block(A),in(B,C),directed_edge(A,C)],-nan).
freq(4,342,[true,basic_block(A),in(B,C),directed_edge(A,B)],-nan).
freq(4,343,[true,basic_block(A),in(B,C),directed_edge(A,A)],-nan).
freq(4,344,[true,basic_block(A),in(B,C),directed_edge(A,D)],-nan).
freq(4,345,[true,basic_block(A),in(B,C),directed_edge(D,D)],-nan).
freq(4,346,[true,basic_block(A),in(B,C),directed_edge(D,C)],-nan).
freq(4,347,[true,basic_block(A),in(B,C),directed_edge(D,B)],-nan).
freq(4,348,[true,basic_block(A),in(B,C),directed_edge(D,A)],-nan).
freq(4,349,[true,basic_block(A),in(B,C),directed_edge(D,E)],-nan).
freq(4,350,[true,basic_block(A),in(B,C),method_call(C,C)],-nan).
freq(4,351,[true,basic_block(A),in(B,C),method_call(C,B)],-nan).
freq(4,352,[true,basic_block(A),in(B,C),method_call(C,A)],-nan).
freq(4,353,[true,basic_block(A),in(B,C),method_call(C,D)],-nan).
freq(4,354,[true,basic_block(A),in(B,C),method_call(B,C)],-nan).
freq(4,355,[true,basic_block(A),in(B,C),method_call(B,B)],-nan).
freq(4,356,[true,basic_block(A),in(B,C),method_call(B,A)],-nan).
freq(4,357,[true,basic_block(A),in(B,C),method_call(B,D)],-nan).
freq(4,358,[true,basic_block(A),in(B,C),method_call(A,C)],-nan).
freq(4,359,[true,basic_block(A),in(B,C),method_call(A,B)],-nan).
freq(4,360,[true,basic_block(A),in(B,C),method_call(A,A)],-nan).
freq(4,361,[true,basic_block(A),in(B,C),method_call(A,D)],-nan).
freq(4,362,[true,basic_block(A),in(B,C),method_call(D,D)],-nan).
freq(4,363,[true,basic_block(A),in(B,C),method_call(D,C)],-nan).
freq(4,364,[true,basic_block(A),in(B,C),method_call(D,B)],-nan).
freq(4,365,[true,basic_block(A),in(B,C),method_call(D,A)],-nan).
freq(4,366,[true,basic_block(A),in(B,C),method_call(D,E)],-nan).
freq(4,367,[true,basic_block(A),directed_edge(A,A),method_call(A,A)],-nan).
freq(4,368,[true,basic_block(A),directed_edge(A,A),method_call(A,B)],-nan).
freq(4,369,[true,basic_block(A),directed_edge(A,A),method_call(B,B)],-nan).
freq(4,370,[true,basic_block(A),directed_edge(A,A),method_call(B,A)],-nan).
freq(4,371,[true,basic_block(A),directed_edge(A,A),method_call(B,C)],-nan).
freq(4,372,[true,basic_block(A),directed_edge(A,B),basic_block(B)],-nan).
freq(4,373,[true,basic_block(A),directed_edge(A,B),directed_edge(B,B)],-nan).
freq(4,374,[true,basic_block(A),directed_edge(A,B),directed_edge(B,A)],-nan).
freq(4,375,[true,basic_block(A),directed_edge(A,B),directed_edge(B,C)],-nan).
freq(4,376,[true,basic_block(A),directed_edge(A,B),directed_edge(A,A)],-nan).
freq(4,377,[true,basic_block(A),directed_edge(A,B),directed_edge(C,C)],-nan).
freq(4,378,[true,basic_block(A),directed_edge(A,B),directed_edge(C,A)],-nan).
freq(4,379,[true,basic_block(A),directed_edge(A,B),method_call(B,B)],-nan).
freq(4,380,[true,basic_block(A),directed_edge(A,B),method_call(B,A)],-nan).
freq(4,381,[true,basic_block(A),directed_edge(A,B),method_call(B,C)],-nan).
freq(4,382,[true,basic_block(A),directed_edge(A,B),method_call(A,B)],-nan).
freq(4,383,[true,basic_block(A),directed_edge(A,B),method_call(A,A)],-nan).
freq(4,384,[true,basic_block(A),directed_edge(A,B),method_call(A,C)],-nan).
freq(4,385,[true,basic_block(A),directed_edge(A,B),method_call(C,C)],-nan).
freq(4,386,[true,basic_block(A),directed_edge(A,B),method_call(C,B)],-nan).
freq(4,387,[true,basic_block(A),directed_edge(A,B),method_call(C,A)],-nan).
freq(4,388,[true,basic_block(A),directed_edge(A,B),method_call(C,D)],-nan).
freq(4,389,[true,basic_block(A),directed_edge(B,B),directed_edge(B,A)],-nan).
freq(4,390,[true,basic_block(A),directed_edge(B,B),directed_edge(C,A)],-nan).
freq(4,391,[true,basic_block(A),directed_edge(B,B),method_call(B,B)],-nan).
freq(4,392,[true,basic_block(A),directed_edge(B,B),method_call(B,A)],-nan).
freq(4,393,[true,basic_block(A),directed_edge(B,B),method_call(B,C)],-nan).
freq(4,394,[true,basic_block(A),directed_edge(B,B),method_call(A,B)],-nan).
freq(4,395,[true,basic_block(A),directed_edge(B,B),method_call(A,A)],-nan).
freq(4,396,[true,basic_block(A),directed_edge(B,B),method_call(A,C)],-nan).
freq(4,397,[true,basic_block(A),directed_edge(B,B),method_call(C,C)],-nan).
freq(4,398,[true,basic_block(A),directed_edge(B,B),method_call(C,B)],-nan).
freq(4,399,[true,basic_block(A),directed_edge(B,B),method_call(C,A)],-nan).
freq(4,400,[true,basic_block(A),directed_edge(B,B),method_call(C,D)],-nan).
freq(4,401,[true,basic_block(A),directed_edge(B,A),directed_edge(C,B)],-nan).
freq(4,402,[true,basic_block(A),directed_edge(B,A),method_call(B,B)],-nan).
freq(4,403,[true,basic_block(A),directed_edge(B,A),method_call(B,A)],-nan).
freq(4,404,[true,basic_block(A),directed_edge(B,A),method_call(B,C)],-nan).
freq(4,405,[true,basic_block(A),directed_edge(B,A),method_call(A,B)],-nan).
freq(4,406,[true,basic_block(A),directed_edge(B,A),method_call(A,A)],-nan).
freq(4,407,[true,basic_block(A),directed_edge(B,A),method_call(A,C)],-nan).
freq(4,408,[true,basic_block(A),directed_edge(B,A),method_call(C,C)],-nan).
freq(4,409,[true,basic_block(A),directed_edge(B,A),method_call(C,B)],-nan).
freq(4,410,[true,basic_block(A),directed_edge(B,A),method_call(C,A)],-nan).
freq(4,411,[true,basic_block(A),directed_edge(B,A),method_call(C,D)],-nan).
freq(4,412,[true,basic_block(A),directed_edge(B,C),basic_block(C)],-nan).
freq(4,413,[true,basic_block(A),directed_edge(B,C),basic_block(B)],-nan).
freq(4,414,[true,basic_block(A),directed_edge(B,C),directed_edge(C,C)],-nan).
freq(4,415,[true,basic_block(A),directed_edge(B,C),directed_edge(C,B)],-nan).
freq(4,416,[true,basic_block(A),directed_edge(B,C),directed_edge(C,D)],-nan).
freq(4,417,[true,basic_block(A),directed_edge(B,C),method_call(C,C)],-nan).
freq(4,418,[true,basic_block(A),directed_edge(B,C),method_call(C,B)],-nan).
freq(4,419,[true,basic_block(A),directed_edge(B,C),method_call(C,A)],-nan).
freq(4,420,[true,basic_block(A),directed_edge(B,C),method_call(C,D)],-nan).
freq(4,421,[true,basic_block(A),directed_edge(B,C),method_call(B,C)],-nan).
freq(4,422,[true,basic_block(A),directed_edge(B,C),method_call(B,B)],-nan).
freq(4,423,[true,basic_block(A),directed_edge(B,C),method_call(B,A)],-nan).
freq(4,424,[true,basic_block(A),directed_edge(B,C),method_call(B,D)],-nan).
freq(4,425,[true,basic_block(A),directed_edge(B,C),method_call(A,C)],-nan).
freq(4,426,[true,basic_block(A),directed_edge(B,C),method_call(A,B)],-nan).
freq(4,427,[true,basic_block(A),directed_edge(B,C),method_call(A,A)],-nan).
freq(4,428,[true,basic_block(A),directed_edge(B,C),method_call(A,D)],-nan).
freq(4,429,[true,basic_block(A),directed_edge(B,C),method_call(D,D)],-nan).
freq(4,430,[true,basic_block(A),directed_edge(B,C),method_call(D,C)],-nan).
freq(4,431,[true,basic_block(A),directed_edge(B,C),method_call(D,B)],-nan).
freq(4,432,[true,basic_block(A),directed_edge(B,C),method_call(D,A)],-nan).
freq(4,433,[true,basic_block(A),directed_edge(B,C),method_call(D,E)],-nan).
freq(4,434,[true,basic_block(A),method_call(A,B),basic_block(B)],-nan).
freq(4,435,[true,basic_block(A),method_call(A,B),method_call(B,B)],-nan).
freq(4,436,[true,basic_block(A),method_call(A,B),method_call(B,A)],-nan).
freq(4,437,[true,basic_block(A),method_call(A,B),method_call(B,C)],-nan).
freq(4,438,[true,basic_block(A),method_call(A,B),method_call(A,A)],-nan).
freq(4,439,[true,basic_block(A),method_call(A,B),method_call(C,C)],-nan).
freq(4,440,[true,basic_block(A),method_call(A,B),method_call(C,A)],-nan).
freq(4,441,[true,basic_block(A),method_call(B,B),method_call(B,A)],-nan).
freq(4,442,[true,basic_block(A),method_call(B,B),method_call(C,A)],-nan).
freq(4,443,[true,basic_block(A),method_call(B,A),method_call(C,B)],-nan).
freq(4,444,[true,basic_block(A),method_call(B,C),basic_block(C)],-nan).
freq(4,445,[true,basic_block(A),method_call(B,C),basic_block(B)],-nan).
freq(4,446,[true,basic_block(A),method_call(B,C),method_call(C,C)],-nan).
freq(4,447,[true,basic_block(A),method_call(B,C),method_call(C,B)],-nan).
freq(4,448,[true,basic_block(A),method_call(B,C),method_call(C,D)],-nan).
freq(4,449,[true,in(A,A),directed_edge(A,A),method_call(A,A)],-nan).
freq(4,450,[true,in(A,A),directed_edge(A,A),method_call(A,B)],-nan).
freq(4,451,[true,in(A,A),directed_edge(A,A),method_call(B,B)],-nan).
freq(4,452,[true,in(A,A),directed_edge(A,A),method_call(B,A)],-nan).
freq(4,453,[true,in(A,A),directed_edge(A,A),method_call(B,C)],-nan).
freq(4,454,[true,in(A,A),directed_edge(A,B),in(B,B)],-nan).
freq(4,455,[true,in(A,A),directed_edge(A,B),in(B,A)],-nan).
freq(4,456,[true,in(A,A),directed_edge(A,B),in(B,C)],-nan).
freq(4,457,[true,in(A,A),directed_edge(A,B),in(A,B)],-nan).
freq(4,458,[true,in(A,A),directed_edge(A,B),in(C,B)],-nan).
freq(4,459,[true,in(A,A),directed_edge(A,B),directed_edge(B,B)],-nan).
freq(4,460,[true,in(A,A),directed_edge(A,B),directed_edge(B,A)],-nan).
freq(4,461,[true,in(A,A),directed_edge(A,B),directed_edge(B,C)],-nan).
freq(4,462,[true,in(A,A),directed_edge(A,B),directed_edge(A,A)],-nan).
freq(4,463,[true,in(A,A),directed_edge(A,B),directed_edge(C,C)],-nan).
freq(4,464,[true,in(A,A),directed_edge(A,B),directed_edge(C,A)],-nan).
freq(4,465,[true,in(A,A),directed_edge(A,B),method_call(B,B)],-nan).
freq(4,466,[true,in(A,A),directed_edge(A,B),method_call(B,A)],-nan).
freq(4,467,[true,in(A,A),directed_edge(A,B),method_call(B,C)],-nan).
freq(4,468,[true,in(A,A),directed_edge(A,B),method_call(A,B)],-nan).
freq(4,469,[true,in(A,A),directed_edge(A,B),method_call(A,A)],-nan).
freq(4,470,[true,in(A,A),directed_edge(A,B),method_call(A,C)],-nan).
freq(4,471,[true,in(A,A),directed_edge(A,B),method_call(C,C)],-nan).
freq(4,472,[true,in(A,A),directed_edge(A,B),method_call(C,B)],-nan).
freq(4,473,[true,in(A,A),directed_edge(A,B),method_call(C,A)],-nan).
freq(4,474,[true,in(A,A),directed_edge(A,B),method_call(C,D)],-nan).
freq(4,475,[true,in(A,A),directed_edge(B,B),in(B,A)],-nan).
freq(4,476,[true,in(A,A),directed_edge(B,B),in(B,C)],-nan).
freq(4,477,[true,in(A,A),directed_edge(B,B),in(A,B)],-nan).
freq(4,478,[true,in(A,A),directed_edge(B,B),in(C,B)],-nan).
freq(4,479,[true,in(A,A),directed_edge(B,B),directed_edge(B,A)],-nan).
freq(4,480,[true,in(A,A),directed_edge(B,B),directed_edge(C,A)],-nan).
freq(4,481,[true,in(A,A),directed_edge(B,B),method_call(B,B)],-nan).
freq(4,482,[true,in(A,A),directed_edge(B,B),method_call(B,A)],-nan).
freq(4,483,[true,in(A,A),directed_edge(B,B),method_call(B,C)],-nan).
freq(4,484,[true,in(A,A),directed_edge(B,B),method_call(A,B)],-nan).
freq(4,485,[true,in(A,A),directed_edge(B,B),method_call(A,A)],-nan).
freq(4,486,[true,in(A,A),directed_edge(B,B),method_call(A,C)],-nan).
freq(4,487,[true,in(A,A),directed_edge(B,B),method_call(C,C)],-nan).
freq(4,488,[true,in(A,A),directed_edge(B,B),method_call(C,B)],-nan).
freq(4,489,[true,in(A,A),directed_edge(B,B),method_call(C,A)],-nan).
freq(4,490,[true,in(A,A),directed_edge(B,B),method_call(C,D)],-nan).
freq(4,491,[true,in(A,A),directed_edge(B,A),in(B,A)],-nan).
freq(4,492,[true,in(A,A),directed_edge(B,A),in(B,C)],-nan).
freq(4,493,[true,in(A,A),directed_edge(B,A),in(A,B)],-nan).
freq(4,494,[true,in(A,A),directed_edge(B,A),in(C,B)],-nan).
freq(4,495,[true,in(A,A),directed_edge(B,A),directed_edge(C,B)],-nan).
freq(4,496,[true,in(A,A),directed_edge(B,A),method_call(B,B)],-nan).
freq(4,497,[true,in(A,A),directed_edge(B,A),method_call(B,A)],-nan).
freq(4,498,[true,in(A,A),directed_edge(B,A),method_call(B,C)],-nan).
freq(4,499,[true,in(A,A),directed_edge(B,A),method_call(A,B)],-nan).
freq(4,500,[true,in(A,A),directed_edge(B,A),method_call(A,A)],-nan).
freq(4,501,[true,in(A,A),directed_edge(B,A),method_call(A,C)],-nan).
freq(4,502,[true,in(A,A),directed_edge(B,A),method_call(C,C)],-nan).
freq(4,503,[true,in(A,A),directed_edge(B,A),method_call(C,B)],-nan).
freq(4,504,[true,in(A,A),directed_edge(B,A),method_call(C,A)],-nan).
freq(4,505,[true,in(A,A),directed_edge(B,A),method_call(C,D)],-nan).
freq(4,506,[true,in(A,A),directed_edge(B,C),in(C,C)],-nan).
freq(4,507,[true,in(A,A),directed_edge(B,C),in(C,B)],-nan).
freq(4,508,[true,in(A,A),directed_edge(B,C),in(C,A)],-nan).
freq(4,509,[true,in(A,A),directed_edge(B,C),in(C,D)],-nan).
freq(4,510,[true,in(A,A),directed_edge(B,C),in(B,C)],-nan).
freq(4,511,[true,in(A,A),directed_edge(B,C),in(B,B)],-nan).
freq(4,512,[true,in(A,A),directed_edge(B,C),in(B,A)],-nan).
freq(4,513,[true,in(A,A),directed_edge(B,C),in(B,D)],-nan).
freq(4,514,[true,in(A,A),directed_edge(B,C),in(A,C)],-nan).
freq(4,515,[true,in(A,A),directed_edge(B,C),in(A,B)],-nan).
freq(4,516,[true,in(A,A),directed_edge(B,C),in(D,C)],-nan).
freq(4,517,[true,in(A,A),directed_edge(B,C),in(D,B)],-nan).
freq(4,518,[true,in(A,A),directed_edge(B,C),directed_edge(C,C)],-nan).
freq(4,519,[true,in(A,A),directed_edge(B,C),directed_edge(C,B)],-nan).
freq(4,520,[true,in(A,A),directed_edge(B,C),directed_edge(C,D)],-nan).
freq(4,521,[true,in(A,A),directed_edge(B,C),method_call(C,C)],-nan).
freq(4,522,[true,in(A,A),directed_edge(B,C),method_call(C,B)],-nan).
freq(4,523,[true,in(A,A),directed_edge(B,C),method_call(C,A)],-nan).
freq(4,524,[true,in(A,A),directed_edge(B,C),method_call(C,D)],-nan).
freq(4,525,[true,in(A,A),directed_edge(B,C),method_call(B,C)],-nan).
freq(4,526,[true,in(A,A),directed_edge(B,C),method_call(B,B)],-nan).
freq(4,527,[true,in(A,A),directed_edge(B,C),method_call(B,A)],-nan).
freq(4,528,[true,in(A,A),directed_edge(B,C),method_call(B,D)],-nan).
freq(4,529,[true,in(A,A),directed_edge(B,C),method_call(A,C)],-nan).
freq(4,530,[true,in(A,A),directed_edge(B,C),method_call(A,B)],-nan).
freq(4,531,[true,in(A,A),directed_edge(B,C),method_call(A,A)],-nan).
freq(4,532,[true,in(A,A),directed_edge(B,C),method_call(A,D)],-nan).
freq(4,533,[true,in(A,A),directed_edge(B,C),method_call(D,D)],-nan).
freq(4,534,[true,in(A,A),directed_edge(B,C),method_call(D,C)],-nan).
freq(4,535,[true,in(A,A),directed_edge(B,C),method_call(D,B)],-nan).
freq(4,536,[true,in(A,A),directed_edge(B,C),method_call(D,A)],-nan).
freq(4,537,[true,in(A,A),directed_edge(B,C),method_call(D,E)],-nan).
freq(4,538,[true,in(A,A),method_call(A,B),in(B,B)],-nan).
freq(4,539,[true,in(A,A),method_call(A,B),in(B,A)],-nan).
freq(4,540,[true,in(A,A),method_call(A,B),in(B,C)],-nan).
freq(4,541,[true,in(A,A),method_call(A,B),in(A,B)],-nan).
freq(4,542,[true,in(A,A),method_call(A,B),in(C,B)],-nan).
freq(4,543,[true,in(A,A),method_call(A,B),method_call(B,B)],-nan).
freq(4,544,[true,in(A,A),method_call(A,B),method_call(B,A)],-nan).
freq(4,545,[true,in(A,A),method_call(A,B),method_call(B,C)],-nan).
freq(4,546,[true,in(A,A),method_call(A,B),method_call(A,A)],-nan).
freq(4,547,[true,in(A,A),method_call(A,B),method_call(C,C)],-nan).
freq(4,548,[true,in(A,A),method_call(A,B),method_call(C,A)],-nan).
freq(4,549,[true,in(A,A),method_call(B,B),in(B,A)],-nan).
freq(4,550,[true,in(A,A),method_call(B,B),in(B,C)],-nan).
freq(4,551,[true,in(A,A),method_call(B,B),in(A,B)],-nan).
freq(4,552,[true,in(A,A),method_call(B,B),in(C,B)],-nan).
freq(4,553,[true,in(A,A),method_call(B,B),method_call(B,A)],-nan).
freq(4,554,[true,in(A,A),method_call(B,B),method_call(C,A)],-nan).
freq(4,555,[true,in(A,A),method_call(B,A),in(B,A)],-nan).
freq(4,556,[true,in(A,A),method_call(B,A),in(B,C)],-nan).
freq(4,557,[true,in(A,A),method_call(B,A),in(A,B)],-nan).
freq(4,558,[true,in(A,A),method_call(B,A),in(C,B)],-nan).
freq(4,559,[true,in(A,A),method_call(B,A),method_call(C,B)],-nan).
freq(4,560,[true,in(A,A),method_call(B,C),in(C,C)],-nan).
freq(4,561,[true,in(A,A),method_call(B,C),in(C,B)],-nan).
freq(4,562,[true,in(A,A),method_call(B,C),in(C,A)],-nan).
freq(4,563,[true,in(A,A),method_call(B,C),in(C,D)],-nan).
freq(4,564,[true,in(A,A),method_call(B,C),in(B,C)],-nan).
freq(4,565,[true,in(A,A),method_call(B,C),in(B,B)],-nan).
freq(4,566,[true,in(A,A),method_call(B,C),in(B,A)],-nan).
freq(4,567,[true,in(A,A),method_call(B,C),in(B,D)],-nan).
freq(4,568,[true,in(A,A),method_call(B,C),in(A,C)],-nan).
freq(4,569,[true,in(A,A),method_call(B,C),in(A,B)],-nan).
freq(4,570,[true,in(A,A),method_call(B,C),in(D,C)],-nan).
freq(4,571,[true,in(A,A),method_call(B,C),in(D,B)],-nan).
freq(4,572,[true,in(A,A),method_call(B,C),method_call(C,C)],-nan).
freq(4,573,[true,in(A,A),method_call(B,C),method_call(C,B)],-nan).
freq(4,574,[true,in(A,A),method_call(B,C),method_call(C,D)],-nan).
freq(4,575,[true,in(A,B),in(B,B),directed_edge(C,D)],-nan).
freq(4,576,[true,in(A,B),in(B,B),method_call(C,D)],-nan).
freq(4,577,[true,in(A,B),in(B,A),in(B,B)],-nan).
freq(4,578,[true,in(A,B),in(B,A),directed_edge(B,B)],-nan).
freq(4,579,[true,in(A,B),in(B,A),directed_edge(B,A)],-nan).
freq(4,580,[true,in(A,B),in(B,A),directed_edge(B,C)],-nan).
freq(4,581,[true,in(A,B),in(B,A),directed_edge(C,C)],-nan).
freq(4,582,[true,in(A,B),in(B,A),directed_edge(C,B)],-nan).
freq(4,583,[true,in(A,B),in(B,A),directed_edge(C,D)],-nan).
freq(4,584,[true,in(A,B),in(B,A),method_call(B,B)],-nan).
freq(4,585,[true,in(A,B),in(B,A),method_call(B,A)],-nan).
freq(4,586,[true,in(A,B),in(B,A),method_call(B,C)],-nan).
freq(4,587,[true,in(A,B),in(B,A),method_call(C,C)],-nan).
freq(4,588,[true,in(A,B),in(B,A),method_call(C,B)],-nan).
freq(4,589,[true,in(A,B),in(B,A),method_call(C,D)],-nan).
freq(4,590,[true,in(A,B),in(B,C),in(C,B)],-nan).
freq(4,591,[true,in(A,B),in(B,C),in(C,A)],-nan).
freq(4,592,[true,in(A,B),in(B,C),in(C,D)],-nan).
freq(4,593,[true,in(A,B),in(B,C),in(A,C)],-nan).
freq(4,594,[true,in(A,B),in(B,C),directed_edge(C,C)],-nan).
freq(4,595,[true,in(A,B),in(B,C),directed_edge(C,B)],-nan).
freq(4,596,[true,in(A,B),in(B,C),directed_edge(C,A)],-nan).
freq(4,597,[true,in(A,B),in(B,C),directed_edge(C,D)],-nan).
freq(4,598,[true,in(A,B),in(B,C),directed_edge(B,C)],-nan).
freq(4,599,[true,in(A,B),in(B,C),directed_edge(B,B)],-nan).
freq(4,600,[true,in(A,B),in(B,C),directed_edge(B,A)],-nan).
freq(4,601,[true,in(A,B),in(B,C),directed_edge(B,D)],-nan).
freq(4,602,[true,in(A,B),in(B,C),directed_edge(A,C)],-nan).
freq(4,603,[true,in(A,B),in(B,C),directed_edge(A,B)],-nan).
freq(4,604,[true,in(A,B),in(B,C),directed_edge(A,A)],-nan).
freq(4,605,[true,in(A,B),in(B,C),directed_edge(A,D)],-nan).
freq(4,606,[true,in(A,B),in(B,C),directed_edge(D,D)],-nan).
freq(4,607,[true,in(A,B),in(B,C),directed_edge(D,C)],-nan).
freq(4,608,[true,in(A,B),in(B,C),directed_edge(D,B)],-nan).
freq(4,609,[true,in(A,B),in(B,C),directed_edge(D,A)],-nan).
freq(4,610,[true,in(A,B),in(B,C),directed_edge(D,E)],-nan).
freq(4,611,[true,in(A,B),in(B,C),method_call(C,C)],-nan).
freq(4,612,[true,in(A,B),in(B,C),method_call(C,B)],-nan).
freq(4,613,[true,in(A,B),in(B,C),method_call(C,A)],-nan).
freq(4,614,[true,in(A,B),in(B,C),method_call(C,D)],-nan).
freq(4,615,[true,in(A,B),in(B,C),method_call(B,C)],-nan).
freq(4,616,[true,in(A,B),in(B,C),method_call(B,B)],-nan).
freq(4,617,[true,in(A,B),in(B,C),method_call(B,A)],-nan).
freq(4,618,[true,in(A,B),in(B,C),method_call(B,D)],-nan).
freq(4,619,[true,in(A,B),in(B,C),method_call(A,C)],-nan).
freq(4,620,[true,in(A,B),in(B,C),method_call(A,B)],-nan).
freq(4,621,[true,in(A,B),in(B,C),method_call(A,A)],-nan).
freq(4,622,[true,in(A,B),in(B,C),method_call(A,D)],-nan).
freq(4,623,[true,in(A,B),in(B,C),method_call(D,D)],-nan).
freq(4,624,[true,in(A,B),in(B,C),method_call(D,C)],-nan).
freq(4,625,[true,in(A,B),in(B,C),method_call(D,B)],-nan).
freq(4,626,[true,in(A,B),in(B,C),method_call(D,A)],-nan).
freq(4,627,[true,in(A,B),in(B,C),method_call(D,E)],-nan).
freq(4,628,[true,in(A,B),directed_edge(B,B),directed_edge(B,A)],-nan).
freq(4,629,[true,in(A,B),directed_edge(B,B),directed_edge(A,B)],-nan).
freq(4,630,[true,in(A,B),directed_edge(B,B),directed_edge(A,A)],-nan).
freq(4,631,[true,in(A,B),directed_edge(B,B),directed_edge(A,C)],-nan).
freq(4,632,[true,in(A,B),directed_edge(B,B),directed_edge(C,A)],-nan).
freq(4,633,[true,in(A,B),directed_edge(B,B),method_call(B,B)],-nan).
freq(4,634,[true,in(A,B),directed_edge(B,B),method_call(B,A)],-nan).
freq(4,635,[true,in(A,B),directed_edge(B,B),method_call(B,C)],-nan).
freq(4,636,[true,in(A,B),directed_edge(B,B),method_call(A,B)],-nan).
freq(4,637,[true,in(A,B),directed_edge(B,B),method_call(A,A)],-nan).
freq(4,638,[true,in(A,B),directed_edge(B,B),method_call(A,C)],-nan).
freq(4,639,[true,in(A,B),directed_edge(B,B),method_call(C,C)],-nan).
freq(4,640,[true,in(A,B),directed_edge(B,B),method_call(C,B)],-nan).
freq(4,641,[true,in(A,B),directed_edge(B,B),method_call(C,A)],-nan).
freq(4,642,[true,in(A,B),directed_edge(B,B),method_call(C,D)],-nan).
freq(4,643,[true,in(A,B),directed_edge(B,A),directed_edge(A,B)],-nan).
freq(4,644,[true,in(A,B),directed_edge(B,A),directed_edge(A,A)],-nan).
freq(4,645,[true,in(A,B),directed_edge(B,A),directed_edge(A,C)],-nan).
freq(4,646,[true,in(A,B),directed_edge(B,A),directed_edge(C,C)],-nan).
freq(4,647,[true,in(A,B),directed_edge(B,A),directed_edge(C,B)],-nan).
freq(4,648,[true,in(A,B),directed_edge(B,A),method_call(B,B)],-nan).
freq(4,649,[true,in(A,B),directed_edge(B,A),method_call(B,A)],-nan).
freq(4,650,[true,in(A,B),directed_edge(B,A),method_call(B,C)],-nan).
freq(4,651,[true,in(A,B),directed_edge(B,A),method_call(A,B)],-nan).
freq(4,652,[true,in(A,B),directed_edge(B,A),method_call(A,A)],-nan).
freq(4,653,[true,in(A,B),directed_edge(B,A),method_call(A,C)],-nan).
freq(4,654,[true,in(A,B),directed_edge(B,A),method_call(C,C)],-nan).
freq(4,655,[true,in(A,B),directed_edge(B,A),method_call(C,B)],-nan).
freq(4,656,[true,in(A,B),directed_edge(B,A),method_call(C,A)],-nan).
freq(4,657,[true,in(A,B),directed_edge(B,A),method_call(C,D)],-nan).
freq(4,658,[true,in(A,B),directed_edge(B,C),in(C,B)],-nan).
freq(4,659,[true,in(A,B),directed_edge(B,C),in(C,D)],-nan).
freq(4,660,[true,in(A,B),directed_edge(B,C),in(A,C)],-nan).
freq(4,661,[true,in(A,B),directed_edge(B,C),in(D,C)],-nan).
freq(4,662,[true,in(A,B),directed_edge(B,C),directed_edge(C,C)],-nan).
freq(4,663,[true,in(A,B),directed_edge(B,C),directed_edge(C,B)],-nan).
freq(4,664,[true,in(A,B),directed_edge(B,C),directed_edge(C,A)],-nan).
freq(4,665,[true,in(A,B),directed_edge(B,C),directed_edge(C,D)],-nan).
freq(4,666,[true,in(A,B),directed_edge(B,C),directed_edge(B,B)],-nan).
freq(4,667,[true,in(A,B),directed_edge(B,C),directed_edge(A,C)],-nan).
freq(4,668,[true,in(A,B),directed_edge(B,C),directed_edge(A,B)],-nan).
freq(4,669,[true,in(A,B),directed_edge(B,C),directed_edge(A,A)],-nan).
freq(4,670,[true,in(A,B),directed_edge(B,C),directed_edge(A,D)],-nan).
freq(4,671,[true,in(A,B),directed_edge(B,C),directed_edge(D,D)],-nan).
freq(4,672,[true,in(A,B),directed_edge(B,C),directed_edge(D,B)],-nan).
freq(4,673,[true,in(A,B),directed_edge(B,C),directed_edge(D,A)],-nan).
freq(4,674,[true,in(A,B),directed_edge(B,C),method_call(C,C)],-nan).
freq(4,675,[true,in(A,B),directed_edge(B,C),method_call(C,B)],-nan).
freq(4,676,[true,in(A,B),directed_edge(B,C),method_call(C,A)],-nan).
freq(4,677,[true,in(A,B),directed_edge(B,C),method_call(C,D)],-nan).
freq(4,678,[true,in(A,B),directed_edge(B,C),method_call(B,C)],-nan).
freq(4,679,[true,in(A,B),directed_edge(B,C),method_call(B,B)],-nan).
freq(4,680,[true,in(A,B),directed_edge(B,C),method_call(B,A)],-nan).
freq(4,681,[true,in(A,B),directed_edge(B,C),method_call(B,D)],-nan).
freq(4,682,[true,in(A,B),directed_edge(B,C),method_call(A,C)],-nan).
freq(4,683,[true,in(A,B),directed_edge(B,C),method_call(A,B)],-nan).
freq(4,684,[true,in(A,B),directed_edge(B,C),method_call(A,A)],-nan).
freq(4,685,[true,in(A,B),directed_edge(B,C),method_call(A,D)],-nan).
freq(4,686,[true,in(A,B),directed_edge(B,C),method_call(D,D)],-nan).
freq(4,687,[true,in(A,B),directed_edge(B,C),method_call(D,C)],-nan).
freq(4,688,[true,in(A,B),directed_edge(B,C),method_call(D,B)],-nan).
freq(4,689,[true,in(A,B),directed_edge(B,C),method_call(D,A)],-nan).
freq(4,690,[true,in(A,B),directed_edge(B,C),method_call(D,E)],-nan).
freq(4,691,[true,in(A,B),directed_edge(A,B),directed_edge(A,A)],-nan).
freq(4,692,[true,in(A,B),directed_edge(A,B),directed_edge(C,C)],-nan).
freq(4,693,[true,in(A,B),directed_edge(A,B),directed_edge(C,A)],-nan).
freq(4,694,[true,in(A,B),directed_edge(A,B),method_call(B,B)],-nan).
freq(4,695,[true,in(A,B),directed_edge(A,B),method_call(B,A)],-nan).
freq(4,696,[true,in(A,B),directed_edge(A,B),method_call(B,C)],-nan).
freq(4,697,[true,in(A,B),directed_edge(A,B),method_call(A,B)],-nan).
freq(4,698,[true,in(A,B),directed_edge(A,B),method_call(A,A)],-nan).
freq(4,699,[true,in(A,B),directed_edge(A,B),method_call(A,C)],-nan).
freq(4,700,[true,in(A,B),directed_edge(A,B),method_call(C,C)],-nan).
freq(4,701,[true,in(A,B),directed_edge(A,B),method_call(C,B)],-nan).
freq(4,702,[true,in(A,B),directed_edge(A,B),method_call(C,A)],-nan).
freq(4,703,[true,in(A,B),directed_edge(A,B),method_call(C,D)],-nan).
freq(4,704,[true,in(A,B),directed_edge(A,A),directed_edge(C,B)],-nan).
freq(4,705,[true,in(A,B),directed_edge(A,A),method_call(B,B)],-nan).
freq(4,706,[true,in(A,B),directed_edge(A,A),method_call(B,A)],-nan).
freq(4,707,[true,in(A,B),directed_edge(A,A),method_call(B,C)],-nan).
freq(4,708,[true,in(A,B),directed_edge(A,A),method_call(A,B)],-nan).
freq(4,709,[true,in(A,B),directed_edge(A,A),method_call(A,A)],-nan).
freq(4,710,[true,in(A,B),directed_edge(A,A),method_call(A,C)],-nan).
freq(4,711,[true,in(A,B),directed_edge(A,A),method_call(C,C)],-nan).
freq(4,712,[true,in(A,B),directed_edge(A,A),method_call(C,B)],-nan).
freq(4,713,[true,in(A,B),directed_edge(A,A),method_call(C,A)],-nan).
freq(4,714,[true,in(A,B),directed_edge(A,A),method_call(C,D)],-nan).
freq(4,715,[true,in(A,B),directed_edge(A,C),in(C,B)],-nan).
freq(4,716,[true,in(A,B),directed_edge(A,C),in(C,D)],-nan).
freq(4,717,[true,in(A,B),directed_edge(A,C),in(A,C)],-nan).
freq(4,718,[true,in(A,B),directed_edge(A,C),in(D,C)],-nan).
freq(4,719,[true,in(A,B),directed_edge(A,C),directed_edge(C,C)],-nan).
freq(4,720,[true,in(A,B),directed_edge(A,C),directed_edge(C,B)],-nan).
freq(4,721,[true,in(A,B),directed_edge(A,C),directed_edge(C,A)],-nan).
freq(4,722,[true,in(A,B),directed_edge(A,C),directed_edge(C,D)],-nan).
freq(4,723,[true,in(A,B),directed_edge(A,C),directed_edge(A,A)],-nan).
freq(4,724,[true,in(A,B),directed_edge(A,C),directed_edge(D,D)],-nan).
freq(4,725,[true,in(A,B),directed_edge(A,C),directed_edge(D,B)],-nan).
freq(4,726,[true,in(A,B),directed_edge(A,C),directed_edge(D,A)],-nan).
freq(4,727,[true,in(A,B),directed_edge(A,C),method_call(C,C)],-nan).
freq(4,728,[true,in(A,B),directed_edge(A,C),method_call(C,B)],-nan).
freq(4,729,[true,in(A,B),directed_edge(A,C),method_call(C,A)],-nan).
freq(4,730,[true,in(A,B),directed_edge(A,C),method_call(C,D)],-nan).
freq(4,731,[true,in(A,B),directed_edge(A,C),method_call(B,C)],-nan).
freq(4,732,[true,in(A,B),directed_edge(A,C),method_call(B,B)],-nan).
freq(4,733,[true,in(A,B),directed_edge(A,C),method_call(B,A)],-nan).
freq(4,734,[true,in(A,B),directed_edge(A,C),method_call(B,D)],-nan).
freq(4,735,[true,in(A,B),directed_edge(A,C),method_call(A,C)],-nan).
freq(4,736,[true,in(A,B),directed_edge(A,C),method_call(A,B)],-nan).
freq(4,737,[true,in(A,B),directed_edge(A,C),method_call(A,A)],-nan).
freq(4,738,[true,in(A,B),directed_edge(A,C),method_call(A,D)],-nan).
freq(4,739,[true,in(A,B),directed_edge(A,C),method_call(D,D)],-nan).
freq(4,740,[true,in(A,B),directed_edge(A,C),method_call(D,C)],-nan).
freq(4,741,[true,in(A,B),directed_edge(A,C),method_call(D,B)],-nan).
freq(4,742,[true,in(A,B),directed_edge(A,C),method_call(D,A)],-nan).
freq(4,743,[true,in(A,B),directed_edge(A,C),method_call(D,E)],-nan).
freq(4,744,[true,in(A,B),directed_edge(C,C),directed_edge(C,B)],-nan).
freq(4,745,[true,in(A,B),directed_edge(C,C),directed_edge(C,A)],-nan).
freq(4,746,[true,in(A,B),directed_edge(C,C),directed_edge(D,B)],-nan).
freq(4,747,[true,in(A,B),directed_edge(C,C),directed_edge(D,A)],-nan).
freq(4,748,[true,in(A,B),directed_edge(C,C),method_call(C,C)],-nan).
freq(4,749,[true,in(A,B),directed_edge(C,C),method_call(C,B)],-nan).
freq(4,750,[true,in(A,B),directed_edge(C,C),method_call(C,A)],-nan).
freq(4,751,[true,in(A,B),directed_edge(C,C),method_call(C,D)],-nan).
freq(4,752,[true,in(A,B),directed_edge(C,C),method_call(B,C)],-nan).
freq(4,753,[true,in(A,B),directed_edge(C,C),method_call(B,B)],-nan).
freq(4,754,[true,in(A,B),directed_edge(C,C),method_call(B,A)],-nan).
freq(4,755,[true,in(A,B),directed_edge(C,C),method_call(B,D)],-nan).
freq(4,756,[true,in(A,B),directed_edge(C,C),method_call(A,C)],-nan).
freq(4,757,[true,in(A,B),directed_edge(C,C),method_call(A,B)],-nan).
freq(4,758,[true,in(A,B),directed_edge(C,C),method_call(A,A)],-nan).
freq(4,759,[true,in(A,B),directed_edge(C,C),method_call(A,D)],-nan).
freq(4,760,[true,in(A,B),directed_edge(C,C),method_call(D,D)],-nan).
freq(4,761,[true,in(A,B),directed_edge(C,C),method_call(D,C)],-nan).
freq(4,762,[true,in(A,B),directed_edge(C,C),method_call(D,B)],-nan).
freq(4,763,[true,in(A,B),directed_edge(C,C),method_call(D,A)],-nan).
freq(4,764,[true,in(A,B),directed_edge(C,C),method_call(D,E)],-nan).
freq(4,765,[true,in(A,B),directed_edge(C,B),directed_edge(C,A)],-nan).
freq(4,766,[true,in(A,B),directed_edge(C,B),directed_edge(D,C)],-nan).
freq(4,767,[true,in(A,B),directed_edge(C,B),directed_edge(D,A)],-nan).
freq(4,768,[true,in(A,B),directed_edge(C,B),method_call(C,C)],-nan).
freq(4,769,[true,in(A,B),directed_edge(C,B),method_call(C,B)],-nan).
freq(4,770,[true,in(A,B),directed_edge(C,B),method_call(C,A)],-nan).
freq(4,771,[true,in(A,B),directed_edge(C,B),method_call(C,D)],-nan).
freq(4,772,[true,in(A,B),directed_edge(C,B),method_call(B,C)],-nan).
freq(4,773,[true,in(A,B),directed_edge(C,B),method_call(B,B)],-nan).
freq(4,774,[true,in(A,B),directed_edge(C,B),method_call(B,A)],-nan).
freq(4,775,[true,in(A,B),directed_edge(C,B),method_call(B,D)],-nan).
freq(4,776,[true,in(A,B),directed_edge(C,B),method_call(A,C)],-nan).
freq(4,777,[true,in(A,B),directed_edge(C,B),method_call(A,B)],-nan).
freq(4,778,[true,in(A,B),directed_edge(C,B),method_call(A,A)],-nan).
freq(4,779,[true,in(A,B),directed_edge(C,B),method_call(A,D)],-nan).
freq(4,780,[true,in(A,B),directed_edge(C,B),method_call(D,D)],-nan).
freq(4,781,[true,in(A,B),directed_edge(C,B),method_call(D,C)],-nan).
freq(4,782,[true,in(A,B),directed_edge(C,B),method_call(D,B)],-nan).
freq(4,783,[true,in(A,B),directed_edge(C,B),method_call(D,A)],-nan).
freq(4,784,[true,in(A,B),directed_edge(C,B),method_call(D,E)],-nan).
freq(4,785,[true,in(A,B),directed_edge(C,A),directed_edge(D,C)],-nan).
freq(4,786,[true,in(A,B),directed_edge(C,A),method_call(C,C)],-nan).
freq(4,787,[true,in(A,B),directed_edge(C,A),method_call(C,B)],-nan).
freq(4,788,[true,in(A,B),directed_edge(C,A),method_call(C,A)],-nan).
freq(4,789,[true,in(A,B),directed_edge(C,A),method_call(C,D)],-nan).
freq(4,790,[true,in(A,B),directed_edge(C,A),method_call(B,C)],-nan).
freq(4,791,[true,in(A,B),directed_edge(C,A),method_call(B,B)],-nan).
freq(4,792,[true,in(A,B),directed_edge(C,A),method_call(B,A)],-nan).
freq(4,793,[true,in(A,B),directed_edge(C,A),method_call(B,D)],-nan).
freq(4,794,[true,in(A,B),directed_edge(C,A),method_call(A,C)],-nan).
freq(4,795,[true,in(A,B),directed_edge(C,A),method_call(A,B)],-nan).
freq(4,796,[true,in(A,B),directed_edge(C,A),method_call(A,A)],-nan).
freq(4,797,[true,in(A,B),directed_edge(C,A),method_call(A,D)],-nan).
freq(4,798,[true,in(A,B),directed_edge(C,A),method_call(D,D)],-nan).
freq(4,799,[true,in(A,B),directed_edge(C,A),method_call(D,C)],-nan).
freq(4,800,[true,in(A,B),directed_edge(C,A),method_call(D,B)],-nan).
freq(4,801,[true,in(A,B),directed_edge(C,A),method_call(D,A)],-nan).
freq(4,802,[true,in(A,B),directed_edge(C,A),method_call(D,E)],-nan).
freq(4,803,[true,in(A,B),directed_edge(C,D),in(D,B)],-nan).
freq(4,804,[true,in(A,B),directed_edge(C,D),in(C,B)],-nan).
freq(4,805,[true,in(A,B),directed_edge(C,D),in(A,D)],-nan).
freq(4,806,[true,in(A,B),directed_edge(C,D),in(A,C)],-nan).
freq(4,807,[true,in(A,B),directed_edge(C,D),directed_edge(D,D)],-nan).
freq(4,808,[true,in(A,B),directed_edge(C,D),directed_edge(D,C)],-nan).
freq(4,809,[true,in(A,B),directed_edge(C,D),directed_edge(D,E)],-nan).
freq(4,810,[true,in(A,B),directed_edge(C,D),method_call(D,D)],-nan).
freq(4,811,[true,in(A,B),directed_edge(C,D),method_call(D,C)],-nan).
freq(4,812,[true,in(A,B),directed_edge(C,D),method_call(D,B)],-nan).
freq(4,813,[true,in(A,B),directed_edge(C,D),method_call(D,A)],-nan).
freq(4,814,[true,in(A,B),directed_edge(C,D),method_call(D,E)],-nan).
freq(4,815,[true,in(A,B),directed_edge(C,D),method_call(C,D)],-nan).
freq(4,816,[true,in(A,B),directed_edge(C,D),method_call(C,C)],-nan).
freq(4,817,[true,in(A,B),directed_edge(C,D),method_call(C,B)],-nan).
freq(4,818,[true,in(A,B),directed_edge(C,D),method_call(C,A)],-nan).
freq(4,819,[true,in(A,B),directed_edge(C,D),method_call(C,E)],-nan).
freq(4,820,[true,in(A,B),directed_edge(C,D),method_call(B,D)],-nan).
freq(4,821,[true,in(A,B),directed_edge(C,D),method_call(B,C)],-nan).
freq(4,822,[true,in(A,B),directed_edge(C,D),method_call(B,B)],-nan).
freq(4,823,[true,in(A,B),directed_edge(C,D),method_call(B,A)],-nan).
freq(4,824,[true,in(A,B),directed_edge(C,D),method_call(B,E)],-nan).
freq(4,825,[true,in(A,B),directed_edge(C,D),method_call(A,D)],-nan).
freq(4,826,[true,in(A,B),directed_edge(C,D),method_call(A,C)],-nan).
freq(4,827,[true,in(A,B),directed_edge(C,D),method_call(A,B)],-nan).
freq(4,828,[true,in(A,B),directed_edge(C,D),method_call(A,A)],-nan).
freq(4,829,[true,in(A,B),directed_edge(C,D),method_call(A,E)],-nan).
freq(4,830,[true,in(A,B),directed_edge(C,D),method_call(E,E)],-nan).
freq(4,831,[true,in(A,B),directed_edge(C,D),method_call(E,D)],-nan).
freq(4,832,[true,in(A,B),directed_edge(C,D),method_call(E,C)],-nan).
freq(4,833,[true,in(A,B),directed_edge(C,D),method_call(E,B)],-nan).
freq(4,834,[true,in(A,B),directed_edge(C,D),method_call(E,A)],-nan).
freq(4,835,[true,in(A,B),directed_edge(C,D),method_call(E,F)],-nan).
freq(4,836,[true,in(A,B),method_call(B,B),method_call(B,A)],-nan).
freq(4,837,[true,in(A,B),method_call(B,B),method_call(A,B)],-nan).
freq(4,838,[true,in(A,B),method_call(B,B),method_call(A,A)],-nan).
freq(4,839,[true,in(A,B),method_call(B,B),method_call(A,C)],-nan).
freq(4,840,[true,in(A,B),method_call(B,B),method_call(C,A)],-nan).
freq(4,841,[true,in(A,B),method_call(B,A),method_call(A,B)],-nan).
freq(4,842,[true,in(A,B),method_call(B,A),method_call(A,A)],-nan).
freq(4,843,[true,in(A,B),method_call(B,A),method_call(A,C)],-nan).
freq(4,844,[true,in(A,B),method_call(B,A),method_call(C,C)],-nan).
freq(4,845,[true,in(A,B),method_call(B,A),method_call(C,B)],-nan).
freq(4,846,[true,in(A,B),method_call(B,C),in(C,B)],-nan).
freq(4,847,[true,in(A,B),method_call(B,C),in(C,D)],-nan).
freq(4,848,[true,in(A,B),method_call(B,C),in(A,C)],-nan).
freq(4,849,[true,in(A,B),method_call(B,C),in(D,C)],-nan).
freq(4,850,[true,in(A,B),method_call(B,C),method_call(C,C)],-nan).
freq(4,851,[true,in(A,B),method_call(B,C),method_call(C,B)],-nan).
freq(4,852,[true,in(A,B),method_call(B,C),method_call(C,A)],-nan).
freq(4,853,[true,in(A,B),method_call(B,C),method_call(C,D)],-nan).
freq(4,854,[true,in(A,B),method_call(B,C),method_call(B,B)],-nan).
freq(4,855,[true,in(A,B),method_call(B,C),method_call(A,C)],-nan).
freq(4,856,[true,in(A,B),method_call(B,C),method_call(A,B)],-nan).
freq(4,857,[true,in(A,B),method_call(B,C),method_call(A,A)],-nan).
freq(4,858,[true,in(A,B),method_call(B,C),method_call(A,D)],-nan).
freq(4,859,[true,in(A,B),method_call(B,C),method_call(D,D)],-nan).
freq(4,860,[true,in(A,B),method_call(B,C),method_call(D,B)],-nan).
freq(4,861,[true,in(A,B),method_call(B,C),method_call(D,A)],-nan).
freq(4,862,[true,in(A,B),method_call(A,B),method_call(A,A)],-nan).
freq(4,863,[true,in(A,B),method_call(A,B),method_call(C,C)],-nan).
freq(4,864,[true,in(A,B),method_call(A,B),method_call(C,A)],-nan).
freq(4,865,[true,in(A,B),method_call(A,A),method_call(C,B)],-nan).
freq(4,866,[true,in(A,B),method_call(A,C),in(C,B)],-nan).
freq(4,867,[true,in(A,B),method_call(A,C),in(C,D)],-nan).
freq(4,868,[true,in(A,B),method_call(A,C),in(A,C)],-nan).
freq(4,869,[true,in(A,B),method_call(A,C),in(D,C)],-nan).
freq(4,870,[true,in(A,B),method_call(A,C),method_call(C,C)],-nan).
freq(4,871,[true,in(A,B),method_call(A,C),method_call(C,B)],-nan).
freq(4,872,[true,in(A,B),method_call(A,C),method_call(C,A)],-nan).
freq(4,873,[true,in(A,B),method_call(A,C),method_call(C,D)],-nan).
freq(4,874,[true,in(A,B),method_call(A,C),method_call(A,A)],-nan).
freq(4,875,[true,in(A,B),method_call(A,C),method_call(D,D)],-nan).
freq(4,876,[true,in(A,B),method_call(A,C),method_call(D,B)],-nan).
freq(4,877,[true,in(A,B),method_call(A,C),method_call(D,A)],-nan).
freq(4,878,[true,in(A,B),method_call(C,C),method_call(C,B)],-nan).
freq(4,879,[true,in(A,B),method_call(C,C),method_call(C,A)],-nan).
freq(4,880,[true,in(A,B),method_call(C,C),method_call(D,B)],-nan).
freq(4,881,[true,in(A,B),method_call(C,C),method_call(D,A)],-nan).
freq(4,882,[true,in(A,B),method_call(C,B),method_call(C,A)],-nan).
freq(4,883,[true,in(A,B),method_call(C,B),method_call(D,C)],-nan).
freq(4,884,[true,in(A,B),method_call(C,B),method_call(D,A)],-nan).
freq(4,885,[true,in(A,B),method_call(C,A),method_call(D,C)],-nan).
freq(4,886,[true,in(A,B),method_call(C,D),in(D,B)],-nan).
freq(4,887,[true,in(A,B),method_call(C,D),in(C,B)],-nan).
freq(4,888,[true,in(A,B),method_call(C,D),in(A,D)],-nan).
freq(4,889,[true,in(A,B),method_call(C,D),in(A,C)],-nan).
freq(4,890,[true,in(A,B),method_call(C,D),method_call(D,D)],-nan).
freq(4,891,[true,in(A,B),method_call(C,D),method_call(D,C)],-nan).
freq(4,892,[true,in(A,B),method_call(C,D),method_call(D,E)],-nan).
freq(4,893,[true,directed_edge(A,A),method_call(A,B),directed_edge(B,B)],-nan).
freq(4,894,[true,directed_edge(A,A),method_call(A,B),directed_edge(B,A)],-nan).
freq(4,895,[true,directed_edge(A,A),method_call(A,B),directed_edge(B,C)],-nan).
freq(4,896,[true,directed_edge(A,A),method_call(A,B),directed_edge(A,B)],-nan).
freq(4,897,[true,directed_edge(A,A),method_call(A,B),directed_edge(C,B)],-nan).
freq(4,898,[true,directed_edge(A,A),method_call(A,B),method_call(B,B)],-nan).
freq(4,899,[true,directed_edge(A,A),method_call(A,B),method_call(B,A)],-nan).
freq(4,900,[true,directed_edge(A,A),method_call(A,B),method_call(B,C)],-nan).
freq(4,901,[true,directed_edge(A,A),method_call(A,B),method_call(A,A)],-nan).
freq(4,902,[true,directed_edge(A,A),method_call(A,B),method_call(C,C)],-nan).
freq(4,903,[true,directed_edge(A,A),method_call(A,B),method_call(C,A)],-nan).
freq(4,904,[true,directed_edge(A,A),method_call(B,B),directed_edge(B,A)],-nan).
freq(4,905,[true,directed_edge(A,A),method_call(B,B),directed_edge(B,C)],-nan).
freq(4,906,[true,directed_edge(A,A),method_call(B,B),directed_edge(A,B)],-nan).
freq(4,907,[true,directed_edge(A,A),method_call(B,B),directed_edge(C,B)],-nan).
freq(4,908,[true,directed_edge(A,A),method_call(B,B),method_call(B,A)],-nan).
freq(4,909,[true,directed_edge(A,A),method_call(B,B),method_call(C,A)],-nan).
freq(4,910,[true,directed_edge(A,A),method_call(B,A),directed_edge(B,A)],-nan).
freq(4,911,[true,directed_edge(A,A),method_call(B,A),directed_edge(B,C)],-nan).
freq(4,912,[true,directed_edge(A,A),method_call(B,A),directed_edge(A,B)],-nan).
freq(4,913,[true,directed_edge(A,A),method_call(B,A),directed_edge(C,B)],-nan).
freq(4,914,[true,directed_edge(A,A),method_call(B,A),method_call(C,B)],-nan).
freq(4,915,[true,directed_edge(A,A),method_call(B,C),directed_edge(C,C)],-nan).
freq(4,916,[true,directed_edge(A,A),method_call(B,C),directed_edge(C,B)],-nan).
freq(4,917,[true,directed_edge(A,A),method_call(B,C),directed_edge(C,A)],-nan).
freq(4,918,[true,directed_edge(A,A),method_call(B,C),directed_edge(C,D)],-nan).
freq(4,919,[true,directed_edge(A,A),method_call(B,C),directed_edge(B,C)],-nan).
freq(4,920,[true,directed_edge(A,A),method_call(B,C),directed_edge(B,B)],-nan).
freq(4,921,[true,directed_edge(A,A),method_call(B,C),directed_edge(B,A)],-nan).
freq(4,922,[true,directed_edge(A,A),method_call(B,C),directed_edge(B,D)],-nan).
freq(4,923,[true,directed_edge(A,A),method_call(B,C),directed_edge(A,C)],-nan).
freq(4,924,[true,directed_edge(A,A),method_call(B,C),directed_edge(A,B)],-nan).
freq(4,925,[true,directed_edge(A,A),method_call(B,C),directed_edge(D,C)],-nan).
freq(4,926,[true,directed_edge(A,A),method_call(B,C),directed_edge(D,B)],-nan).
freq(4,927,[true,directed_edge(A,A),method_call(B,C),method_call(C,C)],-nan).
freq(4,928,[true,directed_edge(A,A),method_call(B,C),method_call(C,B)],-nan).
freq(4,929,[true,directed_edge(A,A),method_call(B,C),method_call(C,D)],-nan).
freq(4,930,[true,directed_edge(A,B),directed_edge(B,B),method_call(C,D)],-nan).
freq(4,931,[true,directed_edge(A,B),directed_edge(B,A),directed_edge(B,B)],-nan).
freq(4,932,[true,directed_edge(A,B),directed_edge(B,A),method_call(B,B)],-nan).
freq(4,933,[true,directed_edge(A,B),directed_edge(B,A),method_call(B,A)],-nan).
freq(4,934,[true,directed_edge(A,B),directed_edge(B,A),method_call(B,C)],-nan).
freq(4,935,[true,directed_edge(A,B),directed_edge(B,A),method_call(C,C)],-nan).
freq(4,936,[true,directed_edge(A,B),directed_edge(B,A),method_call(C,B)],-nan).
freq(4,937,[true,directed_edge(A,B),directed_edge(B,A),method_call(C,D)],-nan).
freq(4,938,[true,directed_edge(A,B),directed_edge(B,C),directed_edge(C,B)],-nan).
freq(4,939,[true,directed_edge(A,B),directed_edge(B,C),directed_edge(C,A)],-nan).
freq(4,940,[true,directed_edge(A,B),directed_edge(B,C),directed_edge(C,D)],-nan).
freq(4,941,[true,directed_edge(A,B),directed_edge(B,C),directed_edge(A,C)],-nan).
freq(4,942,[true,directed_edge(A,B),directed_edge(B,C),method_call(C,C)],-nan).
freq(4,943,[true,directed_edge(A,B),directed_edge(B,C),method_call(C,B)],-nan).
freq(4,944,[true,directed_edge(A,B),directed_edge(B,C),method_call(C,A)],-nan).
freq(4,945,[true,directed_edge(A,B),directed_edge(B,C),method_call(C,D)],-nan).
freq(4,946,[true,directed_edge(A,B),directed_edge(B,C),method_call(B,C)],-nan).
freq(4,947,[true,directed_edge(A,B),directed_edge(B,C),method_call(B,B)],-nan).
freq(4,948,[true,directed_edge(A,B),directed_edge(B,C),method_call(B,A)],-nan).
freq(4,949,[true,directed_edge(A,B),directed_edge(B,C),method_call(B,D)],-nan).
freq(4,950,[true,directed_edge(A,B),directed_edge(B,C),method_call(A,C)],-nan).
freq(4,951,[true,directed_edge(A,B),directed_edge(B,C),method_call(A,B)],-nan).
freq(4,952,[true,directed_edge(A,B),directed_edge(B,C),method_call(A,A)],-nan).
freq(4,953,[true,directed_edge(A,B),directed_edge(B,C),method_call(A,D)],-nan).
freq(4,954,[true,directed_edge(A,B),directed_edge(B,C),method_call(D,D)],-nan).
freq(4,955,[true,directed_edge(A,B),directed_edge(B,C),method_call(D,C)],-nan).
freq(4,956,[true,directed_edge(A,B),directed_edge(B,C),method_call(D,B)],-nan).
freq(4,957,[true,directed_edge(A,B),directed_edge(B,C),method_call(D,A)],-nan).
freq(4,958,[true,directed_edge(A,B),directed_edge(B,C),method_call(D,E)],-nan).
freq(4,959,[true,directed_edge(A,B),method_call(B,B),method_call(B,A)],-nan).
freq(4,960,[true,directed_edge(A,B),method_call(B,B),method_call(A,B)],-nan).
freq(4,961,[true,directed_edge(A,B),method_call(B,B),method_call(A,A)],-nan).
freq(4,962,[true,directed_edge(A,B),method_call(B,B),method_call(A,C)],-nan).
freq(4,963,[true,directed_edge(A,B),method_call(B,B),method_call(C,A)],-nan).
freq(4,964,[true,directed_edge(A,B),method_call(B,A),method_call(A,B)],-nan).
freq(4,965,[true,directed_edge(A,B),method_call(B,A),method_call(A,A)],-nan).
freq(4,966,[true,directed_edge(A,B),method_call(B,A),method_call(A,C)],-nan).
freq(4,967,[true,directed_edge(A,B),method_call(B,A),method_call(C,C)],-nan).
freq(4,968,[true,directed_edge(A,B),method_call(B,A),method_call(C,B)],-nan).
freq(4,969,[true,directed_edge(A,B),method_call(B,C),directed_edge(C,B)],-nan).
freq(4,970,[true,directed_edge(A,B),method_call(B,C),directed_edge(C,D)],-nan).
freq(4,971,[true,directed_edge(A,B),method_call(B,C),directed_edge(A,C)],-nan).
freq(4,972,[true,directed_edge(A,B),method_call(B,C),directed_edge(D,C)],-nan).
freq(4,973,[true,directed_edge(A,B),method_call(B,C),method_call(C,C)],-nan).
freq(4,974,[true,directed_edge(A,B),method_call(B,C),method_call(C,B)],-nan).
freq(4,975,[true,directed_edge(A,B),method_call(B,C),method_call(C,A)],-nan).
freq(4,976,[true,directed_edge(A,B),method_call(B,C),method_call(C,D)],-nan).
freq(4,977,[true,directed_edge(A,B),method_call(B,C),method_call(B,B)],-nan).
freq(4,978,[true,directed_edge(A,B),method_call(B,C),method_call(A,C)],-nan).
freq(4,979,[true,directed_edge(A,B),method_call(B,C),method_call(A,B)],-nan).
freq(4,980,[true,directed_edge(A,B),method_call(B,C),method_call(A,A)],-nan).
freq(4,981,[true,directed_edge(A,B),method_call(B,C),method_call(A,D)],-nan).
freq(4,982,[true,directed_edge(A,B),method_call(B,C),method_call(D,D)],-nan).
freq(4,983,[true,directed_edge(A,B),method_call(B,C),method_call(D,B)],-nan).
freq(4,984,[true,directed_edge(A,B),method_call(B,C),method_call(D,A)],-nan).
freq(4,985,[true,directed_edge(A,B),method_call(A,B),method_call(A,A)],-nan).
freq(4,986,[true,directed_edge(A,B),method_call(A,B),method_call(C,C)],-nan).
freq(4,987,[true,directed_edge(A,B),method_call(A,B),method_call(C,A)],-nan).
freq(4,988,[true,directed_edge(A,B),method_call(A,A),method_call(C,B)],-nan).
freq(4,989,[true,directed_edge(A,B),method_call(A,C),directed_edge(C,B)],-nan).
freq(4,990,[true,directed_edge(A,B),method_call(A,C),directed_edge(C,D)],-nan).
freq(4,991,[true,directed_edge(A,B),method_call(A,C),directed_edge(A,C)],-nan).
freq(4,992,[true,directed_edge(A,B),method_call(A,C),directed_edge(D,C)],-nan).
freq(4,993,[true,directed_edge(A,B),method_call(A,C),method_call(C,C)],-nan).
freq(4,994,[true,directed_edge(A,B),method_call(A,C),method_call(C,B)],-nan).
freq(4,995,[true,directed_edge(A,B),method_call(A,C),method_call(C,A)],-nan).
freq(4,996,[true,directed_edge(A,B),method_call(A,C),method_call(C,D)],-nan).
freq(4,997,[true,directed_edge(A,B),method_call(A,C),method_call(A,A)],-nan).
freq(4,998,[true,directed_edge(A,B),method_call(A,C),method_call(D,D)],-nan).
freq(4,999,[true,directed_edge(A,B),method_call(A,C),method_call(D,B)],-nan).
freq(4,1000,[true,directed_edge(A,B),method_call(A,C),method_call(D,A)],-nan).
freq(4,1001,[true,directed_edge(A,B),method_call(C,C),method_call(C,B)],-nan).
freq(4,1002,[true,directed_edge(A,B),method_call(C,C),method_call(C,A)],-nan).
freq(4,1003,[true,directed_edge(A,B),method_call(C,C),method_call(D,B)],-nan).
freq(4,1004,[true,directed_edge(A,B),method_call(C,C),method_call(D,A)],-nan).
freq(4,1005,[true,directed_edge(A,B),method_call(C,B),method_call(C,A)],-nan).
freq(4,1006,[true,directed_edge(A,B),method_call(C,B),method_call(D,C)],-nan).
freq(4,1007,[true,directed_edge(A,B),method_call(C,B),method_call(D,A)],-nan).
freq(4,1008,[true,directed_edge(A,B),method_call(C,A),method_call(D,C)],-nan).
freq(4,1009,[true,directed_edge(A,B),method_call(C,D),directed_edge(D,B)],-nan).
freq(4,1010,[true,directed_edge(A,B),method_call(C,D),directed_edge(C,B)],-nan).
freq(4,1011,[true,directed_edge(A,B),method_call(C,D),directed_edge(A,D)],-nan).
freq(4,1012,[true,directed_edge(A,B),method_call(C,D),directed_edge(A,C)],-nan).
freq(4,1013,[true,directed_edge(A,B),method_call(C,D),method_call(D,D)],-nan).
freq(4,1014,[true,directed_edge(A,B),method_call(C,D),method_call(D,C)],-nan).
freq(4,1015,[true,directed_edge(A,B),method_call(C,D),method_call(D,E)],-nan).
freq(4,1016,[true,method_call(A,B),method_call(B,A),method_call(B,B)],-nan).
freq(4,1017,[true,method_call(A,B),method_call(B,C),method_call(C,B)],-nan).
freq(4,1018,[true,method_call(A,B),method_call(B,C),method_call(C,A)],-nan).
freq(4,1019,[true,method_call(A,B),method_call(B,C),method_call(C,D)],-nan).
freq(4,1020,[true,method_call(A,B),method_call(B,C),method_call(A,C)],-nan).
c_counter(4,1020).
f_counter(4,1020).
