/** -------------------------------------------------
 ** Algorithm:   Warmr
 ** Output type: freq_packs.out
 ** Date:        7/27/2016 8:30:46
 ** ACE version: 1.2.20
 ** Hardware:    ubuntu : x86_64 running Linux
 ** -------------------------------------------------
 **/

sample_size(52.0)
min_rel_freq(0.5)
min_abs_freq(26.0)

level(1)
true 0.615384615384615
c_counter(1,1)
f_counter(1,1)

level(2)
true,method(A) 0.615384615384615
     basic_block(A) 0.615384615384615
     in(A,B) 0.615384615384615
     directed_edge(A,B) 0.615384615384615
     method_call(A,B) 0.557692307692308
c_counter(2,8)
f_counter(2,5)

level(3)
true,method(A),basic_block(B) 0.615384615384615
               in(B,A) 0.615384615384615
               in(B,C) 0.615384615384615
               directed_edge(B,C) 0.615384615384615
               method_call(A,B) 0.557692307692308
               method_call(B,A) 0.557692307692308
               method_call(B,C) 0.557692307692308
     basic_block(A),in(A,B) 0.615384615384615
                    in(B,C) 0.615384615384615
                    directed_edge(A,B) 0.596153846153846
                    directed_edge(B,A) 0.615384615384615
                    directed_edge(B,C) 0.615384615384615
                    method_call(B,C) 0.557692307692308
     in(A,B),directed_edge(A,C) 0.596153846153846
             directed_edge(C,A) 0.615384615384615
             directed_edge(C,D) 0.615384615384615
             method_call(B,C) 0.557692307692308
             method_call(C,B) 0.557692307692308
             method_call(C,D) 0.557692307692308
     directed_edge(A,B),directed_edge(B,C) 0.596153846153846
                        method_call(C,D) 0.557692307692308
c_counter(3,47)
f_counter(3,21)

level(4)
true,method(A),basic_block(B),in(B,A) 0.615384615384615
                              in(B,C) 0.615384615384615
                              in(C,A) 0.615384615384615
                              in(C,D) 0.615384615384615
                              directed_edge(B,C) 0.596153846153846
                              directed_edge(C,B) 0.615384615384615
                              directed_edge(C,D) 0.615384615384615
                              method_call(A,C) 0.557692307692308
                              method_call(C,A) 0.557692307692308
                              method_call(C,D) 0.557692307692308
               in(B,A),directed_edge(B,C) 0.596153846153846
                       directed_edge(C,B) 0.615384615384615
                       directed_edge(C,D) 0.615384615384615
                       method_call(A,C) 0.557692307692308
                       method_call(C,A) 0.557692307692308
                       method_call(C,D) 0.557692307692308
               in(B,C),method(C) 0.615384615384615
                       directed_edge(B,D) 0.596153846153846
                       directed_edge(D,B) 0.615384615384615
                       directed_edge(D,E) 0.615384615384615
                       method_call(C,A) 0.557692307692308
                       method_call(C,D) 0.557692307692308
                       method_call(A,C) 0.557692307692308
                       method_call(A,D) 0.557692307692308
                       method_call(D,C) 0.557692307692308
                       method_call(D,A) 0.557692307692308
                       method_call(D,E) 0.557692307692308
               directed_edge(B,C),directed_edge(C,D) 0.596153846153846
                                  method_call(A,D) 0.557692307692308
                                  method_call(D,A) 0.557692307692308
                                  method_call(D,E) 0.557692307692308
               method_call(A,B),method(B) 0.557692307692308
               method_call(B,C),method(C) 0.557692307692308
                                method(B) 0.557692307692308
     basic_block(A),in(A,B),directed_edge(A,C) 0.596153846153846
                            directed_edge(C,A) 0.615384615384615
                            directed_edge(C,D) 0.615384615384615
                            method_call(B,C) 0.557692307692308
                            method_call(C,B) 0.557692307692308
                            method_call(C,D) 0.557692307692308
                    in(B,C),basic_block(B) 0.615384615384615
                            directed_edge(B,A) 0.596153846153846
                            directed_edge(B,D) 0.596153846153846
                            directed_edge(A,B) 0.596153846153846
                            directed_edge(A,D) 0.596153846153846
                            directed_edge(D,B) 0.615384615384615
                            directed_edge(D,A) 0.615384615384615
                            directed_edge(D,E) 0.615384615384615
                            method_call(C,D) 0.557692307692308
                            method_call(D,C) 0.557692307692308
                            method_call(D,E) 0.557692307692308
                    directed_edge(A,B),basic_block(B) 0.596153846153846
                                       directed_edge(B,C) 0.576923076923077
                                       directed_edge(C,A) 0.596153846153846
                                       method_call(C,D) 0.557692307692308
                    directed_edge(B,A),directed_edge(C,B) 0.596153846153846
                                       method_call(C,D) 0.557692307692308
                    directed_edge(B,C),basic_block(C) 0.615384615384615
                                       basic_block(B) 0.596153846153846
                                       directed_edge(C,D) 0.596153846153846
                                       method_call(D,E) 0.557692307692308
     in(A,B),directed_edge(A,C),in(C,B) 0.596153846153846
                                in(C,D) 0.596153846153846
                                directed_edge(C,D) 0.576923076923077
                                directed_edge(D,A) 0.596153846153846
                                method_call(D,B) 0.557692307692308
                                method_call(D,E) 0.557692307692308
             directed_edge(C,A),directed_edge(D,C) 0.596153846153846
                                method_call(B,D) 0.557692307692308
                                method_call(D,B) 0.557692307692308
                                method_call(D,E) 0.557692307692308
             directed_edge(C,D),in(D,B) 0.615384615384615
                                in(C,B) 0.596153846153846
                                directed_edge(D,E) 0.596153846153846
                                method_call(B,E) 0.557692307692308
                                method_call(E,B) 0.557692307692308
                                method_call(E,F) 0.557692307692308
             method_call(B,C),in(D,C) 0.557692307692308
             method_call(C,D),in(A,D) 0.557692307692308
                              in(A,C) 0.557692307692308
     directed_edge(A,B),directed_edge(B,C),directed_edge(C,D) 0.576923076923077
                                           method_call(D,E) 0.557692307692308
c_counter(4,86)
f_counter(4,82)
