This is TeX, Version 3.141592 (Web2C 7.5.5) (format=tex 2007.1.4)  5 APR 2008 12:35
**xsbdoc1.texic
(./xsbdoc1.texic (/usr/local/gwTeX/texmf.texlive/tex/texinfo/texinfo.tex
Loading texinfo [version 2006-12-23.12]: Basics,
\bindingoffset=\dimen16
\normaloffset=\dimen17
\pagewidth=\dimen18
\pageheight=\dimen19
\outerhsize=\dimen20
\outervsize=\dimen21
\cornerlong=\dimen22
\cornerthick=\dimen23
\topandbottommargin=\dimen24
\headlinebox=\box16
\footlinebox=\box17
\margin=\insert252
\EMsimple=\toks12
\groupbox=\box18
\groupinvalidhelp=\toks13
\mil=\dimen25
\exdentamount=\skip18
\inmarginspacing=\skip19
 pdf,
\tempnum=\count26
\lnkcount=\count27
\filename=\toks14
\filenamelength=\count28
\pgn=\count29
\toksA=\toks15
\toksB=\toks16
\toksC=\toks17
\toksD=\toks18
\boxA=\box19
\countA=\count30
\nopdfimagehelp=\toks19
 fonts,
\sffam=\fam8
\textleading=\dimen26
\fontdepth=\count31
 page headings,
\titlepagetopglue=\skip20
\titlepagebottomglue=\skip21
\evenheadline=\toks20
\oddheadline=\toks21
\evenfootline=\toks22
\oddfootline=\toks23

tables,
\tableindent=\dimen27
\itemindent=\dimen28
\itemmargin=\dimen29
\itemmax=\dimen30
\itemno=\count32
\multitableparskip=\skip22
\multitableparindent=\skip23
\multitablecolspace=\dimen31
\multitablelinespace=\skip24
\colcount=\count33
\everytab=\toks24
 conditionals,
\doignorecount=\count34
 indexing,
\secondaryindent=\skip25
\partialpage=\box20
\doublecolumnhsize=\dimen32
 sectioning,
\unnumberedno=\count35
\chapno=\count36
\secno=\count37
\subsecno=\count38
\subsubsecno=\count39
\appendixno=\count40
\absseclevel=\count41
\secbase=\count42
\chapheadingskip=\skip26
\secheadingskip=\skip27
\subsecheadingskip=\skip28
 toc,
\tocfile=\write0
\contentsrightmargin=\skip29
\savepageno=\count43
\lastnegativepageno=\count44
\tocindent=\dimen33
 environments,
\errorbox=\box21
\lispnarrowing=\skip30
\envskipamount=\skip31
\circthick=\dimen34
\cartouter=\dimen35
\cartinner=\dimen36
\normbskip=\skip32
\normpskip=\skip33
\normlskip=\skip34
\lskip=\skip35
\rskip=\skip36
\tabw=\dimen37
 defuns,
\defbodyindent=\skip37
\defargsindent=\skip38
\deflastargmargin=\skip39
\parencount=\count45
\brackcount=\count46
 macros,
\macscribble=\write1
\paramno=\count47
\macname=\toks25

cross references,
\auxfile=\write2
\savesfregister=\count48
 insertions,
\footnoteno=\count49
\SAVEfootins=\box22
\SAVEmargin=\box23

(/usr/local/gwTeX/texmf.texlive/tex/generic/epsf/epsf.tex
This is `epsf.tex' v2.7.3 <23 July 2005>
\epsffilein=\read0
\epsfframemargin=\dimen38
\epsfframethickness=\dimen39
\epsfrsize=\dimen40
\epsftmp=\dimen41
\epsftsize=\dimen42
\epsfxsize=\dimen43
\epsfysize=\dimen44
\pspoints=\dimen45
)
\noepsfhelp=\toks26
 localization,
\nolanghelp=\toks27
\defaultparindent=\dimen46
 and turning on texinfo input format.) (./xsbdoc1.aux)
\openout2 = `xsbdoc1.aux'.

@cpindfile=@write3
@fnindfile=@write4
@vrindfile=@write5
@tpindfile=@write6
@kyindfile=@write7
@pgindfile=@write8
@pdindfile=@write9
@opindfile=@write10
@coindfile=@write11
@glindfile=@write12
 [1
\openout3 = `xsbdoc1.cp'.

\openout4 = `xsbdoc1.fn'.

\openout5 = `xsbdoc1.vr'.

\openout6 = `xsbdoc1.tp'.

\openout7 = `xsbdoc1.ky'.

\openout8 = `xsbdoc1.pg'.

\openout9 = `xsbdoc1.pd'.

\openout10 = `xsbdoc1.op'.

\openout11 = `xsbdoc1.co'.

\openout12 = `xsbdoc1.gl'.

]
[2] (./xsbdoc1.toc) [-1] (./xsbdoc1summary.texic (Summary)
\openout0 = `xsbdoc1.toc'.

)
(./xsbdoc1intro.texic Chapter 1 [1] [2] [3] [4] [5] [6] [7] [8])
(./comments.texic Chapter 2 [9] [10] [11] [12] [13] [14] [15] [16] [17]
Runaway argument?
o @item @code {@@^@{o@}} @result {} @coindex @@^ command @glindex @@^@ETC.
! Paragraph ended before @\ was complete.
<to be read again> 
                   @par 
l.1073 
       
I suspect you've forgotten a `}', causing me to apply this
control sequence to too much text. How can we recover?
My plan is to forget the whole thing and hope for the best.

[18]) (./assertions_props.texic Chapter 3 [19] [20]) (./xsbdoc1refs.texic)
(./xsbdoc1pdindex.texic (Predicate Definition Index) [21] (./xsbdoc1.pds))
(./xsbdoc1opindex.texic (Operator Definition Index) [22])
(./xsbdoc1coindex.texic (Concept Definition Index) [23] (./xsbdoc1.cos [24]))
(./xsbdoc1glindex.texic (Global Index) [25] (./xsbdoc1.gls [26] [27])) [28] ) 
Here is how much of TeX's memory you used:
 1634 strings out of 97980
 20373 string characters out of 1220916
 2044109 words of memory out of 4538211
 2442 multiletter control sequences out of 10000+50000
 32127 words of font info for 112 fonts, out of 2000000 for 2000
 51 hyphenation exceptions out of 5000
 15i,6n,13p,641b,527s stack positions out of 5000i,500n,6000p,200000b,50000s

Output written on xsbdoc1.dvi (31 pages, 175948 bytes).
