/** -------------------------------------------------
 ** Algorithm:   Warmr
 ** Output type: freq_queries.out
 ** Date:        7/14/2016 17:45:6
 ** ACE version: 1.2.20
 ** Hardware:    ubuntu : x86_64 running Linux
 ** -------------------------------------------------
 **/

sample_size(392.0).
min_rel_freq(0.01).
min_abs_freq(3.92).

level(1).
freq(1,1,[true],1.0).
c_counter(1,1).
f_counter(1,1).

level(2).
freq(2,1,[true,triangle(A)],0.778061224489796).
freq(2,2,[true,square(A)],0.783163265306122).
freq(2,3,[true,circle(A)],0.701530612244898).
c_counter(2,3).
f_counter(2,3).

level(3).
freq(3,1,[true,triangle(A),square(B)],0.604591836734694).
freq(3,2,[true,triangle(A),circle(B)],0.510204081632653).
freq(3,3,[true,triangle(A),in(A,B)],0.459183673469388).
freq(3,4,[true,triangle(A),config(A,up)],0.533163265306122).
freq(3,5,[true,triangle(A),config(A,down)],0.489795918367347).
freq(3,6,[true,square(A),circle(B)],0.51530612244898).
freq(3,7,[true,square(A),in(A,B)],0.464285714285714).
freq(3,8,[true,circle(A),in(A,B)],0.522959183673469).
c_counter(3,18).
f_counter(3,8).

level(4).
freq(4,1,[true,triangle(A),square(B),circle(C)],0.36734693877551).
freq(4,2,[true,triangle(A),square(B),in(B,A)],0.211734693877551).
freq(4,3,[true,triangle(A),square(B),in(B,C)],0.372448979591837).
freq(4,4,[true,triangle(A),square(B),in(A,B)],0.214285714285714).
freq(4,5,[true,triangle(A),square(B),in(A,C)],0.352040816326531).
freq(4,6,[true,triangle(A),square(B),config(A,up)],0.405612244897959).
freq(4,7,[true,triangle(A),square(B),config(A,down)],0.372448979591837).
freq(4,8,[true,triangle(A),circle(B),in(B,A)],0.196428571428571).
freq(4,9,[true,triangle(A),circle(B),in(B,C)],0.331632653061224).
freq(4,10,[true,triangle(A),circle(B),in(A,B)],0.11734693877551).
freq(4,11,[true,triangle(A),circle(B),in(A,C)],0.278061224489796).
freq(4,12,[true,triangle(A),circle(B),config(A,up)],0.357142857142857).
freq(4,13,[true,triangle(A),circle(B),config(A,down)],0.321428571428571).
freq(4,14,[true,triangle(A),in(A,B),triangle(B)],0.209183673469388).
freq(4,15,[true,triangle(A),in(A,B),config(B,up)],0.114795918367347).
freq(4,16,[true,triangle(A),in(A,B),config(B,down)],0.104591836734694).
freq(4,17,[true,triangle(A),in(A,B),config(A,up)],0.288265306122449).
freq(4,18,[true,triangle(A),in(A,B),config(A,down)],0.239795918367347).
freq(4,19,[true,square(A),circle(B),in(B,A)],0.198979591836735).
freq(4,20,[true,square(A),circle(B),in(B,C)],0.380102040816327).
freq(4,21,[true,square(A),circle(B),in(A,B)],0.130102040816327).
freq(4,22,[true,square(A),circle(B),in(A,C)],0.288265306122449).
freq(4,23,[true,square(A),in(A,B),square(B)],0.186224489795918).
freq(4,24,[true,square(A),in(A,B),config(B,up)],0.130102040816327).
freq(4,25,[true,square(A),in(A,B),config(B,down)],0.0892857142857143).
freq(4,26,[true,circle(A),in(A,B),circle(B)],0.206632653061224).
freq(4,27,[true,circle(A),in(A,B),config(B,up)],0.0943877551020408).
freq(4,28,[true,circle(A),in(A,B),config(B,down)],0.11734693877551).
c_counter(4,38).
f_counter(4,28).

level(5).
freq(5,1,[true,triangle(A),square(B),circle(C),in(C,B)],0.0943877551020408).
freq(5,2,[true,triangle(A),square(B),circle(C),in(C,A)],0.114795918367347).
freq(5,3,[true,triangle(A),square(B),circle(C),in(C,D)],0.232142857142857).
freq(5,4,[true,triangle(A),square(B),circle(C),in(B,C)],0.0892857142857143).
freq(5,5,[true,triangle(A),square(B),circle(C),in(B,A)],0.102040816326531).
freq(5,6,[true,triangle(A),square(B),circle(C),in(B,D)],0.227040816326531).
freq(5,7,[true,triangle(A),square(B),circle(C),in(A,C)],0.0688775510204082).
freq(5,8,[true,triangle(A),square(B),circle(C),in(A,B)],0.104591836734694).
freq(5,9,[true,triangle(A),square(B),circle(C),in(A,D)],0.201530612244898).
freq(5,10,[true,triangle(A),square(B),circle(C),config(A,up)],0.247448979591837).
freq(5,11,[true,triangle(A),square(B),circle(C),config(A,down)],0.229591836734694).
freq(5,12,[true,triangle(A),square(B),in(B,A),config(A,up)],0.130102040816327).
freq(5,13,[true,triangle(A),square(B),in(B,A),config(A,down)],0.0892857142857143).
freq(5,14,[true,triangle(A),square(B),in(B,C),triangle(C)],0.211734693877551).
freq(5,15,[true,triangle(A),square(B),in(B,C),square(C)],0.130102040816327).
freq(5,16,[true,triangle(A),square(B),in(B,C),in(A,D)],0.170918367346939).
freq(5,17,[true,triangle(A),square(B),in(B,C),config(C,up)],0.130102040816327).
freq(5,18,[true,triangle(A),square(B),in(B,C),config(C,down)],0.0892857142857143).
freq(5,19,[true,triangle(A),square(B),in(B,C),config(A,up)],0.25).
freq(5,20,[true,triangle(A),square(B),in(B,C),config(A,down)],0.229591836734694).
freq(5,21,[true,triangle(A),square(B),in(A,B),config(A,up)],0.122448979591837).
freq(5,22,[true,triangle(A),square(B),in(A,B),config(A,down)],0.0969387755102041).
freq(5,23,[true,triangle(A),square(B),in(A,C),triangle(C)],0.13265306122449).
freq(5,24,[true,triangle(A),square(B),in(A,C),square(C)],0.214285714285714).
freq(5,25,[true,triangle(A),square(B),in(A,C),config(C,up)],0.0714285714285714).
freq(5,26,[true,triangle(A),square(B),in(A,C),config(C,down)],0.0637755102040816).
freq(5,27,[true,triangle(A),square(B),in(A,C),config(A,up)],0.224489795918367).
freq(5,28,[true,triangle(A),square(B),in(A,C),config(A,down)],0.173469387755102).
freq(5,29,[true,triangle(A),circle(B),in(B,A),config(A,up)],0.0943877551020408).
freq(5,30,[true,triangle(A),circle(B),in(B,A),config(A,down)],0.11734693877551).
freq(5,31,[true,triangle(A),circle(B),in(B,C),triangle(C)],0.196428571428571).
freq(5,32,[true,triangle(A),circle(B),in(B,C),circle(C)],0.0943877551020408).
freq(5,33,[true,triangle(A),circle(B),in(B,C),in(A,D)],0.130102040816327).
freq(5,34,[true,triangle(A),circle(B),in(B,C),config(C,up)],0.0943877551020408).
freq(5,35,[true,triangle(A),circle(B),in(B,C),config(C,down)],0.11734693877551).
freq(5,36,[true,triangle(A),circle(B),in(B,C),config(A,up)],0.211734693877551).
freq(5,37,[true,triangle(A),circle(B),in(B,C),config(A,down)],0.211734693877551).
freq(5,38,[true,triangle(A),circle(B),in(A,B),config(A,up)],0.076530612244898).
freq(5,39,[true,triangle(A),circle(B),in(A,B),config(A,down)],0.048469387755102).
freq(5,40,[true,triangle(A),circle(B),in(A,C),triangle(C)],0.119897959183673).
freq(5,41,[true,triangle(A),circle(B),in(A,C),circle(C)],0.11734693877551).
freq(5,42,[true,triangle(A),circle(B),in(A,C),config(C,up)],0.0637755102040816).
freq(5,43,[true,triangle(A),circle(B),in(A,C),config(C,down)],0.0612244897959184).
freq(5,44,[true,triangle(A),circle(B),in(A,C),config(A,up)],0.191326530612245).
freq(5,45,[true,triangle(A),circle(B),in(A,C),config(A,down)],0.135204081632653).
freq(5,46,[true,triangle(A),in(A,B),triangle(B),config(B,up)],0.114795918367347).
freq(5,47,[true,triangle(A),in(A,B),triangle(B),config(B,down)],0.104591836734694).
freq(5,48,[true,triangle(A),in(A,B),triangle(B),config(A,up)],0.104591836734694).
freq(5,49,[true,triangle(A),in(A,B),triangle(B),config(A,down)],0.114795918367347).
freq(5,50,[true,triangle(A),in(A,B),config(B,up),config(A,up)],0.0586734693877551).
freq(5,51,[true,triangle(A),in(A,B),config(B,up),config(A,down)],0.0586734693877551).
freq(5,52,[true,triangle(A),in(A,B),config(B,down),config(A,up)],0.048469387755102).
freq(5,53,[true,triangle(A),in(A,B),config(B,down),config(A,down)],0.0561224489795918).
freq(5,54,[true,square(A),circle(B),in(B,C),square(C)],0.198979591836735).
freq(5,55,[true,square(A),circle(B),in(B,C),circle(C)],0.130102040816327).
freq(5,56,[true,square(A),circle(B),in(B,C),in(A,D)],0.178571428571429).
freq(5,57,[true,square(A),circle(B),in(B,C),config(C,up)],0.0510204081632653).
freq(5,58,[true,square(A),circle(B),in(B,C),config(C,down)],0.0714285714285714).
freq(5,59,[true,square(A),circle(B),in(A,C),square(C)],0.107142857142857).
freq(5,60,[true,square(A),circle(B),in(A,C),circle(C)],0.130102040816327).
freq(5,61,[true,square(A),circle(B),in(A,C),config(C,up)],0.0561224489795918).
freq(5,62,[true,square(A),circle(B),in(A,C),config(C,down)],0.0459183673469388).
c_counter(5,68).
f_counter(5,62).

level(6).
freq(6,1,[true,triangle(A),square(B),circle(C),in(C,B),in(A,D)],0.0408163265306122).
freq(6,2,[true,triangle(A),square(B),circle(C),in(C,B),config(A,up)],0.0561224489795918).
freq(6,3,[true,triangle(A),square(B),circle(C),in(C,B),config(A,down)],0.0535714285714286).
freq(6,4,[true,triangle(A),square(B),circle(C),in(C,A),in(B,D)],0.0586734693877551).
freq(6,5,[true,triangle(A),square(B),circle(C),in(C,A),config(A,up)],0.0510204081632653).
freq(6,6,[true,triangle(A),square(B),circle(C),in(C,A),config(A,down)],0.0714285714285714).
freq(6,7,[true,triangle(A),square(B),circle(C),in(C,D),triangle(D)],0.114795918367347).
freq(6,8,[true,triangle(A),square(B),circle(C),in(C,D),square(D)],0.0943877551020408).
freq(6,9,[true,triangle(A),square(B),circle(C),in(C,D),circle(D)],0.0612244897959184).
freq(6,10,[true,triangle(A),square(B),circle(C),in(C,D),in(B,A)],0.0586734693877551).
freq(6,11,[true,triangle(A),square(B),circle(C),in(C,D),in(B,E)],0.11734693877551).
freq(6,12,[true,triangle(A),square(B),circle(C),in(C,D),in(A,B)],0.0612244897959184).
freq(6,13,[true,triangle(A),square(B),circle(C),in(C,D),in(A,E)],0.0969387755102041).
freq(6,14,[true,triangle(A),square(B),circle(C),in(C,D),config(D,up)],0.0510204081632653).
freq(6,15,[true,triangle(A),square(B),circle(C),in(C,D),config(D,down)],0.0714285714285714).
freq(6,16,[true,triangle(A),square(B),circle(C),in(C,D),config(A,up)],0.145408163265306).
freq(6,17,[true,triangle(A),square(B),circle(C),in(C,D),config(A,down)],0.147959183673469).
freq(6,18,[true,triangle(A),square(B),circle(C),in(B,C),in(A,D)],0.0586734693877551).
freq(6,19,[true,triangle(A),square(B),circle(C),in(B,C),config(A,up)],0.0612244897959184).
freq(6,20,[true,triangle(A),square(B),circle(C),in(B,C),config(A,down)],0.0510204081632653).
freq(6,21,[true,triangle(A),square(B),circle(C),in(B,A),config(A,up)],0.0561224489795918).
freq(6,22,[true,triangle(A),square(B),circle(C),in(B,A),config(A,down)],0.0459183673469388).
freq(6,23,[true,triangle(A),square(B),circle(C),in(B,D),triangle(D)],0.102040816326531).
freq(6,24,[true,triangle(A),square(B),circle(C),in(B,D),square(D)],0.0816326530612245).
freq(6,25,[true,triangle(A),square(B),circle(C),in(B,D),circle(D)],0.0892857142857143).
freq(6,26,[true,triangle(A),square(B),circle(C),in(B,D),in(A,C)],0.0408163265306122).
freq(6,27,[true,triangle(A),square(B),circle(C),in(B,D),in(A,E)],0.112244897959184).
freq(6,28,[true,triangle(A),square(B),circle(C),in(B,D),config(D,up)],0.0561224489795918).
freq(6,29,[true,triangle(A),square(B),circle(C),in(B,D),config(D,down)],0.0459183673469388).
freq(6,30,[true,triangle(A),square(B),circle(C),in(B,D),config(A,up)],0.155612244897959).
freq(6,31,[true,triangle(A),square(B),circle(C),in(B,D),config(A,down)],0.137755102040816).
freq(6,32,[true,triangle(A),square(B),circle(C),in(A,C),config(A,up)],0.0433673469387755).
freq(6,33,[true,triangle(A),square(B),circle(C),in(A,C),config(A,down)],0.0255102040816327).
freq(6,34,[true,triangle(A),square(B),circle(C),in(A,B),config(A,up)],0.0586734693877551).
freq(6,35,[true,triangle(A),square(B),circle(C),in(A,B),config(A,down)],0.048469387755102).
freq(6,36,[true,triangle(A),square(B),circle(C),in(A,D),triangle(D)],0.0739795918367347).
freq(6,37,[true,triangle(A),square(B),circle(C),in(A,D),square(D)],0.104591836734694).
freq(6,38,[true,triangle(A),square(B),circle(C),in(A,D),circle(D)],0.0688775510204082).
freq(6,39,[true,triangle(A),square(B),circle(C),in(A,D),config(D,up)],0.0357142857142857).
freq(6,40,[true,triangle(A),square(B),circle(C),in(A,D),config(D,down)],0.038265306122449).
freq(6,41,[true,triangle(A),square(B),circle(C),in(A,D),config(A,up)],0.14030612244898).
freq(6,42,[true,triangle(A),square(B),circle(C),in(A,D),config(A,down)],0.0918367346938776).
freq(6,43,[true,triangle(A),square(B),in(B,C),triangle(C),in(A,D)],0.0688775510204082).
freq(6,44,[true,triangle(A),square(B),in(B,C),triangle(C),config(C,up)],0.130102040816327).
freq(6,45,[true,triangle(A),square(B),in(B,C),triangle(C),config(C,down)],0.0892857142857143).
freq(6,46,[true,triangle(A),square(B),in(B,C),triangle(C),config(A,up)],0.155612244897959).
freq(6,47,[true,triangle(A),square(B),in(B,C),triangle(C),config(A,down)],0.125).
freq(6,48,[true,triangle(A),square(B),in(B,C),square(C),in(A,D)],0.0612244897959184).
freq(6,49,[true,triangle(A),square(B),in(B,C),square(C),config(A,up)],0.0688775510204082).
freq(6,50,[true,triangle(A),square(B),in(B,C),square(C),config(A,down)],0.086734693877551).
freq(6,51,[true,triangle(A),square(B),in(B,C),in(A,D),triangle(D)],0.0663265306122449).
freq(6,52,[true,triangle(A),square(B),in(B,C),in(A,D),square(D)],0.0790816326530612).
freq(6,53,[true,triangle(A),square(B),in(B,C),in(A,D),config(D,up)],0.0357142857142857).
freq(6,54,[true,triangle(A),square(B),in(B,C),in(A,D),config(D,down)],0.0306122448979592).
freq(6,55,[true,triangle(A),square(B),in(B,C),in(A,D),config(C,up)],0.0408163265306122).
freq(6,56,[true,triangle(A),square(B),in(B,C),in(A,D),config(C,down)],0.0306122448979592).
freq(6,57,[true,triangle(A),square(B),in(B,C),in(A,D),config(A,up)],0.107142857142857).
freq(6,58,[true,triangle(A),square(B),in(B,C),in(A,D),config(A,down)],0.0790816326530612).
freq(6,59,[true,triangle(A),square(B),in(B,C),config(C,up),in(B,A)],0.130102040816327).
freq(6,60,[true,triangle(A),square(B),in(B,C),config(C,up),config(A,up)],0.130102040816327).
freq(6,61,[true,triangle(A),square(B),in(B,C),config(C,up),config(A,down)],0.0433673469387755).
freq(6,62,[true,triangle(A),square(B),in(B,C),config(C,down),in(B,A)],0.0892857142857143).
freq(6,63,[true,triangle(A),square(B),in(B,C),config(C,down),config(A,up)],0.0331632653061225).
freq(6,64,[true,triangle(A),square(B),in(B,C),config(C,down),config(A,down)],0.0892857142857143).
freq(6,65,[true,triangle(A),square(B),in(A,C),triangle(C),config(C,up)],0.0714285714285714).
freq(6,66,[true,triangle(A),square(B),in(A,C),triangle(C),config(C,down)],0.0637755102040816).
freq(6,67,[true,triangle(A),square(B),in(A,C),triangle(C),config(A,up)],0.0688775510204082).
freq(6,68,[true,triangle(A),square(B),in(A,C),triangle(C),config(A,down)],0.0663265306122449).
freq(6,69,[true,triangle(A),square(B),in(A,C),square(C),config(A,up)],0.122448979591837).
freq(6,70,[true,triangle(A),square(B),in(A,C),square(C),config(A,down)],0.0969387755102041).
freq(6,71,[true,triangle(A),square(B),in(A,C),config(C,up),config(A,up)],0.0357142857142857).
freq(6,72,[true,triangle(A),square(B),in(A,C),config(C,up),config(A,down)],0.0357142857142857).
freq(6,73,[true,triangle(A),square(B),in(A,C),config(C,down),config(A,up)],0.0331632653061225).
freq(6,74,[true,triangle(A),square(B),in(A,C),config(C,down),config(A,down)],0.0306122448979592).
freq(6,75,[true,triangle(A),circle(B),in(B,C),triangle(C),in(A,D)],0.048469387755102).
freq(6,76,[true,triangle(A),circle(B),in(B,C),triangle(C),config(C,up)],0.0943877551020408).
freq(6,77,[true,triangle(A),circle(B),in(B,C),triangle(C),config(C,down)],0.11734693877551).
freq(6,78,[true,triangle(A),circle(B),in(B,C),triangle(C),config(A,up)],0.13265306122449).
freq(6,79,[true,triangle(A),circle(B),in(B,C),triangle(C),config(A,down)],0.137755102040816).
freq(6,80,[true,triangle(A),circle(B),in(B,C),circle(C),in(A,D)],0.0510204081632653).
freq(6,81,[true,triangle(A),circle(B),in(B,C),circle(C),config(A,up)],0.048469387755102).
freq(6,82,[true,triangle(A),circle(B),in(B,C),circle(C),config(A,down)],0.0612244897959184).
freq(6,83,[true,triangle(A),circle(B),in(B,C),in(A,D),triangle(D)],0.0586734693877551).
freq(6,84,[true,triangle(A),circle(B),in(B,C),in(A,D),circle(D)],0.0178571428571429).
freq(6,85,[true,triangle(A),circle(B),in(B,C),in(A,D),config(D,up)],0.0357142857142857).
freq(6,86,[true,triangle(A),circle(B),in(B,C),in(A,D),config(D,down)],0.0229591836734694).
freq(6,87,[true,triangle(A),circle(B),in(B,C),in(A,D),config(C,up)],0.0255102040816327).
freq(6,88,[true,triangle(A),circle(B),in(B,C),in(A,D),config(C,down)],0.0255102040816327).
freq(6,89,[true,triangle(A),circle(B),in(B,C),in(A,D),config(A,up)],0.0739795918367347).
freq(6,90,[true,triangle(A),circle(B),in(B,C),in(A,D),config(A,down)],0.0637755102040816).
freq(6,91,[true,triangle(A),circle(B),in(B,C),config(C,up),in(B,A)],0.0943877551020408).
freq(6,92,[true,triangle(A),circle(B),in(B,C),config(C,up),config(A,up)],0.0943877551020408).
freq(6,93,[true,triangle(A),circle(B),in(B,C),config(C,up),config(A,down)],0.0357142857142857).
freq(6,94,[true,triangle(A),circle(B),in(B,C),config(C,down),in(B,A)],0.11734693877551).
freq(6,95,[true,triangle(A),circle(B),in(B,C),config(C,down),config(A,up)],0.0535714285714286).
freq(6,96,[true,triangle(A),circle(B),in(B,C),config(C,down),config(A,down)],0.11734693877551).
freq(6,97,[true,triangle(A),circle(B),in(A,C),triangle(C),config(C,up)],0.0637755102040816).
freq(6,98,[true,triangle(A),circle(B),in(A,C),triangle(C),config(C,down)],0.0612244897959184).
freq(6,99,[true,triangle(A),circle(B),in(A,C),triangle(C),config(A,up)],0.0688775510204082).
freq(6,100,[true,triangle(A),circle(B),in(A,C),triangle(C),config(A,down)],0.0535714285714286).
freq(6,101,[true,triangle(A),circle(B),in(A,C),circle(C),config(A,up)],0.076530612244898).
freq(6,102,[true,triangle(A),circle(B),in(A,C),circle(C),config(A,down)],0.048469387755102).
freq(6,103,[true,triangle(A),circle(B),in(A,C),config(C,up),config(A,up)],0.0331632653061225).
freq(6,104,[true,triangle(A),circle(B),in(A,C),config(C,up),config(A,down)],0.0306122448979592).
freq(6,105,[true,triangle(A),circle(B),in(A,C),config(C,down),config(A,up)],0.038265306122449).
freq(6,106,[true,triangle(A),circle(B),in(A,C),config(C,down),config(A,down)],0.0229591836734694).
freq(6,107,[true,triangle(A),in(A,B),triangle(B),config(B,up),config(A,up)],0.0586734693877551).
freq(6,108,[true,triangle(A),in(A,B),triangle(B),config(B,up),config(A,down)],0.0586734693877551).
freq(6,109,[true,triangle(A),in(A,B),triangle(B),config(B,down),config(A,up)],0.048469387755102).
freq(6,110,[true,triangle(A),in(A,B),triangle(B),config(B,down),config(A,down)],0.0561224489795918).
freq(6,111,[true,square(A),circle(B),in(B,C),square(C),in(A,D)],0.0561224489795918).
freq(6,112,[true,square(A),circle(B),in(B,C),circle(C),in(A,D)],0.0688775510204082).
freq(6,113,[true,square(A),circle(B),in(B,C),in(A,D),square(D)],0.0841836734693878).
freq(6,114,[true,square(A),circle(B),in(B,C),in(A,D),circle(D)],0.048469387755102).
freq(6,115,[true,square(A),circle(B),in(B,C),in(A,D),config(D,up)],0.0408163265306122).
freq(6,116,[true,square(A),circle(B),in(B,C),in(A,D),config(D,down)],0.0178571428571429).
freq(6,117,[true,square(A),circle(B),in(B,C),in(A,D),config(C,up)],0.0255102040816327).
freq(6,118,[true,square(A),circle(B),in(B,C),in(A,D),config(C,down)],0.0357142857142857).
c_counter(6,135).
f_counter(6,118).

level(7).
freq(7,1,[true,triangle(A),square(B),circle(C),in(C,B),in(A,D),triangle(D)],0.0153061224489796).
freq(7,2,[true,triangle(A),square(B),circle(C),in(C,B),in(A,D),square(D)],0.0255102040816327).
freq(7,3,[true,triangle(A),square(B),circle(C),in(C,B),in(A,D),config(A,up)],0.0229591836734694).
freq(7,4,[true,triangle(A),square(B),circle(C),in(C,B),in(A,D),config(A,down)],0.0204081632653061).
freq(7,5,[true,triangle(A),square(B),circle(C),in(C,A),in(B,D),triangle(D)],0.0204081632653061).
freq(7,6,[true,triangle(A),square(B),circle(C),in(C,A),in(B,D),square(D)],0.0357142857142857).
freq(7,7,[true,triangle(A),square(B),circle(C),in(C,A),in(B,D),config(D,up)],0.0178571428571429).
freq(7,8,[true,triangle(A),square(B),circle(C),in(C,A),in(B,D),config(A,up)],0.0255102040816327).
freq(7,9,[true,triangle(A),square(B),circle(C),in(C,A),in(B,D),config(A,down)],0.0357142857142857).
freq(7,10,[true,triangle(A),square(B),circle(C),in(C,D),triangle(D),in(B,E)],0.0586734693877551).
freq(7,11,[true,triangle(A),square(B),circle(C),in(C,D),triangle(D),in(A,B)],0.0204081632653061).
freq(7,12,[true,triangle(A),square(B),circle(C),in(C,D),triangle(D),in(A,E)],0.0306122448979592).
freq(7,13,[true,triangle(A),square(B),circle(C),in(C,D),triangle(D),config(D,up)],0.0510204081632653).
freq(7,14,[true,triangle(A),square(B),circle(C),in(C,D),triangle(D),config(D,down)],0.0714285714285714).
freq(7,15,[true,triangle(A),square(B),circle(C),in(C,D),triangle(D),config(A,up)],0.076530612244898).
freq(7,16,[true,triangle(A),square(B),circle(C),in(C,D),triangle(D),config(A,down)],0.086734693877551).
freq(7,17,[true,triangle(A),square(B),circle(C),in(C,D),square(D),in(B,A)],0.0178571428571429).
freq(7,18,[true,triangle(A),square(B),circle(C),in(C,D),square(D),in(B,E)],0.0280612244897959).
freq(7,19,[true,triangle(A),square(B),circle(C),in(C,D),square(D),in(A,E)],0.0408163265306122).
freq(7,20,[true,triangle(A),square(B),circle(C),in(C,D),square(D),config(A,up)],0.0561224489795918).
freq(7,21,[true,triangle(A),square(B),circle(C),in(C,D),square(D),config(A,down)],0.0535714285714286).
freq(7,22,[true,triangle(A),square(B),circle(C),in(C,D),circle(D),in(B,A)],0.0204081632653061).
freq(7,23,[true,triangle(A),square(B),circle(C),in(C,D),circle(D),in(B,E)],0.0306122448979592).
freq(7,24,[true,triangle(A),square(B),circle(C),in(C,D),circle(D),in(A,B)],0.0153061224489796).
freq(7,25,[true,triangle(A),square(B),circle(C),in(C,D),circle(D),in(A,E)],0.0306122448979592).
freq(7,26,[true,triangle(A),square(B),circle(C),in(C,D),circle(D),config(A,up)],0.0280612244897959).
freq(7,27,[true,triangle(A),square(B),circle(C),in(C,D),circle(D),config(A,down)],0.038265306122449).
freq(7,28,[true,triangle(A),square(B),circle(C),in(C,D),in(B,A),config(D,down)],0.0153061224489796).
freq(7,29,[true,triangle(A),square(B),circle(C),in(C,D),in(B,A),config(A,up)],0.0408163265306122).
freq(7,30,[true,triangle(A),square(B),circle(C),in(C,D),in(B,A),config(A,down)],0.0178571428571429).
freq(7,31,[true,triangle(A),square(B),circle(C),in(C,D),in(B,E),triangle(E)],0.0586734693877551).
freq(7,32,[true,triangle(A),square(B),circle(C),in(C,D),in(B,E),square(E)],0.0586734693877551).
freq(7,33,[true,triangle(A),square(B),circle(C),in(C,D),in(B,E),in(A,F)],0.0331632653061225).
freq(7,34,[true,triangle(A),square(B),circle(C),in(C,D),in(B,E),config(E,up)],0.0408163265306122).
freq(7,35,[true,triangle(A),square(B),circle(C),in(C,D),in(B,E),config(E,down)],0.0178571428571429).
freq(7,36,[true,triangle(A),square(B),circle(C),in(C,D),in(B,E),config(D,up)],0.0255102040816327).
freq(7,37,[true,triangle(A),square(B),circle(C),in(C,D),in(B,E),config(D,down)],0.0357142857142857).
freq(7,38,[true,triangle(A),square(B),circle(C),in(C,D),in(B,E),config(A,up)],0.076530612244898).
freq(7,39,[true,triangle(A),square(B),circle(C),in(C,D),in(B,E),config(A,down)],0.0739795918367347).
freq(7,40,[true,triangle(A),square(B),circle(C),in(C,D),in(A,B),config(D,up)],0.0127551020408163).
freq(7,41,[true,triangle(A),square(B),circle(C),in(C,D),in(A,B),config(D,down)],0.0102040816326531).
freq(7,42,[true,triangle(A),square(B),circle(C),in(C,D),in(A,B),config(A,up)],0.0408163265306122).
freq(7,43,[true,triangle(A),square(B),circle(C),in(C,D),in(A,B),config(A,down)],0.0204081632653061).
freq(7,44,[true,triangle(A),square(B),circle(C),in(C,D),in(A,E),triangle(E)],0.0331632653061225).
freq(7,45,[true,triangle(A),square(B),circle(C),in(C,D),in(A,E),square(E)],0.0612244897959184).
freq(7,46,[true,triangle(A),square(B),circle(C),in(C,D),in(A,E),circle(E)],0.0102040816326531).
freq(7,47,[true,triangle(A),square(B),circle(C),in(C,D),in(A,E),config(E,up)],0.0204081632653061).
freq(7,48,[true,triangle(A),square(B),circle(C),in(C,D),in(A,E),config(E,down)],0.0127551020408163).
freq(7,49,[true,triangle(A),square(B),circle(C),in(C,D),in(A,E),config(D,up)],0.0178571428571429).
freq(7,50,[true,triangle(A),square(B),circle(C),in(C,D),in(A,E),config(D,down)],0.0153061224489796).
freq(7,51,[true,triangle(A),square(B),circle(C),in(C,D),in(A,E),config(A,up)],0.0637755102040816).
freq(7,52,[true,triangle(A),square(B),circle(C),in(C,D),in(A,E),config(A,down)],0.0408163265306122).
freq(7,53,[true,triangle(A),square(B),circle(C),in(C,D),config(D,up),in(C,A)],0.0510204081632653).
freq(7,54,[true,triangle(A),square(B),circle(C),in(C,D),config(D,up),config(A,up)],0.0510204081632653).
freq(7,55,[true,triangle(A),square(B),circle(C),in(C,D),config(D,up),config(A,down)],0.0229591836734694).
freq(7,56,[true,triangle(A),square(B),circle(C),in(C,D),config(D,down),in(C,A)],0.0714285714285714).
freq(7,57,[true,triangle(A),square(B),circle(C),in(C,D),config(D,down),config(A,up)],0.0331632653061225).
freq(7,58,[true,triangle(A),square(B),circle(C),in(C,D),config(D,down),config(A,down)],0.0714285714285714).
freq(7,59,[true,triangle(A),square(B),circle(C),in(B,C),in(A,D),triangle(D)],0.0204081632653061).
freq(7,60,[true,triangle(A),square(B),circle(C),in(B,C),in(A,D),square(D)],0.0280612244897959).
freq(7,61,[true,triangle(A),square(B),circle(C),in(B,C),in(A,D),circle(D)],0.0153061224489796).
freq(7,62,[true,triangle(A),square(B),circle(C),in(B,C),in(A,D),config(D,up)],0.0127551020408163).
freq(7,63,[true,triangle(A),square(B),circle(C),in(B,C),in(A,D),config(A,up)],0.038265306122449).
freq(7,64,[true,triangle(A),square(B),circle(C),in(B,C),in(A,D),config(A,down)],0.0255102040816327).
freq(7,65,[true,triangle(A),square(B),circle(C),in(B,D),triangle(D),in(A,C)],0.0153061224489796).
freq(7,66,[true,triangle(A),square(B),circle(C),in(B,D),triangle(D),in(A,E)],0.0357142857142857).
freq(7,67,[true,triangle(A),square(B),circle(C),in(B,D),triangle(D),config(D,up)],0.0561224489795918).
freq(7,68,[true,triangle(A),square(B),circle(C),in(B,D),triangle(D),config(D,down)],0.0459183673469388).
freq(7,69,[true,triangle(A),square(B),circle(C),in(B,D),triangle(D),config(A,up)],0.0739795918367347).
freq(7,70,[true,triangle(A),square(B),circle(C),in(B,D),triangle(D),config(A,down)],0.0663265306122449).
freq(7,71,[true,triangle(A),square(B),circle(C),in(B,D),square(D),in(A,C)],0.0127551020408163).
freq(7,72,[true,triangle(A),square(B),circle(C),in(B,D),square(D),in(A,E)],0.0331632653061225).
freq(7,73,[true,triangle(A),square(B),circle(C),in(B,D),square(D),config(A,up)],0.048469387755102).
freq(7,74,[true,triangle(A),square(B),circle(C),in(B,D),square(D),config(A,down)],0.0459183673469388).
freq(7,75,[true,triangle(A),square(B),circle(C),in(B,D),circle(D),in(A,E)],0.0586734693877551).
freq(7,76,[true,triangle(A),square(B),circle(C),in(B,D),circle(D),config(A,up)],0.0612244897959184).
freq(7,77,[true,triangle(A),square(B),circle(C),in(B,D),circle(D),config(A,down)],0.0510204081632653).
freq(7,78,[true,triangle(A),square(B),circle(C),in(B,D),in(A,C),config(A,up)],0.0280612244897959).
freq(7,79,[true,triangle(A),square(B),circle(C),in(B,D),in(A,C),config(A,down)],0.0127551020408163).
freq(7,80,[true,triangle(A),square(B),circle(C),in(B,D),in(A,E),triangle(E)],0.0459183673469388).
freq(7,81,[true,triangle(A),square(B),circle(C),in(B,D),in(A,E),square(E)],0.0408163265306122).
freq(7,82,[true,triangle(A),square(B),circle(C),in(B,D),in(A,E),circle(E)],0.0408163265306122).
freq(7,83,[true,triangle(A),square(B),circle(C),in(B,D),in(A,E),config(E,up)],0.0229591836734694).
freq(7,84,[true,triangle(A),square(B),circle(C),in(B,D),in(A,E),config(E,down)],0.0229591836734694).
freq(7,85,[true,triangle(A),square(B),circle(C),in(B,D),in(A,E),config(D,up)],0.0153061224489796).
freq(7,86,[true,triangle(A),square(B),circle(C),in(B,D),in(A,E),config(D,down)],0.0204081632653061).
freq(7,87,[true,triangle(A),square(B),circle(C),in(B,D),in(A,E),config(A,up)],0.076530612244898).
freq(7,88,[true,triangle(A),square(B),circle(C),in(B,D),in(A,E),config(A,down)],0.048469387755102).
freq(7,89,[true,triangle(A),square(B),circle(C),in(B,D),config(D,up),in(B,A)],0.0561224489795918).
freq(7,90,[true,triangle(A),square(B),circle(C),in(B,D),config(D,up),config(A,up)],0.0561224489795918).
freq(7,91,[true,triangle(A),square(B),circle(C),in(B,D),config(D,up),config(A,down)],0.0204081632653061).
freq(7,92,[true,triangle(A),square(B),circle(C),in(B,D),config(D,down),in(B,A)],0.0459183673469388).
freq(7,93,[true,triangle(A),square(B),circle(C),in(B,D),config(D,down),config(A,up)],0.0178571428571429).
freq(7,94,[true,triangle(A),square(B),circle(C),in(B,D),config(D,down),config(A,down)],0.0459183673469388).
freq(7,95,[true,triangle(A),square(B),circle(C),in(A,D),triangle(D),config(D,up)],0.0357142857142857).
freq(7,96,[true,triangle(A),square(B),circle(C),in(A,D),triangle(D),config(D,down)],0.038265306122449).
freq(7,97,[true,triangle(A),square(B),circle(C),in(A,D),triangle(D),config(A,up)],0.0459183673469388).
freq(7,98,[true,triangle(A),square(B),circle(C),in(A,D),triangle(D),config(A,down)],0.0280612244897959).
freq(7,99,[true,triangle(A),square(B),circle(C),in(A,D),square(D),config(A,up)],0.0586734693877551).
freq(7,100,[true,triangle(A),square(B),circle(C),in(A,D),square(D),config(A,down)],0.048469387755102).
freq(7,101,[true,triangle(A),square(B),circle(C),in(A,D),circle(D),config(A,up)],0.0433673469387755).
freq(7,102,[true,triangle(A),square(B),circle(C),in(A,D),circle(D),config(A,down)],0.0255102040816327).
freq(7,103,[true,triangle(A),square(B),circle(C),in(A,D),config(D,up),config(A,up)],0.0204081632653061).
freq(7,104,[true,triangle(A),square(B),circle(C),in(A,D),config(D,up),config(A,down)],0.0153061224489796).
freq(7,105,[true,triangle(A),square(B),circle(C),in(A,D),config(D,down),config(A,up)],0.0255102040816327).
freq(7,106,[true,triangle(A),square(B),circle(C),in(A,D),config(D,down),config(A,down)],0.0127551020408163).
freq(7,107,[true,triangle(A),square(B),in(B,C),triangle(C),in(A,D),triangle(D)],0.0331632653061225).
freq(7,108,[true,triangle(A),square(B),in(B,C),triangle(C),in(A,D),square(D)],0.0255102040816327).
freq(7,109,[true,triangle(A),square(B),in(B,C),triangle(C),in(A,D),config(D,up)],0.0204081632653061).
freq(7,110,[true,triangle(A),square(B),in(B,C),triangle(C),in(A,D),config(D,down)],0.0127551020408163).
freq(7,111,[true,triangle(A),square(B),in(B,C),triangle(C),in(A,D),config(C,up)],0.0408163265306122).
freq(7,112,[true,triangle(A),square(B),in(B,C),triangle(C),in(A,D),config(C,down)],0.0306122448979592).
freq(7,113,[true,triangle(A),square(B),in(B,C),triangle(C),in(A,D),config(A,up)],0.0408163265306122).
freq(7,114,[true,triangle(A),square(B),in(B,C),triangle(C),in(A,D),config(A,down)],0.0331632653061225).
freq(7,115,[true,triangle(A),square(B),in(B,C),triangle(C),config(C,up),config(A,down)],0.0433673469387755).
freq(7,116,[true,triangle(A),square(B),in(B,C),triangle(C),config(C,down),config(A,up)],0.0331632653061225).
freq(7,117,[true,triangle(A),square(B),in(B,C),triangle(C),config(A,up),in(B,A)],0.130102040816327).
freq(7,118,[true,triangle(A),square(B),in(B,C),triangle(C),config(A,down),in(B,A)],0.0892857142857143).
freq(7,119,[true,triangle(A),square(B),in(B,C),square(C),in(A,D),triangle(D)],0.0204081632653061).
freq(7,120,[true,triangle(A),square(B),in(B,C),square(C),in(A,D),square(D)],0.0331632653061225).
freq(7,121,[true,triangle(A),square(B),in(B,C),square(C),in(A,D),config(D,up)],0.0102040816326531).
freq(7,122,[true,triangle(A),square(B),in(B,C),square(C),in(A,D),config(D,down)],0.0102040816326531).
freq(7,123,[true,triangle(A),square(B),in(B,C),square(C),in(A,D),config(A,up)],0.0306122448979592).
freq(7,124,[true,triangle(A),square(B),in(B,C),square(C),in(A,D),config(A,down)],0.0357142857142857).
freq(7,125,[true,triangle(A),square(B),in(B,C),in(A,D),triangle(D),config(D,up)],0.0357142857142857).
freq(7,126,[true,triangle(A),square(B),in(B,C),in(A,D),triangle(D),config(D,down)],0.0306122448979592).
freq(7,127,[true,triangle(A),square(B),in(B,C),in(A,D),triangle(D),config(C,up)],0.0127551020408163).
freq(7,128,[true,triangle(A),square(B),in(B,C),in(A,D),triangle(D),config(C,down)],0.0204081632653061).
freq(7,129,[true,triangle(A),square(B),in(B,C),in(A,D),triangle(D),config(A,up)],0.038265306122449).
freq(7,130,[true,triangle(A),square(B),in(B,C),in(A,D),triangle(D),config(A,down)],0.0280612244897959).
freq(7,131,[true,triangle(A),square(B),in(B,C),in(A,D),square(D),config(C,up)],0.0204081632653061).
freq(7,132,[true,triangle(A),square(B),in(B,C),in(A,D),square(D),config(A,up)],0.0459183673469388).
freq(7,133,[true,triangle(A),square(B),in(B,C),in(A,D),square(D),config(A,down)],0.038265306122449).
freq(7,134,[true,triangle(A),square(B),in(B,C),in(A,D),config(D,up),config(C,up)],0.0102040816326531).
freq(7,135,[true,triangle(A),square(B),in(B,C),in(A,D),config(D,up),config(C,down)],0.0102040816326531).
freq(7,136,[true,triangle(A),square(B),in(B,C),in(A,D),config(D,up),config(A,up)],0.0178571428571429).
freq(7,137,[true,triangle(A),square(B),in(B,C),in(A,D),config(D,up),config(A,down)],0.0178571428571429).
freq(7,138,[true,triangle(A),square(B),in(B,C),in(A,D),config(D,down),config(C,down)],0.0102040816326531).
freq(7,139,[true,triangle(A),square(B),in(B,C),in(A,D),config(D,down),config(A,up)],0.0204081632653061).
freq(7,140,[true,triangle(A),square(B),in(B,C),in(A,D),config(D,down),config(A,down)],0.0102040816326531).
freq(7,141,[true,triangle(A),square(B),in(B,C),in(A,D),config(C,up),config(A,up)],0.0204081632653061).
freq(7,142,[true,triangle(A),square(B),in(B,C),in(A,D),config(C,up),config(A,down)],0.0204081632653061).
freq(7,143,[true,triangle(A),square(B),in(B,C),in(A,D),config(C,down),config(A,up)],0.0229591836734694).
freq(7,144,[true,triangle(A),square(B),in(B,C),in(A,D),config(C,down),config(A,down)],0.0127551020408163).
freq(7,145,[true,triangle(A),square(B),in(A,C),triangle(C),config(C,up),config(A,up)],0.0357142857142857).
freq(7,146,[true,triangle(A),square(B),in(A,C),triangle(C),config(C,up),config(A,down)],0.0357142857142857).
freq(7,147,[true,triangle(A),square(B),in(A,C),triangle(C),config(C,down),config(A,up)],0.0331632653061225).
freq(7,148,[true,triangle(A),square(B),in(A,C),triangle(C),config(C,down),config(A,down)],0.0306122448979592).
freq(7,149,[true,triangle(A),circle(B),in(B,C),triangle(C),in(A,D),triangle(D)],0.0255102040816327).
freq(7,150,[true,triangle(A),circle(B),in(B,C),triangle(C),in(A,D),config(D,up)],0.0153061224489796).
freq(7,151,[true,triangle(A),circle(B),in(B,C),triangle(C),in(A,D),config(D,down)],0.0102040816326531).
freq(7,152,[true,triangle(A),circle(B),in(B,C),triangle(C),in(A,D),config(C,up)],0.0255102040816327).
freq(7,153,[true,triangle(A),circle(B),in(B,C),triangle(C),in(A,D),config(C,down)],0.0255102040816327).
freq(7,154,[true,triangle(A),circle(B),in(B,C),triangle(C),in(A,D),config(A,up)],0.0331632653061225).
freq(7,155,[true,triangle(A),circle(B),in(B,C),triangle(C),in(A,D),config(A,down)],0.0178571428571429).
freq(7,156,[true,triangle(A),circle(B),in(B,C),triangle(C),config(C,up),config(A,down)],0.0357142857142857).
freq(7,157,[true,triangle(A),circle(B),in(B,C),triangle(C),config(C,down),config(A,up)],0.0535714285714286).
freq(7,158,[true,triangle(A),circle(B),in(B,C),triangle(C),config(A,up),in(B,A)],0.0943877551020408).
freq(7,159,[true,triangle(A),circle(B),in(B,C),triangle(C),config(A,down),in(B,A)],0.11734693877551).
freq(7,160,[true,triangle(A),circle(B),in(B,C),circle(C),in(A,D),triangle(D)],0.0280612244897959).
freq(7,161,[true,triangle(A),circle(B),in(B,C),circle(C),in(A,D),circle(D)],0.0102040816326531).
freq(7,162,[true,triangle(A),circle(B),in(B,C),circle(C),in(A,D),config(D,up)],0.0178571428571429).
freq(7,163,[true,triangle(A),circle(B),in(B,C),circle(C),in(A,D),config(D,down)],0.0102040816326531).
freq(7,164,[true,triangle(A),circle(B),in(B,C),circle(C),in(A,D),config(A,up)],0.0229591836734694).
freq(7,165,[true,triangle(A),circle(B),in(B,C),circle(C),in(A,D),config(A,down)],0.0306122448979592).
freq(7,166,[true,triangle(A),circle(B),in(B,C),in(A,D),triangle(D),config(D,up)],0.0357142857142857).
freq(7,167,[true,triangle(A),circle(B),in(B,C),in(A,D),triangle(D),config(D,down)],0.0229591836734694).
freq(7,168,[true,triangle(A),circle(B),in(B,C),in(A,D),triangle(D),config(C,up)],0.0102040816326531).
freq(7,169,[true,triangle(A),circle(B),in(B,C),in(A,D),triangle(D),config(C,down)],0.0153061224489796).
freq(7,170,[true,triangle(A),circle(B),in(B,C),in(A,D),triangle(D),config(A,up)],0.0331632653061225).
freq(7,171,[true,triangle(A),circle(B),in(B,C),in(A,D),triangle(D),config(A,down)],0.0255102040816327).
freq(7,172,[true,triangle(A),circle(B),in(B,C),in(A,D),circle(D),config(A,down)],0.0178571428571429).
freq(7,173,[true,triangle(A),circle(B),in(B,C),in(A,D),config(D,up),config(C,down)],0.0102040816326531).
freq(7,174,[true,triangle(A),circle(B),in(B,C),in(A,D),config(D,up),config(A,up)],0.0229591836734694).
freq(7,175,[true,triangle(A),circle(B),in(B,C),in(A,D),config(D,up),config(A,down)],0.0127551020408163).
freq(7,176,[true,triangle(A),circle(B),in(B,C),in(A,D),config(D,down),config(A,up)],0.0102040816326531).
freq(7,177,[true,triangle(A),circle(B),in(B,C),in(A,D),config(D,down),config(A,down)],0.0127551020408163).
freq(7,178,[true,triangle(A),circle(B),in(B,C),in(A,D),config(C,up),config(A,up)],0.0178571428571429).
freq(7,179,[true,triangle(A),circle(B),in(B,C),in(A,D),config(C,up),config(A,down)],0.0102040816326531).
freq(7,180,[true,triangle(A),circle(B),in(B,C),in(A,D),config(C,down),config(A,up)],0.0178571428571429).
freq(7,181,[true,triangle(A),circle(B),in(A,C),triangle(C),config(C,up),config(A,up)],0.0331632653061225).
freq(7,182,[true,triangle(A),circle(B),in(A,C),triangle(C),config(C,up),config(A,down)],0.0306122448979592).
freq(7,183,[true,triangle(A),circle(B),in(A,C),triangle(C),config(C,down),config(A,up)],0.038265306122449).
freq(7,184,[true,triangle(A),circle(B),in(A,C),triangle(C),config(C,down),config(A,down)],0.0229591836734694).
freq(7,185,[true,square(A),circle(B),in(B,C),square(C),in(A,D),square(D)],0.0178571428571429).
freq(7,186,[true,square(A),circle(B),in(B,C),square(C),in(A,D),circle(D)],0.0255102040816327).
freq(7,187,[true,square(A),circle(B),in(B,C),square(C),in(A,D),config(D,up)],0.0153061224489796).
freq(7,188,[true,square(A),circle(B),in(B,C),circle(C),in(A,D),square(D)],0.0306122448979592).
freq(7,189,[true,square(A),circle(B),in(B,C),circle(C),in(A,D),circle(D)],0.0229591836734694).
freq(7,190,[true,square(A),circle(B),in(B,C),circle(C),in(A,D),config(D,down)],0.0127551020408163).
freq(7,191,[true,square(A),circle(B),in(B,C),in(A,D),square(D),config(C,up)],0.0178571428571429).
freq(7,192,[true,square(A),circle(B),in(B,C),in(A,D),square(D),config(C,down)],0.0204081632653061).
freq(7,193,[true,square(A),circle(B),in(B,C),in(A,D),config(D,up),config(C,down)],0.0127551020408163).
c_counter(7,224).
f_counter(7,193).

level(8).
freq(8,1,[true,triangle(A),square(B),circle(C),in(C,B),in(A,D),triangle(D),config(A,up)],0.0102040816326531).
freq(8,2,[true,triangle(A),square(B),circle(C),in(C,B),in(A,D),square(D),config(A,up)],0.0127551020408163).
freq(8,3,[true,triangle(A),square(B),circle(C),in(C,B),in(A,D),square(D),config(A,down)],0.0127551020408163).
freq(8,4,[true,triangle(A),square(B),circle(C),in(C,A),in(B,D),triangle(D),config(D,up)],0.0178571428571429).
freq(8,5,[true,triangle(A),square(B),circle(C),in(C,A),in(B,D),triangle(D),config(A,down)],0.0153061224489796).
freq(8,6,[true,triangle(A),square(B),circle(C),in(C,A),in(B,D),square(D),config(A,up)],0.0178571428571429).
freq(8,7,[true,triangle(A),square(B),circle(C),in(C,A),in(B,D),square(D),config(A,down)],0.0204081632653061).
freq(8,8,[true,triangle(A),square(B),circle(C),in(C,A),in(B,D),config(D,up),config(A,down)],0.0127551020408163).
freq(8,9,[true,triangle(A),square(B),circle(C),in(C,D),triangle(D),in(B,E),triangle(E)],0.0204081632653061).
freq(8,10,[true,triangle(A),square(B),circle(C),in(C,D),triangle(D),in(B,E),square(E)],0.0357142857142857).
freq(8,11,[true,triangle(A),square(B),circle(C),in(C,D),triangle(D),in(B,E),in(A,F)],0.0153061224489796).
freq(8,12,[true,triangle(A),square(B),circle(C),in(C,D),triangle(D),in(B,E),config(E,up)],0.0178571428571429).
freq(8,13,[true,triangle(A),square(B),circle(C),in(C,D),triangle(D),in(B,E),config(D,up)],0.0255102040816327).
freq(8,14,[true,triangle(A),square(B),circle(C),in(C,D),triangle(D),in(B,E),config(D,down)],0.0357142857142857).
freq(8,15,[true,triangle(A),square(B),circle(C),in(C,D),triangle(D),in(B,E),config(A,up)],0.0408163265306122).
freq(8,16,[true,triangle(A),square(B),circle(C),in(C,D),triangle(D),in(B,E),config(A,down)],0.0433673469387755).
freq(8,17,[true,triangle(A),square(B),circle(C),in(C,D),triangle(D),in(A,B),config(D,up)],0.0127551020408163).
freq(8,18,[true,triangle(A),square(B),circle(C),in(C,D),triangle(D),in(A,B),config(D,down)],0.0102040816326531).
freq(8,19,[true,triangle(A),square(B),circle(C),in(C,D),triangle(D),in(A,B),config(A,up)],0.0204081632653061).
freq(8,20,[true,triangle(A),square(B),circle(C),in(C,D),triangle(D),in(A,E),triangle(E)],0.0102040816326531).
freq(8,21,[true,triangle(A),square(B),circle(C),in(C,D),triangle(D),in(A,E),square(E)],0.0204081632653061).
freq(8,22,[true,triangle(A),square(B),circle(C),in(C,D),triangle(D),in(A,E),config(D,up)],0.0178571428571429).
freq(8,23,[true,triangle(A),square(B),circle(C),in(C,D),triangle(D),in(A,E),config(D,down)],0.0153061224489796).
freq(8,24,[true,triangle(A),square(B),circle(C),in(C,D),triangle(D),in(A,E),config(A,up)],0.0255102040816327).
freq(8,25,[true,triangle(A),square(B),circle(C),in(C,D),triangle(D),config(D,up),config(A,down)],0.0229591836734694).
freq(8,26,[true,triangle(A),square(B),circle(C),in(C,D),triangle(D),config(D,down),config(A,up)],0.0331632653061225).
freq(8,27,[true,triangle(A),square(B),circle(C),in(C,D),triangle(D),config(A,up),in(C,A)],0.0510204081632653).
freq(8,28,[true,triangle(A),square(B),circle(C),in(C,D),triangle(D),config(A,down),in(C,A)],0.0714285714285714).
freq(8,29,[true,triangle(A),square(B),circle(C),in(C,D),square(D),in(B,A),config(A,up)],0.0153061224489796).
freq(8,30,[true,triangle(A),square(B),circle(C),in(C,D),square(D),in(B,E),triangle(E)],0.0178571428571429).
freq(8,31,[true,triangle(A),square(B),circle(C),in(C,D),square(D),in(B,E),square(E)],0.0102040816326531).
freq(8,32,[true,triangle(A),square(B),circle(C),in(C,D),square(D),in(B,E),in(A,F)],0.0102040816326531).
freq(8,33,[true,triangle(A),square(B),circle(C),in(C,D),square(D),in(B,E),config(E,up)],0.0153061224489796).
freq(8,34,[true,triangle(A),square(B),circle(C),in(C,D),square(D),in(B,E),config(A,up)],0.0229591836734694).
freq(8,35,[true,triangle(A),square(B),circle(C),in(C,D),square(D),in(B,E),config(A,down)],0.0102040816326531).
freq(8,36,[true,triangle(A),square(B),circle(C),in(C,D),square(D),in(A,E),triangle(E)],0.0153061224489796).
freq(8,37,[true,triangle(A),square(B),circle(C),in(C,D),square(D),in(A,E),square(E)],0.0255102040816327).
freq(8,38,[true,triangle(A),square(B),circle(C),in(C,D),square(D),in(A,E),config(A,up)],0.0229591836734694).
freq(8,39,[true,triangle(A),square(B),circle(C),in(C,D),square(D),in(A,E),config(A,down)],0.0204081632653061).
freq(8,40,[true,triangle(A),square(B),circle(C),in(C,D),circle(D),in(B,A),config(A,down)],0.0127551020408163).
freq(8,41,[true,triangle(A),square(B),circle(C),in(C,D),circle(D),in(B,E),triangle(E)],0.0204081632653061).
freq(8,42,[true,triangle(A),square(B),circle(C),in(C,D),circle(D),in(B,E),square(E)],0.0127551020408163).
freq(8,43,[true,triangle(A),square(B),circle(C),in(C,D),circle(D),in(B,E),config(E,down)],0.0127551020408163).
freq(8,44,[true,triangle(A),square(B),circle(C),in(C,D),circle(D),in(B,E),config(A,up)],0.0127551020408163).
freq(8,45,[true,triangle(A),square(B),circle(C),in(C,D),circle(D),in(B,E),config(A,down)],0.0204081632653061).
freq(8,46,[true,triangle(A),square(B),circle(C),in(C,D),circle(D),in(A,E),triangle(E)],0.0127551020408163).
freq(8,47,[true,triangle(A),square(B),circle(C),in(C,D),circle(D),in(A,E),square(E)],0.0153061224489796).
freq(8,48,[true,triangle(A),square(B),circle(C),in(C,D),circle(D),in(A,E),config(A,up)],0.0178571428571429).
freq(8,49,[true,triangle(A),square(B),circle(C),in(C,D),circle(D),in(A,E),config(A,down)],0.0153061224489796).
freq(8,50,[true,triangle(A),square(B),circle(C),in(C,D),in(B,A),config(D,down),config(A,up)],0.0127551020408163).
freq(8,51,[true,triangle(A),square(B),circle(C),in(C,D),in(B,E),triangle(E),in(A,F)],0.0127551020408163).
freq(8,52,[true,triangle(A),square(B),circle(C),in(C,D),in(B,E),triangle(E),config(E,up)],0.0408163265306122).
freq(8,53,[true,triangle(A),square(B),circle(C),in(C,D),in(B,E),triangle(E),config(E,down)],0.0178571428571429).
freq(8,54,[true,triangle(A),square(B),circle(C),in(C,D),in(B,E),triangle(E),config(D,down)],0.0153061224489796).
freq(8,55,[true,triangle(A),square(B),circle(C),in(C,D),in(B,E),triangle(E),config(A,up)],0.0408163265306122).
freq(8,56,[true,triangle(A),square(B),circle(C),in(C,D),in(B,E),triangle(E),config(A,down)],0.038265306122449).
freq(8,57,[true,triangle(A),square(B),circle(C),in(C,D),in(B,E),square(E),in(A,F)],0.0127551020408163).
freq(8,58,[true,triangle(A),square(B),circle(C),in(C,D),in(B,E),square(E),config(D,up)],0.0178571428571429).
freq(8,59,[true,triangle(A),square(B),circle(C),in(C,D),in(B,E),square(E),config(D,down)],0.0204081632653061).
freq(8,60,[true,triangle(A),square(B),circle(C),in(C,D),in(B,E),square(E),config(A,up)],0.0331632653061225).
freq(8,61,[true,triangle(A),square(B),circle(C),in(C,D),in(B,E),square(E),config(A,down)],0.0357142857142857).
freq(8,62,[true,triangle(A),square(B),circle(C),in(C,D),in(B,E),in(A,F),triangle(F)],0.0178571428571429).
freq(8,63,[true,triangle(A),square(B),circle(C),in(C,D),in(B,E),in(A,F),square(F)],0.0102040816326531).
freq(8,64,[true,triangle(A),square(B),circle(C),in(C,D),in(B,E),in(A,F),config(F,up)],0.0127551020408163).
freq(8,65,[true,triangle(A),square(B),circle(C),in(C,D),in(B,E),in(A,F),config(E,up)],0.0127551020408163).
freq(8,66,[true,triangle(A),square(B),circle(C),in(C,D),in(B,E),in(A,F),config(D,up)],0.0102040816326531).
freq(8,67,[true,triangle(A),square(B),circle(C),in(C,D),in(B,E),in(A,F),config(A,up)],0.0204081632653061).
freq(8,68,[true,triangle(A),square(B),circle(C),in(C,D),in(B,E),in(A,F),config(A,down)],0.0127551020408163).
freq(8,69,[true,triangle(A),square(B),circle(C),in(C,D),in(B,E),config(E,up),in(B,A)],0.0408163265306122).
freq(8,70,[true,triangle(A),square(B),circle(C),in(C,D),in(B,E),config(E,up),config(D,down)],0.0127551020408163).
freq(8,71,[true,triangle(A),square(B),circle(C),in(C,D),in(B,E),config(E,up),config(A,up)],0.0408163265306122).
freq(8,72,[true,triangle(A),square(B),circle(C),in(C,D),in(B,E),config(E,up),config(A,down)],0.0204081632653061).
freq(8,73,[true,triangle(A),square(B),circle(C),in(C,D),in(B,E),config(E,down),in(B,A)],0.0178571428571429).
freq(8,74,[true,triangle(A),square(B),circle(C),in(C,D),in(B,E),config(E,down),config(A,down)],0.0178571428571429).
freq(8,75,[true,triangle(A),square(B),circle(C),in(C,D),in(B,E),config(D,up),in(C,A)],0.0255102040816327).
freq(8,76,[true,triangle(A),square(B),circle(C),in(C,D),in(B,E),config(D,up),config(A,up)],0.0255102040816327).
freq(8,77,[true,triangle(A),square(B),circle(C),in(C,D),in(B,E),config(D,up),config(A,down)],0.0102040816326531).
freq(8,78,[true,triangle(A),square(B),circle(C),in(C,D),in(B,E),config(D,down),in(C,A)],0.0357142857142857).
freq(8,79,[true,triangle(A),square(B),circle(C),in(C,D),in(B,E),config(D,down),config(A,up)],0.0178571428571429).
freq(8,80,[true,triangle(A),square(B),circle(C),in(C,D),in(B,E),config(D,down),config(A,down)],0.0357142857142857).
freq(8,81,[true,triangle(A),square(B),circle(C),in(C,D),in(A,B),config(D,up),config(A,up)],0.0127551020408163).
freq(8,82,[true,triangle(A),square(B),circle(C),in(C,D),in(A,B),config(D,down),config(A,up)],0.0102040816326531).
freq(8,83,[true,triangle(A),square(B),circle(C),in(C,D),in(A,E),triangle(E),config(E,up)],0.0204081632653061).
freq(8,84,[true,triangle(A),square(B),circle(C),in(C,D),in(A,E),triangle(E),config(E,down)],0.0127551020408163).
freq(8,85,[true,triangle(A),square(B),circle(C),in(C,D),in(A,E),triangle(E),config(A,up)],0.0229591836734694).
freq(8,86,[true,triangle(A),square(B),circle(C),in(C,D),in(A,E),triangle(E),config(A,down)],0.0102040816326531).
freq(8,87,[true,triangle(A),square(B),circle(C),in(C,D),in(A,E),square(E),config(D,up)],0.0127551020408163).
freq(8,88,[true,triangle(A),square(B),circle(C),in(C,D),in(A,E),square(E),config(D,down)],0.0102040816326531).
freq(8,89,[true,triangle(A),square(B),circle(C),in(C,D),in(A,E),square(E),config(A,up)],0.0408163265306122).
freq(8,90,[true,triangle(A),square(B),circle(C),in(C,D),in(A,E),square(E),config(A,down)],0.0204081632653061).
freq(8,91,[true,triangle(A),square(B),circle(C),in(C,D),in(A,E),circle(E),config(A,down)],0.0102040816326531).
freq(8,92,[true,triangle(A),square(B),circle(C),in(C,D),in(A,E),config(E,up),config(A,up)],0.0153061224489796).
freq(8,93,[true,triangle(A),square(B),circle(C),in(C,D),in(A,E),config(D,up),config(A,up)],0.0153061224489796).
freq(8,94,[true,triangle(A),square(B),circle(C),in(C,D),in(A,E),config(D,down),config(A,up)],0.0127551020408163).
freq(8,95,[true,triangle(A),square(B),circle(C),in(B,C),in(A,D),triangle(D),config(D,up)],0.0127551020408163).
freq(8,96,[true,triangle(A),square(B),circle(C),in(B,C),in(A,D),triangle(D),config(A,up)],0.0127551020408163).
freq(8,97,[true,triangle(A),square(B),circle(C),in(B,C),in(A,D),square(D),config(A,up)],0.0153061224489796).
freq(8,98,[true,triangle(A),square(B),circle(C),in(B,C),in(A,D),square(D),config(A,down)],0.0153061224489796).
freq(8,99,[true,triangle(A),square(B),circle(C),in(B,C),in(A,D),circle(D),config(A,up)],0.0127551020408163).
freq(8,100,[true,triangle(A),square(B),circle(C),in(B,D),triangle(D),in(A,E),triangle(E)],0.0178571428571429).
freq(8,101,[true,triangle(A),square(B),circle(C),in(B,D),triangle(D),in(A,E),circle(E)],0.0153061224489796).
freq(8,102,[true,triangle(A),square(B),circle(C),in(B,D),triangle(D),in(A,E),config(E,up)],0.0102040816326531).
freq(8,103,[true,triangle(A),square(B),circle(C),in(B,D),triangle(D),in(A,E),config(D,up)],0.0153061224489796).
freq(8,104,[true,triangle(A),square(B),circle(C),in(B,D),triangle(D),in(A,E),config(D,down)],0.0204081632653061).
freq(8,105,[true,triangle(A),square(B),circle(C),in(B,D),triangle(D),in(A,E),config(A,up)],0.0178571428571429).
freq(8,106,[true,triangle(A),square(B),circle(C),in(B,D),triangle(D),in(A,E),config(A,down)],0.0229591836734694).
freq(8,107,[true,triangle(A),square(B),circle(C),in(B,D),triangle(D),config(D,up),config(A,down)],0.0204081632653061).
freq(8,108,[true,triangle(A),square(B),circle(C),in(B,D),triangle(D),config(D,down),config(A,up)],0.0178571428571429).
freq(8,109,[true,triangle(A),square(B),circle(C),in(B,D),triangle(D),config(A,up),in(B,A)],0.0561224489795918).
freq(8,110,[true,triangle(A),square(B),circle(C),in(B,D),triangle(D),config(A,down),in(B,A)],0.0459183673469388).
freq(8,111,[true,triangle(A),square(B),circle(C),in(B,D),square(D),in(A,C),config(A,up)],0.0102040816326531).
freq(8,112,[true,triangle(A),square(B),circle(C),in(B,D),square(D),in(A,E),triangle(E)],0.0127551020408163).
freq(8,113,[true,triangle(A),square(B),circle(C),in(B,D),square(D),in(A,E),square(E)],0.0127551020408163).
freq(8,114,[true,triangle(A),square(B),circle(C),in(B,D),square(D),in(A,E),circle(E)],0.0127551020408163).
freq(8,115,[true,triangle(A),square(B),circle(C),in(B,D),square(D),in(A,E),config(A,up)],0.0229591836734694).
freq(8,116,[true,triangle(A),square(B),circle(C),in(B,D),square(D),in(A,E),config(A,down)],0.0127551020408163).
freq(8,117,[true,triangle(A),square(B),circle(C),in(B,D),circle(D),in(A,E),triangle(E)],0.0204081632653061).
freq(8,118,[true,triangle(A),square(B),circle(C),in(B,D),circle(D),in(A,E),square(E)],0.0280612244897959).
freq(8,119,[true,triangle(A),square(B),circle(C),in(B,D),circle(D),in(A,E),circle(E)],0.0153061224489796).
freq(8,120,[true,triangle(A),square(B),circle(C),in(B,D),circle(D),in(A,E),config(E,up)],0.0127551020408163).
freq(8,121,[true,triangle(A),square(B),circle(C),in(B,D),circle(D),in(A,E),config(A,up)],0.038265306122449).
freq(8,122,[true,triangle(A),square(B),circle(C),in(B,D),circle(D),in(A,E),config(A,down)],0.0255102040816327).
freq(8,123,[true,triangle(A),square(B),circle(C),in(B,D),in(A,E),triangle(E),config(E,up)],0.0229591836734694).
freq(8,124,[true,triangle(A),square(B),circle(C),in(B,D),in(A,E),triangle(E),config(E,down)],0.0229591836734694).
freq(8,125,[true,triangle(A),square(B),circle(C),in(B,D),in(A,E),triangle(E),config(D,down)],0.0153061224489796).
freq(8,126,[true,triangle(A),square(B),circle(C),in(B,D),in(A,E),triangle(E),config(A,up)],0.0306122448979592).
freq(8,127,[true,triangle(A),square(B),circle(C),in(B,D),in(A,E),triangle(E),config(A,down)],0.0153061224489796).
freq(8,128,[true,triangle(A),square(B),circle(C),in(B,D),in(A,E),square(E),config(A,up)],0.0229591836734694).
freq(8,129,[true,triangle(A),square(B),circle(C),in(B,D),in(A,E),square(E),config(A,down)],0.0204081632653061).
freq(8,130,[true,triangle(A),square(B),circle(C),in(B,D),in(A,E),circle(E),config(A,up)],0.0280612244897959).
freq(8,131,[true,triangle(A),square(B),circle(C),in(B,D),in(A,E),circle(E),config(A,down)],0.0127551020408163).
freq(8,132,[true,triangle(A),square(B),circle(C),in(B,D),in(A,E),config(E,up),config(A,up)],0.0127551020408163).
freq(8,133,[true,triangle(A),square(B),circle(C),in(B,D),in(A,E),config(E,up),config(A,down)],0.0102040816326531).
freq(8,134,[true,triangle(A),square(B),circle(C),in(B,D),in(A,E),config(E,down),config(A,up)],0.0178571428571429).
freq(8,135,[true,triangle(A),square(B),circle(C),in(B,D),in(A,E),config(D,up),config(A,down)],0.0102040816326531).
freq(8,136,[true,triangle(A),square(B),circle(C),in(B,D),in(A,E),config(D,down),config(A,up)],0.0127551020408163).
freq(8,137,[true,triangle(A),square(B),circle(C),in(B,D),in(A,E),config(D,down),config(A,down)],0.0127551020408163).
freq(8,138,[true,triangle(A),square(B),circle(C),in(A,D),triangle(D),config(D,up),config(A,up)],0.0204081632653061).
freq(8,139,[true,triangle(A),square(B),circle(C),in(A,D),triangle(D),config(D,up),config(A,down)],0.0153061224489796).
freq(8,140,[true,triangle(A),square(B),circle(C),in(A,D),triangle(D),config(D,down),config(A,up)],0.0255102040816327).
freq(8,141,[true,triangle(A),square(B),circle(C),in(A,D),triangle(D),config(D,down),config(A,down)],0.0127551020408163).
freq(8,142,[true,triangle(A),square(B),in(B,C),triangle(C),in(A,D),triangle(D),config(D,up)],0.0204081632653061).
freq(8,143,[true,triangle(A),square(B),in(B,C),triangle(C),in(A,D),triangle(D),config(D,down)],0.0127551020408163).
freq(8,144,[true,triangle(A),square(B),in(B,C),triangle(C),in(A,D),triangle(D),config(C,up)],0.0127551020408163).
freq(8,145,[true,triangle(A),square(B),in(B,C),triangle(C),in(A,D),triangle(D),config(C,down)],0.0204081632653061).
freq(8,146,[true,triangle(A),square(B),in(B,C),triangle(C),in(A,D),triangle(D),config(A,up)],0.0153061224489796).
freq(8,147,[true,triangle(A),square(B),in(B,C),triangle(C),in(A,D),triangle(D),config(A,down)],0.0178571428571429).
freq(8,148,[true,triangle(A),square(B),in(B,C),triangle(C),in(A,D),square(D),config(C,up)],0.0204081632653061).
freq(8,149,[true,triangle(A),square(B),in(B,C),triangle(C),in(A,D),square(D),config(A,up)],0.0178571428571429).
freq(8,150,[true,triangle(A),square(B),in(B,C),triangle(C),in(A,D),config(D,up),config(C,up)],0.0102040816326531).
freq(8,151,[true,triangle(A),square(B),in(B,C),triangle(C),in(A,D),config(D,up),config(C,down)],0.0102040816326531).
freq(8,152,[true,triangle(A),square(B),in(B,C),triangle(C),in(A,D),config(D,up),config(A,down)],0.0127551020408163).
freq(8,153,[true,triangle(A),square(B),in(B,C),triangle(C),in(A,D),config(D,down),config(C,down)],0.0102040816326531).
freq(8,154,[true,triangle(A),square(B),in(B,C),triangle(C),in(A,D),config(C,up),config(A,up)],0.0204081632653061).
freq(8,155,[true,triangle(A),square(B),in(B,C),triangle(C),in(A,D),config(C,up),config(A,down)],0.0204081632653061).
freq(8,156,[true,triangle(A),square(B),in(B,C),triangle(C),in(A,D),config(C,down),config(A,up)],0.0229591836734694).
freq(8,157,[true,triangle(A),square(B),in(B,C),triangle(C),in(A,D),config(C,down),config(A,down)],0.0127551020408163).
freq(8,158,[true,triangle(A),square(B),in(B,C),square(C),in(A,D),triangle(D),config(D,up)],0.0102040816326531).
freq(8,159,[true,triangle(A),square(B),in(B,C),square(C),in(A,D),triangle(D),config(D,down)],0.0102040816326531).
freq(8,160,[true,triangle(A),square(B),in(B,C),square(C),in(A,D),triangle(D),config(A,up)],0.0102040816326531).
freq(8,161,[true,triangle(A),square(B),in(B,C),square(C),in(A,D),triangle(D),config(A,down)],0.0102040816326531).
freq(8,162,[true,triangle(A),square(B),in(B,C),square(C),in(A,D),square(D),config(A,up)],0.0127551020408163).
freq(8,163,[true,triangle(A),square(B),in(B,C),square(C),in(A,D),square(D),config(A,down)],0.0229591836734694).
freq(8,164,[true,triangle(A),square(B),in(B,C),in(A,D),triangle(D),config(D,up),config(C,up)],0.0102040816326531).
freq(8,165,[true,triangle(A),square(B),in(B,C),in(A,D),triangle(D),config(D,up),config(C,down)],0.0102040816326531).
freq(8,166,[true,triangle(A),square(B),in(B,C),in(A,D),triangle(D),config(D,up),config(A,up)],0.0178571428571429).
freq(8,167,[true,triangle(A),square(B),in(B,C),in(A,D),triangle(D),config(D,up),config(A,down)],0.0178571428571429).
freq(8,168,[true,triangle(A),square(B),in(B,C),in(A,D),triangle(D),config(D,down),config(C,down)],0.0102040816326531).
freq(8,169,[true,triangle(A),square(B),in(B,C),in(A,D),triangle(D),config(D,down),config(A,up)],0.0204081632653061).
freq(8,170,[true,triangle(A),square(B),in(B,C),in(A,D),triangle(D),config(D,down),config(A,down)],0.0102040816326531).
freq(8,171,[true,triangle(A),square(B),in(B,C),in(A,D),triangle(D),config(C,up),config(A,down)],0.0102040816326531).
freq(8,172,[true,triangle(A),square(B),in(B,C),in(A,D),triangle(D),config(C,down),config(A,up)],0.0127551020408163).
freq(8,173,[true,triangle(A),square(B),in(B,C),in(A,D),square(D),config(C,up),config(A,up)],0.0153061224489796).
freq(8,174,[true,triangle(A),circle(B),in(B,C),triangle(C),in(A,D),triangle(D),config(D,up)],0.0153061224489796).
freq(8,175,[true,triangle(A),circle(B),in(B,C),triangle(C),in(A,D),triangle(D),config(D,down)],0.0102040816326531).
freq(8,176,[true,triangle(A),circle(B),in(B,C),triangle(C),in(A,D),triangle(D),config(C,up)],0.0102040816326531).
freq(8,177,[true,triangle(A),circle(B),in(B,C),triangle(C),in(A,D),triangle(D),config(C,down)],0.0153061224489796).
freq(8,178,[true,triangle(A),circle(B),in(B,C),triangle(C),in(A,D),triangle(D),config(A,up)],0.0127551020408163).
freq(8,179,[true,triangle(A),circle(B),in(B,C),triangle(C),in(A,D),triangle(D),config(A,down)],0.0127551020408163).
freq(8,180,[true,triangle(A),circle(B),in(B,C),triangle(C),in(A,D),config(D,up),config(C,down)],0.0102040816326531).
freq(8,181,[true,triangle(A),circle(B),in(B,C),triangle(C),in(A,D),config(C,up),config(A,up)],0.0178571428571429).
freq(8,182,[true,triangle(A),circle(B),in(B,C),triangle(C),in(A,D),config(C,up),config(A,down)],0.0102040816326531).
freq(8,183,[true,triangle(A),circle(B),in(B,C),triangle(C),in(A,D),config(C,down),config(A,up)],0.0178571428571429).
freq(8,184,[true,triangle(A),circle(B),in(B,C),circle(C),in(A,D),triangle(D),config(D,up)],0.0178571428571429).
freq(8,185,[true,triangle(A),circle(B),in(B,C),circle(C),in(A,D),triangle(D),config(D,down)],0.0102040816326531).
freq(8,186,[true,triangle(A),circle(B),in(B,C),circle(C),in(A,D),triangle(D),config(A,up)],0.0153061224489796).
freq(8,187,[true,triangle(A),circle(B),in(B,C),circle(C),in(A,D),triangle(D),config(A,down)],0.0127551020408163).
freq(8,188,[true,triangle(A),circle(B),in(B,C),circle(C),in(A,D),circle(D),config(A,down)],0.0102040816326531).
freq(8,189,[true,triangle(A),circle(B),in(B,C),circle(C),in(A,D),config(D,up),config(A,up)],0.0102040816326531).
freq(8,190,[true,triangle(A),circle(B),in(B,C),in(A,D),triangle(D),config(D,up),config(C,down)],0.0102040816326531).
freq(8,191,[true,triangle(A),circle(B),in(B,C),in(A,D),triangle(D),config(D,up),config(A,up)],0.0229591836734694).
freq(8,192,[true,triangle(A),circle(B),in(B,C),in(A,D),triangle(D),config(D,up),config(A,down)],0.0127551020408163).
freq(8,193,[true,triangle(A),circle(B),in(B,C),in(A,D),triangle(D),config(D,down),config(A,up)],0.0102040816326531).
freq(8,194,[true,triangle(A),circle(B),in(B,C),in(A,D),triangle(D),config(D,down),config(A,down)],0.0127551020408163).
c_counter(8,264).
f_counter(8,194).

level(9).
freq(9,1,[true,triangle(A),square(B),circle(C),in(C,A),in(B,D),triangle(D),config(D,up),config(A,down)],0.0127551020408163).
freq(9,2,[true,triangle(A),square(B),circle(C),in(C,D),triangle(D),in(B,E),triangle(E),config(E,up)],0.0178571428571429).
freq(9,3,[true,triangle(A),square(B),circle(C),in(C,D),triangle(D),in(B,E),triangle(E),config(D,down)],0.0153061224489796).
freq(9,4,[true,triangle(A),square(B),circle(C),in(C,D),triangle(D),in(B,E),triangle(E),config(A,up)],0.0178571428571429).
freq(9,5,[true,triangle(A),square(B),circle(C),in(C,D),triangle(D),in(B,E),triangle(E),config(A,down)],0.0178571428571429).
freq(9,6,[true,triangle(A),square(B),circle(C),in(C,D),triangle(D),in(B,E),square(E),config(D,up)],0.0178571428571429).
freq(9,7,[true,triangle(A),square(B),circle(C),in(C,D),triangle(D),in(B,E),square(E),config(D,down)],0.0204081632653061).
freq(9,8,[true,triangle(A),square(B),circle(C),in(C,D),triangle(D),in(B,E),square(E),config(A,up)],0.0204081632653061).
freq(9,9,[true,triangle(A),square(B),circle(C),in(C,D),triangle(D),in(B,E),square(E),config(A,down)],0.0229591836734694).
freq(9,10,[true,triangle(A),square(B),circle(C),in(C,D),triangle(D),in(B,E),in(A,F),config(D,up)],0.0102040816326531).
freq(9,11,[true,triangle(A),square(B),circle(C),in(C,D),triangle(D),in(B,E),in(A,F),config(A,up)],0.0102040816326531).
freq(9,12,[true,triangle(A),square(B),circle(C),in(C,D),triangle(D),in(B,E),config(E,up),in(B,A)],0.0178571428571429).
freq(9,13,[true,triangle(A),square(B),circle(C),in(C,D),triangle(D),in(B,E),config(E,up),config(D,down)],0.0127551020408163).
freq(9,14,[true,triangle(A),square(B),circle(C),in(C,D),triangle(D),in(B,E),config(E,up),config(A,up)],0.0178571428571429).
freq(9,15,[true,triangle(A),square(B),circle(C),in(C,D),triangle(D),in(B,E),config(E,up),config(A,down)],0.0153061224489796).
freq(9,16,[true,triangle(A),square(B),circle(C),in(C,D),triangle(D),in(B,E),config(D,up),config(A,down)],0.0102040816326531).
freq(9,17,[true,triangle(A),square(B),circle(C),in(C,D),triangle(D),in(B,E),config(D,down),config(A,up)],0.0178571428571429).
freq(9,18,[true,triangle(A),square(B),circle(C),in(C,D),triangle(D),in(B,E),config(A,up),in(C,A)],0.0255102040816327).
freq(9,19,[true,triangle(A),square(B),circle(C),in(C,D),triangle(D),in(B,E),config(A,down),in(C,A)],0.0357142857142857).
freq(9,20,[true,triangle(A),square(B),circle(C),in(C,D),triangle(D),in(A,B),config(D,up),config(A,up)],0.0127551020408163).
freq(9,21,[true,triangle(A),square(B),circle(C),in(C,D),triangle(D),in(A,B),config(D,down),config(A,up)],0.0102040816326531).
freq(9,22,[true,triangle(A),square(B),circle(C),in(C,D),triangle(D),in(A,E),square(E),config(D,up)],0.0127551020408163).
freq(9,23,[true,triangle(A),square(B),circle(C),in(C,D),triangle(D),in(A,E),square(E),config(D,down)],0.0102040816326531).
freq(9,24,[true,triangle(A),square(B),circle(C),in(C,D),triangle(D),in(A,E),square(E),config(A,up)],0.0204081632653061).
freq(9,25,[true,triangle(A),square(B),circle(C),in(C,D),triangle(D),in(A,E),config(D,up),config(A,up)],0.0153061224489796).
freq(9,26,[true,triangle(A),square(B),circle(C),in(C,D),triangle(D),in(A,E),config(D,down),config(A,up)],0.0127551020408163).
freq(9,27,[true,triangle(A),square(B),circle(C),in(C,D),square(D),in(B,E),triangle(E),config(E,up)],0.0153061224489796).
freq(9,28,[true,triangle(A),square(B),circle(C),in(C,D),square(D),in(B,E),triangle(E),config(A,up)],0.0153061224489796).
freq(9,29,[true,triangle(A),square(B),circle(C),in(C,D),square(D),in(B,E),config(E,up),in(B,A)],0.0153061224489796).
freq(9,30,[true,triangle(A),square(B),circle(C),in(C,D),square(D),in(B,E),config(E,up),config(A,up)],0.0153061224489796).
freq(9,31,[true,triangle(A),square(B),circle(C),in(C,D),square(D),in(A,E),triangle(E),config(A,up)],0.0102040816326531).
freq(9,32,[true,triangle(A),square(B),circle(C),in(C,D),square(D),in(A,E),square(E),config(A,up)],0.0127551020408163).
freq(9,33,[true,triangle(A),square(B),circle(C),in(C,D),square(D),in(A,E),square(E),config(A,down)],0.0127551020408163).
freq(9,34,[true,triangle(A),square(B),circle(C),in(C,D),circle(D),in(B,E),triangle(E),config(E,down)],0.0127551020408163).
freq(9,35,[true,triangle(A),square(B),circle(C),in(C,D),circle(D),in(B,E),triangle(E),config(A,down)],0.0153061224489796).
freq(9,36,[true,triangle(A),square(B),circle(C),in(C,D),circle(D),in(B,E),config(E,down),in(B,A)],0.0127551020408163).
freq(9,37,[true,triangle(A),square(B),circle(C),in(C,D),circle(D),in(B,E),config(E,down),config(A,down)],0.0127551020408163).
freq(9,38,[true,triangle(A),square(B),circle(C),in(C,D),circle(D),in(A,E),triangle(E),config(A,up)],0.0102040816326531).
freq(9,39,[true,triangle(A),square(B),circle(C),in(C,D),in(B,E),triangle(E),in(A,F),config(E,up)],0.0127551020408163).
freq(9,40,[true,triangle(A),square(B),circle(C),in(C,D),in(B,E),triangle(E),in(A,F),config(A,down)],0.0102040816326531).
freq(9,41,[true,triangle(A),square(B),circle(C),in(C,D),in(B,E),triangle(E),config(E,up),config(D,down)],0.0127551020408163).
freq(9,42,[true,triangle(A),square(B),circle(C),in(C,D),in(B,E),triangle(E),config(E,up),config(A,down)],0.0204081632653061).
freq(9,43,[true,triangle(A),square(B),circle(C),in(C,D),in(B,E),triangle(E),config(D,down),in(C,A)],0.0153061224489796).
freq(9,44,[true,triangle(A),square(B),circle(C),in(C,D),in(B,E),triangle(E),config(D,down),config(A,up)],0.0127551020408163).
freq(9,45,[true,triangle(A),square(B),circle(C),in(C,D),in(B,E),triangle(E),config(D,down),config(A,down)],0.0153061224489796).
freq(9,46,[true,triangle(A),square(B),circle(C),in(C,D),in(B,E),triangle(E),config(A,up),in(B,A)],0.0408163265306122).
freq(9,47,[true,triangle(A),square(B),circle(C),in(C,D),in(B,E),triangle(E),config(A,down),in(B,A)],0.0178571428571429).
freq(9,48,[true,triangle(A),square(B),circle(C),in(C,D),in(B,E),square(E),in(A,F),config(A,up)],0.0102040816326531).
freq(9,49,[true,triangle(A),square(B),circle(C),in(C,D),in(B,E),square(E),config(D,up),in(C,A)],0.0178571428571429).
freq(9,50,[true,triangle(A),square(B),circle(C),in(C,D),in(B,E),square(E),config(D,up),config(A,up)],0.0178571428571429).
freq(9,51,[true,triangle(A),square(B),circle(C),in(C,D),in(B,E),square(E),config(D,down),in(C,A)],0.0204081632653061).
freq(9,52,[true,triangle(A),square(B),circle(C),in(C,D),in(B,E),square(E),config(D,down),config(A,down)],0.0204081632653061).
freq(9,53,[true,triangle(A),square(B),circle(C),in(C,D),in(B,E),in(A,F),triangle(F),config(F,up)],0.0127551020408163).
freq(9,54,[true,triangle(A),square(B),circle(C),in(C,D),in(B,E),in(A,F),triangle(F),config(A,up)],0.0153061224489796).
freq(9,55,[true,triangle(A),square(B),circle(C),in(C,D),in(B,E),in(A,F),config(F,up),config(A,up)],0.0102040816326531).
freq(9,56,[true,triangle(A),square(B),circle(C),in(C,D),in(B,E),in(A,F),config(E,up),config(A,down)],0.0102040816326531).
freq(9,57,[true,triangle(A),square(B),circle(C),in(C,D),in(B,E),config(E,up),in(B,A),config(D,down)],0.0127551020408163).
freq(9,58,[true,triangle(A),square(B),circle(C),in(C,D),in(B,E),config(E,up),config(D,down),in(C,A)],0.0127551020408163).
freq(9,59,[true,triangle(A),square(B),circle(C),in(C,D),in(B,E),config(E,up),config(D,down),config(A,up)],0.0127551020408163).
freq(9,60,[true,triangle(A),square(B),circle(C),in(C,D),in(B,E),config(E,up),config(D,down),config(A,down)],0.0127551020408163).
freq(9,61,[true,triangle(A),square(B),circle(C),in(C,D),in(A,E),triangle(E),config(E,up),config(A,up)],0.0153061224489796).
freq(9,62,[true,triangle(A),square(B),circle(C),in(C,D),in(A,E),square(E),config(D,up),config(A,up)],0.0127551020408163).
freq(9,63,[true,triangle(A),square(B),circle(C),in(C,D),in(A,E),square(E),config(D,down),config(A,up)],0.0102040816326531).
freq(9,64,[true,triangle(A),square(B),circle(C),in(B,D),triangle(D),in(A,E),triangle(E),config(E,up)],0.0102040816326531).
freq(9,65,[true,triangle(A),square(B),circle(C),in(B,D),triangle(D),in(A,E),triangle(E),config(D,down)],0.0153061224489796).
freq(9,66,[true,triangle(A),square(B),circle(C),in(B,D),triangle(D),in(A,E),triangle(E),config(A,down)],0.0102040816326531).
freq(9,67,[true,triangle(A),square(B),circle(C),in(B,D),triangle(D),in(A,E),config(D,up),config(A,down)],0.0102040816326531).
freq(9,68,[true,triangle(A),square(B),circle(C),in(B,D),triangle(D),in(A,E),config(D,down),config(A,up)],0.0127551020408163).
freq(9,69,[true,triangle(A),square(B),circle(C),in(B,D),triangle(D),in(A,E),config(D,down),config(A,down)],0.0127551020408163).
freq(9,70,[true,triangle(A),square(B),circle(C),in(B,D),square(D),in(A,E),triangle(E),config(A,up)],0.0102040816326531).
freq(9,71,[true,triangle(A),square(B),circle(C),in(B,D),square(D),in(A,E),circle(E),config(A,up)],0.0102040816326531).
freq(9,72,[true,triangle(A),square(B),circle(C),in(B,D),circle(D),in(A,E),triangle(E),config(E,up)],0.0127551020408163).
freq(9,73,[true,triangle(A),square(B),circle(C),in(B,D),circle(D),in(A,E),triangle(E),config(A,up)],0.0127551020408163).
freq(9,74,[true,triangle(A),square(B),circle(C),in(B,D),circle(D),in(A,E),square(E),config(A,up)],0.0153061224489796).
freq(9,75,[true,triangle(A),square(B),circle(C),in(B,D),circle(D),in(A,E),square(E),config(A,down)],0.0153061224489796).
freq(9,76,[true,triangle(A),square(B),circle(C),in(B,D),circle(D),in(A,E),circle(E),config(A,up)],0.0127551020408163).
freq(9,77,[true,triangle(A),square(B),circle(C),in(B,D),in(A,E),triangle(E),config(E,up),config(A,up)],0.0127551020408163).
freq(9,78,[true,triangle(A),square(B),circle(C),in(B,D),in(A,E),triangle(E),config(E,up),config(A,down)],0.0102040816326531).
freq(9,79,[true,triangle(A),square(B),circle(C),in(B,D),in(A,E),triangle(E),config(E,down),config(A,up)],0.0178571428571429).
freq(9,80,[true,triangle(A),square(B),in(B,C),triangle(C),in(A,D),triangle(D),config(D,up),config(C,up)],0.0102040816326531).
freq(9,81,[true,triangle(A),square(B),in(B,C),triangle(C),in(A,D),triangle(D),config(D,up),config(C,down)],0.0102040816326531).
freq(9,82,[true,triangle(A),square(B),in(B,C),triangle(C),in(A,D),triangle(D),config(D,up),config(A,down)],0.0127551020408163).
freq(9,83,[true,triangle(A),square(B),in(B,C),triangle(C),in(A,D),triangle(D),config(D,down),config(C,down)],0.0102040816326531).
freq(9,84,[true,triangle(A),square(B),in(B,C),triangle(C),in(A,D),triangle(D),config(C,up),config(A,down)],0.0102040816326531).
freq(9,85,[true,triangle(A),square(B),in(B,C),triangle(C),in(A,D),triangle(D),config(C,down),config(A,up)],0.0127551020408163).
freq(9,86,[true,triangle(A),square(B),in(B,C),triangle(C),in(A,D),square(D),config(C,up),config(A,up)],0.0153061224489796).
freq(9,87,[true,triangle(A),circle(B),in(B,C),triangle(C),in(A,D),triangle(D),config(D,up),config(C,down)],0.0102040816326531).
freq(9,88,[true,triangle(A),circle(B),in(B,C),circle(C),in(A,D),triangle(D),config(D,up),config(A,up)],0.0102040816326531).
c_counter(9,129).
f_counter(9,88).

level(10).
freq(10,1,[true,triangle(A),square(B),circle(C),in(C,D),triangle(D),in(B,E),triangle(E),config(E,up),config(D,down)],0.0127551020408163).
freq(10,2,[true,triangle(A),square(B),circle(C),in(C,D),triangle(D),in(B,E),triangle(E),config(E,up),config(A,down)],0.0153061224489796).
freq(10,3,[true,triangle(A),square(B),circle(C),in(C,D),triangle(D),in(B,E),triangle(E),config(D,down),config(A,up)],0.0127551020408163).
freq(10,4,[true,triangle(A),square(B),circle(C),in(C,D),triangle(D),in(B,E),triangle(E),config(A,up),in(B,A)],0.0178571428571429).
freq(10,5,[true,triangle(A),square(B),circle(C),in(C,D),triangle(D),in(B,E),triangle(E),config(A,down),in(C,A)],0.0153061224489796).
freq(10,6,[true,triangle(A),square(B),circle(C),in(C,D),triangle(D),in(B,E),square(E),config(A,up),in(C,A)],0.0178571428571429).
freq(10,7,[true,triangle(A),square(B),circle(C),in(C,D),triangle(D),in(B,E),square(E),config(A,down),in(C,A)],0.0204081632653061).
freq(10,8,[true,triangle(A),square(B),circle(C),in(C,D),triangle(D),in(B,E),config(E,up),in(B,A),config(D,down)],0.0127551020408163).
freq(10,9,[true,triangle(A),square(B),circle(C),in(C,D),triangle(D),in(B,E),config(E,up),config(D,down),config(A,up)],0.0127551020408163).
freq(10,10,[true,triangle(A),square(B),circle(C),in(C,D),triangle(D),in(B,E),config(E,up),config(A,down),in(C,A)],0.0127551020408163).
freq(10,11,[true,triangle(A),square(B),circle(C),in(C,D),triangle(D),in(A,E),square(E),config(D,up),config(A,up)],0.0127551020408163).
freq(10,12,[true,triangle(A),square(B),circle(C),in(C,D),triangle(D),in(A,E),square(E),config(D,down),config(A,up)],0.0102040816326531).
freq(10,13,[true,triangle(A),square(B),circle(C),in(C,D),square(D),in(B,E),triangle(E),config(A,up),in(B,A)],0.0153061224489796).
freq(10,14,[true,triangle(A),square(B),circle(C),in(C,D),circle(D),in(B,E),triangle(E),config(A,down),in(B,A)],0.0127551020408163).
freq(10,15,[true,triangle(A),square(B),circle(C),in(C,D),in(B,E),triangle(E),in(A,F),config(E,up),config(A,down)],0.0102040816326531).
freq(10,16,[true,triangle(A),square(B),circle(C),in(C,D),in(B,E),triangle(E),config(E,up),config(D,down),in(C,A)],0.0127551020408163).
freq(10,17,[true,triangle(A),square(B),circle(C),in(C,D),in(B,E),triangle(E),config(E,up),config(D,down),config(A,down)],0.0127551020408163).
freq(10,18,[true,triangle(A),square(B),circle(C),in(C,D),in(B,E),triangle(E),config(D,down),config(A,up),in(B,A)],0.0127551020408163).
freq(10,19,[true,triangle(A),square(B),circle(C),in(C,D),in(B,E),in(A,F),triangle(F),config(F,up),config(A,up)],0.0102040816326531).
c_counter(10,19).
f_counter(10,19).

level(11).
freq(11,1,[true,triangle(A),square(B),circle(C),in(C,D),triangle(D),in(B,E),triangle(E),config(E,up),config(A,down),in(C,A)],0.0127551020408163).
c_counter(11,1).
f_counter(11,1).

level(12).
c_counter(12,0).
f_counter(12,0).
