/** -------------------------------------------------
 ** Algorithm:   Warmr
 ** Output type: freq_packs.out
 ** Date:        7/14/2016 17:45:6
 ** ACE version: 1.2.20
 ** Hardware:    ubuntu : x86_64 running Linux
 ** -------------------------------------------------
 **/

sample_size(392.0)
min_rel_freq(0.01)
min_abs_freq(3.92)

level(1)
true 1.0
c_counter(1,1)
f_counter(1,1)

level(2)
true,triangle(A) 0.778061224489796
     square(A) 0.783163265306122
     circle(A) 0.701530612244898
c_counter(2,3)
f_counter(2,3)

level(3)
true,triangle(A),square(B) 0.604591836734694
                 circle(B) 0.510204081632653
                 in(A,B) 0.459183673469388
                 config(A,up) 0.533163265306122
                 config(A,down) 0.489795918367347
     square(A),circle(B) 0.51530612244898
               in(A,B) 0.464285714285714
     circle(A),in(A,B) 0.522959183673469
c_counter(3,18)
f_counter(3,8)

level(4)
true,triangle(A),square(B),circle(C) 0.36734693877551
                           in(B,A) 0.211734693877551
                           in(B,C) 0.372448979591837
                           in(A,B) 0.214285714285714
                           in(A,C) 0.352040816326531
                           config(A,up) 0.405612244897959
                           config(A,down) 0.372448979591837
                 circle(B),in(B,A) 0.196428571428571
                           in(B,C) 0.331632653061224
                           in(A,B) 0.11734693877551
                           in(A,C) 0.278061224489796
                           config(A,up) 0.357142857142857
                           config(A,down) 0.321428571428571
                 in(A,B),triangle(B) 0.209183673469388
                         config(B,up) 0.114795918367347
                         config(B,down) 0.104591836734694
                         config(A,up) 0.288265306122449
                         config(A,down) 0.239795918367347
     square(A),circle(B),in(B,A) 0.198979591836735
                         in(B,C) 0.380102040816327
                         in(A,B) 0.130102040816327
                         in(A,C) 0.288265306122449
               in(A,B),square(B) 0.186224489795918
                       config(B,up) 0.130102040816327
                       config(B,down) 0.0892857142857143
     circle(A),in(A,B),circle(B) 0.206632653061224
                       config(B,up) 0.0943877551020408
                       config(B,down) 0.11734693877551
c_counter(4,38)
f_counter(4,28)

level(5)
true,triangle(A),square(B),circle(C),in(C,B) 0.0943877551020408
                                     in(C,A) 0.114795918367347
                                     in(C,D) 0.232142857142857
                                     in(B,C) 0.0892857142857143
                                     in(B,A) 0.102040816326531
                                     in(B,D) 0.227040816326531
                                     in(A,C) 0.0688775510204082
                                     in(A,B) 0.104591836734694
                                     in(A,D) 0.201530612244898
                                     config(A,up) 0.247448979591837
                                     config(A,down) 0.229591836734694
                           in(B,A),config(A,up) 0.130102040816327
                                   config(A,down) 0.0892857142857143
                           in(B,C),triangle(C) 0.211734693877551
                                   square(C) 0.130102040816327
                                   in(A,D) 0.170918367346939
                                   config(C,up) 0.130102040816327
                                   config(C,down) 0.0892857142857143
                                   config(A,up) 0.25
                                   config(A,down) 0.229591836734694
                           in(A,B),config(A,up) 0.122448979591837
                                   config(A,down) 0.0969387755102041
                           in(A,C),triangle(C) 0.13265306122449
                                   square(C) 0.214285714285714
                                   config(C,up) 0.0714285714285714
                                   config(C,down) 0.0637755102040816
                                   config(A,up) 0.224489795918367
                                   config(A,down) 0.173469387755102
                 circle(B),in(B,A),config(A,up) 0.0943877551020408
                                   config(A,down) 0.11734693877551
                           in(B,C),triangle(C) 0.196428571428571
                                   circle(C) 0.0943877551020408
                                   in(A,D) 0.130102040816327
                                   config(C,up) 0.0943877551020408
                                   config(C,down) 0.11734693877551
                                   config(A,up) 0.211734693877551
                                   config(A,down) 0.211734693877551
                           in(A,B),config(A,up) 0.076530612244898
                                   config(A,down) 0.048469387755102
                           in(A,C),triangle(C) 0.119897959183673
                                   circle(C) 0.11734693877551
                                   config(C,up) 0.0637755102040816
                                   config(C,down) 0.0612244897959184
                                   config(A,up) 0.191326530612245
                                   config(A,down) 0.135204081632653
                 in(A,B),triangle(B),config(B,up) 0.114795918367347
                                     config(B,down) 0.104591836734694
                                     config(A,up) 0.104591836734694
                                     config(A,down) 0.114795918367347
                         config(B,up),config(A,up) 0.0586734693877551
                                      config(A,down) 0.0586734693877551
                         config(B,down),config(A,up) 0.048469387755102
                                        config(A,down) 0.0561224489795918
     square(A),circle(B),in(B,C),square(C) 0.198979591836735
                                 circle(C) 0.130102040816327
                                 in(A,D) 0.178571428571429
                                 config(C,up) 0.0510204081632653
                                 config(C,down) 0.0714285714285714
                         in(A,C),square(C) 0.107142857142857
                                 circle(C) 0.130102040816327
                                 config(C,up) 0.0561224489795918
                                 config(C,down) 0.0459183673469388
c_counter(5,68)
f_counter(5,62)

level(6)
true,triangle(A),square(B),circle(C),in(C,B),in(A,D) 0.0408163265306122
                                             config(A,up) 0.0561224489795918
                                             config(A,down) 0.0535714285714286
                                     in(C,A),in(B,D) 0.0586734693877551
                                             config(A,up) 0.0510204081632653
                                             config(A,down) 0.0714285714285714
                                     in(C,D),triangle(D) 0.114795918367347
                                             square(D) 0.0943877551020408
                                             circle(D) 0.0612244897959184
                                             in(B,A) 0.0586734693877551
                                             in(B,E) 0.11734693877551
                                             in(A,B) 0.0612244897959184
                                             in(A,E) 0.0969387755102041
                                             config(D,up) 0.0510204081632653
                                             config(D,down) 0.0714285714285714
                                             config(A,up) 0.145408163265306
                                             config(A,down) 0.147959183673469
                                     in(B,C),in(A,D) 0.0586734693877551
                                             config(A,up) 0.0612244897959184
                                             config(A,down) 0.0510204081632653
                                     in(B,A),config(A,up) 0.0561224489795918
                                             config(A,down) 0.0459183673469388
                                     in(B,D),triangle(D) 0.102040816326531
                                             square(D) 0.0816326530612245
                                             circle(D) 0.0892857142857143
                                             in(A,C) 0.0408163265306122
                                             in(A,E) 0.112244897959184
                                             config(D,up) 0.0561224489795918
                                             config(D,down) 0.0459183673469388
                                             config(A,up) 0.155612244897959
                                             config(A,down) 0.137755102040816
                                     in(A,C),config(A,up) 0.0433673469387755
                                             config(A,down) 0.0255102040816327
                                     in(A,B),config(A,up) 0.0586734693877551
                                             config(A,down) 0.048469387755102
                                     in(A,D),triangle(D) 0.0739795918367347
                                             square(D) 0.104591836734694
                                             circle(D) 0.0688775510204082
                                             config(D,up) 0.0357142857142857
                                             config(D,down) 0.038265306122449
                                             config(A,up) 0.14030612244898
                                             config(A,down) 0.0918367346938776
                           in(B,C),triangle(C),in(A,D) 0.0688775510204082
                                               config(C,up) 0.130102040816327
                                               config(C,down) 0.0892857142857143
                                               config(A,up) 0.155612244897959
                                               config(A,down) 0.125
                                   square(C),in(A,D) 0.0612244897959184
                                             config(A,up) 0.0688775510204082
                                             config(A,down) 0.086734693877551
                                   in(A,D),triangle(D) 0.0663265306122449
                                           square(D) 0.0790816326530612
                                           config(D,up) 0.0357142857142857
                                           config(D,down) 0.0306122448979592
                                           config(C,up) 0.0408163265306122
                                           config(C,down) 0.0306122448979592
                                           config(A,up) 0.107142857142857
                                           config(A,down) 0.0790816326530612
                                   config(C,up),in(B,A) 0.130102040816327
                                                config(A,up) 0.130102040816327
                                                config(A,down) 0.0433673469387755
                                   config(C,down),in(B,A) 0.0892857142857143
                                                  config(A,up) 0.0331632653061225
                                                  config(A,down) 0.0892857142857143
                           in(A,C),triangle(C),config(C,up) 0.0714285714285714
                                               config(C,down) 0.0637755102040816
                                               config(A,up) 0.0688775510204082
                                               config(A,down) 0.0663265306122449
                                   square(C),config(A,up) 0.122448979591837
                                             config(A,down) 0.0969387755102041
                                   config(C,up),config(A,up) 0.0357142857142857
                                                config(A,down) 0.0357142857142857
                                   config(C,down),config(A,up) 0.0331632653061225
                                                  config(A,down) 0.0306122448979592
                 circle(B),in(B,C),triangle(C),in(A,D) 0.048469387755102
                                               config(C,up) 0.0943877551020408
                                               config(C,down) 0.11734693877551
                                               config(A,up) 0.13265306122449
                                               config(A,down) 0.137755102040816
                                   circle(C),in(A,D) 0.0510204081632653
                                             config(A,up) 0.048469387755102
                                             config(A,down) 0.0612244897959184
                                   in(A,D),triangle(D) 0.0586734693877551
                                           circle(D) 0.0178571428571429
                                           config(D,up) 0.0357142857142857
                                           config(D,down) 0.0229591836734694
                                           config(C,up) 0.0255102040816327
                                           config(C,down) 0.0255102040816327
                                           config(A,up) 0.0739795918367347
                                           config(A,down) 0.0637755102040816
                                   config(C,up),in(B,A) 0.0943877551020408
                                                config(A,up) 0.0943877551020408
                                                config(A,down) 0.0357142857142857
                                   config(C,down),in(B,A) 0.11734693877551
                                                  config(A,up) 0.0535714285714286
                                                  config(A,down) 0.11734693877551
                           in(A,C),triangle(C),config(C,up) 0.0637755102040816
                                               config(C,down) 0.0612244897959184
                                               config(A,up) 0.0688775510204082
                                               config(A,down) 0.0535714285714286
                                   circle(C),config(A,up) 0.076530612244898
                                             config(A,down) 0.048469387755102
                                   config(C,up),config(A,up) 0.0331632653061225
                                                config(A,down) 0.0306122448979592
                                   config(C,down),config(A,up) 0.038265306122449
                                                  config(A,down) 0.0229591836734694
                 in(A,B),triangle(B),config(B,up),config(A,up) 0.0586734693877551
                                                  config(A,down) 0.0586734693877551
                                     config(B,down),config(A,up) 0.048469387755102
                                                    config(A,down) 0.0561224489795918
     square(A),circle(B),in(B,C),square(C),in(A,D) 0.0561224489795918
                                 circle(C),in(A,D) 0.0688775510204082
                                 in(A,D),square(D) 0.0841836734693878
                                         circle(D) 0.048469387755102
                                         config(D,up) 0.0408163265306122
                                         config(D,down) 0.0178571428571429
                                         config(C,up) 0.0255102040816327
                                         config(C,down) 0.0357142857142857
c_counter(6,135)
f_counter(6,118)

level(7)
true,triangle(A),square(B),circle(C),in(C,B),in(A,D),triangle(D) 0.0153061224489796
                                                     square(D) 0.0255102040816327
                                                     config(A,up) 0.0229591836734694
                                                     config(A,down) 0.0204081632653061
                                     in(C,A),in(B,D),triangle(D) 0.0204081632653061
                                                     square(D) 0.0357142857142857
                                                     config(D,up) 0.0178571428571429
                                                     config(A,up) 0.0255102040816327
                                                     config(A,down) 0.0357142857142857
                                     in(C,D),triangle(D),in(B,E) 0.0586734693877551
                                                         in(A,B) 0.0204081632653061
                                                         in(A,E) 0.0306122448979592
                                                         config(D,up) 0.0510204081632653
                                                         config(D,down) 0.0714285714285714
                                                         config(A,up) 0.076530612244898
                                                         config(A,down) 0.086734693877551
                                             square(D),in(B,A) 0.0178571428571429
                                                       in(B,E) 0.0280612244897959
                                                       in(A,E) 0.0408163265306122
                                                       config(A,up) 0.0561224489795918
                                                       config(A,down) 0.0535714285714286
                                             circle(D),in(B,A) 0.0204081632653061
                                                       in(B,E) 0.0306122448979592
                                                       in(A,B) 0.0153061224489796
                                                       in(A,E) 0.0306122448979592
                                                       config(A,up) 0.0280612244897959
                                                       config(A,down) 0.038265306122449
                                             in(B,A),config(D,down) 0.0153061224489796
                                                     config(A,up) 0.0408163265306122
                                                     config(A,down) 0.0178571428571429
                                             in(B,E),triangle(E) 0.0586734693877551
                                                     square(E) 0.0586734693877551
                                                     in(A,F) 0.0331632653061225
                                                     config(E,up) 0.0408163265306122
                                                     config(E,down) 0.0178571428571429
                                                     config(D,up) 0.0255102040816327
                                                     config(D,down) 0.0357142857142857
                                                     config(A,up) 0.076530612244898
                                                     config(A,down) 0.0739795918367347
                                             in(A,B),config(D,up) 0.0127551020408163
                                                     config(D,down) 0.0102040816326531
                                                     config(A,up) 0.0408163265306122
                                                     config(A,down) 0.0204081632653061
                                             in(A,E),triangle(E) 0.0331632653061225
                                                     square(E) 0.0612244897959184
                                                     circle(E) 0.0102040816326531
                                                     config(E,up) 0.0204081632653061
                                                     config(E,down) 0.0127551020408163
                                                     config(D,up) 0.0178571428571429
                                                     config(D,down) 0.0153061224489796
                                                     config(A,up) 0.0637755102040816
                                                     config(A,down) 0.0408163265306122
                                             config(D,up),in(C,A) 0.0510204081632653
                                                          config(A,up) 0.0510204081632653
                                                          config(A,down) 0.0229591836734694
                                             config(D,down),in(C,A) 0.0714285714285714
                                                            config(A,up) 0.0331632653061225
                                                            config(A,down) 0.0714285714285714
                                     in(B,C),in(A,D),triangle(D) 0.0204081632653061
                                                     square(D) 0.0280612244897959
                                                     circle(D) 0.0153061224489796
                                                     config(D,up) 0.0127551020408163
                                                     config(A,up) 0.038265306122449
                                                     config(A,down) 0.0255102040816327
                                     in(B,D),triangle(D),in(A,C) 0.0153061224489796
                                                         in(A,E) 0.0357142857142857
                                                         config(D,up) 0.0561224489795918
                                                         config(D,down) 0.0459183673469388
                                                         config(A,up) 0.0739795918367347
                                                         config(A,down) 0.0663265306122449
                                             square(D),in(A,C) 0.0127551020408163
                                                       in(A,E) 0.0331632653061225
                                                       config(A,up) 0.048469387755102
                                                       config(A,down) 0.0459183673469388
                                             circle(D),in(A,E) 0.0586734693877551
                                                       config(A,up) 0.0612244897959184
                                                       config(A,down) 0.0510204081632653
                                             in(A,C),config(A,up) 0.0280612244897959
                                                     config(A,down) 0.0127551020408163
                                             in(A,E),triangle(E) 0.0459183673469388
                                                     square(E) 0.0408163265306122
                                                     circle(E) 0.0408163265306122
                                                     config(E,up) 0.0229591836734694
                                                     config(E,down) 0.0229591836734694
                                                     config(D,up) 0.0153061224489796
                                                     config(D,down) 0.0204081632653061
                                                     config(A,up) 0.076530612244898
                                                     config(A,down) 0.048469387755102
                                             config(D,up),in(B,A) 0.0561224489795918
                                                          config(A,up) 0.0561224489795918
                                                          config(A,down) 0.0204081632653061
                                             config(D,down),in(B,A) 0.0459183673469388
                                                            config(A,up) 0.0178571428571429
                                                            config(A,down) 0.0459183673469388
                                     in(A,D),triangle(D),config(D,up) 0.0357142857142857
                                                         config(D,down) 0.038265306122449
                                                         config(A,up) 0.0459183673469388
                                                         config(A,down) 0.0280612244897959
                                             square(D),config(A,up) 0.0586734693877551
                                                       config(A,down) 0.048469387755102
                                             circle(D),config(A,up) 0.0433673469387755
                                                       config(A,down) 0.0255102040816327
                                             config(D,up),config(A,up) 0.0204081632653061
                                                          config(A,down) 0.0153061224489796
                                             config(D,down),config(A,up) 0.0255102040816327
                                                            config(A,down) 0.0127551020408163
                           in(B,C),triangle(C),in(A,D),triangle(D) 0.0331632653061225
                                                       square(D) 0.0255102040816327
                                                       config(D,up) 0.0204081632653061
                                                       config(D,down) 0.0127551020408163
                                                       config(C,up) 0.0408163265306122
                                                       config(C,down) 0.0306122448979592
                                                       config(A,up) 0.0408163265306122
                                                       config(A,down) 0.0331632653061225
                                               config(C,up),config(A,down) 0.0433673469387755
                                               config(C,down),config(A,up) 0.0331632653061225
                                               config(A,up),in(B,A) 0.130102040816327
                                               config(A,down),in(B,A) 0.0892857142857143
                                   square(C),in(A,D),triangle(D) 0.0204081632653061
                                                     square(D) 0.0331632653061225
                                                     config(D,up) 0.0102040816326531
                                                     config(D,down) 0.0102040816326531
                                                     config(A,up) 0.0306122448979592
                                                     config(A,down) 0.0357142857142857
                                   in(A,D),triangle(D),config(D,up) 0.0357142857142857
                                                       config(D,down) 0.0306122448979592
                                                       config(C,up) 0.0127551020408163
                                                       config(C,down) 0.0204081632653061
                                                       config(A,up) 0.038265306122449
                                                       config(A,down) 0.0280612244897959
                                           square(D),config(C,up) 0.0204081632653061
                                                     config(A,up) 0.0459183673469388
                                                     config(A,down) 0.038265306122449
                                           config(D,up),config(C,up) 0.0102040816326531
                                                        config(C,down) 0.0102040816326531
                                                        config(A,up) 0.0178571428571429
                                                        config(A,down) 0.0178571428571429
                                           config(D,down),config(C,down) 0.0102040816326531
                                                          config(A,up) 0.0204081632653061
                                                          config(A,down) 0.0102040816326531
                                           config(C,up),config(A,up) 0.0204081632653061
                                                        config(A,down) 0.0204081632653061
                                           config(C,down),config(A,up) 0.0229591836734694
                                                          config(A,down) 0.0127551020408163
                           in(A,C),triangle(C),config(C,up),config(A,up) 0.0357142857142857
                                                            config(A,down) 0.0357142857142857
                                               config(C,down),config(A,up) 0.0331632653061225
                                                              config(A,down) 0.0306122448979592
                 circle(B),in(B,C),triangle(C),in(A,D),triangle(D) 0.0255102040816327
                                                       config(D,up) 0.0153061224489796
                                                       config(D,down) 0.0102040816326531
                                                       config(C,up) 0.0255102040816327
                                                       config(C,down) 0.0255102040816327
                                                       config(A,up) 0.0331632653061225
                                                       config(A,down) 0.0178571428571429
                                               config(C,up),config(A,down) 0.0357142857142857
                                               config(C,down),config(A,up) 0.0535714285714286
                                               config(A,up),in(B,A) 0.0943877551020408
                                               config(A,down),in(B,A) 0.11734693877551
                                   circle(C),in(A,D),triangle(D) 0.0280612244897959
                                                     circle(D) 0.0102040816326531
                                                     config(D,up) 0.0178571428571429
                                                     config(D,down) 0.0102040816326531
                                                     config(A,up) 0.0229591836734694
                                                     config(A,down) 0.0306122448979592
                                   in(A,D),triangle(D),config(D,up) 0.0357142857142857
                                                       config(D,down) 0.0229591836734694
                                                       config(C,up) 0.0102040816326531
                                                       config(C,down) 0.0153061224489796
                                                       config(A,up) 0.0331632653061225
                                                       config(A,down) 0.0255102040816327
                                           circle(D),config(A,down) 0.0178571428571429
                                           config(D,up),config(C,down) 0.0102040816326531
                                                        config(A,up) 0.0229591836734694
                                                        config(A,down) 0.0127551020408163
                                           config(D,down),config(A,up) 0.0102040816326531
                                                          config(A,down) 0.0127551020408163
                                           config(C,up),config(A,up) 0.0178571428571429
                                                        config(A,down) 0.0102040816326531
                                           config(C,down),config(A,up) 0.0178571428571429
                           in(A,C),triangle(C),config(C,up),config(A,up) 0.0331632653061225
                                                            config(A,down) 0.0306122448979592
                                               config(C,down),config(A,up) 0.038265306122449
                                                              config(A,down) 0.0229591836734694
     square(A),circle(B),in(B,C),square(C),in(A,D),square(D) 0.0178571428571429
                                                   circle(D) 0.0255102040816327
                                                   config(D,up) 0.0153061224489796
                                 circle(C),in(A,D),square(D) 0.0306122448979592
                                                   circle(D) 0.0229591836734694
                                                   config(D,down) 0.0127551020408163
                                 in(A,D),square(D),config(C,up) 0.0178571428571429
                                                   config(C,down) 0.0204081632653061
                                         config(D,up),config(C,down) 0.0127551020408163
c_counter(7,224)
f_counter(7,193)

level(8)
true,triangle(A),square(B),circle(C),in(C,B),in(A,D),triangle(D),config(A,up) 0.0102040816326531
                                                     square(D),config(A,up) 0.0127551020408163
                                                               config(A,down) 0.0127551020408163
                                     in(C,A),in(B,D),triangle(D),config(D,up) 0.0178571428571429
                                                                 config(A,down) 0.0153061224489796
                                                     square(D),config(A,up) 0.0178571428571429
                                                               config(A,down) 0.0204081632653061
                                                     config(D,up),config(A,down) 0.0127551020408163
                                     in(C,D),triangle(D),in(B,E),triangle(E) 0.0204081632653061
                                                                 square(E) 0.0357142857142857
                                                                 in(A,F) 0.0153061224489796
                                                                 config(E,up) 0.0178571428571429
                                                                 config(D,up) 0.0255102040816327
                                                                 config(D,down) 0.0357142857142857
                                                                 config(A,up) 0.0408163265306122
                                                                 config(A,down) 0.0433673469387755
                                                         in(A,B),config(D,up) 0.0127551020408163
                                                                 config(D,down) 0.0102040816326531
                                                                 config(A,up) 0.0204081632653061
                                                         in(A,E),triangle(E) 0.0102040816326531
                                                                 square(E) 0.0204081632653061
                                                                 config(D,up) 0.0178571428571429
                                                                 config(D,down) 0.0153061224489796
                                                                 config(A,up) 0.0255102040816327
                                                         config(D,up),config(A,down) 0.0229591836734694
                                                         config(D,down),config(A,up) 0.0331632653061225
                                                         config(A,up),in(C,A) 0.0510204081632653
                                                         config(A,down),in(C,A) 0.0714285714285714
                                             square(D),in(B,A),config(A,up) 0.0153061224489796
                                                       in(B,E),triangle(E) 0.0178571428571429
                                                               square(E) 0.0102040816326531
                                                               in(A,F) 0.0102040816326531
                                                               config(E,up) 0.0153061224489796
                                                               config(A,up) 0.0229591836734694
                                                               config(A,down) 0.0102040816326531
                                                       in(A,E),triangle(E) 0.0153061224489796
                                                               square(E) 0.0255102040816327
                                                               config(A,up) 0.0229591836734694
                                                               config(A,down) 0.0204081632653061
                                             circle(D),in(B,A),config(A,down) 0.0127551020408163
                                                       in(B,E),triangle(E) 0.0204081632653061
                                                               square(E) 0.0127551020408163
                                                               config(E,down) 0.0127551020408163
                                                               config(A,up) 0.0127551020408163
                                                               config(A,down) 0.0204081632653061
                                                       in(A,E),triangle(E) 0.0127551020408163
                                                               square(E) 0.0153061224489796
                                                               config(A,up) 0.0178571428571429
                                                               config(A,down) 0.0153061224489796
                                             in(B,A),config(D,down),config(A,up) 0.0127551020408163
                                             in(B,E),triangle(E),in(A,F) 0.0127551020408163
                                                                 config(E,up) 0.0408163265306122
                                                                 config(E,down) 0.0178571428571429
                                                                 config(D,down) 0.0153061224489796
                                                                 config(A,up) 0.0408163265306122
                                                                 config(A,down) 0.038265306122449
                                                     square(E),in(A,F) 0.0127551020408163
                                                               config(D,up) 0.0178571428571429
                                                               config(D,down) 0.0204081632653061
                                                               config(A,up) 0.0331632653061225
                                                               config(A,down) 0.0357142857142857
                                                     in(A,F),triangle(F) 0.0178571428571429
                                                             square(F) 0.0102040816326531
                                                             config(F,up) 0.0127551020408163
                                                             config(E,up) 0.0127551020408163
                                                             config(D,up) 0.0102040816326531
                                                             config(A,up) 0.0204081632653061
                                                             config(A,down) 0.0127551020408163
                                                     config(E,up),in(B,A) 0.0408163265306122
                                                                  config(D,down) 0.0127551020408163
                                                                  config(A,up) 0.0408163265306122
                                                                  config(A,down) 0.0204081632653061
                                                     config(E,down),in(B,A) 0.0178571428571429
                                                                    config(A,down) 0.0178571428571429
                                                     config(D,up),in(C,A) 0.0255102040816327
                                                                  config(A,up) 0.0255102040816327
                                                                  config(A,down) 0.0102040816326531
                                                     config(D,down),in(C,A) 0.0357142857142857
                                                                    config(A,up) 0.0178571428571429
                                                                    config(A,down) 0.0357142857142857
                                             in(A,B),config(D,up),config(A,up) 0.0127551020408163
                                                     config(D,down),config(A,up) 0.0102040816326531
                                             in(A,E),triangle(E),config(E,up) 0.0204081632653061
                                                                 config(E,down) 0.0127551020408163
                                                                 config(A,up) 0.0229591836734694
                                                                 config(A,down) 0.0102040816326531
                                                     square(E),config(D,up) 0.0127551020408163
                                                               config(D,down) 0.0102040816326531
                                                               config(A,up) 0.0408163265306122
                                                               config(A,down) 0.0204081632653061
                                                     circle(E),config(A,down) 0.0102040816326531
                                                     config(E,up),config(A,up) 0.0153061224489796
                                                     config(D,up),config(A,up) 0.0153061224489796
                                                     config(D,down),config(A,up) 0.0127551020408163
                                     in(B,C),in(A,D),triangle(D),config(D,up) 0.0127551020408163
                                                                 config(A,up) 0.0127551020408163
                                                     square(D),config(A,up) 0.0153061224489796
                                                               config(A,down) 0.0153061224489796
                                                     circle(D),config(A,up) 0.0127551020408163
                                     in(B,D),triangle(D),in(A,E),triangle(E) 0.0178571428571429
                                                                 circle(E) 0.0153061224489796
                                                                 config(E,up) 0.0102040816326531
                                                                 config(D,up) 0.0153061224489796
                                                                 config(D,down) 0.0204081632653061
                                                                 config(A,up) 0.0178571428571429
                                                                 config(A,down) 0.0229591836734694
                                                         config(D,up),config(A,down) 0.0204081632653061
                                                         config(D,down),config(A,up) 0.0178571428571429
                                                         config(A,up),in(B,A) 0.0561224489795918
                                                         config(A,down),in(B,A) 0.0459183673469388
                                             square(D),in(A,C),config(A,up) 0.0102040816326531
                                                       in(A,E),triangle(E) 0.0127551020408163
                                                               square(E) 0.0127551020408163
                                                               circle(E) 0.0127551020408163
                                                               config(A,up) 0.0229591836734694
                                                               config(A,down) 0.0127551020408163
                                             circle(D),in(A,E),triangle(E) 0.0204081632653061
                                                               square(E) 0.0280612244897959
                                                               circle(E) 0.0153061224489796
                                                               config(E,up) 0.0127551020408163
                                                               config(A,up) 0.038265306122449
                                                               config(A,down) 0.0255102040816327
                                             in(A,E),triangle(E),config(E,up) 0.0229591836734694
                                                                 config(E,down) 0.0229591836734694
                                                                 config(D,down) 0.0153061224489796
                                                                 config(A,up) 0.0306122448979592
                                                                 config(A,down) 0.0153061224489796
                                                     square(E),config(A,up) 0.0229591836734694
                                                               config(A,down) 0.0204081632653061
                                                     circle(E),config(A,up) 0.0280612244897959
                                                               config(A,down) 0.0127551020408163
                                                     config(E,up),config(A,up) 0.0127551020408163
                                                                  config(A,down) 0.0102040816326531
                                                     config(E,down),config(A,up) 0.0178571428571429
                                                     config(D,up),config(A,down) 0.0102040816326531
                                                     config(D,down),config(A,up) 0.0127551020408163
                                                                    config(A,down) 0.0127551020408163
                                     in(A,D),triangle(D),config(D,up),config(A,up) 0.0204081632653061
                                                                      config(A,down) 0.0153061224489796
                                                         config(D,down),config(A,up) 0.0255102040816327
                                                                        config(A,down) 0.0127551020408163
                           in(B,C),triangle(C),in(A,D),triangle(D),config(D,up) 0.0204081632653061
                                                                   config(D,down) 0.0127551020408163
                                                                   config(C,up) 0.0127551020408163
                                                                   config(C,down) 0.0204081632653061
                                                                   config(A,up) 0.0153061224489796
                                                                   config(A,down) 0.0178571428571429
                                                       square(D),config(C,up) 0.0204081632653061
                                                                 config(A,up) 0.0178571428571429
                                                       config(D,up),config(C,up) 0.0102040816326531
                                                                    config(C,down) 0.0102040816326531
                                                                    config(A,down) 0.0127551020408163
                                                       config(D,down),config(C,down) 0.0102040816326531
                                                       config(C,up),config(A,up) 0.0204081632653061
                                                                    config(A,down) 0.0204081632653061
                                                       config(C,down),config(A,up) 0.0229591836734694
                                                                      config(A,down) 0.0127551020408163
                                   square(C),in(A,D),triangle(D),config(D,up) 0.0102040816326531
                                                                 config(D,down) 0.0102040816326531
                                                                 config(A,up) 0.0102040816326531
                                                                 config(A,down) 0.0102040816326531
                                                     square(D),config(A,up) 0.0127551020408163
                                                               config(A,down) 0.0229591836734694
                                   in(A,D),triangle(D),config(D,up),config(C,up) 0.0102040816326531
                                                                    config(C,down) 0.0102040816326531
                                                                    config(A,up) 0.0178571428571429
                                                                    config(A,down) 0.0178571428571429
                                                       config(D,down),config(C,down) 0.0102040816326531
                                                                      config(A,up) 0.0204081632653061
                                                                      config(A,down) 0.0102040816326531
                                                       config(C,up),config(A,down) 0.0102040816326531
                                                       config(C,down),config(A,up) 0.0127551020408163
                                           square(D),config(C,up),config(A,up) 0.0153061224489796
                 circle(B),in(B,C),triangle(C),in(A,D),triangle(D),config(D,up) 0.0153061224489796
                                                                   config(D,down) 0.0102040816326531
                                                                   config(C,up) 0.0102040816326531
                                                                   config(C,down) 0.0153061224489796
                                                                   config(A,up) 0.0127551020408163
                                                                   config(A,down) 0.0127551020408163
                                                       config(D,up),config(C,down) 0.0102040816326531
                                                       config(C,up),config(A,up) 0.0178571428571429
                                                                    config(A,down) 0.0102040816326531
                                                       config(C,down),config(A,up) 0.0178571428571429
                                   circle(C),in(A,D),triangle(D),config(D,up) 0.0178571428571429
                                                                 config(D,down) 0.0102040816326531
                                                                 config(A,up) 0.0153061224489796
                                                                 config(A,down) 0.0127551020408163
                                                     circle(D),config(A,down) 0.0102040816326531
                                                     config(D,up),config(A,up) 0.0102040816326531
                                   in(A,D),triangle(D),config(D,up),config(C,down) 0.0102040816326531
                                                                    config(A,up) 0.0229591836734694
                                                                    config(A,down) 0.0127551020408163
                                                       config(D,down),config(A,up) 0.0102040816326531
                                                                      config(A,down) 0.0127551020408163
c_counter(8,264)
f_counter(8,194)

level(9)
true,triangle(A),square(B),circle(C),in(C,A),in(B,D),triangle(D),config(D,up),config(A,down) 0.0127551020408163
                                     in(C,D),triangle(D),in(B,E),triangle(E),config(E,up) 0.0178571428571429
                                                                             config(D,down) 0.0153061224489796
                                                                             config(A,up) 0.0178571428571429
                                                                             config(A,down) 0.0178571428571429
                                                                 square(E),config(D,up) 0.0178571428571429
                                                                           config(D,down) 0.0204081632653061
                                                                           config(A,up) 0.0204081632653061
                                                                           config(A,down) 0.0229591836734694
                                                                 in(A,F),config(D,up) 0.0102040816326531
                                                                         config(A,up) 0.0102040816326531
                                                                 config(E,up),in(B,A) 0.0178571428571429
                                                                              config(D,down) 0.0127551020408163
                                                                              config(A,up) 0.0178571428571429
                                                                              config(A,down) 0.0153061224489796
                                                                 config(D,up),config(A,down) 0.0102040816326531
                                                                 config(D,down),config(A,up) 0.0178571428571429
                                                                 config(A,up),in(C,A) 0.0255102040816327
                                                                 config(A,down),in(C,A) 0.0357142857142857
                                                         in(A,B),config(D,up),config(A,up) 0.0127551020408163
                                                                 config(D,down),config(A,up) 0.0102040816326531
                                                         in(A,E),square(E),config(D,up) 0.0127551020408163
                                                                           config(D,down) 0.0102040816326531
                                                                           config(A,up) 0.0204081632653061
                                                                 config(D,up),config(A,up) 0.0153061224489796
                                                                 config(D,down),config(A,up) 0.0127551020408163
                                             square(D),in(B,E),triangle(E),config(E,up) 0.0153061224489796
                                                                           config(A,up) 0.0153061224489796
                                                               config(E,up),in(B,A) 0.0153061224489796
                                                                            config(A,up) 0.0153061224489796
                                                       in(A,E),triangle(E),config(A,up) 0.0102040816326531
                                                               square(E),config(A,up) 0.0127551020408163
                                                                         config(A,down) 0.0127551020408163
                                             circle(D),in(B,E),triangle(E),config(E,down) 0.0127551020408163
                                                                           config(A,down) 0.0153061224489796
                                                               config(E,down),in(B,A) 0.0127551020408163
                                                                              config(A,down) 0.0127551020408163
                                                       in(A,E),triangle(E),config(A,up) 0.0102040816326531
                                             in(B,E),triangle(E),in(A,F),config(E,up) 0.0127551020408163
                                                                         config(A,down) 0.0102040816326531
                                                                 config(E,up),config(D,down) 0.0127551020408163
                                                                              config(A,down) 0.0204081632653061
                                                                 config(D,down),in(C,A) 0.0153061224489796
                                                                                config(A,up) 0.0127551020408163
                                                                                config(A,down) 0.0153061224489796
                                                                 config(A,up),in(B,A) 0.0408163265306122
                                                                 config(A,down),in(B,A) 0.0178571428571429
                                                     square(E),in(A,F),config(A,up) 0.0102040816326531
                                                               config(D,up),in(C,A) 0.0178571428571429
                                                                            config(A,up) 0.0178571428571429
                                                               config(D,down),in(C,A) 0.0204081632653061
                                                                              config(A,down) 0.0204081632653061
                                                     in(A,F),triangle(F),config(F,up) 0.0127551020408163
                                                                         config(A,up) 0.0153061224489796
                                                             config(F,up),config(A,up) 0.0102040816326531
                                                             config(E,up),config(A,down) 0.0102040816326531
                                                     config(E,up),in(B,A),config(D,down) 0.0127551020408163
                                                                  config(D,down),in(C,A) 0.0127551020408163
                                                                                 config(A,up) 0.0127551020408163
                                                                                 config(A,down) 0.0127551020408163
                                             in(A,E),triangle(E),config(E,up),config(A,up) 0.0153061224489796
                                                     square(E),config(D,up),config(A,up) 0.0127551020408163
                                                               config(D,down),config(A,up) 0.0102040816326531
                                     in(B,D),triangle(D),in(A,E),triangle(E),config(E,up) 0.0102040816326531
                                                                             config(D,down) 0.0153061224489796
                                                                             config(A,down) 0.0102040816326531
                                                                 config(D,up),config(A,down) 0.0102040816326531
                                                                 config(D,down),config(A,up) 0.0127551020408163
                                                                                config(A,down) 0.0127551020408163
                                             square(D),in(A,E),triangle(E),config(A,up) 0.0102040816326531
                                                               circle(E),config(A,up) 0.0102040816326531
                                             circle(D),in(A,E),triangle(E),config(E,up) 0.0127551020408163
                                                                           config(A,up) 0.0127551020408163
                                                               square(E),config(A,up) 0.0153061224489796
                                                                         config(A,down) 0.0153061224489796
                                                               circle(E),config(A,up) 0.0127551020408163
                                             in(A,E),triangle(E),config(E,up),config(A,up) 0.0127551020408163
                                                                              config(A,down) 0.0102040816326531
                                                                 config(E,down),config(A,up) 0.0178571428571429
                           in(B,C),triangle(C),in(A,D),triangle(D),config(D,up),config(C,up) 0.0102040816326531
                                                                                config(C,down) 0.0102040816326531
                                                                                config(A,down) 0.0127551020408163
                                                                   config(D,down),config(C,down) 0.0102040816326531
                                                                   config(C,up),config(A,down) 0.0102040816326531
                                                                   config(C,down),config(A,up) 0.0127551020408163
                                                       square(D),config(C,up),config(A,up) 0.0153061224489796
                 circle(B),in(B,C),triangle(C),in(A,D),triangle(D),config(D,up),config(C,down) 0.0102040816326531
                                   circle(C),in(A,D),triangle(D),config(D,up),config(A,up) 0.0102040816326531
c_counter(9,129)
f_counter(9,88)

level(10)
true,triangle(A),square(B),circle(C),in(C,D),triangle(D),in(B,E),triangle(E),config(E,up),config(D,down) 0.0127551020408163
                                                                                          config(A,down) 0.0153061224489796
                                                                             config(D,down),config(A,up) 0.0127551020408163
                                                                             config(A,up),in(B,A) 0.0178571428571429
                                                                             config(A,down),in(C,A) 0.0153061224489796
                                                                 square(E),config(A,up),in(C,A) 0.0178571428571429
                                                                           config(A,down),in(C,A) 0.0204081632653061
                                                                 config(E,up),in(B,A),config(D,down) 0.0127551020408163
                                                                              config(D,down),config(A,up) 0.0127551020408163
                                                                              config(A,down),in(C,A) 0.0127551020408163
                                                         in(A,E),square(E),config(D,up),config(A,up) 0.0127551020408163
                                                                           config(D,down),config(A,up) 0.0102040816326531
                                             square(D),in(B,E),triangle(E),config(A,up),in(B,A) 0.0153061224489796
                                             circle(D),in(B,E),triangle(E),config(A,down),in(B,A) 0.0127551020408163
                                             in(B,E),triangle(E),in(A,F),config(E,up),config(A,down) 0.0102040816326531
                                                                 config(E,up),config(D,down),in(C,A) 0.0127551020408163
                                                                                             config(A,down) 0.0127551020408163
                                                                 config(D,down),config(A,up),in(B,A) 0.0127551020408163
                                                     in(A,F),triangle(F),config(F,up),config(A,up) 0.0102040816326531
c_counter(10,19)
f_counter(10,19)

level(11)
true,triangle(A),square(B),circle(C),in(C,D),triangle(D),in(B,E),triangle(E),config(E,up),config(A,down),in(C,A) 0.0127551020408163
c_counter(11,1)
f_counter(11,1)

level(12)
c_counter(12,0)
f_counter(12,0)
