/** -------------------------------------------------
 ** Algorithm:   Warmr
 ** Output type: freq_queries.out
 ** Date:        7/20/2016 18:9:20
 ** ACE version: 1.2.20
 ** Hardware:    ubuntu : x86_64 running Linux
 ** -------------------------------------------------
 **/

sample_size(52.0).
min_rel_freq(0.5).
min_abs_freq(26.0).

level(1).
freq(1,1,[true],1.0).
c_counter(1,1).
f_counter(1,1).

level(2).
freq(2,1,[true,method(A)],1.0).
freq(2,2,[true,basic_block(A)],1.0).
freq(2,3,[true,in(A,B)],1.0).
freq(2,4,[true,directed_edge(A,B)],1.0).
c_counter(2,8).
f_counter(2,4).

level(3).
freq(3,1,[true,method(A),basic_block(B)],1.0).
freq(3,2,[true,method(A),in(B,A)],1.0).
freq(3,3,[true,method(A),in(B,C)],1.0).
freq(3,4,[true,method(A),directed_edge(B,C)],1.0).
freq(3,5,[true,basic_block(A),in(A,B)],1.0).
freq(3,6,[true,basic_block(A),in(B,C)],1.0).
freq(3,7,[true,basic_block(A),directed_edge(A,B)],0.980769230769231).
freq(3,8,[true,basic_block(A),directed_edge(B,A)],1.0).
freq(3,9,[true,basic_block(A),directed_edge(B,C)],1.0).
freq(3,10,[true,in(A,B),directed_edge(A,C)],0.980769230769231).
freq(3,11,[true,in(A,B),directed_edge(C,A)],1.0).
freq(3,12,[true,in(A,B),directed_edge(C,D)],1.0).
freq(3,13,[true,directed_edge(A,B),directed_edge(B,C)],0.980769230769231).
c_counter(3,25).
f_counter(3,13).

level(4).
freq(4,1,[true,method(A),basic_block(B),in(B,A)],1.0).
freq(4,2,[true,method(A),basic_block(B),in(B,C)],1.0).
freq(4,3,[true,method(A),basic_block(B),in(C,A)],1.0).
freq(4,4,[true,method(A),basic_block(B),in(C,D)],1.0).
freq(4,5,[true,method(A),basic_block(B),directed_edge(B,C)],0.980769230769231).
freq(4,6,[true,method(A),basic_block(B),directed_edge(C,B)],1.0).
freq(4,7,[true,method(A),basic_block(B),directed_edge(C,D)],1.0).
freq(4,8,[true,method(A),in(B,A),directed_edge(B,C)],0.980769230769231).
freq(4,9,[true,method(A),in(B,A),directed_edge(C,B)],1.0).
freq(4,10,[true,method(A),in(B,A),directed_edge(C,D)],1.0).
freq(4,11,[true,method(A),in(B,C),method(C)],1.0).
freq(4,12,[true,method(A),in(B,C),directed_edge(B,D)],0.980769230769231).
freq(4,13,[true,method(A),in(B,C),directed_edge(D,B)],1.0).
freq(4,14,[true,method(A),in(B,C),directed_edge(D,E)],1.0).
freq(4,15,[true,method(A),directed_edge(B,C),directed_edge(C,D)],0.980769230769231).
freq(4,16,[true,basic_block(A),in(A,B),directed_edge(A,C)],0.980769230769231).
freq(4,17,[true,basic_block(A),in(A,B),directed_edge(C,A)],1.0).
freq(4,18,[true,basic_block(A),in(A,B),directed_edge(C,D)],1.0).
freq(4,19,[true,basic_block(A),in(B,C),basic_block(B)],1.0).
freq(4,20,[true,basic_block(A),in(B,C),directed_edge(B,A)],0.980769230769231).
freq(4,21,[true,basic_block(A),in(B,C),directed_edge(B,D)],0.980769230769231).
freq(4,22,[true,basic_block(A),in(B,C),directed_edge(A,B)],0.980769230769231).
freq(4,23,[true,basic_block(A),in(B,C),directed_edge(A,D)],0.980769230769231).
freq(4,24,[true,basic_block(A),in(B,C),directed_edge(D,B)],1.0).
freq(4,25,[true,basic_block(A),in(B,C),directed_edge(D,A)],1.0).
freq(4,26,[true,basic_block(A),in(B,C),directed_edge(D,E)],1.0).
freq(4,27,[true,basic_block(A),directed_edge(A,B),basic_block(B)],0.980769230769231).
freq(4,28,[true,basic_block(A),directed_edge(A,B),directed_edge(B,C)],0.961538461538462).
freq(4,29,[true,basic_block(A),directed_edge(A,B),directed_edge(C,A)],0.980769230769231).
freq(4,30,[true,basic_block(A),directed_edge(B,A),directed_edge(C,B)],0.980769230769231).
freq(4,31,[true,basic_block(A),directed_edge(B,C),basic_block(C)],1.0).
freq(4,32,[true,basic_block(A),directed_edge(B,C),basic_block(B)],0.980769230769231).
freq(4,33,[true,basic_block(A),directed_edge(B,C),directed_edge(C,D)],0.980769230769231).
freq(4,34,[true,in(A,B),directed_edge(A,C),in(C,B)],0.980769230769231).
freq(4,35,[true,in(A,B),directed_edge(A,C),in(C,D)],0.980769230769231).
freq(4,36,[true,in(A,B),directed_edge(A,C),directed_edge(C,D)],0.961538461538462).
freq(4,37,[true,in(A,B),directed_edge(A,C),directed_edge(D,A)],0.980769230769231).
freq(4,38,[true,in(A,B),directed_edge(C,A),directed_edge(D,C)],0.980769230769231).
freq(4,39,[true,in(A,B),directed_edge(C,D),in(D,B)],1.0).
freq(4,40,[true,in(A,B),directed_edge(C,D),in(C,B)],0.980769230769231).
freq(4,41,[true,in(A,B),directed_edge(C,D),directed_edge(D,E)],0.980769230769231).
freq(4,42,[true,directed_edge(A,B),directed_edge(B,C),directed_edge(C,A)],0.75).
freq(4,43,[true,directed_edge(A,B),directed_edge(B,C),directed_edge(C,D)],0.961538461538462).
freq(4,44,[true,directed_edge(A,B),directed_edge(B,C),directed_edge(A,C)],0.75).
c_counter(4,44).
f_counter(4,44).
