/** -------------------------------------------------
 ** Algorithm:   Warmr
 ** Output type: freq_packs.out
 ** Date:        7/21/2016 0:46:41
 ** ACE version: 1.2.20
 ** Hardware:    ubuntu : x86_64 running Linux
 ** -------------------------------------------------
 **/

sample_size(52.0)
min_rel_freq(0.5)
min_abs_freq(26.0)

level(1)
true 0.5
c_counter(1,1)
f_counter(1,1)

level(2)
true,method(A) 0.5
     basic_block(A) 0.5
     in(A,B) 0.5
     directed_edge(A,B) 0.5
c_counter(2,8)
f_counter(2,4)

level(3)
true,method(A),basic_block(B) 0.5
               in(B,A) 0.5
               in(B,C) 0.5
               directed_edge(B,C) 0.5
     basic_block(A),in(A,B) 0.5
                    in(B,C) 0.5
                    directed_edge(B,A) 0.5
                    directed_edge(B,C) 0.5
     in(A,B),directed_edge(C,A) 0.5
             directed_edge(C,D) 0.5
c_counter(3,25)
f_counter(3,10)

level(4)
true,method(A),basic_block(B),in(B,A) 0.5
                              in(B,C) 0.5
                              in(C,A) 0.5
                              in(C,D) 0.5
                              directed_edge(C,B) 0.5
                              directed_edge(C,D) 0.5
               in(B,A),directed_edge(C,B) 0.5
                       directed_edge(C,D) 0.5
               in(B,C),method(C) 0.5
                       directed_edge(D,B) 0.5
                       directed_edge(D,E) 0.5
     basic_block(A),in(A,B),directed_edge(C,A) 0.5
                            directed_edge(C,D) 0.5
                    in(B,C),basic_block(B) 0.5
                            directed_edge(D,B) 0.5
                            directed_edge(D,A) 0.5
                            directed_edge(D,E) 0.5
                    directed_edge(B,C),basic_block(C) 0.5
     in(A,B),directed_edge(C,D),in(D,B) 0.5
c_counter(4,19)
f_counter(4,19)
