This file contains any messages produced by compilers while
running configure, to aid debugging if configure makes a mistake.

It was created by beebs configure 1.0, which was
generated by GNU Autoconf 2.69.  Invocation command line was

  $ /home/john/Desktop/tmp/beebs/configure 

## --------- ##
## Platform. ##
## --------- ##

hostname = ubuntu
uname -m = x86_64
uname -r = 4.4.0-28-generic
uname -s = Linux
uname -v = #47-Ubuntu SMP Fri Jun 24 10:09:13 UTC 2016

/usr/bin/uname -p = unknown
/bin/uname -X     = unknown

/bin/arch              = unknown
/usr/bin/arch -k       = unknown
/usr/convex/getsysinfo = unknown
/usr/bin/hostinfo      = unknown
/bin/machine           = unknown
/usr/bin/oslevel       = unknown
/bin/universe          = unknown

PATH: /usr/local/sbin
PATH: /usr/local/bin
PATH: /usr/sbin
PATH: /usr/bin
PATH: /sbin
PATH: /bin
PATH: /usr/games
PATH: /usr/local/games
PATH: /usr/lib/ctuning-cc-2.5-gcc-4.4.4-ici-2.05-milepost-2.1/install/bin/


## ----------- ##
## Core tests. ##
## ----------- ##

configure:2203: checking build system type
configure:2217: result: x86_64-unknown-linux-gnu
configure:2237: checking host system type
configure:2250: result: x86_64-unknown-linux-gnu
configure:2287: checking for a BSD-compatible install
configure:2355: result: /usr/bin/install -c
configure:2366: checking whether build environment is sane
configure:2421: result: yes
configure:2572: checking for a thread-safe mkdir -p
configure:2611: result: /bin/mkdir -p
configure:2618: checking for gawk
configure:2634: found /usr/bin/gawk
configure:2645: result: gawk
configure:2656: checking whether make sets $(MAKE)
configure:2678: result: yes
configure:2707: checking whether make supports nested variables
configure:2724: result: yes
configure:2851: checking whether to enable maintainer-specific portions of Makefiles
configure:2860: result: yes
configure:2884: checking whether make supports nested variables
configure:2901: result: yes
configure:3067: checking how to print strings
configure:3094: result: printf
configure:3127: checking for style of include used by make
configure:3155: result: GNU
configure:3226: checking for gcc
configure:3242: found /usr/bin/gcc
configure:3253: result: gcc
configure:3482: checking for C compiler version
configure:3491: gcc --version >&5
gcc (Ubuntu 5.3.1-14ubuntu2.1) 5.3.1 20160413
Copyright (C) 2015 Free Software Foundation, Inc.
This is free software; see the source for copying conditions.  There is NO
warranty; not even for MERCHANTABILITY or FITNESS FOR A PARTICULAR PURPOSE.

configure:3502: $? = 0
configure:3491: gcc -v >&5
Using built-in specs.
COLLECT_GCC=gcc
COLLECT_LTO_WRAPPER=/usr/lib/gcc/x86_64-linux-gnu/5/lto-wrapper
Target: x86_64-linux-gnu
Configured with: ../src/configure -v --with-pkgversion='Ubuntu 5.3.1-14ubuntu2.1' --with-bugurl=file:///usr/share/doc/gcc-5/README.Bugs --enable-languages=c,ada,c++,java,go,d,fortran,objc,obj-c++ --prefix=/usr --program-suffix=-5 --enable-shared --enable-linker-build-id --libexecdir=/usr/lib --without-included-gettext --enable-threads=posix --libdir=/usr/lib --enable-nls --with-sysroot=/ --enable-clocale=gnu --enable-libstdcxx-debug --enable-libstdcxx-time=yes --with-default-libstdcxx-abi=new --enable-gnu-unique-object --disable-vtable-verify --enable-libmpx --enable-plugin --with-system-zlib --disable-browser-plugin --enable-java-awt=gtk --enable-gtk-cairo --with-java-home=/usr/lib/jvm/java-1.5.0-gcj-5-amd64/jre --enable-java-home --with-jvm-root-dir=/usr/lib/jvm/java-1.5.0-gcj-5-amd64 --with-jvm-jar-dir=/usr/lib/jvm-exports/java-1.5.0-gcj-5-amd64 --with-arch-directory=amd64 --with-ecj-jar=/usr/share/java/eclipse-ecj.jar --enable-objc-gc --enable-multiarch --disable-werror --with-arch-32=i686 --with-abi=m64 --with-multilib-list=m32,m64,mx32 --enable-multilib --with-tune=generic --enable-checking=release --build=x86_64-linux-gnu --host=x86_64-linux-gnu --target=x86_64-linux-gnu
Thread model: posix
gcc version 5.3.1 20160413 (Ubuntu 5.3.1-14ubuntu2.1) 
configure:3502: $? = 0
configure:3491: gcc -V >&5
gcc: error: unrecognized command line option '-V'
gcc: fatal error: no input files
compilation terminated.
configure:3502: $? = 1
configure:3491: gcc -qversion >&5
gcc: error: unrecognized command line option '-qversion'
gcc: fatal error: no input files
compilation terminated.
configure:3502: $? = 1
configure:3522: checking whether the C compiler works
configure:3544: gcc   -std=gnu99       conftest.c  >&5
configure:3548: $? = 0
configure:3596: result: yes
configure:3599: checking for C compiler default output file name
configure:3601: result: a.out
configure:3607: checking for suffix of executables
configure:3614: gcc -o conftest   -std=gnu99       conftest.c  >&5
configure:3618: $? = 0
configure:3640: result: 
configure:3662: checking whether we are cross compiling
configure:3670: gcc -o conftest   -std=gnu99       conftest.c  >&5
configure:3674: $? = 0
configure:3681: ./conftest
configure:3685: $? = 0
configure:3700: result: no
configure:3705: checking for suffix of object files
configure:3727: gcc -c   -std=gnu99   conftest.c >&5
configure:3731: $? = 0
configure:3752: result: o
configure:3756: checking whether we are using the GNU C compiler
configure:3775: gcc -c   -std=gnu99   conftest.c >&5
configure:3775: $? = 0
configure:3784: result: yes
configure:3793: checking whether gcc accepts -g
configure:3813: gcc -c -g  conftest.c >&5
configure:3813: $? = 0
configure:3854: result: yes
configure:3871: checking for gcc option to accept ISO C89
configure:3934: gcc  -c   -std=gnu99   conftest.c >&5
configure:3934: $? = 0
configure:3947: result: none needed
configure:3972: checking whether gcc understands -c and -o together
configure:3994: gcc -c conftest.c -o conftest2.o
configure:3997: $? = 0
configure:3994: gcc -c conftest.c -o conftest2.o
configure:3997: $? = 0
configure:4009: result: yes
configure:4028: checking dependency style of gcc
configure:4139: result: gcc3
configure:4154: checking for a sed that does not truncate output
configure:4218: result: /bin/sed
configure:4236: checking for grep that handles long lines and -e
configure:4294: result: /bin/grep
configure:4299: checking for egrep
configure:4361: result: /bin/grep -E
configure:4366: checking for fgrep
configure:4428: result: /bin/grep -F
configure:4463: checking for ld used by gcc
configure:4530: result: /usr/bin/ld
configure:4537: checking if the linker (/usr/bin/ld) is GNU ld
configure:4552: result: yes
configure:4564: checking for BSD- or MS-compatible name lister (nm)
configure:4613: result: /usr/bin/nm -B
configure:4743: checking the name lister (/usr/bin/nm -B) interface
configure:4750: gcc -c   -std=gnu99   conftest.c >&5
configure:4753: /usr/bin/nm -B "conftest.o"
configure:4756: output
0000000000000000 B some_variable
configure:4763: result: BSD nm
configure:4766: checking whether ln -s works
configure:4770: result: yes
configure:4778: checking the maximum length of command line arguments
configure:4908: result: 1572864
configure:4925: checking whether the shell understands some XSI constructs
configure:4935: result: yes
configure:4939: checking whether the shell understands "+="
configure:4945: result: yes
configure:4980: checking how to convert x86_64-unknown-linux-gnu file names to x86_64-unknown-linux-gnu format
configure:5020: result: func_convert_file_noop
configure:5027: checking how to convert x86_64-unknown-linux-gnu file names to toolchain format
configure:5047: result: func_convert_file_noop
configure:5054: checking for /usr/bin/ld option to reload object files
configure:5061: result: -r
configure:5135: checking for objdump
configure:5151: found /usr/bin/objdump
configure:5162: result: objdump
configure:5194: checking how to recognize dependent libraries
configure:5396: result: pass_all
configure:5481: checking for dlltool
configure:5511: result: no
configure:5541: checking how to associate runtime and link libraries
configure:5568: result: printf %s\n
configure:5629: checking for ar
configure:5645: found /usr/bin/ar
configure:5656: result: ar
configure:5693: checking for archiver @FILE support
configure:5710: gcc -c   -std=gnu99   conftest.c >&5
configure:5710: $? = 0
configure:5713: ar cru libconftest.a @conftest.lst >&5
ar: `u' modifier ignored since `D' is the default (see `U')
configure:5716: $? = 0
configure:5721: ar cru libconftest.a @conftest.lst >&5
ar: `u' modifier ignored since `D' is the default (see `U')
ar: conftest.o: No such file or directory
configure:5724: $? = 1
configure:5736: result: @
configure:5794: checking for strip
configure:5810: found /usr/bin/strip
configure:5821: result: strip
configure:5893: checking for ranlib
configure:5909: found /usr/bin/ranlib
configure:5920: result: ranlib
configure:6022: checking command to parse /usr/bin/nm -B output from gcc object
configure:6142: gcc -c   -std=gnu99   conftest.c >&5
configure:6145: $? = 0
configure:6149: /usr/bin/nm -B conftest.o \| sed -n -e 's/^.*[ ]\([ABCDGIRSTW][ABCDGIRSTW]*\)[ ][ ]*\([_A-Za-z][_A-Za-z0-9]*\)$/\1 \2 \2/p' | sed '/ __gnu_lto/d' \> conftest.nm
configure:6152: $? = 0
configure:6218: gcc -o conftest   -std=gnu99       conftest.c conftstm.o >&5
configure:6221: $? = 0
configure:6259: result: ok
configure:6296: checking for sysroot
configure:6326: result: no
configure:6403: gcc -c   -std=gnu99   conftest.c >&5
configure:6406: $? = 0
configure:6582: checking for mt
configure:6598: found /bin/mt
configure:6609: result: mt
configure:6632: checking if mt is a manifest tool
configure:6638: mt '-?'
configure:6646: result: no
configure:7288: checking how to run the C preprocessor
configure:7319: gcc -E  conftest.c
configure:7319: $? = 0
configure:7333: gcc -E  conftest.c
conftest.c:12:28: fatal error: ac_nonexistent.h: No such file or directory
compilation terminated.
configure:7333: $? = 1
configure: failed program was:
| /* confdefs.h */
| #define PACKAGE_NAME "beebs"
| #define PACKAGE_TARNAME "beebs"
| #define PACKAGE_VERSION "1.0"
| #define PACKAGE_STRING "beebs 1.0"
| #define PACKAGE_BUGREPORT "beebs@mageec.org"
| #define PACKAGE_URL ""
| #define PACKAGE "beebs"
| #define VERSION "1.0"
| #define HAVE_CHIPSUPPORT_H 1
| /* end confdefs.h.  */
| #include <ac_nonexistent.h>
configure:7358: result: gcc -E
configure:7378: gcc -E  conftest.c
configure:7378: $? = 0
configure:7392: gcc -E  conftest.c
conftest.c:12:28: fatal error: ac_nonexistent.h: No such file or directory
compilation terminated.
configure:7392: $? = 1
configure: failed program was:
| /* confdefs.h */
| #define PACKAGE_NAME "beebs"
| #define PACKAGE_TARNAME "beebs"
| #define PACKAGE_VERSION "1.0"
| #define PACKAGE_STRING "beebs 1.0"
| #define PACKAGE_BUGREPORT "beebs@mageec.org"
| #define PACKAGE_URL ""
| #define PACKAGE "beebs"
| #define VERSION "1.0"
| #define HAVE_CHIPSUPPORT_H 1
| /* end confdefs.h.  */
| #include <ac_nonexistent.h>
configure:7421: checking for ANSI C header files
configure:7441: gcc -c   -std=gnu99   conftest.c >&5
configure:7441: $? = 0
configure:7514: gcc -o conftest   -std=gnu99       conftest.c  >&5
configure:7514: $? = 0
configure:7514: ./conftest
configure:7514: $? = 0
configure:7525: result: yes
configure:7538: checking for sys/types.h
configure:7538: gcc -c   -std=gnu99   conftest.c >&5
configure:7538: $? = 0
configure:7538: result: yes
configure:7538: checking for sys/stat.h
configure:7538: gcc -c   -std=gnu99   conftest.c >&5
configure:7538: $? = 0
configure:7538: result: yes
configure:7538: checking for stdlib.h
configure:7538: gcc -c   -std=gnu99   conftest.c >&5
configure:7538: $? = 0
configure:7538: result: yes
configure:7538: checking for string.h
configure:7538: gcc -c   -std=gnu99   conftest.c >&5
configure:7538: $? = 0
configure:7538: result: yes
configure:7538: checking for memory.h
configure:7538: gcc -c   -std=gnu99   conftest.c >&5
configure:7538: $? = 0
configure:7538: result: yes
configure:7538: checking for strings.h
configure:7538: gcc -c   -std=gnu99   conftest.c >&5
configure:7538: $? = 0
configure:7538: result: yes
configure:7538: checking for inttypes.h
configure:7538: gcc -c   -std=gnu99   conftest.c >&5
configure:7538: $? = 0
configure:7538: result: yes
configure:7538: checking for stdint.h
configure:7538: gcc -c   -std=gnu99   conftest.c >&5
configure:7538: $? = 0
configure:7538: result: yes
configure:7538: checking for unistd.h
configure:7538: gcc -c   -std=gnu99   conftest.c >&5
configure:7538: $? = 0
configure:7538: result: yes
configure:7552: checking for dlfcn.h
configure:7552: gcc -c   -std=gnu99   conftest.c >&5
configure:7552: $? = 0
configure:7552: result: yes
configure:7758: checking for objdir
configure:7773: result: .libs
configure:8044: checking if gcc supports -fno-rtti -fno-exceptions
configure:8062: gcc -c   -std=gnu99   -fno-rtti -fno-exceptions conftest.c >&5
cc1: warning: command line option '-fno-rtti' is valid for C++/ObjC++ but not for C
configure:8066: $? = 0
configure:8079: result: no
configure:8406: checking for gcc option to produce PIC
configure:8413: result: -fPIC -DPIC
configure:8421: checking if gcc PIC flag -fPIC -DPIC works
configure:8439: gcc -c   -std=gnu99   -fPIC -DPIC -DPIC conftest.c >&5
configure:8443: $? = 0
configure:8456: result: yes
configure:8485: checking if gcc static flag -static works
configure:8513: result: yes
configure:8528: checking if gcc supports -c -o file.o
configure:8549: gcc -c   -std=gnu99   -o out/conftest2.o conftest.c >&5
configure:8553: $? = 0
configure:8575: result: yes
configure:8583: checking if gcc supports -c -o file.o
configure:8630: result: yes
configure:8663: checking whether the gcc linker (/usr/bin/ld -m elf_x86_64) supports shared libraries
configure:9816: result: yes
configure:9853: checking whether -lc should be explicitly linked in
configure:9861: gcc -c   -std=gnu99   conftest.c >&5
configure:9864: $? = 0
configure:9879: gcc -shared  -fPIC -DPIC conftest.o  -v -Wl,-soname -Wl,conftest -o conftest 2\>\&1 \| /bin/grep  -lc  \>/dev/null 2\>\&1
configure:9882: $? = 0
configure:9896: result: no
configure:10056: checking dynamic linker characteristics
configure:10567: gcc -o conftest   -std=gnu99       -Wl,-rpath -Wl,/foo conftest.c  >&5
configure:10567: $? = 0
configure:10789: result: GNU/Linux ld.so
configure:10896: checking how to hardcode library paths into programs
configure:10921: result: immediate
configure:11461: checking whether stripping libraries is possible
configure:11466: result: yes
configure:11501: checking if libtool supports shared libraries
configure:11503: result: yes
configure:11506: checking whether to build shared libraries
configure:11527: result: yes
configure:11530: checking whether to build static libraries
configure:11534: result: yes
configure:11623: checking for gcc
configure:11650: result: gcc
configure:11879: checking for C compiler version
configure:11888: gcc --version >&5
gcc (Ubuntu 5.3.1-14ubuntu2.1) 5.3.1 20160413
Copyright (C) 2015 Free Software Foundation, Inc.
This is free software; see the source for copying conditions.  There is NO
warranty; not even for MERCHANTABILITY or FITNESS FOR A PARTICULAR PURPOSE.

configure:11899: $? = 0
configure:11888: gcc -v >&5
Using built-in specs.
COLLECT_GCC=gcc
COLLECT_LTO_WRAPPER=/usr/lib/gcc/x86_64-linux-gnu/5/lto-wrapper
Target: x86_64-linux-gnu
Configured with: ../src/configure -v --with-pkgversion='Ubuntu 5.3.1-14ubuntu2.1' --with-bugurl=file:///usr/share/doc/gcc-5/README.Bugs --enable-languages=c,ada,c++,java,go,d,fortran,objc,obj-c++ --prefix=/usr --program-suffix=-5 --enable-shared --enable-linker-build-id --libexecdir=/usr/lib --without-included-gettext --enable-threads=posix --libdir=/usr/lib --enable-nls --with-sysroot=/ --enable-clocale=gnu --enable-libstdcxx-debug --enable-libstdcxx-time=yes --with-default-libstdcxx-abi=new --enable-gnu-unique-object --disable-vtable-verify --enable-libmpx --enable-plugin --with-system-zlib --disable-browser-plugin --enable-java-awt=gtk --enable-gtk-cairo --with-java-home=/usr/lib/jvm/java-1.5.0-gcj-5-amd64/jre --enable-java-home --with-jvm-root-dir=/usr/lib/jvm/java-1.5.0-gcj-5-amd64 --with-jvm-jar-dir=/usr/lib/jvm-exports/java-1.5.0-gcj-5-amd64 --with-arch-directory=amd64 --with-ecj-jar=/usr/share/java/eclipse-ecj.jar --enable-objc-gc --enable-multiarch --disable-werror --with-arch-32=i686 --with-abi=m64 --with-multilib-list=m32,m64,mx32 --enable-multilib --with-tune=generic --enable-checking=release --build=x86_64-linux-gnu --host=x86_64-linux-gnu --target=x86_64-linux-gnu
Thread model: posix
gcc version 5.3.1 20160413 (Ubuntu 5.3.1-14ubuntu2.1) 
configure:11899: $? = 0
configure:11888: gcc -V >&5
gcc: error: unrecognized command line option '-V'
gcc: fatal error: no input files
compilation terminated.
configure:11899: $? = 1
configure:11888: gcc -qversion >&5
gcc: error: unrecognized command line option '-qversion'
gcc: fatal error: no input files
compilation terminated.
configure:11899: $? = 1
configure:11903: checking whether we are using the GNU C compiler
configure:11931: result: yes
configure:11940: checking whether gcc accepts -g
configure:12001: result: yes
configure:12018: checking for gcc option to accept ISO C89
configure:12094: result: none needed
configure:12119: checking whether gcc understands -c and -o together
configure:12156: result: yes
configure:12175: checking dependency style of gcc
configure:12286: result: gcc3
configure:12310: checking dependency style of gcc
configure:12419: result: gcc3
configure:12434: checking for gcc option to accept ISO C99
configure:12583: gcc  -c   -std=gnu99   conftest.c >&5
configure:12583: $? = 0
configure:12596: result: none needed
configure:12630: Var GCC = yes
configure:14169: checking that generated files are newer than configure
configure:14175: result: done
configure:14218: creating ./config.status

## ---------------------- ##
## Running config.status. ##
## ---------------------- ##

This file was extended by beebs config.status 1.0, which was
generated by GNU Autoconf 2.69.  Invocation command line was

  CONFIG_FILES    = 
  CONFIG_HEADERS  = 
  CONFIG_LINKS    = 
  CONFIG_COMMANDS = 
  $ ./config.status 

on ubuntu

config.status:1205: creating src/2dfir/Makefile
config.status:1205: creating src/adpcm/Makefile
config.status:1205: creating src/aha-compress/Makefile
config.status:1205: creating src/aha-mont64/Makefile
config.status:1205: creating src/blowfish/Makefile
config.status:1205: creating src/bs/Makefile
config.status:1205: creating src/bubblesort/Makefile
config.status:1205: creating src/cnt/Makefile
config.status:1205: creating src/compress/Makefile
config.status:1205: creating src/cover/Makefile
config.status:1205: creating src/crc/Makefile
config.status:1205: creating src/crc32/Makefile
config.status:1205: creating src/ctl-stack/Makefile
config.status:1205: creating src/ctl-string/Makefile
config.status:1205: creating src/ctl-vector/Makefile
config.status:1205: creating src/cubic/Makefile
config.status:1205: creating src/dhrystone/Makefile
config.status:1205: creating src/dijkstra/Makefile
config.status:1205: creating src/dtoa/Makefile
config.status:1205: creating src/duff/Makefile
config.status:1205: creating src/edn/Makefile
config.status:1205: creating src/expint/Makefile
config.status:1205: creating src/fac/Makefile
config.status:1205: creating src/fasta/Makefile
config.status:1205: creating src/fdct/Makefile
config.status:1205: creating src/fft/Makefile
config.status:1205: creating src/fibcall/Makefile
config.status:1205: creating src/fir/Makefile
config.status:1205: creating src/frac/Makefile
config.status:1205: creating src/huffbench/Makefile
config.status:1205: creating src/insertsort/Makefile
config.status:1205: creating src/janne_complex/Makefile
config.status:1205: creating src/jfdctint/Makefile
config.status:1205: creating src/lcdnum/Makefile
config.status:1205: creating src/levenshtein/Makefile
config.status:1205: creating src/lms/Makefile
config.status:1205: creating src/ludcmp/Makefile
config.status:1205: creating src/matmult-int/Makefile
config.status:1205: creating src/matmult-float/Makefile
config.status:1205: creating src/mergesort/Makefile
config.status:1205: creating src/miniz/Makefile
config.status:1205: creating src/minver/Makefile
config.status:1205: creating src/nbody/Makefile
config.status:1205: creating src/ndes/Makefile
config.status:1205: creating src/nettle-arcfour/Makefile
config.status:1205: creating src/nettle-cast128/Makefile
config.status:1205: creating src/nettle-des/Makefile
config.status:1205: creating src/nettle-md5/Makefile
config.status:1205: creating src/newlib-exp/Makefile
config.status:1205: creating src/newlib-log/Makefile
config.status:1205: creating src/newlib-mod/Makefile
config.status:1205: creating src/newlib-sqrt/Makefile
config.status:1205: creating src/ns/Makefile
config.status:1205: creating src/nsichneu/Makefile
config.status:1205: creating src/picojpeg/Makefile
config.status:1205: creating src/prime/Makefile
config.status:1205: creating src/qrduino/Makefile
config.status:1205: creating src/qsort/Makefile
config.status:1205: creating src/qurt/Makefile
config.status:1205: creating src/recursion/Makefile
config.status:1205: creating src/rijndael/Makefile
config.status:1205: creating src/select/Makefile
config.status:1205: creating src/sglib-arraybinsearch/Makefile
config.status:1205: creating src/sglib-arrayheapsort/Makefile
config.status:1205: creating src/sglib-arrayquicksort/Makefile
config.status:1205: creating src/sglib-dllist/Makefile
config.status:1205: creating src/sglib-hashtable/Makefile
config.status:1205: creating src/sglib-listinsertsort/Makefile
config.status:1205: creating src/sglib-listsort/Makefile
config.status:1205: creating src/sglib-queue/Makefile
config.status:1205: creating src/sglib-rbtree/Makefile
config.status:1205: creating src/sha/Makefile
config.status:1205: creating src/slre/Makefile
config.status:1205: creating src/stringsearch1/Makefile
config.status:1205: creating src/strstr/Makefile
config.status:1205: creating src/sqrt/Makefile
config.status:1205: creating src/st/Makefile
config.status:1205: creating src/statemate/Makefile
config.status:1205: creating src/stb_perlin/Makefile
config.status:1205: creating src/tarai/Makefile
config.status:1205: creating src/trio-snprintf/Makefile
config.status:1205: creating src/trio-sscanf/Makefile
config.status:1205: creating src/ud/Makefile
config.status:1205: creating src/wikisort/Makefile
config.status:1205: creating src/whetstone/Makefile
config.status:1205: creating dejagnu/site.exp
config.status:1205: creating src/template/Makefile
config.status:1205: creating doc/Makefile
config.status:1205: creating Makefile
config.status:1205: creating config.h
config.status:1419: executing depfiles commands
config.status:1419: executing libtool commands

## ---------------- ##
## Cache variables. ##
## ---------------- ##

ac_cv_build=x86_64-unknown-linux-gnu
ac_cv_c_compiler_gnu=yes
ac_cv_env_CCASFLAGS_set=
ac_cv_env_CCASFLAGS_value=
ac_cv_env_CCAS_set=
ac_cv_env_CCAS_value=
ac_cv_env_CC_set=
ac_cv_env_CC_value=
ac_cv_env_CFLAGS_set=
ac_cv_env_CFLAGS_value=
ac_cv_env_CPPFLAGS_set=
ac_cv_env_CPPFLAGS_value=
ac_cv_env_CPP_set=
ac_cv_env_CPP_value=
ac_cv_env_EXCLUDED_BENCHMARKS_set=
ac_cv_env_EXCLUDED_BENCHMARKS_value=
ac_cv_env_LDFLAGS_set=
ac_cv_env_LDFLAGS_value=
ac_cv_env_LIBS_set=
ac_cv_env_LIBS_value=
ac_cv_env_build_alias_set=
ac_cv_env_build_alias_value=
ac_cv_env_host_alias_set=
ac_cv_env_host_alias_value=
ac_cv_env_target_alias_set=
ac_cv_env_target_alias_value=
ac_cv_header_dlfcn_h=yes
ac_cv_header_inttypes_h=yes
ac_cv_header_memory_h=yes
ac_cv_header_stdc=yes
ac_cv_header_stdint_h=yes
ac_cv_header_stdlib_h=yes
ac_cv_header_string_h=yes
ac_cv_header_strings_h=yes
ac_cv_header_sys_stat_h=yes
ac_cv_header_sys_types_h=yes
ac_cv_header_unistd_h=yes
ac_cv_host=x86_64-unknown-linux-gnu
ac_cv_objext=o
ac_cv_path_EGREP='/bin/grep -E'
ac_cv_path_FGREP='/bin/grep -F'
ac_cv_path_GREP=/bin/grep
ac_cv_path_SED=/bin/sed
ac_cv_path_install='/usr/bin/install -c'
ac_cv_path_mkdir=/bin/mkdir
ac_cv_prog_AWK=gawk
ac_cv_prog_CPP='gcc -E'
ac_cv_prog_ac_ct_AR=ar
ac_cv_prog_ac_ct_CC=gcc
ac_cv_prog_ac_ct_MANIFEST_TOOL=mt
ac_cv_prog_ac_ct_OBJDUMP=objdump
ac_cv_prog_ac_ct_RANLIB=ranlib
ac_cv_prog_ac_ct_STRIP=strip
ac_cv_prog_cc_c89=
ac_cv_prog_cc_c99=
ac_cv_prog_cc_g=yes
ac_cv_prog_make_make_set=yes
am_cv_CCAS_dependencies_compiler_type=gcc3
am_cv_CC_dependencies_compiler_type=gcc3
am_cv_make_support_nested_variables=yes
am_cv_prog_cc_c_o=yes
lt_cv_ar_at_file=@
lt_cv_archive_cmds_need_lc=no
lt_cv_deplibs_check_method=pass_all
lt_cv_file_magic_cmd='$MAGIC_CMD'
lt_cv_file_magic_test_file=
lt_cv_ld_reload_flag=-r
lt_cv_nm_interface='BSD nm'
lt_cv_objdir=.libs
lt_cv_path_LD=/usr/bin/ld
lt_cv_path_NM='/usr/bin/nm -B'
lt_cv_path_mainfest_tool=no
lt_cv_prog_compiler_c_o=yes
lt_cv_prog_compiler_pic='-fPIC -DPIC'
lt_cv_prog_compiler_pic_works=yes
lt_cv_prog_compiler_rtti_exceptions=no
lt_cv_prog_compiler_static_works=yes
lt_cv_prog_gnu_ld=yes
lt_cv_sharedlib_from_linklib_cmd='printf %s\n'
lt_cv_shlibpath_overrides_runpath=no
lt_cv_sys_global_symbol_pipe='sed -n -e '\''s/^.*[	 ]\([ABCDGIRSTW][ABCDGIRSTW]*\)[	 ][	 ]*\([_A-Za-z][_A-Za-z0-9]*\)$/\1 \2 \2/p'\'' | sed '\''/ __gnu_lto/d'\'''
lt_cv_sys_global_symbol_to_c_name_address='sed -n -e '\''s/^: \([^ ]*\)[ ]*$/  {\"\1\", (void *) 0},/p'\'' -e '\''s/^[ABCDGIRSTW]* \([^ ]*\) \([^ ]*\)$/  {"\2", (void *) \&\2},/p'\'''
lt_cv_sys_global_symbol_to_c_name_address_lib_prefix='sed -n -e '\''s/^: \([^ ]*\)[ ]*$/  {\"\1\", (void *) 0},/p'\'' -e '\''s/^[ABCDGIRSTW]* \([^ ]*\) \(lib[^ ]*\)$/  {"\2", (void *) \&\2},/p'\'' -e '\''s/^[ABCDGIRSTW]* \([^ ]*\) \([^ ]*\)$/  {"lib\2", (void *) \&\2},/p'\'''
lt_cv_sys_global_symbol_to_cdecl='sed -n -e '\''s/^T .* \(.*\)$/extern int \1();/p'\'' -e '\''s/^[ABCDGIRSTW]* .* \(.*\)$/extern char \1;/p'\'''
lt_cv_sys_max_cmd_len=1572864
lt_cv_to_host_file_cmd=func_convert_file_noop
lt_cv_to_tool_file_cmd=func_convert_file_noop

## ----------------- ##
## Output variables. ##
## ----------------- ##

ACLOCAL='${SHELL} /home/john/Desktop/tmp/beebs/build-aux/missing aclocal-1.15'
AMDEPBACKSLASH='\'
AMDEP_FALSE='#'
AMDEP_TRUE=''
AMTAR='$${TAR-tar}'
AM_BACKSLASH='\'
AM_DEFAULT_V='$(AM_DEFAULT_VERBOSITY)'
AM_DEFAULT_VERBOSITY='0'
AM_V='$(V)'
AR='ar'
ARCH='x86_64'
AUTOCONF='${SHELL} /home/john/Desktop/tmp/beebs/build-aux/missing autoconf'
AUTOHEADER='${SHELL} /home/john/Desktop/tmp/beebs/build-aux/missing autoheader'
AUTOMAKE='${SHELL} /home/john/Desktop/tmp/beebs/build-aux/missing automake-1.15'
AWK='gawk'
BENCHMARKS='2dfir adpcm aha-compress aha-mont64 blowfish bs bubblesort cnt compress cover crc crc32 ctl-stack ctl-string ctl-vector cubic dhrystone dijkstra dtoa duff edn expint fac fasta fdct fft fibcall fir frac huffbench insertsort janne_complex jfdctint lcdnum levenshtein lms ludcmp matmult-int matmult-float mergesort miniz minver nbody ndes nettle-arcfour nettle-cast128 nettle-des nettle-md5 newlib-exp newlib-log newlib-mod newlib-sqrt ns nsichneu picojpeg prime qrduino qsort qurt recursion rijndael select sglib-arraybinsearch sglib-arrayheapsort sglib-arrayquicksort sglib-dllist sglib-hashtable sglib-listinsertsort sglib-listsort sglib-queue sglib-rbtree sha slre stringsearch1 strstr sqrt st statemate stb_perlin tarai trio-snprintf trio-sscanf ud wikisort whetstone '
BENCHMARKS_SUBDIRS='src/2dfir src/adpcm src/aha-compress src/aha-mont64 src/blowfish src/bs src/bubblesort src/cnt src/compress src/cover src/crc src/crc32 src/ctl-stack src/ctl-string src/ctl-vector src/cubic src/dhrystone src/dijkstra src/dtoa src/duff src/edn src/expint src/fac src/fasta src/fdct src/fft src/fibcall src/fir src/frac src/huffbench src/insertsort src/janne_complex src/jfdctint src/lcdnum src/levenshtein src/lms src/ludcmp src/matmult-int src/matmult-float src/mergesort src/miniz src/minver src/nbody src/ndes src/nettle-arcfour src/nettle-cast128 src/nettle-des src/nettle-md5 src/newlib-exp src/newlib-log src/newlib-mod src/newlib-sqrt src/ns src/nsichneu src/picojpeg src/prime src/qrduino src/qsort src/qurt src/recursion src/rijndael src/select src/sglib-arraybinsearch src/sglib-arrayheapsort src/sglib-arrayquicksort src/sglib-dllist src/sglib-hashtable src/sglib-listinsertsort src/sglib-listsort src/sglib-queue src/sglib-rbtree src/sha src/slre src/stringsearch1 src/strstr src/sqrt src/st src/statemate src/stb_perlin src/tarai src/trio-snprintf src/trio-sscanf src/ud src/wikisort src/whetstone '
BOARD='none'
CALIBRATION_FALSE=''
CALIBRATION_TRUE='#'
CC='gcc'
CCAS='gcc'
CCASDEPMODE='depmode=gcc3'
CCASFLAGS='  -std=gnu99 '
CCDEPMODE='depmode=gcc3'
CFLAGS=''
CHIP='generic'
CHIPSUPPORT_C_FALSE='#'
CHIPSUPPORT_C_TRUE=''
CONFIG_CFLAGS=' -std=gnu99 '
CONFIG_LDFLAGS='  '
CPP='gcc -E'
CPPFLAGS=''
CYGPATH_W='echo'
DEFS='-DHAVE_CONFIG_H'
DEPDIR='.deps'
DLLTOOL='false'
DSYMUTIL=''
DUMPBIN=''
ECHO_C=''
ECHO_N='-n'
ECHO_T=''
EGREP='/bin/grep -E'
EXCLUDED_BENCHMARKS=''
EXEEXT=''
FGREP='/bin/grep -F'
GREP='/bin/grep'
INSTALL_DATA='${INSTALL} -m 644'
INSTALL_PROGRAM='${INSTALL}'
INSTALL_SCRIPT='${INSTALL}'
INSTALL_STRIP_PROGRAM='$(install_sh) -c -s'
LD='/usr/bin/ld -m elf_x86_64'
LDFLAGS=''
LIBOBJS=''
LIBS=''
LIBTOOL='$(SHELL) $(top_builddir)/libtool'
LIBTOOL_DEPS='/home/john/Desktop/tmp/beebs/build-aux/ltmain.sh'
LIPO=''
LN_S='ln -s'
LTLIBOBJS=''
MAINT=''
MAINTAINER_MODE_FALSE='#'
MAINTAINER_MODE_TRUE=''
MAKEINFO='${SHELL} /home/john/Desktop/tmp/beebs/build-aux/missing makeinfo'
MANIFEST_TOOL=':'
MKDIR_P='/bin/mkdir -p'
NM='/usr/bin/nm -B'
NMEDIT=''
OBJDUMP='objdump'
OBJEXT='o'
OTOOL64=''
OTOOL=''
PACKAGE='beebs'
PACKAGE_BUGREPORT='beebs@mageec.org'
PACKAGE_NAME='beebs'
PACKAGE_STRING='beebs 1.0'
PACKAGE_TARNAME='beebs'
PACKAGE_URL=''
PACKAGE_VERSION='1.0'
PATH_SEPARATOR=':'
RANLIB='ranlib'
SED='/bin/sed'
SET_MAKE=''
SHELL='/bin/bash'
STRIP='strip'
VERSION='1.0'
WARN_CFLAGS='-Wall'
WERROR_CFLAGS='-Werror'
ac_ct_AR='ar'
ac_ct_CC='gcc'
ac_ct_DUMPBIN=''
am__EXEEXT_FALSE=''
am__EXEEXT_TRUE='#'
am__fastdepCCAS_FALSE='#'
am__fastdepCCAS_TRUE=''
am__fastdepCC_FALSE='#'
am__fastdepCC_TRUE=''
am__include='include'
am__isrc=' -I$(srcdir)'
am__leading_dot='.'
am__nodep='_no'
am__quote=''
am__tar='$${TAR-tar} chof - "$$tardir"'
am__untar='$${TAR-tar} xf -'
bindir='${exec_prefix}/bin'
build='x86_64-unknown-linux-gnu'
build_alias=''
build_cpu='x86_64'
build_os='linux-gnu'
build_vendor='unknown'
datadir='${datarootdir}'
datarootdir='${prefix}/share'
docdir='${datarootdir}/doc/${PACKAGE_TARNAME}'
dvidir='${docdir}'
exec_prefix='${prefix}'
host='x86_64-unknown-linux-gnu'
host_alias=''
host_cpu='x86_64'
host_os='linux-gnu'
host_vendor='unknown'
htmldir='${docdir}'
includedir='${prefix}/include'
infodir='${datarootdir}/info'
install_sh='${SHELL} /home/john/Desktop/tmp/beebs/build-aux/install-sh'
libdir='${exec_prefix}/lib'
libexecdir='${exec_prefix}/libexec'
localedir='${datarootdir}/locale'
localstatedir='${prefix}/var'
mandir='${datarootdir}/man'
mkdir_p='$(MKDIR_P)'
oldincludedir='/usr/include'
pdfdir='${docdir}'
prefix='/usr/local'
program_transform_name='s,x,x,'
psdir='${docdir}'
runstatedir='${localstatedir}/run'
sbindir='${exec_prefix}/sbin'
sharedstatedir='${prefix}/com'
sysconfdir='${prefix}/etc'
target_alias=''

## ----------- ##
## confdefs.h. ##
## ----------- ##

/* confdefs.h */
#define PACKAGE_NAME "beebs"
#define PACKAGE_TARNAME "beebs"
#define PACKAGE_VERSION "1.0"
#define PACKAGE_STRING "beebs 1.0"
#define PACKAGE_BUGREPORT "beebs@mageec.org"
#define PACKAGE_URL ""
#define PACKAGE "beebs"
#define VERSION "1.0"
#define HAVE_CHIPSUPPORT_H 1
#define STDC_HEADERS 1
#define HAVE_SYS_TYPES_H 1
#define HAVE_SYS_STAT_H 1
#define HAVE_STDLIB_H 1
#define HAVE_STRING_H 1
#define HAVE_MEMORY_H 1
#define HAVE_STRINGS_H 1
#define HAVE_INTTYPES_H 1
#define HAVE_STDINT_H 1
#define HAVE_UNISTD_H 1
#define HAVE_DLFCN_H 1
#define LT_OBJDIR ".libs/"

configure: exit 0
