/** -------------------------------------------------
 ** Algorithm:   Warmr
 ** Output type: freq_queries.out
 ** Date:        7/21/2016 13:47:3
 ** ACE version: 1.2.20
 ** Hardware:    ubuntu : x86_64 running Linux
 ** -------------------------------------------------
 **/

sample_size(4.0).
min_rel_freq(0.5).
min_abs_freq(2.0).

level(1).
freq(1,1,[true],1.0).
c_counter(1,1).
f_counter(1,1).

level(2).
freq(2,1,[true,method(A)],1.0).
freq(2,2,[true,basic_block(A)],1.0).
freq(2,3,[true,in(A,A)],0.5).
freq(2,4,[true,in(A,B)],1.0).
freq(2,5,[true,directed_edge(A,A)],0.5).
freq(2,6,[true,directed_edge(A,B)],1.0).
c_counter(2,8).
f_counter(2,6).

level(3).
freq(3,1,[true,method(A),basic_block(A)],0.5).
freq(3,2,[true,method(A),basic_block(B)],1.0).
freq(3,3,[true,method(A),in(A,A)],0.5).
freq(3,4,[true,method(A),in(A,B)],0.5).
freq(3,5,[true,method(A),in(B,B)],0.5).
freq(3,6,[true,method(A),in(B,A)],1.0).
freq(3,7,[true,method(A),in(B,C)],1.0).
freq(3,8,[true,method(A),directed_edge(A,A)],0.5).
freq(3,9,[true,method(A),directed_edge(A,B)],0.5).
freq(3,10,[true,method(A),directed_edge(B,B)],0.5).
freq(3,11,[true,method(A),directed_edge(B,A)],0.5).
freq(3,12,[true,method(A),directed_edge(B,C)],1.0).
freq(3,13,[true,basic_block(A),in(A,A)],0.5).
freq(3,14,[true,basic_block(A),in(A,B)],1.0).
freq(3,15,[true,basic_block(A),in(B,B)],0.5).
freq(3,16,[true,basic_block(A),in(B,A)],0.5).
freq(3,17,[true,basic_block(A),in(B,C)],1.0).
freq(3,18,[true,basic_block(A),directed_edge(A,A)],0.5).
freq(3,19,[true,basic_block(A),directed_edge(A,B)],1.0).
freq(3,20,[true,basic_block(A),directed_edge(B,B)],0.5).
freq(3,21,[true,basic_block(A),directed_edge(B,A)],1.0).
freq(3,22,[true,basic_block(A),directed_edge(B,C)],1.0).
freq(3,23,[true,in(A,A),directed_edge(A,A)],0.5).
freq(3,24,[true,in(A,A),directed_edge(A,B)],0.5).
freq(3,25,[true,in(A,A),directed_edge(B,B)],0.5).
freq(3,26,[true,in(A,A),directed_edge(B,A)],0.5).
freq(3,27,[true,in(A,A),directed_edge(B,C)],0.5).
freq(3,28,[true,in(A,B),in(B,B)],0.5).
freq(3,29,[true,in(A,B),in(B,A)],0.5).
freq(3,30,[true,in(A,B),in(B,C)],0.5).
freq(3,31,[true,in(A,B),directed_edge(B,B)],0.5).
freq(3,32,[true,in(A,B),directed_edge(B,A)],0.5).
freq(3,33,[true,in(A,B),directed_edge(B,C)],0.5).
freq(3,34,[true,in(A,B),directed_edge(A,B)],0.5).
freq(3,35,[true,in(A,B),directed_edge(A,A)],0.5).
freq(3,36,[true,in(A,B),directed_edge(A,C)],1.0).
freq(3,37,[true,in(A,B),directed_edge(C,C)],0.5).
freq(3,38,[true,in(A,B),directed_edge(C,B)],0.5).
freq(3,39,[true,in(A,B),directed_edge(C,A)],1.0).
freq(3,40,[true,in(A,B),directed_edge(C,D)],1.0).
freq(3,41,[true,directed_edge(A,B),directed_edge(B,B)],0.5).
freq(3,42,[true,directed_edge(A,B),directed_edge(B,A)],0.5).
freq(3,43,[true,directed_edge(A,B),directed_edge(B,C)],1.0).
c_counter(3,43).
f_counter(3,43).

level(4).
freq(4,1,[true,method(A),basic_block(A),in(A,A)],0.5).
freq(4,2,[true,method(A),basic_block(A),in(A,B)],0.5).
freq(4,3,[true,method(A),basic_block(A),in(B,B)],0.5).
freq(4,4,[true,method(A),basic_block(A),in(B,A)],0.5).
freq(4,5,[true,method(A),basic_block(A),in(B,C)],0.5).
freq(4,6,[true,method(A),basic_block(A),directed_edge(A,A)],0.5).
freq(4,7,[true,method(A),basic_block(A),directed_edge(A,B)],0.5).
freq(4,8,[true,method(A),basic_block(A),directed_edge(B,B)],0.5).
freq(4,9,[true,method(A),basic_block(A),directed_edge(B,A)],0.5).
freq(4,10,[true,method(A),basic_block(A),directed_edge(B,C)],0.5).
freq(4,11,[true,method(A),basic_block(B),method(B)],0.5).
freq(4,12,[true,method(A),basic_block(B),in(B,B)],0.5).
freq(4,13,[true,method(A),basic_block(B),in(B,A)],1.0).
freq(4,14,[true,method(A),basic_block(B),in(B,C)],1.0).
freq(4,15,[true,method(A),basic_block(B),in(A,B)],0.5).
freq(4,16,[true,method(A),basic_block(B),in(A,A)],0.5).
freq(4,17,[true,method(A),basic_block(B),in(A,C)],0.5).
freq(4,18,[true,method(A),basic_block(B),in(C,C)],0.5).
freq(4,19,[true,method(A),basic_block(B),in(C,B)],0.5).
freq(4,20,[true,method(A),basic_block(B),in(C,A)],1.0).
freq(4,21,[true,method(A),basic_block(B),in(C,D)],1.0).
freq(4,22,[true,method(A),basic_block(B),directed_edge(B,B)],0.5).
freq(4,23,[true,method(A),basic_block(B),directed_edge(B,A)],0.5).
freq(4,24,[true,method(A),basic_block(B),directed_edge(B,C)],1.0).
freq(4,25,[true,method(A),basic_block(B),directed_edge(A,B)],0.5).
freq(4,26,[true,method(A),basic_block(B),directed_edge(A,A)],0.5).
freq(4,27,[true,method(A),basic_block(B),directed_edge(A,C)],0.5).
freq(4,28,[true,method(A),basic_block(B),directed_edge(C,C)],0.5).
freq(4,29,[true,method(A),basic_block(B),directed_edge(C,B)],1.0).
freq(4,30,[true,method(A),basic_block(B),directed_edge(C,A)],0.5).
freq(4,31,[true,method(A),basic_block(B),directed_edge(C,D)],1.0).
freq(4,32,[true,method(A),in(A,A),directed_edge(A,A)],0.5).
freq(4,33,[true,method(A),in(A,A),directed_edge(A,B)],0.5).
freq(4,34,[true,method(A),in(A,A),directed_edge(B,B)],0.5).
freq(4,35,[true,method(A),in(A,A),directed_edge(B,A)],0.5).
freq(4,36,[true,method(A),in(A,A),directed_edge(B,C)],0.5).
freq(4,37,[true,method(A),in(A,B),method(B)],0.5).
freq(4,38,[true,method(A),in(A,B),in(B,B)],0.5).
freq(4,39,[true,method(A),in(A,B),in(B,A)],0.5).
freq(4,40,[true,method(A),in(A,B),in(B,C)],0.5).
freq(4,41,[true,method(A),in(A,B),in(A,A)],0.5).
freq(4,42,[true,method(A),in(A,B),in(C,C)],0.5).
freq(4,43,[true,method(A),in(A,B),in(C,A)],0.5).
freq(4,44,[true,method(A),in(A,B),directed_edge(B,B)],0.5).
freq(4,45,[true,method(A),in(A,B),directed_edge(B,A)],0.5).
freq(4,46,[true,method(A),in(A,B),directed_edge(B,C)],0.5).
freq(4,47,[true,method(A),in(A,B),directed_edge(A,B)],0.5).
freq(4,48,[true,method(A),in(A,B),directed_edge(A,A)],0.5).
freq(4,49,[true,method(A),in(A,B),directed_edge(A,C)],0.5).
freq(4,50,[true,method(A),in(A,B),directed_edge(C,C)],0.5).
freq(4,51,[true,method(A),in(A,B),directed_edge(C,B)],0.5).
freq(4,52,[true,method(A),in(A,B),directed_edge(C,A)],0.5).
freq(4,53,[true,method(A),in(A,B),directed_edge(C,D)],0.5).
freq(4,54,[true,method(A),in(B,B),in(B,A)],0.5).
freq(4,55,[true,method(A),in(B,B),in(C,A)],0.5).
freq(4,56,[true,method(A),in(B,B),directed_edge(B,B)],0.5).
freq(4,57,[true,method(A),in(B,B),directed_edge(B,A)],0.5).
freq(4,58,[true,method(A),in(B,B),directed_edge(B,C)],0.5).
freq(4,59,[true,method(A),in(B,B),directed_edge(A,B)],0.5).
freq(4,60,[true,method(A),in(B,B),directed_edge(A,A)],0.5).
freq(4,61,[true,method(A),in(B,B),directed_edge(A,C)],0.5).
freq(4,62,[true,method(A),in(B,B),directed_edge(C,C)],0.5).
freq(4,63,[true,method(A),in(B,B),directed_edge(C,B)],0.5).
freq(4,64,[true,method(A),in(B,B),directed_edge(C,A)],0.5).
freq(4,65,[true,method(A),in(B,B),directed_edge(C,D)],0.5).
freq(4,66,[true,method(A),in(B,A),in(C,B)],0.5).
freq(4,67,[true,method(A),in(B,A),directed_edge(B,B)],0.5).
freq(4,68,[true,method(A),in(B,A),directed_edge(B,A)],0.5).
freq(4,69,[true,method(A),in(B,A),directed_edge(B,C)],1.0).
freq(4,70,[true,method(A),in(B,A),directed_edge(A,B)],0.5).
freq(4,71,[true,method(A),in(B,A),directed_edge(A,A)],0.5).
freq(4,72,[true,method(A),in(B,A),directed_edge(A,C)],0.5).
freq(4,73,[true,method(A),in(B,A),directed_edge(C,C)],0.5).
freq(4,74,[true,method(A),in(B,A),directed_edge(C,B)],1.0).
freq(4,75,[true,method(A),in(B,A),directed_edge(C,A)],0.5).
freq(4,76,[true,method(A),in(B,A),directed_edge(C,D)],1.0).
freq(4,77,[true,method(A),in(B,C),method(C)],1.0).
freq(4,78,[true,method(A),in(B,C),method(B)],0.5).
freq(4,79,[true,method(A),in(B,C),in(C,C)],0.5).
freq(4,80,[true,method(A),in(B,C),in(C,B)],0.5).
freq(4,81,[true,method(A),in(B,C),in(C,D)],0.5).
freq(4,82,[true,method(A),in(B,C),directed_edge(C,C)],0.5).
freq(4,83,[true,method(A),in(B,C),directed_edge(C,B)],0.5).
freq(4,84,[true,method(A),in(B,C),directed_edge(C,A)],0.5).
freq(4,85,[true,method(A),in(B,C),directed_edge(C,D)],0.5).
freq(4,86,[true,method(A),in(B,C),directed_edge(B,C)],0.5).
freq(4,87,[true,method(A),in(B,C),directed_edge(B,B)],0.5).
freq(4,88,[true,method(A),in(B,C),directed_edge(B,A)],0.5).
freq(4,89,[true,method(A),in(B,C),directed_edge(B,D)],1.0).
freq(4,90,[true,method(A),in(B,C),directed_edge(A,C)],0.5).
freq(4,91,[true,method(A),in(B,C),directed_edge(A,B)],0.5).
freq(4,92,[true,method(A),in(B,C),directed_edge(A,A)],0.5).
freq(4,93,[true,method(A),in(B,C),directed_edge(A,D)],0.5).
freq(4,94,[true,method(A),in(B,C),directed_edge(D,D)],0.5).
freq(4,95,[true,method(A),in(B,C),directed_edge(D,C)],0.5).
freq(4,96,[true,method(A),in(B,C),directed_edge(D,B)],1.0).
freq(4,97,[true,method(A),in(B,C),directed_edge(D,A)],0.5).
freq(4,98,[true,method(A),in(B,C),directed_edge(D,E)],1.0).
freq(4,99,[true,method(A),directed_edge(A,B),method(B)],0.5).
freq(4,100,[true,method(A),directed_edge(A,B),directed_edge(B,B)],0.5).
freq(4,101,[true,method(A),directed_edge(A,B),directed_edge(B,A)],0.5).
freq(4,102,[true,method(A),directed_edge(A,B),directed_edge(B,C)],0.5).
freq(4,103,[true,method(A),directed_edge(A,B),directed_edge(A,A)],0.5).
freq(4,104,[true,method(A),directed_edge(A,B),directed_edge(C,C)],0.5).
freq(4,105,[true,method(A),directed_edge(A,B),directed_edge(C,A)],0.5).
freq(4,106,[true,method(A),directed_edge(B,B),directed_edge(B,A)],0.5).
freq(4,107,[true,method(A),directed_edge(B,B),directed_edge(C,A)],0.5).
freq(4,108,[true,method(A),directed_edge(B,A),directed_edge(C,B)],0.5).
freq(4,109,[true,method(A),directed_edge(B,C),method(C)],0.5).
freq(4,110,[true,method(A),directed_edge(B,C),method(B)],0.5).
freq(4,111,[true,method(A),directed_edge(B,C),directed_edge(C,C)],0.5).
freq(4,112,[true,method(A),directed_edge(B,C),directed_edge(C,B)],0.5).
freq(4,113,[true,method(A),directed_edge(B,C),directed_edge(C,D)],1.0).
freq(4,114,[true,basic_block(A),in(A,A),directed_edge(A,A)],0.5).
freq(4,115,[true,basic_block(A),in(A,A),directed_edge(A,B)],0.5).
freq(4,116,[true,basic_block(A),in(A,A),directed_edge(B,B)],0.5).
freq(4,117,[true,basic_block(A),in(A,A),directed_edge(B,A)],0.5).
freq(4,118,[true,basic_block(A),in(A,A),directed_edge(B,C)],0.5).
freq(4,119,[true,basic_block(A),in(A,B),basic_block(B)],0.5).
freq(4,120,[true,basic_block(A),in(A,B),in(B,B)],0.5).
freq(4,121,[true,basic_block(A),in(A,B),in(B,A)],0.5).
freq(4,122,[true,basic_block(A),in(A,B),in(B,C)],0.5).
freq(4,123,[true,basic_block(A),in(A,B),in(A,A)],0.5).
freq(4,124,[true,basic_block(A),in(A,B),in(C,C)],0.5).
freq(4,125,[true,basic_block(A),in(A,B),in(C,A)],0.5).
freq(4,126,[true,basic_block(A),in(A,B),directed_edge(B,B)],0.5).
freq(4,127,[true,basic_block(A),in(A,B),directed_edge(B,A)],0.5).
freq(4,128,[true,basic_block(A),in(A,B),directed_edge(B,C)],0.5).
freq(4,129,[true,basic_block(A),in(A,B),directed_edge(A,B)],0.5).
freq(4,130,[true,basic_block(A),in(A,B),directed_edge(A,A)],0.5).
freq(4,131,[true,basic_block(A),in(A,B),directed_edge(A,C)],1.0).
freq(4,132,[true,basic_block(A),in(A,B),directed_edge(C,C)],0.5).
freq(4,133,[true,basic_block(A),in(A,B),directed_edge(C,B)],0.5).
freq(4,134,[true,basic_block(A),in(A,B),directed_edge(C,A)],1.0).
freq(4,135,[true,basic_block(A),in(A,B),directed_edge(C,D)],1.0).
freq(4,136,[true,basic_block(A),in(B,B),in(B,A)],0.5).
freq(4,137,[true,basic_block(A),in(B,B),in(C,A)],0.5).
freq(4,138,[true,basic_block(A),in(B,B),directed_edge(B,B)],0.5).
freq(4,139,[true,basic_block(A),in(B,B),directed_edge(B,A)],0.5).
freq(4,140,[true,basic_block(A),in(B,B),directed_edge(B,C)],0.5).
freq(4,141,[true,basic_block(A),in(B,B),directed_edge(A,B)],0.5).
freq(4,142,[true,basic_block(A),in(B,B),directed_edge(A,A)],0.5).
freq(4,143,[true,basic_block(A),in(B,B),directed_edge(A,C)],0.5).
freq(4,144,[true,basic_block(A),in(B,B),directed_edge(C,C)],0.5).
freq(4,145,[true,basic_block(A),in(B,B),directed_edge(C,B)],0.5).
freq(4,146,[true,basic_block(A),in(B,B),directed_edge(C,A)],0.5).
freq(4,147,[true,basic_block(A),in(B,B),directed_edge(C,D)],0.5).
freq(4,148,[true,basic_block(A),in(B,A),in(C,B)],0.5).
freq(4,149,[true,basic_block(A),in(B,A),directed_edge(B,B)],0.5).
freq(4,150,[true,basic_block(A),in(B,A),directed_edge(B,A)],0.5).
freq(4,151,[true,basic_block(A),in(B,A),directed_edge(B,C)],0.5).
freq(4,152,[true,basic_block(A),in(B,A),directed_edge(A,B)],0.5).
freq(4,153,[true,basic_block(A),in(B,A),directed_edge(A,A)],0.5).
freq(4,154,[true,basic_block(A),in(B,A),directed_edge(A,C)],0.5).
freq(4,155,[true,basic_block(A),in(B,A),directed_edge(C,C)],0.5).
freq(4,156,[true,basic_block(A),in(B,A),directed_edge(C,B)],0.5).
freq(4,157,[true,basic_block(A),in(B,A),directed_edge(C,A)],0.5).
freq(4,158,[true,basic_block(A),in(B,A),directed_edge(C,D)],0.5).
freq(4,159,[true,basic_block(A),in(B,C),basic_block(C)],0.5).
freq(4,160,[true,basic_block(A),in(B,C),basic_block(B)],1.0).
freq(4,161,[true,basic_block(A),in(B,C),in(C,C)],0.5).
freq(4,162,[true,basic_block(A),in(B,C),in(C,B)],0.5).
freq(4,163,[true,basic_block(A),in(B,C),in(C,D)],0.5).
freq(4,164,[true,basic_block(A),in(B,C),directed_edge(C,C)],0.5).
freq(4,165,[true,basic_block(A),in(B,C),directed_edge(C,B)],0.5).
freq(4,166,[true,basic_block(A),in(B,C),directed_edge(C,A)],0.5).
freq(4,167,[true,basic_block(A),in(B,C),directed_edge(C,D)],0.5).
freq(4,168,[true,basic_block(A),in(B,C),directed_edge(B,C)],0.5).
freq(4,169,[true,basic_block(A),in(B,C),directed_edge(B,B)],0.5).
freq(4,170,[true,basic_block(A),in(B,C),directed_edge(B,A)],1.0).
freq(4,171,[true,basic_block(A),in(B,C),directed_edge(B,D)],1.0).
freq(4,172,[true,basic_block(A),in(B,C),directed_edge(A,C)],0.5).
freq(4,173,[true,basic_block(A),in(B,C),directed_edge(A,B)],1.0).
freq(4,174,[true,basic_block(A),in(B,C),directed_edge(A,A)],0.5).
freq(4,175,[true,basic_block(A),in(B,C),directed_edge(A,D)],1.0).
freq(4,176,[true,basic_block(A),in(B,C),directed_edge(D,D)],0.5).
freq(4,177,[true,basic_block(A),in(B,C),directed_edge(D,C)],0.5).
freq(4,178,[true,basic_block(A),in(B,C),directed_edge(D,B)],1.0).
freq(4,179,[true,basic_block(A),in(B,C),directed_edge(D,A)],1.0).
freq(4,180,[true,basic_block(A),in(B,C),directed_edge(D,E)],1.0).
freq(4,181,[true,basic_block(A),directed_edge(A,B),basic_block(B)],1.0).
freq(4,182,[true,basic_block(A),directed_edge(A,B),directed_edge(B,B)],0.5).
freq(4,183,[true,basic_block(A),directed_edge(A,B),directed_edge(B,A)],0.5).
freq(4,184,[true,basic_block(A),directed_edge(A,B),directed_edge(B,C)],1.0).
freq(4,185,[true,basic_block(A),directed_edge(A,B),directed_edge(A,A)],0.5).
freq(4,186,[true,basic_block(A),directed_edge(A,B),directed_edge(C,C)],0.5).
freq(4,187,[true,basic_block(A),directed_edge(A,B),directed_edge(C,A)],1.0).
freq(4,188,[true,basic_block(A),directed_edge(B,B),directed_edge(B,A)],0.5).
freq(4,189,[true,basic_block(A),directed_edge(B,B),directed_edge(C,A)],0.5).
freq(4,190,[true,basic_block(A),directed_edge(B,A),directed_edge(C,B)],1.0).
freq(4,191,[true,basic_block(A),directed_edge(B,C),basic_block(C)],1.0).
freq(4,192,[true,basic_block(A),directed_edge(B,C),basic_block(B)],1.0).
freq(4,193,[true,basic_block(A),directed_edge(B,C),directed_edge(C,C)],0.5).
freq(4,194,[true,basic_block(A),directed_edge(B,C),directed_edge(C,B)],0.5).
freq(4,195,[true,basic_block(A),directed_edge(B,C),directed_edge(C,D)],1.0).
freq(4,196,[true,in(A,A),directed_edge(A,B),in(B,B)],0.5).
freq(4,197,[true,in(A,A),directed_edge(A,B),in(B,A)],0.5).
freq(4,198,[true,in(A,A),directed_edge(A,B),in(B,C)],0.5).
freq(4,199,[true,in(A,A),directed_edge(A,B),in(A,B)],0.5).
freq(4,200,[true,in(A,A),directed_edge(A,B),in(C,B)],0.5).
freq(4,201,[true,in(A,A),directed_edge(A,B),directed_edge(B,B)],0.5).
freq(4,202,[true,in(A,A),directed_edge(A,B),directed_edge(B,A)],0.5).
freq(4,203,[true,in(A,A),directed_edge(A,B),directed_edge(B,C)],0.5).
freq(4,204,[true,in(A,A),directed_edge(A,B),directed_edge(A,A)],0.5).
freq(4,205,[true,in(A,A),directed_edge(A,B),directed_edge(C,C)],0.5).
freq(4,206,[true,in(A,A),directed_edge(A,B),directed_edge(C,A)],0.5).
freq(4,207,[true,in(A,A),directed_edge(B,B),in(B,A)],0.5).
freq(4,208,[true,in(A,A),directed_edge(B,B),in(B,C)],0.5).
freq(4,209,[true,in(A,A),directed_edge(B,B),in(A,B)],0.5).
freq(4,210,[true,in(A,A),directed_edge(B,B),in(C,B)],0.5).
freq(4,211,[true,in(A,A),directed_edge(B,B),directed_edge(B,A)],0.5).
freq(4,212,[true,in(A,A),directed_edge(B,B),directed_edge(C,A)],0.5).
freq(4,213,[true,in(A,A),directed_edge(B,A),in(B,A)],0.5).
freq(4,214,[true,in(A,A),directed_edge(B,A),in(B,C)],0.5).
freq(4,215,[true,in(A,A),directed_edge(B,A),in(A,B)],0.5).
freq(4,216,[true,in(A,A),directed_edge(B,A),in(C,B)],0.5).
freq(4,217,[true,in(A,A),directed_edge(B,A),directed_edge(C,B)],0.5).
freq(4,218,[true,in(A,A),directed_edge(B,C),in(C,C)],0.5).
freq(4,219,[true,in(A,A),directed_edge(B,C),in(C,B)],0.5).
freq(4,220,[true,in(A,A),directed_edge(B,C),in(C,A)],0.5).
freq(4,221,[true,in(A,A),directed_edge(B,C),in(C,D)],0.5).
freq(4,222,[true,in(A,A),directed_edge(B,C),in(B,C)],0.5).
freq(4,223,[true,in(A,A),directed_edge(B,C),in(B,B)],0.5).
freq(4,224,[true,in(A,A),directed_edge(B,C),in(B,A)],0.5).
freq(4,225,[true,in(A,A),directed_edge(B,C),in(B,D)],0.5).
freq(4,226,[true,in(A,A),directed_edge(B,C),in(A,C)],0.5).
freq(4,227,[true,in(A,A),directed_edge(B,C),in(A,B)],0.5).
freq(4,228,[true,in(A,A),directed_edge(B,C),in(D,C)],0.5).
freq(4,229,[true,in(A,A),directed_edge(B,C),in(D,B)],0.5).
freq(4,230,[true,in(A,A),directed_edge(B,C),directed_edge(C,C)],0.5).
freq(4,231,[true,in(A,A),directed_edge(B,C),directed_edge(C,B)],0.5).
freq(4,232,[true,in(A,A),directed_edge(B,C),directed_edge(C,D)],0.5).
freq(4,233,[true,in(A,B),in(B,B),directed_edge(C,D)],0.5).
freq(4,234,[true,in(A,B),in(B,A),in(B,B)],0.5).
freq(4,235,[true,in(A,B),in(B,A),directed_edge(B,B)],0.5).
freq(4,236,[true,in(A,B),in(B,A),directed_edge(B,A)],0.5).
freq(4,237,[true,in(A,B),in(B,A),directed_edge(B,C)],0.5).
freq(4,238,[true,in(A,B),in(B,A),directed_edge(C,C)],0.5).
freq(4,239,[true,in(A,B),in(B,A),directed_edge(C,B)],0.5).
freq(4,240,[true,in(A,B),in(B,A),directed_edge(C,D)],0.5).
freq(4,241,[true,in(A,B),in(B,C),in(C,B)],0.5).
freq(4,242,[true,in(A,B),in(B,C),in(C,A)],0.5).
freq(4,243,[true,in(A,B),in(B,C),in(C,D)],0.5).
freq(4,244,[true,in(A,B),in(B,C),in(A,C)],0.5).
freq(4,245,[true,in(A,B),in(B,C),directed_edge(C,C)],0.5).
freq(4,246,[true,in(A,B),in(B,C),directed_edge(C,B)],0.5).
freq(4,247,[true,in(A,B),in(B,C),directed_edge(C,A)],0.5).
freq(4,248,[true,in(A,B),in(B,C),directed_edge(C,D)],0.5).
freq(4,249,[true,in(A,B),in(B,C),directed_edge(B,C)],0.5).
freq(4,250,[true,in(A,B),in(B,C),directed_edge(B,B)],0.5).
freq(4,251,[true,in(A,B),in(B,C),directed_edge(B,A)],0.5).
freq(4,252,[true,in(A,B),in(B,C),directed_edge(B,D)],0.5).
freq(4,253,[true,in(A,B),in(B,C),directed_edge(A,C)],0.5).
freq(4,254,[true,in(A,B),in(B,C),directed_edge(A,B)],0.5).
freq(4,255,[true,in(A,B),in(B,C),directed_edge(A,A)],0.5).
freq(4,256,[true,in(A,B),in(B,C),directed_edge(A,D)],0.5).
freq(4,257,[true,in(A,B),in(B,C),directed_edge(D,D)],0.5).
freq(4,258,[true,in(A,B),in(B,C),directed_edge(D,C)],0.5).
freq(4,259,[true,in(A,B),in(B,C),directed_edge(D,B)],0.5).
freq(4,260,[true,in(A,B),in(B,C),directed_edge(D,A)],0.5).
freq(4,261,[true,in(A,B),in(B,C),directed_edge(D,E)],0.5).
freq(4,262,[true,in(A,B),directed_edge(B,B),directed_edge(B,A)],0.5).
freq(4,263,[true,in(A,B),directed_edge(B,B),directed_edge(A,B)],0.5).
freq(4,264,[true,in(A,B),directed_edge(B,B),directed_edge(A,A)],0.5).
freq(4,265,[true,in(A,B),directed_edge(B,B),directed_edge(A,C)],0.5).
freq(4,266,[true,in(A,B),directed_edge(B,B),directed_edge(C,A)],0.5).
freq(4,267,[true,in(A,B),directed_edge(B,A),directed_edge(A,B)],0.5).
freq(4,268,[true,in(A,B),directed_edge(B,A),directed_edge(A,A)],0.5).
freq(4,269,[true,in(A,B),directed_edge(B,A),directed_edge(A,C)],0.5).
freq(4,270,[true,in(A,B),directed_edge(B,A),directed_edge(C,C)],0.5).
freq(4,271,[true,in(A,B),directed_edge(B,A),directed_edge(C,B)],0.5).
freq(4,272,[true,in(A,B),directed_edge(B,C),in(C,B)],0.5).
freq(4,273,[true,in(A,B),directed_edge(B,C),in(C,D)],0.5).
freq(4,274,[true,in(A,B),directed_edge(B,C),in(A,C)],0.5).
freq(4,275,[true,in(A,B),directed_edge(B,C),in(D,C)],0.5).
freq(4,276,[true,in(A,B),directed_edge(B,C),directed_edge(C,C)],0.5).
freq(4,277,[true,in(A,B),directed_edge(B,C),directed_edge(C,B)],0.5).
freq(4,278,[true,in(A,B),directed_edge(B,C),directed_edge(C,A)],0.5).
freq(4,279,[true,in(A,B),directed_edge(B,C),directed_edge(C,D)],0.5).
freq(4,280,[true,in(A,B),directed_edge(B,C),directed_edge(B,B)],0.5).
freq(4,281,[true,in(A,B),directed_edge(B,C),directed_edge(A,C)],0.5).
freq(4,282,[true,in(A,B),directed_edge(B,C),directed_edge(A,B)],0.5).
freq(4,283,[true,in(A,B),directed_edge(B,C),directed_edge(A,A)],0.5).
freq(4,284,[true,in(A,B),directed_edge(B,C),directed_edge(A,D)],0.5).
freq(4,285,[true,in(A,B),directed_edge(B,C),directed_edge(D,D)],0.5).
freq(4,286,[true,in(A,B),directed_edge(B,C),directed_edge(D,B)],0.5).
freq(4,287,[true,in(A,B),directed_edge(B,C),directed_edge(D,A)],0.5).
freq(4,288,[true,in(A,B),directed_edge(A,B),directed_edge(A,A)],0.5).
freq(4,289,[true,in(A,B),directed_edge(A,B),directed_edge(C,C)],0.5).
freq(4,290,[true,in(A,B),directed_edge(A,B),directed_edge(C,A)],0.5).
freq(4,291,[true,in(A,B),directed_edge(A,A),directed_edge(C,B)],0.5).
freq(4,292,[true,in(A,B),directed_edge(A,C),in(C,B)],1.0).
freq(4,293,[true,in(A,B),directed_edge(A,C),in(C,D)],1.0).
freq(4,294,[true,in(A,B),directed_edge(A,C),in(A,C)],0.5).
freq(4,295,[true,in(A,B),directed_edge(A,C),in(D,C)],0.5).
freq(4,296,[true,in(A,B),directed_edge(A,C),directed_edge(C,C)],0.5).
freq(4,297,[true,in(A,B),directed_edge(A,C),directed_edge(C,B)],0.5).
freq(4,298,[true,in(A,B),directed_edge(A,C),directed_edge(C,A)],0.5).
freq(4,299,[true,in(A,B),directed_edge(A,C),directed_edge(C,D)],1.0).
freq(4,300,[true,in(A,B),directed_edge(A,C),directed_edge(A,A)],0.5).
freq(4,301,[true,in(A,B),directed_edge(A,C),directed_edge(D,D)],0.5).
freq(4,302,[true,in(A,B),directed_edge(A,C),directed_edge(D,B)],0.5).
freq(4,303,[true,in(A,B),directed_edge(A,C),directed_edge(D,A)],1.0).
freq(4,304,[true,in(A,B),directed_edge(C,C),directed_edge(C,B)],0.5).
freq(4,305,[true,in(A,B),directed_edge(C,C),directed_edge(C,A)],0.5).
freq(4,306,[true,in(A,B),directed_edge(C,C),directed_edge(D,B)],0.5).
freq(4,307,[true,in(A,B),directed_edge(C,C),directed_edge(D,A)],0.5).
freq(4,308,[true,in(A,B),directed_edge(C,B),directed_edge(C,A)],0.5).
freq(4,309,[true,in(A,B),directed_edge(C,B),directed_edge(D,C)],0.5).
freq(4,310,[true,in(A,B),directed_edge(C,B),directed_edge(D,A)],0.5).
freq(4,311,[true,in(A,B),directed_edge(C,A),directed_edge(D,C)],1.0).
freq(4,312,[true,in(A,B),directed_edge(C,D),in(D,B)],1.0).
freq(4,313,[true,in(A,B),directed_edge(C,D),in(C,B)],1.0).
freq(4,314,[true,in(A,B),directed_edge(C,D),in(A,D)],0.5).
freq(4,315,[true,in(A,B),directed_edge(C,D),in(A,C)],0.5).
freq(4,316,[true,in(A,B),directed_edge(C,D),directed_edge(D,D)],0.5).
freq(4,317,[true,in(A,B),directed_edge(C,D),directed_edge(D,C)],0.5).
freq(4,318,[true,in(A,B),directed_edge(C,D),directed_edge(D,E)],1.0).
freq(4,319,[true,directed_edge(A,B),directed_edge(B,A),directed_edge(B,B)],0.5).
freq(4,320,[true,directed_edge(A,B),directed_edge(B,C),directed_edge(C,B)],0.5).
freq(4,321,[true,directed_edge(A,B),directed_edge(B,C),directed_edge(C,A)],0.75).
freq(4,322,[true,directed_edge(A,B),directed_edge(B,C),directed_edge(C,D)],1.0).
freq(4,323,[true,directed_edge(A,B),directed_edge(B,C),directed_edge(A,C)],0.75).
c_counter(4,323).
f_counter(4,323).
