/** -------------------------------------------------
 ** Algorithm:   Warmr
 ** Output type: freq_packs.out
 ** Date:        7/21/2016 13:47:3
 ** ACE version: 1.2.20
 ** Hardware:    ubuntu : x86_64 running Linux
 ** -------------------------------------------------
 **/

sample_size(4.0)
min_rel_freq(0.5)
min_abs_freq(2.0)

level(1)
true 1.0
c_counter(1,1)
f_counter(1,1)

level(2)
true,method(A) 1.0
     basic_block(A) 1.0
     in(A,A) 0.5
     in(A,B) 1.0
     directed_edge(A,A) 0.5
     directed_edge(A,B) 1.0
c_counter(2,8)
f_counter(2,6)

level(3)
true,method(A),basic_block(A) 0.5
               basic_block(B) 1.0
               in(A,A) 0.5
               in(A,B) 0.5
               in(B,B) 0.5
               in(B,A) 1.0
               in(B,C) 1.0
               directed_edge(A,A) 0.5
               directed_edge(A,B) 0.5
               directed_edge(B,B) 0.5
               directed_edge(B,A) 0.5
               directed_edge(B,C) 1.0
     basic_block(A),in(A,A) 0.5
                    in(A,B) 1.0
                    in(B,B) 0.5
                    in(B,A) 0.5
                    in(B,C) 1.0
                    directed_edge(A,A) 0.5
                    directed_edge(A,B) 1.0
                    directed_edge(B,B) 0.5
                    directed_edge(B,A) 1.0
                    directed_edge(B,C) 1.0
     in(A,A),directed_edge(A,A) 0.5
             directed_edge(A,B) 0.5
             directed_edge(B,B) 0.5
             directed_edge(B,A) 0.5
             directed_edge(B,C) 0.5
     in(A,B),in(B,B) 0.5
             in(B,A) 0.5
             in(B,C) 0.5
             directed_edge(B,B) 0.5
             directed_edge(B,A) 0.5
             directed_edge(B,C) 0.5
             directed_edge(A,B) 0.5
             directed_edge(A,A) 0.5
             directed_edge(A,C) 1.0
             directed_edge(C,C) 0.5
             directed_edge(C,B) 0.5
             directed_edge(C,A) 1.0
             directed_edge(C,D) 1.0
     directed_edge(A,B),directed_edge(B,B) 0.5
                        directed_edge(B,A) 0.5
                        directed_edge(B,C) 1.0
c_counter(3,43)
f_counter(3,43)

level(4)
true,method(A),basic_block(A),in(A,A) 0.5
                              in(A,B) 0.5
                              in(B,B) 0.5
                              in(B,A) 0.5
                              in(B,C) 0.5
                              directed_edge(A,A) 0.5
                              directed_edge(A,B) 0.5
                              directed_edge(B,B) 0.5
                              directed_edge(B,A) 0.5
                              directed_edge(B,C) 0.5
               basic_block(B),method(B) 0.5
                              in(B,B) 0.5
                              in(B,A) 1.0
                              in(B,C) 1.0
                              in(A,B) 0.5
                              in(A,A) 0.5
                              in(A,C) 0.5
                              in(C,C) 0.5
                              in(C,B) 0.5
                              in(C,A) 1.0
                              in(C,D) 1.0
                              directed_edge(B,B) 0.5
                              directed_edge(B,A) 0.5
                              directed_edge(B,C) 1.0
                              directed_edge(A,B) 0.5
                              directed_edge(A,A) 0.5
                              directed_edge(A,C) 0.5
                              directed_edge(C,C) 0.5
                              directed_edge(C,B) 1.0
                              directed_edge(C,A) 0.5
                              directed_edge(C,D) 1.0
               in(A,A),directed_edge(A,A) 0.5
                       directed_edge(A,B) 0.5
                       directed_edge(B,B) 0.5
                       directed_edge(B,A) 0.5
                       directed_edge(B,C) 0.5
               in(A,B),method(B) 0.5
                       in(B,B) 0.5
                       in(B,A) 0.5
                       in(B,C) 0.5
                       in(A,A) 0.5
                       in(C,C) 0.5
                       in(C,A) 0.5
                       directed_edge(B,B) 0.5
                       directed_edge(B,A) 0.5
                       directed_edge(B,C) 0.5
                       directed_edge(A,B) 0.5
                       directed_edge(A,A) 0.5
                       directed_edge(A,C) 0.5
                       directed_edge(C,C) 0.5
                       directed_edge(C,B) 0.5
                       directed_edge(C,A) 0.5
                       directed_edge(C,D) 0.5
               in(B,B),in(B,A) 0.5
                       in(C,A) 0.5
                       directed_edge(B,B) 0.5
                       directed_edge(B,A) 0.5
                       directed_edge(B,C) 0.5
                       directed_edge(A,B) 0.5
                       directed_edge(A,A) 0.5
                       directed_edge(A,C) 0.5
                       directed_edge(C,C) 0.5
                       directed_edge(C,B) 0.5
                       directed_edge(C,A) 0.5
                       directed_edge(C,D) 0.5
               in(B,A),in(C,B) 0.5
                       directed_edge(B,B) 0.5
                       directed_edge(B,A) 0.5
                       directed_edge(B,C) 1.0
                       directed_edge(A,B) 0.5
                       directed_edge(A,A) 0.5
                       directed_edge(A,C) 0.5
                       directed_edge(C,C) 0.5
                       directed_edge(C,B) 1.0
                       directed_edge(C,A) 0.5
                       directed_edge(C,D) 1.0
               in(B,C),method(C) 1.0
                       method(B) 0.5
                       in(C,C) 0.5
                       in(C,B) 0.5
                       in(C,D) 0.5
                       directed_edge(C,C) 0.5
                       directed_edge(C,B) 0.5
                       directed_edge(C,A) 0.5
                       directed_edge(C,D) 0.5
                       directed_edge(B,C) 0.5
                       directed_edge(B,B) 0.5
                       directed_edge(B,A) 0.5
                       directed_edge(B,D) 1.0
                       directed_edge(A,C) 0.5
                       directed_edge(A,B) 0.5
                       directed_edge(A,A) 0.5
                       directed_edge(A,D) 0.5
                       directed_edge(D,D) 0.5
                       directed_edge(D,C) 0.5
                       directed_edge(D,B) 1.0
                       directed_edge(D,A) 0.5
                       directed_edge(D,E) 1.0
               directed_edge(A,B),method(B) 0.5
                                  directed_edge(B,B) 0.5
                                  directed_edge(B,A) 0.5
                                  directed_edge(B,C) 0.5
                                  directed_edge(A,A) 0.5
                                  directed_edge(C,C) 0.5
                                  directed_edge(C,A) 0.5
               directed_edge(B,B),directed_edge(B,A) 0.5
                                  directed_edge(C,A) 0.5
               directed_edge(B,A),directed_edge(C,B) 0.5
               directed_edge(B,C),method(C) 0.5
                                  method(B) 0.5
                                  directed_edge(C,C) 0.5
                                  directed_edge(C,B) 0.5
                                  directed_edge(C,D) 1.0
     basic_block(A),in(A,A),directed_edge(A,A) 0.5
                            directed_edge(A,B) 0.5
                            directed_edge(B,B) 0.5
                            directed_edge(B,A) 0.5
                            directed_edge(B,C) 0.5
                    in(A,B),basic_block(B) 0.5
                            in(B,B) 0.5
                            in(B,A) 0.5
                            in(B,C) 0.5
                            in(A,A) 0.5
                            in(C,C) 0.5
                            in(C,A) 0.5
                            directed_edge(B,B) 0.5
                            directed_edge(B,A) 0.5
                            directed_edge(B,C) 0.5
                            directed_edge(A,B) 0.5
                            directed_edge(A,A) 0.5
                            directed_edge(A,C) 1.0
                            directed_edge(C,C) 0.5
                            directed_edge(C,B) 0.5
                            directed_edge(C,A) 1.0
                            directed_edge(C,D) 1.0
                    in(B,B),in(B,A) 0.5
                            in(C,A) 0.5
                            directed_edge(B,B) 0.5
                            directed_edge(B,A) 0.5
                            directed_edge(B,C) 0.5
                            directed_edge(A,B) 0.5
                            directed_edge(A,A) 0.5
                            directed_edge(A,C) 0.5
                            directed_edge(C,C) 0.5
                            directed_edge(C,B) 0.5
                            directed_edge(C,A) 0.5
                            directed_edge(C,D) 0.5
                    in(B,A),in(C,B) 0.5
                            directed_edge(B,B) 0.5
                            directed_edge(B,A) 0.5
                            directed_edge(B,C) 0.5
                            directed_edge(A,B) 0.5
                            directed_edge(A,A) 0.5
                            directed_edge(A,C) 0.5
                            directed_edge(C,C) 0.5
                            directed_edge(C,B) 0.5
                            directed_edge(C,A) 0.5
                            directed_edge(C,D) 0.5
                    in(B,C),basic_block(C) 0.5
                            basic_block(B) 1.0
                            in(C,C) 0.5
                            in(C,B) 0.5
                            in(C,D) 0.5
                            directed_edge(C,C) 0.5
                            directed_edge(C,B) 0.5
                            directed_edge(C,A) 0.5
                            directed_edge(C,D) 0.5
                            directed_edge(B,C) 0.5
                            directed_edge(B,B) 0.5
                            directed_edge(B,A) 1.0
                            directed_edge(B,D) 1.0
                            directed_edge(A,C) 0.5
                            directed_edge(A,B) 1.0
                            directed_edge(A,A) 0.5
                            directed_edge(A,D) 1.0
                            directed_edge(D,D) 0.5
                            directed_edge(D,C) 0.5
                            directed_edge(D,B) 1.0
                            directed_edge(D,A) 1.0
                            directed_edge(D,E) 1.0
                    directed_edge(A,B),basic_block(B) 1.0
                                       directed_edge(B,B) 0.5
                                       directed_edge(B,A) 0.5
                                       directed_edge(B,C) 1.0
                                       directed_edge(A,A) 0.5
                                       directed_edge(C,C) 0.5
                                       directed_edge(C,A) 1.0
                    directed_edge(B,B),directed_edge(B,A) 0.5
                                       directed_edge(C,A) 0.5
                    directed_edge(B,A),directed_edge(C,B) 1.0
                    directed_edge(B,C),basic_block(C) 1.0
                                       basic_block(B) 1.0
                                       directed_edge(C,C) 0.5
                                       directed_edge(C,B) 0.5
                                       directed_edge(C,D) 1.0
     in(A,A),directed_edge(A,B),in(B,B) 0.5
                                in(B,A) 0.5
                                in(B,C) 0.5
                                in(A,B) 0.5
                                in(C,B) 0.5
                                directed_edge(B,B) 0.5
                                directed_edge(B,A) 0.5
                                directed_edge(B,C) 0.5
                                directed_edge(A,A) 0.5
                                directed_edge(C,C) 0.5
                                directed_edge(C,A) 0.5
             directed_edge(B,B),in(B,A) 0.5
                                in(B,C) 0.5
                                in(A,B) 0.5
                                in(C,B) 0.5
                                directed_edge(B,A) 0.5
                                directed_edge(C,A) 0.5
             directed_edge(B,A),in(B,A) 0.5
                                in(B,C) 0.5
                                in(A,B) 0.5
                                in(C,B) 0.5
                                directed_edge(C,B) 0.5
             directed_edge(B,C),in(C,C) 0.5
                                in(C,B) 0.5
                                in(C,A) 0.5
                                in(C,D) 0.5
                                in(B,C) 0.5
                                in(B,B) 0.5
                                in(B,A) 0.5
                                in(B,D) 0.5
                                in(A,C) 0.5
                                in(A,B) 0.5
                                in(D,C) 0.5
                                in(D,B) 0.5
                                directed_edge(C,C) 0.5
                                directed_edge(C,B) 0.5
                                directed_edge(C,D) 0.5
     in(A,B),in(B,B),directed_edge(C,D) 0.5
             in(B,A),in(B,B) 0.5
                     directed_edge(B,B) 0.5
                     directed_edge(B,A) 0.5
                     directed_edge(B,C) 0.5
                     directed_edge(C,C) 0.5
                     directed_edge(C,B) 0.5
                     directed_edge(C,D) 0.5
             in(B,C),in(C,B) 0.5
                     in(C,A) 0.5
                     in(C,D) 0.5
                     in(A,C) 0.5
                     directed_edge(C,C) 0.5
                     directed_edge(C,B) 0.5
                     directed_edge(C,A) 0.5
                     directed_edge(C,D) 0.5
                     directed_edge(B,C) 0.5
                     directed_edge(B,B) 0.5
                     directed_edge(B,A) 0.5
                     directed_edge(B,D) 0.5
                     directed_edge(A,C) 0.5
                     directed_edge(A,B) 0.5
                     directed_edge(A,A) 0.5
                     directed_edge(A,D) 0.5
                     directed_edge(D,D) 0.5
                     directed_edge(D,C) 0.5
                     directed_edge(D,B) 0.5
                     directed_edge(D,A) 0.5
                     directed_edge(D,E) 0.5
             directed_edge(B,B),directed_edge(B,A) 0.5
                                directed_edge(A,B) 0.5
                                directed_edge(A,A) 0.5
                                directed_edge(A,C) 0.5
                                directed_edge(C,A) 0.5
             directed_edge(B,A),directed_edge(A,B) 0.5
                                directed_edge(A,A) 0.5
                                directed_edge(A,C) 0.5
                                directed_edge(C,C) 0.5
                                directed_edge(C,B) 0.5
             directed_edge(B,C),in(C,B) 0.5
                                in(C,D) 0.5
                                in(A,C) 0.5
                                in(D,C) 0.5
                                directed_edge(C,C) 0.5
                                directed_edge(C,B) 0.5
                                directed_edge(C,A) 0.5
                                directed_edge(C,D) 0.5
                                directed_edge(B,B) 0.5
                                directed_edge(A,C) 0.5
                                directed_edge(A,B) 0.5
                                directed_edge(A,A) 0.5
                                directed_edge(A,D) 0.5
                                directed_edge(D,D) 0.5
                                directed_edge(D,B) 0.5
                                directed_edge(D,A) 0.5
             directed_edge(A,B),directed_edge(A,A) 0.5
                                directed_edge(C,C) 0.5
                                directed_edge(C,A) 0.5
             directed_edge(A,A),directed_edge(C,B) 0.5
             directed_edge(A,C),in(C,B) 1.0
                                in(C,D) 1.0
                                in(A,C) 0.5
                                in(D,C) 0.5
                                directed_edge(C,C) 0.5
                                directed_edge(C,B) 0.5
                                directed_edge(C,A) 0.5
                                directed_edge(C,D) 1.0
                                directed_edge(A,A) 0.5
                                directed_edge(D,D) 0.5
                                directed_edge(D,B) 0.5
                                directed_edge(D,A) 1.0
             directed_edge(C,C),directed_edge(C,B) 0.5
                                directed_edge(C,A) 0.5
                                directed_edge(D,B) 0.5
                                directed_edge(D,A) 0.5
             directed_edge(C,B),directed_edge(C,A) 0.5
                                directed_edge(D,C) 0.5
                                directed_edge(D,A) 0.5
             directed_edge(C,A),directed_edge(D,C) 1.0
             directed_edge(C,D),in(D,B) 1.0
                                in(C,B) 1.0
                                in(A,D) 0.5
                                in(A,C) 0.5
                                directed_edge(D,D) 0.5
                                directed_edge(D,C) 0.5
                                directed_edge(D,E) 1.0
     directed_edge(A,B),directed_edge(B,A),directed_edge(B,B) 0.5
                        directed_edge(B,C),directed_edge(C,B) 0.5
                                           directed_edge(C,A) 0.75
                                           directed_edge(C,D) 1.0
                                           directed_edge(A,C) 0.75
c_counter(4,323)
f_counter(4,323)
