/** -------------------------------------------------
 ** Algorithm:   Warmr
 ** Output type: freq_packs.out
 ** Date:        7/21/2016 13:48:57
 ** ACE version: 1.2.20
 ** Hardware:    ubuntu : x86_64 running Linux
 ** -------------------------------------------------
 **/

sample_size(0.0)
min_rel_freq(0.5)
min_abs_freq(0.0)

level(1)
true -nan
c_counter(1,1)
f_counter(1,1)

level(2)
true,method(A) -nan
     basic_block(A) -nan
     in(A,A) -nan
     in(A,B) -nan
     directed_edge(A,A) -nan
     directed_edge(A,B) -nan
     method_call(A,A) -nan
     method_call(A,B) -nan
c_counter(2,8)
f_counter(2,8)

level(3)
true,method(A),basic_block(A) -nan
               basic_block(B) -nan
               in(A,A) -nan
               in(A,B) -nan
               in(B,B) -nan
               in(B,A) -nan
               in(B,C) -nan
               directed_edge(A,A) -nan
               directed_edge(A,B) -nan
               directed_edge(B,B) -nan
               directed_edge(B,A) -nan
               directed_edge(B,C) -nan
               method_call(A,A) -nan
               method_call(A,B) -nan
               method_call(B,B) -nan
               method_call(B,A) -nan
               method_call(B,C) -nan
     basic_block(A),in(A,A) -nan
                    in(A,B) -nan
                    in(B,B) -nan
                    in(B,A) -nan
                    in(B,C) -nan
                    directed_edge(A,A) -nan
                    directed_edge(A,B) -nan
                    directed_edge(B,B) -nan
                    directed_edge(B,A) -nan
                    directed_edge(B,C) -nan
                    method_call(A,A) -nan
                    method_call(A,B) -nan
                    method_call(B,B) -nan
                    method_call(B,A) -nan
                    method_call(B,C) -nan
     in(A,A),directed_edge(A,A) -nan
             directed_edge(A,B) -nan
             directed_edge(B,B) -nan
             directed_edge(B,A) -nan
             directed_edge(B,C) -nan
             method_call(A,A) -nan
             method_call(A,B) -nan
             method_call(B,B) -nan
             method_call(B,A) -nan
             method_call(B,C) -nan
     in(A,B),in(B,B) -nan
             in(B,A) -nan
             in(B,C) -nan
             directed_edge(B,B) -nan
             directed_edge(B,A) -nan
             directed_edge(B,C) -nan
             directed_edge(A,B) -nan
             directed_edge(A,A) -nan
             directed_edge(A,C) -nan
             directed_edge(C,C) -nan
             directed_edge(C,B) -nan
             directed_edge(C,A) -nan
             directed_edge(C,D) -nan
             method_call(B,B) -nan
             method_call(B,A) -nan
             method_call(B,C) -nan
             method_call(A,B) -nan
             method_call(A,A) -nan
             method_call(A,C) -nan
             method_call(C,C) -nan
             method_call(C,B) -nan
             method_call(C,A) -nan
             method_call(C,D) -nan
     directed_edge(A,A),method_call(A,A) -nan
                        method_call(A,B) -nan
                        method_call(B,B) -nan
                        method_call(B,A) -nan
                        method_call(B,C) -nan
     directed_edge(A,B),directed_edge(B,B) -nan
                        directed_edge(B,A) -nan
                        directed_edge(B,C) -nan
                        method_call(B,B) -nan
                        method_call(B,A) -nan
                        method_call(B,C) -nan
                        method_call(A,B) -nan
                        method_call(A,A) -nan
                        method_call(A,C) -nan
                        method_call(C,C) -nan
                        method_call(C,B) -nan
                        method_call(C,A) -nan
                        method_call(C,D) -nan
     method_call(A,B),method_call(B,B) -nan
                      method_call(B,A) -nan
                      method_call(B,C) -nan
c_counter(3,86)
f_counter(3,86)

level(4)
true,method(A),basic_block(A),in(A,A) -nan
                              in(A,B) -nan
                              in(B,B) -nan
                              in(B,A) -nan
                              in(B,C) -nan
                              directed_edge(A,A) -nan
                              directed_edge(A,B) -nan
                              directed_edge(B,B) -nan
                              directed_edge(B,A) -nan
                              directed_edge(B,C) -nan
                              method_call(A,A) -nan
                              method_call(A,B) -nan
                              method_call(B,B) -nan
                              method_call(B,A) -nan
                              method_call(B,C) -nan
               basic_block(B),method(B) -nan
                              in(B,B) -nan
                              in(B,A) -nan
                              in(B,C) -nan
                              in(A,B) -nan
                              in(A,A) -nan
                              in(A,C) -nan
                              in(C,C) -nan
                              in(C,B) -nan
                              in(C,A) -nan
                              in(C,D) -nan
                              directed_edge(B,B) -nan
                              directed_edge(B,A) -nan
                              directed_edge(B,C) -nan
                              directed_edge(A,B) -nan
                              directed_edge(A,A) -nan
                              directed_edge(A,C) -nan
                              directed_edge(C,C) -nan
                              directed_edge(C,B) -nan
                              directed_edge(C,A) -nan
                              directed_edge(C,D) -nan
                              method_call(B,B) -nan
                              method_call(B,A) -nan
                              method_call(B,C) -nan
                              method_call(A,B) -nan
                              method_call(A,A) -nan
                              method_call(A,C) -nan
                              method_call(C,C) -nan
                              method_call(C,B) -nan
                              method_call(C,A) -nan
                              method_call(C,D) -nan
               in(A,A),directed_edge(A,A) -nan
                       directed_edge(A,B) -nan
                       directed_edge(B,B) -nan
                       directed_edge(B,A) -nan
                       directed_edge(B,C) -nan
                       method_call(A,A) -nan
                       method_call(A,B) -nan
                       method_call(B,B) -nan
                       method_call(B,A) -nan
                       method_call(B,C) -nan
               in(A,B),method(B) -nan
                       in(B,B) -nan
                       in(B,A) -nan
                       in(B,C) -nan
                       in(A,A) -nan
                       in(C,C) -nan
                       in(C,A) -nan
                       directed_edge(B,B) -nan
                       directed_edge(B,A) -nan
                       directed_edge(B,C) -nan
                       directed_edge(A,B) -nan
                       directed_edge(A,A) -nan
                       directed_edge(A,C) -nan
                       directed_edge(C,C) -nan
                       directed_edge(C,B) -nan
                       directed_edge(C,A) -nan
                       directed_edge(C,D) -nan
                       method_call(B,B) -nan
                       method_call(B,A) -nan
                       method_call(B,C) -nan
                       method_call(A,B) -nan
                       method_call(A,A) -nan
                       method_call(A,C) -nan
                       method_call(C,C) -nan
                       method_call(C,B) -nan
                       method_call(C,A) -nan
                       method_call(C,D) -nan
               in(B,B),in(B,A) -nan
                       in(C,A) -nan
                       directed_edge(B,B) -nan
                       directed_edge(B,A) -nan
                       directed_edge(B,C) -nan
                       directed_edge(A,B) -nan
                       directed_edge(A,A) -nan
                       directed_edge(A,C) -nan
                       directed_edge(C,C) -nan
                       directed_edge(C,B) -nan
                       directed_edge(C,A) -nan
                       directed_edge(C,D) -nan
                       method_call(B,B) -nan
                       method_call(B,A) -nan
                       method_call(B,C) -nan
                       method_call(A,B) -nan
                       method_call(A,A) -nan
                       method_call(A,C) -nan
                       method_call(C,C) -nan
                       method_call(C,B) -nan
                       method_call(C,A) -nan
                       method_call(C,D) -nan
               in(B,A),in(C,B) -nan
                       directed_edge(B,B) -nan
                       directed_edge(B,A) -nan
                       directed_edge(B,C) -nan
                       directed_edge(A,B) -nan
                       directed_edge(A,A) -nan
                       directed_edge(A,C) -nan
                       directed_edge(C,C) -nan
                       directed_edge(C,B) -nan
                       directed_edge(C,A) -nan
                       directed_edge(C,D) -nan
                       method_call(B,B) -nan
                       method_call(B,A) -nan
                       method_call(B,C) -nan
                       method_call(A,B) -nan
                       method_call(A,A) -nan
                       method_call(A,C) -nan
                       method_call(C,C) -nan
                       method_call(C,B) -nan
                       method_call(C,A) -nan
                       method_call(C,D) -nan
               in(B,C),method(C) -nan
                       method(B) -nan
                       in(C,C) -nan
                       in(C,B) -nan
                       in(C,D) -nan
                       directed_edge(C,C) -nan
                       directed_edge(C,B) -nan
                       directed_edge(C,A) -nan
                       directed_edge(C,D) -nan
                       directed_edge(B,C) -nan
                       directed_edge(B,B) -nan
                       directed_edge(B,A) -nan
                       directed_edge(B,D) -nan
                       directed_edge(A,C) -nan
                       directed_edge(A,B) -nan
                       directed_edge(A,A) -nan
                       directed_edge(A,D) -nan
                       directed_edge(D,D) -nan
                       directed_edge(D,C) -nan
                       directed_edge(D,B) -nan
                       directed_edge(D,A) -nan
                       directed_edge(D,E) -nan
                       method_call(C,C) -nan
                       method_call(C,B) -nan
                       method_call(C,A) -nan
                       method_call(C,D) -nan
                       method_call(B,C) -nan
                       method_call(B,B) -nan
                       method_call(B,A) -nan
                       method_call(B,D) -nan
                       method_call(A,C) -nan
                       method_call(A,B) -nan
                       method_call(A,A) -nan
                       method_call(A,D) -nan
                       method_call(D,D) -nan
                       method_call(D,C) -nan
                       method_call(D,B) -nan
                       method_call(D,A) -nan
                       method_call(D,E) -nan
               directed_edge(A,A),method_call(A,A) -nan
                                  method_call(A,B) -nan
                                  method_call(B,B) -nan
                                  method_call(B,A) -nan
                                  method_call(B,C) -nan
               directed_edge(A,B),method(B) -nan
                                  directed_edge(B,B) -nan
                                  directed_edge(B,A) -nan
                                  directed_edge(B,C) -nan
                                  directed_edge(A,A) -nan
                                  directed_edge(C,C) -nan
                                  directed_edge(C,A) -nan
                                  method_call(B,B) -nan
                                  method_call(B,A) -nan
                                  method_call(B,C) -nan
                                  method_call(A,B) -nan
                                  method_call(A,A) -nan
                                  method_call(A,C) -nan
                                  method_call(C,C) -nan
                                  method_call(C,B) -nan
                                  method_call(C,A) -nan
                                  method_call(C,D) -nan
               directed_edge(B,B),directed_edge(B,A) -nan
                                  directed_edge(C,A) -nan
                                  method_call(B,B) -nan
                                  method_call(B,A) -nan
                                  method_call(B,C) -nan
                                  method_call(A,B) -nan
                                  method_call(A,A) -nan
                                  method_call(A,C) -nan
                                  method_call(C,C) -nan
                                  method_call(C,B) -nan
                                  method_call(C,A) -nan
                                  method_call(C,D) -nan
               directed_edge(B,A),directed_edge(C,B) -nan
                                  method_call(B,B) -nan
                                  method_call(B,A) -nan
                                  method_call(B,C) -nan
                                  method_call(A,B) -nan
                                  method_call(A,A) -nan
                                  method_call(A,C) -nan
                                  method_call(C,C) -nan
                                  method_call(C,B) -nan
                                  method_call(C,A) -nan
                                  method_call(C,D) -nan
               directed_edge(B,C),method(C) -nan
                                  method(B) -nan
                                  directed_edge(C,C) -nan
                                  directed_edge(C,B) -nan
                                  directed_edge(C,D) -nan
                                  method_call(C,C) -nan
                                  method_call(C,B) -nan
                                  method_call(C,A) -nan
                                  method_call(C,D) -nan
                                  method_call(B,C) -nan
                                  method_call(B,B) -nan
                                  method_call(B,A) -nan
                                  method_call(B,D) -nan
                                  method_call(A,C) -nan
                                  method_call(A,B) -nan
                                  method_call(A,A) -nan
                                  method_call(A,D) -nan
                                  method_call(D,D) -nan
                                  method_call(D,C) -nan
                                  method_call(D,B) -nan
                                  method_call(D,A) -nan
                                  method_call(D,E) -nan
               method_call(A,B),method(B) -nan
                                method_call(B,B) -nan
                                method_call(B,A) -nan
                                method_call(B,C) -nan
                                method_call(A,A) -nan
                                method_call(C,C) -nan
                                method_call(C,A) -nan
               method_call(B,B),method_call(B,A) -nan
                                method_call(C,A) -nan
               method_call(B,A),method_call(C,B) -nan
               method_call(B,C),method(C) -nan
                                method(B) -nan
                                method_call(C,C) -nan
                                method_call(C,B) -nan
                                method_call(C,D) -nan
     basic_block(A),in(A,A),directed_edge(A,A) -nan
                            directed_edge(A,B) -nan
                            directed_edge(B,B) -nan
                            directed_edge(B,A) -nan
                            directed_edge(B,C) -nan
                            method_call(A,A) -nan
                            method_call(A,B) -nan
                            method_call(B,B) -nan
                            method_call(B,A) -nan
                            method_call(B,C) -nan
                    in(A,B),basic_block(B) -nan
                            in(B,B) -nan
                            in(B,A) -nan
                            in(B,C) -nan
                            in(A,A) -nan
                            in(C,C) -nan
                            in(C,A) -nan
                            directed_edge(B,B) -nan
                            directed_edge(B,A) -nan
                            directed_edge(B,C) -nan
                            directed_edge(A,B) -nan
                            directed_edge(A,A) -nan
                            directed_edge(A,C) -nan
                            directed_edge(C,C) -nan
                            directed_edge(C,B) -nan
                            directed_edge(C,A) -nan
                            directed_edge(C,D) -nan
                            method_call(B,B) -nan
                            method_call(B,A) -nan
                            method_call(B,C) -nan
                            method_call(A,B) -nan
                            method_call(A,A) -nan
                            method_call(A,C) -nan
                            method_call(C,C) -nan
                            method_call(C,B) -nan
                            method_call(C,A) -nan
                            method_call(C,D) -nan
                    in(B,B),in(B,A) -nan
                            in(C,A) -nan
                            directed_edge(B,B) -nan
                            directed_edge(B,A) -nan
                            directed_edge(B,C) -nan
                            directed_edge(A,B) -nan
                            directed_edge(A,A) -nan
                            directed_edge(A,C) -nan
                            directed_edge(C,C) -nan
                            directed_edge(C,B) -nan
                            directed_edge(C,A) -nan
                            directed_edge(C,D) -nan
                            method_call(B,B) -nan
                            method_call(B,A) -nan
                            method_call(B,C) -nan
                            method_call(A,B) -nan
                            method_call(A,A) -nan
                            method_call(A,C) -nan
                            method_call(C,C) -nan
                            method_call(C,B) -nan
                            method_call(C,A) -nan
                            method_call(C,D) -nan
                    in(B,A),in(C,B) -nan
                            directed_edge(B,B) -nan
                            directed_edge(B,A) -nan
                            directed_edge(B,C) -nan
                            directed_edge(A,B) -nan
                            directed_edge(A,A) -nan
                            directed_edge(A,C) -nan
                            directed_edge(C,C) -nan
                            directed_edge(C,B) -nan
                            directed_edge(C,A) -nan
                            directed_edge(C,D) -nan
                            method_call(B,B) -nan
                            method_call(B,A) -nan
                            method_call(B,C) -nan
                            method_call(A,B) -nan
                            method_call(A,A) -nan
                            method_call(A,C) -nan
                            method_call(C,C) -nan
                            method_call(C,B) -nan
                            method_call(C,A) -nan
                            method_call(C,D) -nan
                    in(B,C),basic_block(C) -nan
                            basic_block(B) -nan
                            in(C,C) -nan
                            in(C,B) -nan
                            in(C,D) -nan
                            directed_edge(C,C) -nan
                            directed_edge(C,B) -nan
                            directed_edge(C,A) -nan
                            directed_edge(C,D) -nan
                            directed_edge(B,C) -nan
                            directed_edge(B,B) -nan
                            directed_edge(B,A) -nan
                            directed_edge(B,D) -nan
                            directed_edge(A,C) -nan
                            directed_edge(A,B) -nan
                            directed_edge(A,A) -nan
                            directed_edge(A,D) -nan
                            directed_edge(D,D) -nan
                            directed_edge(D,C) -nan
                            directed_edge(D,B) -nan
                            directed_edge(D,A) -nan
                            directed_edge(D,E) -nan
                            method_call(C,C) -nan
                            method_call(C,B) -nan
                            method_call(C,A) -nan
                            method_call(C,D) -nan
                            method_call(B,C) -nan
                            method_call(B,B) -nan
                            method_call(B,A) -nan
                            method_call(B,D) -nan
                            method_call(A,C) -nan
                            method_call(A,B) -nan
                            method_call(A,A) -nan
                            method_call(A,D) -nan
                            method_call(D,D) -nan
                            method_call(D,C) -nan
                            method_call(D,B) -nan
                            method_call(D,A) -nan
                            method_call(D,E) -nan
                    directed_edge(A,A),method_call(A,A) -nan
                                       method_call(A,B) -nan
                                       method_call(B,B) -nan
                                       method_call(B,A) -nan
                                       method_call(B,C) -nan
                    directed_edge(A,B),basic_block(B) -nan
                                       directed_edge(B,B) -nan
                                       directed_edge(B,A) -nan
                                       directed_edge(B,C) -nan
                                       directed_edge(A,A) -nan
                                       directed_edge(C,C) -nan
                                       directed_edge(C,A) -nan
                                       method_call(B,B) -nan
                                       method_call(B,A) -nan
                                       method_call(B,C) -nan
                                       method_call(A,B) -nan
                                       method_call(A,A) -nan
                                       method_call(A,C) -nan
                                       method_call(C,C) -nan
                                       method_call(C,B) -nan
                                       method_call(C,A) -nan
                                       method_call(C,D) -nan
                    directed_edge(B,B),directed_edge(B,A) -nan
                                       directed_edge(C,A) -nan
                                       method_call(B,B) -nan
                                       method_call(B,A) -nan
                                       method_call(B,C) -nan
                                       method_call(A,B) -nan
                                       method_call(A,A) -nan
                                       method_call(A,C) -nan
                                       method_call(C,C) -nan
                                       method_call(C,B) -nan
                                       method_call(C,A) -nan
                                       method_call(C,D) -nan
                    directed_edge(B,A),directed_edge(C,B) -nan
                                       method_call(B,B) -nan
                                       method_call(B,A) -nan
                                       method_call(B,C) -nan
                                       method_call(A,B) -nan
                                       method_call(A,A) -nan
                                       method_call(A,C) -nan
                                       method_call(C,C) -nan
                                       method_call(C,B) -nan
                                       method_call(C,A) -nan
                                       method_call(C,D) -nan
                    directed_edge(B,C),basic_block(C) -nan
                                       basic_block(B) -nan
                                       directed_edge(C,C) -nan
                                       directed_edge(C,B) -nan
                                       directed_edge(C,D) -nan
                                       method_call(C,C) -nan
                                       method_call(C,B) -nan
                                       method_call(C,A) -nan
                                       method_call(C,D) -nan
                                       method_call(B,C) -nan
                                       method_call(B,B) -nan
                                       method_call(B,A) -nan
                                       method_call(B,D) -nan
                                       method_call(A,C) -nan
                                       method_call(A,B) -nan
                                       method_call(A,A) -nan
                                       method_call(A,D) -nan
                                       method_call(D,D) -nan
                                       method_call(D,C) -nan
                                       method_call(D,B) -nan
                                       method_call(D,A) -nan
                                       method_call(D,E) -nan
                    method_call(A,B),basic_block(B) -nan
                                     method_call(B,B) -nan
                                     method_call(B,A) -nan
                                     method_call(B,C) -nan
                                     method_call(A,A) -nan
                                     method_call(C,C) -nan
                                     method_call(C,A) -nan
                    method_call(B,B),method_call(B,A) -nan
                                     method_call(C,A) -nan
                    method_call(B,A),method_call(C,B) -nan
                    method_call(B,C),basic_block(C) -nan
                                     basic_block(B) -nan
                                     method_call(C,C) -nan
                                     method_call(C,B) -nan
                                     method_call(C,D) -nan
     in(A,A),directed_edge(A,A),method_call(A,A) -nan
                                method_call(A,B) -nan
                                method_call(B,B) -nan
                                method_call(B,A) -nan
                                method_call(B,C) -nan
             directed_edge(A,B),in(B,B) -nan
                                in(B,A) -nan
                                in(B,C) -nan
                                in(A,B) -nan
                                in(C,B) -nan
                                directed_edge(B,B) -nan
                                directed_edge(B,A) -nan
                                directed_edge(B,C) -nan
                                directed_edge(A,A) -nan
                                directed_edge(C,C) -nan
                                directed_edge(C,A) -nan
                                method_call(B,B) -nan
                                method_call(B,A) -nan
                                method_call(B,C) -nan
                                method_call(A,B) -nan
                                method_call(A,A) -nan
                                method_call(A,C) -nan
                                method_call(C,C) -nan
                                method_call(C,B) -nan
                                method_call(C,A) -nan
                                method_call(C,D) -nan
             directed_edge(B,B),in(B,A) -nan
                                in(B,C) -nan
                                in(A,B) -nan
                                in(C,B) -nan
                                directed_edge(B,A) -nan
                                directed_edge(C,A) -nan
                                method_call(B,B) -nan
                                method_call(B,A) -nan
                                method_call(B,C) -nan
                                method_call(A,B) -nan
                                method_call(A,A) -nan
                                method_call(A,C) -nan
                                method_call(C,C) -nan
                                method_call(C,B) -nan
                                method_call(C,A) -nan
                                method_call(C,D) -nan
             directed_edge(B,A),in(B,A) -nan
                                in(B,C) -nan
                                in(A,B) -nan
                                in(C,B) -nan
                                directed_edge(C,B) -nan
                                method_call(B,B) -nan
                                method_call(B,A) -nan
                                method_call(B,C) -nan
                                method_call(A,B) -nan
                                method_call(A,A) -nan
                                method_call(A,C) -nan
                                method_call(C,C) -nan
                                method_call(C,B) -nan
                                method_call(C,A) -nan
                                method_call(C,D) -nan
             directed_edge(B,C),in(C,C) -nan
                                in(C,B) -nan
                                in(C,A) -nan
                                in(C,D) -nan
                                in(B,C) -nan
                                in(B,B) -nan
                                in(B,A) -nan
                                in(B,D) -nan
                                in(A,C) -nan
                                in(A,B) -nan
                                in(D,C) -nan
                                in(D,B) -nan
                                directed_edge(C,C) -nan
                                directed_edge(C,B) -nan
                                directed_edge(C,D) -nan
                                method_call(C,C) -nan
                                method_call(C,B) -nan
                                method_call(C,A) -nan
                                method_call(C,D) -nan
                                method_call(B,C) -nan
                                method_call(B,B) -nan
                                method_call(B,A) -nan
                                method_call(B,D) -nan
                                method_call(A,C) -nan
                                method_call(A,B) -nan
                                method_call(A,A) -nan
                                method_call(A,D) -nan
                                method_call(D,D) -nan
                                method_call(D,C) -nan
                                method_call(D,B) -nan
                                method_call(D,A) -nan
                                method_call(D,E) -nan
             method_call(A,B),in(B,B) -nan
                              in(B,A) -nan
                              in(B,C) -nan
                              in(A,B) -nan
                              in(C,B) -nan
                              method_call(B,B) -nan
                              method_call(B,A) -nan
                              method_call(B,C) -nan
                              method_call(A,A) -nan
                              method_call(C,C) -nan
                              method_call(C,A) -nan
             method_call(B,B),in(B,A) -nan
                              in(B,C) -nan
                              in(A,B) -nan
                              in(C,B) -nan
                              method_call(B,A) -nan
                              method_call(C,A) -nan
             method_call(B,A),in(B,A) -nan
                              in(B,C) -nan
                              in(A,B) -nan
                              in(C,B) -nan
                              method_call(C,B) -nan
             method_call(B,C),in(C,C) -nan
                              in(C,B) -nan
                              in(C,A) -nan
                              in(C,D) -nan
                              in(B,C) -nan
                              in(B,B) -nan
                              in(B,A) -nan
                              in(B,D) -nan
                              in(A,C) -nan
                              in(A,B) -nan
                              in(D,C) -nan
                              in(D,B) -nan
                              method_call(C,C) -nan
                              method_call(C,B) -nan
                              method_call(C,D) -nan
     in(A,B),in(B,B),directed_edge(C,D) -nan
                     method_call(C,D) -nan
             in(B,A),in(B,B) -nan
                     directed_edge(B,B) -nan
                     directed_edge(B,A) -nan
                     directed_edge(B,C) -nan
                     directed_edge(C,C) -nan
                     directed_edge(C,B) -nan
                     directed_edge(C,D) -nan
                     method_call(B,B) -nan
                     method_call(B,A) -nan
                     method_call(B,C) -nan
                     method_call(C,C) -nan
                     method_call(C,B) -nan
                     method_call(C,D) -nan
             in(B,C),in(C,B) -nan
                     in(C,A) -nan
                     in(C,D) -nan
                     in(A,C) -nan
                     directed_edge(C,C) -nan
                     directed_edge(C,B) -nan
                     directed_edge(C,A) -nan
                     directed_edge(C,D) -nan
                     directed_edge(B,C) -nan
                     directed_edge(B,B) -nan
                     directed_edge(B,A) -nan
                     directed_edge(B,D) -nan
                     directed_edge(A,C) -nan
                     directed_edge(A,B) -nan
                     directed_edge(A,A) -nan
                     directed_edge(A,D) -nan
                     directed_edge(D,D) -nan
                     directed_edge(D,C) -nan
                     directed_edge(D,B) -nan
                     directed_edge(D,A) -nan
                     directed_edge(D,E) -nan
                     method_call(C,C) -nan
                     method_call(C,B) -nan
                     method_call(C,A) -nan
                     method_call(C,D) -nan
                     method_call(B,C) -nan
                     method_call(B,B) -nan
                     method_call(B,A) -nan
                     method_call(B,D) -nan
                     method_call(A,C) -nan
                     method_call(A,B) -nan
                     method_call(A,A) -nan
                     method_call(A,D) -nan
                     method_call(D,D) -nan
                     method_call(D,C) -nan
                     method_call(D,B) -nan
                     method_call(D,A) -nan
                     method_call(D,E) -nan
             directed_edge(B,B),directed_edge(B,A) -nan
                                directed_edge(A,B) -nan
                                directed_edge(A,A) -nan
                                directed_edge(A,C) -nan
                                directed_edge(C,A) -nan
                                method_call(B,B) -nan
                                method_call(B,A) -nan
                                method_call(B,C) -nan
                                method_call(A,B) -nan
                                method_call(A,A) -nan
                                method_call(A,C) -nan
                                method_call(C,C) -nan
                                method_call(C,B) -nan
                                method_call(C,A) -nan
                                method_call(C,D) -nan
             directed_edge(B,A),directed_edge(A,B) -nan
                                directed_edge(A,A) -nan
                                directed_edge(A,C) -nan
                                directed_edge(C,C) -nan
                                directed_edge(C,B) -nan
                                method_call(B,B) -nan
                                method_call(B,A) -nan
                                method_call(B,C) -nan
                                method_call(A,B) -nan
                                method_call(A,A) -nan
                                method_call(A,C) -nan
                                method_call(C,C) -nan
                                method_call(C,B) -nan
                                method_call(C,A) -nan
                                method_call(C,D) -nan
             directed_edge(B,C),in(C,B) -nan
                                in(C,D) -nan
                                in(A,C) -nan
                                in(D,C) -nan
                                directed_edge(C,C) -nan
                                directed_edge(C,B) -nan
                                directed_edge(C,A) -nan
                                directed_edge(C,D) -nan
                                directed_edge(B,B) -nan
                                directed_edge(A,C) -nan
                                directed_edge(A,B) -nan
                                directed_edge(A,A) -nan
                                directed_edge(A,D) -nan
                                directed_edge(D,D) -nan
                                directed_edge(D,B) -nan
                                directed_edge(D,A) -nan
                                method_call(C,C) -nan
                                method_call(C,B) -nan
                                method_call(C,A) -nan
                                method_call(C,D) -nan
                                method_call(B,C) -nan
                                method_call(B,B) -nan
                                method_call(B,A) -nan
                                method_call(B,D) -nan
                                method_call(A,C) -nan
                                method_call(A,B) -nan
                                method_call(A,A) -nan
                                method_call(A,D) -nan
                                method_call(D,D) -nan
                                method_call(D,C) -nan
                                method_call(D,B) -nan
                                method_call(D,A) -nan
                                method_call(D,E) -nan
             directed_edge(A,B),directed_edge(A,A) -nan
                                directed_edge(C,C) -nan
                                directed_edge(C,A) -nan
                                method_call(B,B) -nan
                                method_call(B,A) -nan
                                method_call(B,C) -nan
                                method_call(A,B) -nan
                                method_call(A,A) -nan
                                method_call(A,C) -nan
                                method_call(C,C) -nan
                                method_call(C,B) -nan
                                method_call(C,A) -nan
                                method_call(C,D) -nan
             directed_edge(A,A),directed_edge(C,B) -nan
                                method_call(B,B) -nan
                                method_call(B,A) -nan
                                method_call(B,C) -nan
                                method_call(A,B) -nan
                                method_call(A,A) -nan
                                method_call(A,C) -nan
                                method_call(C,C) -nan
                                method_call(C,B) -nan
                                method_call(C,A) -nan
                                method_call(C,D) -nan
             directed_edge(A,C),in(C,B) -nan
                                in(C,D) -nan
                                in(A,C) -nan
                                in(D,C) -nan
                                directed_edge(C,C) -nan
                                directed_edge(C,B) -nan
                                directed_edge(C,A) -nan
                                directed_edge(C,D) -nan
                                directed_edge(A,A) -nan
                                directed_edge(D,D) -nan
                                directed_edge(D,B) -nan
                                directed_edge(D,A) -nan
                                method_call(C,C) -nan
                                method_call(C,B) -nan
                                method_call(C,A) -nan
                                method_call(C,D) -nan
                                method_call(B,C) -nan
                                method_call(B,B) -nan
                                method_call(B,A) -nan
                                method_call(B,D) -nan
                                method_call(A,C) -nan
                                method_call(A,B) -nan
                                method_call(A,A) -nan
                                method_call(A,D) -nan
                                method_call(D,D) -nan
                                method_call(D,C) -nan
                                method_call(D,B) -nan
                                method_call(D,A) -nan
                                method_call(D,E) -nan
             directed_edge(C,C),directed_edge(C,B) -nan
                                directed_edge(C,A) -nan
                                directed_edge(D,B) -nan
                                directed_edge(D,A) -nan
                                method_call(C,C) -nan
                                method_call(C,B) -nan
                                method_call(C,A) -nan
                                method_call(C,D) -nan
                                method_call(B,C) -nan
                                method_call(B,B) -nan
                                method_call(B,A) -nan
                                method_call(B,D) -nan
                                method_call(A,C) -nan
                                method_call(A,B) -nan
                                method_call(A,A) -nan
                                method_call(A,D) -nan
                                method_call(D,D) -nan
                                method_call(D,C) -nan
                                method_call(D,B) -nan
                                method_call(D,A) -nan
                                method_call(D,E) -nan
             directed_edge(C,B),directed_edge(C,A) -nan
                                directed_edge(D,C) -nan
                                directed_edge(D,A) -nan
                                method_call(C,C) -nan
                                method_call(C,B) -nan
                                method_call(C,A) -nan
                                method_call(C,D) -nan
                                method_call(B,C) -nan
                                method_call(B,B) -nan
                                method_call(B,A) -nan
                                method_call(B,D) -nan
                                method_call(A,C) -nan
                                method_call(A,B) -nan
                                method_call(A,A) -nan
                                method_call(A,D) -nan
                                method_call(D,D) -nan
                                method_call(D,C) -nan
                                method_call(D,B) -nan
                                method_call(D,A) -nan
                                method_call(D,E) -nan
             directed_edge(C,A),directed_edge(D,C) -nan
                                method_call(C,C) -nan
                                method_call(C,B) -nan
                                method_call(C,A) -nan
                                method_call(C,D) -nan
                                method_call(B,C) -nan
                                method_call(B,B) -nan
                                method_call(B,A) -nan
                                method_call(B,D) -nan
                                method_call(A,C) -nan
                                method_call(A,B) -nan
                                method_call(A,A) -nan
                                method_call(A,D) -nan
                                method_call(D,D) -nan
                                method_call(D,C) -nan
                                method_call(D,B) -nan
                                method_call(D,A) -nan
                                method_call(D,E) -nan
             directed_edge(C,D),in(D,B) -nan
                                in(C,B) -nan
                                in(A,D) -nan
                                in(A,C) -nan
                                directed_edge(D,D) -nan
                                directed_edge(D,C) -nan
                                directed_edge(D,E) -nan
                                method_call(D,D) -nan
                                method_call(D,C) -nan
                                method_call(D,B) -nan
                                method_call(D,A) -nan
                                method_call(D,E) -nan
                                method_call(C,D) -nan
                                method_call(C,C) -nan
                                method_call(C,B) -nan
                                method_call(C,A) -nan
                                method_call(C,E) -nan
                                method_call(B,D) -nan
                                method_call(B,C) -nan
                                method_call(B,B) -nan
                                method_call(B,A) -nan
                                method_call(B,E) -nan
                                method_call(A,D) -nan
                                method_call(A,C) -nan
                                method_call(A,B) -nan
                                method_call(A,A) -nan
                                method_call(A,E) -nan
                                method_call(E,E) -nan
                                method_call(E,D) -nan
                                method_call(E,C) -nan
                                method_call(E,B) -nan
                                method_call(E,A) -nan
                                method_call(E,F) -nan
             method_call(B,B),method_call(B,A) -nan
                              method_call(A,B) -nan
                              method_call(A,A) -nan
                              method_call(A,C) -nan
                              method_call(C,A) -nan
             method_call(B,A),method_call(A,B) -nan
                              method_call(A,A) -nan
                              method_call(A,C) -nan
                              method_call(C,C) -nan
                              method_call(C,B) -nan
             method_call(B,C),in(C,B) -nan
                              in(C,D) -nan
                              in(A,C) -nan
                              in(D,C) -nan
                              method_call(C,C) -nan
                              method_call(C,B) -nan
                              method_call(C,A) -nan
                              method_call(C,D) -nan
                              method_call(B,B) -nan
                              method_call(A,C) -nan
                              method_call(A,B) -nan
                              method_call(A,A) -nan
                              method_call(A,D) -nan
                              method_call(D,D) -nan
                              method_call(D,B) -nan
                              method_call(D,A) -nan
             method_call(A,B),method_call(A,A) -nan
                              method_call(C,C) -nan
                              method_call(C,A) -nan
             method_call(A,A),method_call(C,B) -nan
             method_call(A,C),in(C,B) -nan
                              in(C,D) -nan
                              in(A,C) -nan
                              in(D,C) -nan
                              method_call(C,C) -nan
                              method_call(C,B) -nan
                              method_call(C,A) -nan
                              method_call(C,D) -nan
                              method_call(A,A) -nan
                              method_call(D,D) -nan
                              method_call(D,B) -nan
                              method_call(D,A) -nan
             method_call(C,C),method_call(C,B) -nan
                              method_call(C,A) -nan
                              method_call(D,B) -nan
                              method_call(D,A) -nan
             method_call(C,B),method_call(C,A) -nan
                              method_call(D,C) -nan
                              method_call(D,A) -nan
             method_call(C,A),method_call(D,C) -nan
             method_call(C,D),in(D,B) -nan
                              in(C,B) -nan
                              in(A,D) -nan
                              in(A,C) -nan
                              method_call(D,D) -nan
                              method_call(D,C) -nan
                              method_call(D,E) -nan
     directed_edge(A,A),method_call(A,B),directed_edge(B,B) -nan
                                         directed_edge(B,A) -nan
                                         directed_edge(B,C) -nan
                                         directed_edge(A,B) -nan
                                         directed_edge(C,B) -nan
                                         method_call(B,B) -nan
                                         method_call(B,A) -nan
                                         method_call(B,C) -nan
                                         method_call(A,A) -nan
                                         method_call(C,C) -nan
                                         method_call(C,A) -nan
                        method_call(B,B),directed_edge(B,A) -nan
                                         directed_edge(B,C) -nan
                                         directed_edge(A,B) -nan
                                         directed_edge(C,B) -nan
                                         method_call(B,A) -nan
                                         method_call(C,A) -nan
                        method_call(B,A),directed_edge(B,A) -nan
                                         directed_edge(B,C) -nan
                                         directed_edge(A,B) -nan
                                         directed_edge(C,B) -nan
                                         method_call(C,B) -nan
                        method_call(B,C),directed_edge(C,C) -nan
                                         directed_edge(C,B) -nan
                                         directed_edge(C,A) -nan
                                         directed_edge(C,D) -nan
                                         directed_edge(B,C) -nan
                                         directed_edge(B,B) -nan
                                         directed_edge(B,A) -nan
                                         directed_edge(B,D) -nan
                                         directed_edge(A,C) -nan
                                         directed_edge(A,B) -nan
                                         directed_edge(D,C) -nan
                                         directed_edge(D,B) -nan
                                         method_call(C,C) -nan
                                         method_call(C,B) -nan
                                         method_call(C,D) -nan
     directed_edge(A,B),directed_edge(B,B),method_call(C,D) -nan
                        directed_edge(B,A),directed_edge(B,B) -nan
                                           method_call(B,B) -nan
                                           method_call(B,A) -nan
                                           method_call(B,C) -nan
                                           method_call(C,C) -nan
                                           method_call(C,B) -nan
                                           method_call(C,D) -nan
                        directed_edge(B,C),directed_edge(C,B) -nan
                                           directed_edge(C,A) -nan
                                           directed_edge(C,D) -nan
                                           directed_edge(A,C) -nan
                                           method_call(C,C) -nan
                                           method_call(C,B) -nan
                                           method_call(C,A) -nan
                                           method_call(C,D) -nan
                                           method_call(B,C) -nan
                                           method_call(B,B) -nan
                                           method_call(B,A) -nan
                                           method_call(B,D) -nan
                                           method_call(A,C) -nan
                                           method_call(A,B) -nan
                                           method_call(A,A) -nan
                                           method_call(A,D) -nan
                                           method_call(D,D) -nan
                                           method_call(D,C) -nan
                                           method_call(D,B) -nan
                                           method_call(D,A) -nan
                                           method_call(D,E) -nan
                        method_call(B,B),method_call(B,A) -nan
                                         method_call(A,B) -nan
                                         method_call(A,A) -nan
                                         method_call(A,C) -nan
                                         method_call(C,A) -nan
                        method_call(B,A),method_call(A,B) -nan
                                         method_call(A,A) -nan
                                         method_call(A,C) -nan
                                         method_call(C,C) -nan
                                         method_call(C,B) -nan
                        method_call(B,C),directed_edge(C,B) -nan
                                         directed_edge(C,D) -nan
                                         directed_edge(A,C) -nan
                                         directed_edge(D,C) -nan
                                         method_call(C,C) -nan
                                         method_call(C,B) -nan
                                         method_call(C,A) -nan
                                         method_call(C,D) -nan
                                         method_call(B,B) -nan
                                         method_call(A,C) -nan
                                         method_call(A,B) -nan
                                         method_call(A,A) -nan
                                         method_call(A,D) -nan
                                         method_call(D,D) -nan
                                         method_call(D,B) -nan
                                         method_call(D,A) -nan
                        method_call(A,B),method_call(A,A) -nan
                                         method_call(C,C) -nan
                                         method_call(C,A) -nan
                        method_call(A,A),method_call(C,B) -nan
                        method_call(A,C),directed_edge(C,B) -nan
                                         directed_edge(C,D) -nan
                                         directed_edge(A,C) -nan
                                         directed_edge(D,C) -nan
                                         method_call(C,C) -nan
                                         method_call(C,B) -nan
                                         method_call(C,A) -nan
                                         method_call(C,D) -nan
                                         method_call(A,A) -nan
                                         method_call(D,D) -nan
                                         method_call(D,B) -nan
                                         method_call(D,A) -nan
                        method_call(C,C),method_call(C,B) -nan
                                         method_call(C,A) -nan
                                         method_call(D,B) -nan
                                         method_call(D,A) -nan
                        method_call(C,B),method_call(C,A) -nan
                                         method_call(D,C) -nan
                                         method_call(D,A) -nan
                        method_call(C,A),method_call(D,C) -nan
                        method_call(C,D),directed_edge(D,B) -nan
                                         directed_edge(C,B) -nan
                                         directed_edge(A,D) -nan
                                         directed_edge(A,C) -nan
                                         method_call(D,D) -nan
                                         method_call(D,C) -nan
                                         method_call(D,E) -nan
     method_call(A,B),method_call(B,A),method_call(B,B) -nan
                      method_call(B,C),method_call(C,B) -nan
                                       method_call(C,A) -nan
                                       method_call(C,D) -nan
                                       method_call(A,C) -nan
c_counter(4,1020)
f_counter(4,1020)
