This is pdfTeX, Version 3.141592-1.40.0-rc4 (Web2C 7.5.5) (format=latex 2007.1.4)  14 DEC 2007 16:06
entering extended mode
**manual1
(/usr/local/gwTeX/texmf.texlive/tex/latex/tools/x.tex
LaTeX2e <2005/12/01>
Babel <v3.8h> and hyphenation patterns for english, usenglishmax, dumylang, noh
yphenation, basque, bulgarian, coptic, welsh, czech, slovak, german, ngerman, d
anish, spanish, catalan, galician, esperanto, estonian, finnish, french, greek,
 monogreek, ancientgreek, croatian, hungarian, interlingua, ibycus, indonesian,
 icelandic, italian, latin, mongolian, dutch, norsk, polish, portuguese, pinyin
, romanian, russian, slovene, uppersorbian, serbian, swedish, turkish, ukenglis
h, ukrainian, loaded.

! .
l.33   \batchmode \errmessage{}
                               \csname @@end\endcsname \end
This error message was generated by an \errmessage
command, so I can't give any explicit help.
Pretend that you're Hercule Poirot: Examine all clues,
and deduce the truth by order and method.

 ) 
Here is how much of TeX's memory you used:
 7 strings out of 94088
 248 string characters out of 1163888
 2048787 words of memory out of 4500000
 3380 multiletter control sequences out of 10000+50000
 3640 words of font info for 14 fonts, out of 2000000 for 2000
 645 hyphenation exceptions out of 5000
 5i,0n,1p,92b,8s stack positions out of 5000i,500n,6000p,200000b,50000s

No pages of output.
