This file contains any messages produced by compilers while
running configure, to aid debugging if configure makes a mistake.

It was created by the Parma Watchdog Library configure 0.7, which was
generated by GNU Autoconf 2.63.  Invocation command line was

  $ /home/john/thesis/milepost/ctuning-cc-2.5-gcc-4.4.4-ici-2.05-milepost-2.1/src-third-party/ppl-0.10.2-modified/Watchdog/configure --disable-option-checking --prefix=/home/john/thesis/milepost/ctuning-cc-2.5-gcc-4.4.4-ici-2.05-milepost-2.1/install --with-libgmp-prefix=/home/john/thesis/milepost/ctuning-cc-2.5-gcc-4.4.4-ici-2.05-milepost-2.1/install CFLAGS=-I/home/john/thesis/milepost/ctuning-cc-2.5-gcc-4.4.4-ici-2.05-milepost-2.1/install/include -fpermissive LDFLAGS=-L/home/john/thesis/milepost/ctuning-cc-2.5-gcc-4.4.4-ici-2.05-milepost-2.1/install/lib CXXFLAGS=-I/home/john/thesis/milepost/ctuning-cc-2.5-gcc-4.4.4-ici-2.05-milepost-2.1/install/include -fpermissive --cache-file=/dev/null --srcdir=/home/john/thesis/milepost/ctuning-cc-2.5-gcc-4.4.4-ici-2.05-milepost-2.1/src-third-party/ppl-0.10.2-modified/Watchdog

## --------- ##
## Platform. ##
## --------- ##

hostname = ubuntu
uname -m = x86_64
uname -r = 4.4.0-24-generic
uname -s = Linux
uname -v = #43-Ubuntu SMP Wed Jun 8 19:27:37 UTC 2016

/usr/bin/uname -p = unknown
/bin/uname -X     = unknown

/bin/arch              = unknown
/usr/bin/arch -k       = unknown
/usr/convex/getsysinfo = unknown
/usr/bin/hostinfo      = unknown
/bin/machine           = unknown
/usr/bin/oslevel       = unknown
/bin/universe          = unknown

PATH: /usr/local/sbin
PATH: /usr/local/bin
PATH: /usr/sbin
PATH: /usr/bin
PATH: /sbin
PATH: /bin
PATH: /usr/games
PATH: /usr/local/games
PATH: /usr/lib/ctuning-cc-2.5-gcc-4.4.4-ici-2.05-milepost-2.1/install/bin
PATH: /usr/lib/ctuning-cc-2.5-gcc-4.4.4-ici-2.05-milepost-2.1/install/bin/
PATH: /usr/lib/ctuning-cc-2.5-gcc-4.4.4-ici-2.05-milepost-2.1/install/bin/
PATH: /usr/lib/ctuning-cc-2.5-gcc-4.4.4-ici-2.05-milepost-2.1/install/bin/
PATH: /usr/lib/ctuning-cc-2.5-gcc-4.4.4-ici-2.05-milepost-2.1/install/bin/
PATH: /usr/lib/ctuning-cc-2.5-gcc-4.4.4-ici-2.05-milepost-2.1/install/bin/
PATH: /usr/lib/ctuning-cc-2.5-gcc-4.4.4-ici-2.05-milepost-2.1/install/bin/
PATH: /usr/lib/ctuning-cc-2.5-gcc-4.4.4-ici-2.05-milepost-2.1/install/bin/
PATH: /usr/lib/ctuning-cc-2.5-gcc-4.4.4-ici-2.05-milepost-2.1/install/bin/
PATH: /usr/lib/ctuning-cc-2.5-gcc-4.4.4-ici-2.05-milepost-2.1/install/bin/
PATH: /usr/lib/ctuning-cc-2.5-gcc-4.4.4-ici-2.05-milepost-2.1/install/bin/
PATH: /usr/lib/ctuning-cc-2.5-gcc-4.4.4-ici-2.05-milepost-2.1/install/bin/
PATH: /usr/lib/ctuning-cc-2.5-gcc-4.4.4-ici-2.05-milepost-2.1/install/bin/
PATH: /usr/lib/ctuning-cc-2.5-gcc-4.4.4-ici-2.05-milepost-2.1/install/bin/


## ----------- ##
## Core tests. ##
## ----------- ##

configure:2122: checking build system type
configure:2140: result: x86_64-unknown-linux-gnu
configure:2162: checking host system type
configure:2177: result: x86_64-unknown-linux-gnu
configure:2217: checking for a BSD-compatible install
configure:2285: result: /usr/bin/install -c
configure:2296: checking whether build environment is sane
configure:2339: result: yes
configure:2364: checking for a thread-safe mkdir -p
configure:2403: result: /bin/mkdir -p
configure:2416: checking for gawk
configure:2432: found /usr/bin/gawk
configure:2443: result: gawk
configure:2454: checking whether make sets $(MAKE)
configure:2476: result: yes
configure:2735: checking for gcc
configure:2751: found /usr/bin/gcc
configure:2762: result: gcc
configure:2994: checking for C compiler version
configure:3002: gcc --version >&5
gcc (Ubuntu 5.3.1-14ubuntu2.1) 5.3.1 20160413
Copyright (C) 2015 Free Software Foundation, Inc.
This is free software; see the source for copying conditions.  There is NO
warranty; not even for MERCHANTABILITY or FITNESS FOR A PARTICULAR PURPOSE.

configure:3006: $? = 0
configure:3013: gcc -v >&5
Using built-in specs.
COLLECT_GCC=gcc
COLLECT_LTO_WRAPPER=/usr/lib/gcc/x86_64-linux-gnu/5/lto-wrapper
Target: x86_64-linux-gnu
Configured with: ../src/configure -v --with-pkgversion='Ubuntu 5.3.1-14ubuntu2.1' --with-bugurl=file:///usr/share/doc/gcc-5/README.Bugs --enable-languages=c,ada,c++,java,go,d,fortran,objc,obj-c++ --prefix=/usr --program-suffix=-5 --enable-shared --enable-linker-build-id --libexecdir=/usr/lib --without-included-gettext --enable-threads=posix --libdir=/usr/lib --enable-nls --with-sysroot=/ --enable-clocale=gnu --enable-libstdcxx-debug --enable-libstdcxx-time=yes --with-default-libstdcxx-abi=new --enable-gnu-unique-object --disable-vtable-verify --enable-libmpx --enable-plugin --with-system-zlib --disable-browser-plugin --enable-java-awt=gtk --enable-gtk-cairo --with-java-home=/usr/lib/jvm/java-1.5.0-gcj-5-amd64/jre --enable-java-home --with-jvm-root-dir=/usr/lib/jvm/java-1.5.0-gcj-5-amd64 --with-jvm-jar-dir=/usr/lib/jvm-exports/java-1.5.0-gcj-5-amd64 --with-arch-directory=amd64 --with-ecj-jar=/usr/share/java/eclipse-ecj.jar --enable-objc-gc --enable-multiarch --disable-werror --with-arch-32=i686 --with-abi=m64 --with-multilib-list=m32,m64,mx32 --enable-multilib --with-tune=generic --enable-checking=release --build=x86_64-linux-gnu --host=x86_64-linux-gnu --target=x86_64-linux-gnu
Thread model: posix
gcc version 5.3.1 20160413 (Ubuntu 5.3.1-14ubuntu2.1) 
configure:3017: $? = 0
configure:3024: gcc -V >&5
gcc: error: unrecognized command line option '-V'
gcc: fatal error: no input files
compilation terminated.
configure:3028: $? = 1
configure:3051: checking for C compiler default output file name
configure:3073: gcc -I/home/john/thesis/milepost/ctuning-cc-2.5-gcc-4.4.4-ici-2.05-milepost-2.1/install/include -fpermissive  -L/home/john/thesis/milepost/ctuning-cc-2.5-gcc-4.4.4-ici-2.05-milepost-2.1/install/lib conftest.c  >&5
cc1: warning: command line option '-fpermissive' is valid for C++/ObjC++ but not for C
configure:3077: $? = 0
configure:3115: result: a.out
configure:3134: checking whether the C compiler works
configure:3144: ./a.out
configure:3148: $? = 0
configure:3167: result: yes
configure:3174: checking whether we are cross compiling
configure:3176: result: no
configure:3179: checking for suffix of executables
configure:3186: gcc -o conftest -I/home/john/thesis/milepost/ctuning-cc-2.5-gcc-4.4.4-ici-2.05-milepost-2.1/install/include -fpermissive  -L/home/john/thesis/milepost/ctuning-cc-2.5-gcc-4.4.4-ici-2.05-milepost-2.1/install/lib conftest.c  >&5
cc1: warning: command line option '-fpermissive' is valid for C++/ObjC++ but not for C
configure:3190: $? = 0
configure:3216: result: 
configure:3222: checking for suffix of object files
configure:3248: gcc -c -I/home/john/thesis/milepost/ctuning-cc-2.5-gcc-4.4.4-ici-2.05-milepost-2.1/install/include -fpermissive  conftest.c >&5
cc1: warning: command line option '-fpermissive' is valid for C++/ObjC++ but not for C
configure:3252: $? = 0
configure:3277: result: o
configure:3281: checking whether we are using the GNU C compiler
configure:3310: gcc -c -I/home/john/thesis/milepost/ctuning-cc-2.5-gcc-4.4.4-ici-2.05-milepost-2.1/install/include -fpermissive  conftest.c >&5
cc1: warning: command line option '-fpermissive' is valid for C++/ObjC++ but not for C
configure:3317: $? = 0
configure:3334: result: yes
configure:3343: checking whether gcc accepts -g
configure:3373: gcc -c -g  conftest.c >&5
configure:3380: $? = 0
configure:3481: result: yes
configure:3498: checking for gcc option to accept ISO C89
configure:3572: gcc  -c -I/home/john/thesis/milepost/ctuning-cc-2.5-gcc-4.4.4-ici-2.05-milepost-2.1/install/include -fpermissive  conftest.c >&5
cc1: warning: command line option '-fpermissive' is valid for C++/ObjC++ but not for C
configure:3579: $? = 0
configure:3602: result: none needed
configure:3631: checking for style of include used by make
configure:3659: result: GNU
configure:3684: checking dependency style of gcc
configure:3775: result: gcc3
configure:3804: checking whether we are actually using the Intel C compiler
configure:3831: gcc -c -I/home/john/thesis/milepost/ctuning-cc-2.5-gcc-4.4.4-ici-2.05-milepost-2.1/install/include -fpermissive  conftest.c >&5
cc1: warning: command line option '-fpermissive' is valid for C++/ObjC++ but not for C
conftest.c:10:1: error: unknown type name 'choke'
 choke me
 ^
conftest.c:10:1: error: expected '=', ',', ';', 'asm' or '__attribute__' at end of input
configure:3838: $? = 1
configure: failed program was:
| /* confdefs.h.  */
| #define PACKAGE_NAME "the Parma Watchdog Library"
| #define PACKAGE_TARNAME "pwl"
| #define PACKAGE_VERSION "0.7"
| #define PACKAGE_STRING "the Parma Watchdog Library 0.7"
| #define PACKAGE_BUGREPORT "bagnara@cs.unipr.it"
| /* end confdefs.h.  */
| 
| #ifndef __INTEL_COMPILER
| choke me
| #endif
| 
configure:3850: result: no
configure:3923: checking for g++
configure:3939: found /usr/bin/g++
configure:3950: result: g++
configure:3977: checking for C++ compiler version
configure:3985: g++ --version >&5
g++ (Ubuntu 5.3.1-14ubuntu2.1) 5.3.1 20160413
Copyright (C) 2015 Free Software Foundation, Inc.
This is free software; see the source for copying conditions.  There is NO
warranty; not even for MERCHANTABILITY or FITNESS FOR A PARTICULAR PURPOSE.

configure:3989: $? = 0
configure:3996: g++ -v >&5
Using built-in specs.
COLLECT_GCC=g++
COLLECT_LTO_WRAPPER=/usr/lib/gcc/x86_64-linux-gnu/5/lto-wrapper
Target: x86_64-linux-gnu
Configured with: ../src/configure -v --with-pkgversion='Ubuntu 5.3.1-14ubuntu2.1' --with-bugurl=file:///usr/share/doc/gcc-5/README.Bugs --enable-languages=c,ada,c++,java,go,d,fortran,objc,obj-c++ --prefix=/usr --program-suffix=-5 --enable-shared --enable-linker-build-id --libexecdir=/usr/lib --without-included-gettext --enable-threads=posix --libdir=/usr/lib --enable-nls --with-sysroot=/ --enable-clocale=gnu --enable-libstdcxx-debug --enable-libstdcxx-time=yes --with-default-libstdcxx-abi=new --enable-gnu-unique-object --disable-vtable-verify --enable-libmpx --enable-plugin --with-system-zlib --disable-browser-plugin --enable-java-awt=gtk --enable-gtk-cairo --with-java-home=/usr/lib/jvm/java-1.5.0-gcj-5-amd64/jre --enable-java-home --with-jvm-root-dir=/usr/lib/jvm/java-1.5.0-gcj-5-amd64 --with-jvm-jar-dir=/usr/lib/jvm-exports/java-1.5.0-gcj-5-amd64 --with-arch-directory=amd64 --with-ecj-jar=/usr/share/java/eclipse-ecj.jar --enable-objc-gc --enable-multiarch --disable-werror --with-arch-32=i686 --with-abi=m64 --with-multilib-list=m32,m64,mx32 --enable-multilib --with-tune=generic --enable-checking=release --build=x86_64-linux-gnu --host=x86_64-linux-gnu --target=x86_64-linux-gnu
Thread model: posix
gcc version 5.3.1 20160413 (Ubuntu 5.3.1-14ubuntu2.1) 
configure:4000: $? = 0
configure:4007: g++ -V >&5
g++: error: unrecognized command line option '-V'
g++: fatal error: no input files
compilation terminated.
configure:4011: $? = 1
configure:4014: checking whether we are using the GNU C++ compiler
configure:4043: g++ -c -I/home/john/thesis/milepost/ctuning-cc-2.5-gcc-4.4.4-ici-2.05-milepost-2.1/install/include -fpermissive  conftest.cpp >&5
configure:4050: $? = 0
configure:4067: result: yes
configure:4076: checking whether g++ accepts -g
configure:4106: g++ -c -g  conftest.cpp >&5
configure:4113: $? = 0
configure:4214: result: yes
configure:4239: checking dependency style of g++
configure:4330: result: gcc3
configure:4350: checking whether we are actually using the Intel C++ compiler
configure:4377: g++ -c -I/home/john/thesis/milepost/ctuning-cc-2.5-gcc-4.4.4-ici-2.05-milepost-2.1/install/include -fpermissive  conftest.cpp >&5
conftest.cpp:10:1: error: 'choke' does not name a type
 choke me
 ^
configure:4384: $? = 1
configure: failed program was:
| /* confdefs.h.  */
| #define PACKAGE_NAME "the Parma Watchdog Library"
| #define PACKAGE_TARNAME "pwl"
| #define PACKAGE_VERSION "0.7"
| #define PACKAGE_STRING "the Parma Watchdog Library 0.7"
| #define PACKAGE_BUGREPORT "bagnara@cs.unipr.it"
| /* end confdefs.h.  */
| 
| #ifndef __INTEL_COMPILER
| choke me
| #endif
| 
configure:4396: result: no
configure:4410: checking for a sed that does not truncate output
configure:4476: result: /bin/sed
configure:4486: checking how to run the C++ preprocessor
configure:4522: g++ -E  conftest.cpp
configure:4529: $? = 0
configure:4560: g++ -E  conftest.cpp
conftest.cpp:8:28: fatal error: ac_nonexistent.h: No such file or directory
compilation terminated.
configure:4567: $? = 1
configure: failed program was:
| /* confdefs.h.  */
| #define PACKAGE_NAME "the Parma Watchdog Library"
| #define PACKAGE_TARNAME "pwl"
| #define PACKAGE_VERSION "0.7"
| #define PACKAGE_STRING "the Parma Watchdog Library 0.7"
| #define PACKAGE_BUGREPORT "bagnara@cs.unipr.it"
| /* end confdefs.h.  */
| #include <ac_nonexistent.h>
configure:4600: result: g++ -E
configure:4629: g++ -E  conftest.cpp
configure:4636: $? = 0
configure:4667: g++ -E  conftest.cpp
conftest.cpp:8:28: fatal error: ac_nonexistent.h: No such file or directory
compilation terminated.
configure:4674: $? = 1
configure: failed program was:
| /* confdefs.h.  */
| #define PACKAGE_NAME "the Parma Watchdog Library"
| #define PACKAGE_TARNAME "pwl"
| #define PACKAGE_VERSION "0.7"
| #define PACKAGE_STRING "the Parma Watchdog Library 0.7"
| #define PACKAGE_BUGREPORT "bagnara@cs.unipr.it"
| /* end confdefs.h.  */
| #include <ac_nonexistent.h>
configure:4713: checking whether make sets $(MAKE)
configure:4735: result: yes
configure:4758: checking for a BSD-compatible install
configure:4826: result: /usr/bin/install -c
configure:4869: checking for ld used by GCC
configure:4933: result: /usr/bin/ld
configure:4942: checking if the linker (/usr/bin/ld) is GNU ld
configure:4955: result: yes
configure:4962: checking for shared library run path origin
configure:4975: result: done
configure:4994: checking whether to compile with debug info
configure:5003: result: yes
configure:5019: checking whether to compile for profiling
configure:5034: result: no
configure:5045: checking whether to compile for test coverage
configure:5060: result: no
configure:5071: checking whether to enable checking of run-time assertions
configure:5084: result: no
configure:5102: checking whether to enable optimizations
configure:5129: result: standard
configure:5155: checking for which architecture to optimize
configure:5178: result: default
configure:5230: checking for perl
configure:5248: found /usr/bin/perl
configure:5261: result: /usr/bin/perl
configure:5286: checking for an ANSI C-conforming const
configure:5361: gcc -c  -g -O2 -I/home/john/thesis/milepost/ctuning-cc-2.5-gcc-4.4.4-ici-2.05-milepost-2.1/install/include -fpermissive  conftest.c >&5
cc1: warning: command line option '-fpermissive' is valid for C++/ObjC++ but not for C
configure:5368: $? = 0
configure:5383: result: yes
configure:5395: checking whether tests should be run under Valgrind
configure:5453: result: no
configure:5477: checking for setitimer
configure:5533: gcc -o conftest  -g -O2 -I/home/john/thesis/milepost/ctuning-cc-2.5-gcc-4.4.4-ici-2.05-milepost-2.1/install/include -fpermissive  -L/home/john/thesis/milepost/ctuning-cc-2.5-gcc-4.4.4-ici-2.05-milepost-2.1/install/lib conftest.c  >&5
cc1: warning: command line option '-fpermissive' is valid for C++/ObjC++ but not for C
configure:5540: $? = 0
configure:5562: result: yes
configure:5578: checking whether to build the Parma Watchdog Library
configure:5610: result: yes
configure:5624: checking whether time.h and sys/time.h may both be included
configure:5654: gcc -c  -g -O2 -I/home/john/thesis/milepost/ctuning-cc-2.5-gcc-4.4.4-ici-2.05-milepost-2.1/install/include -fpermissive  conftest.c >&5
cc1: warning: command line option '-fpermissive' is valid for C++/ObjC++ but not for C
configure:5661: $? = 0
configure:5676: result: yes
configure:5691: checking how to run the C preprocessor
configure:5731: gcc -E  conftest.c
configure:5738: $? = 0
configure:5769: gcc -E  conftest.c
conftest.c:11:28: fatal error: ac_nonexistent.h: No such file or directory
compilation terminated.
configure:5776: $? = 1
configure: failed program was:
| /* confdefs.h.  */
| #define PACKAGE_NAME "the Parma Watchdog Library"
| #define PACKAGE_TARNAME "pwl"
| #define PACKAGE_VERSION "0.7"
| #define PACKAGE_STRING "the Parma Watchdog Library 0.7"
| #define PACKAGE_BUGREPORT "bagnara@cs.unipr.it"
| #define NDEBUG 1
| #define HAVE_SETITIMER 1
| #define TIME_WITH_SYS_TIME 1
| /* end confdefs.h.  */
| #include <ac_nonexistent.h>
configure:5809: result: gcc -E
configure:5838: gcc -E  conftest.c
configure:5845: $? = 0
configure:5876: gcc -E  conftest.c
conftest.c:11:28: fatal error: ac_nonexistent.h: No such file or directory
compilation terminated.
configure:5883: $? = 1
configure: failed program was:
| /* confdefs.h.  */
| #define PACKAGE_NAME "the Parma Watchdog Library"
| #define PACKAGE_TARNAME "pwl"
| #define PACKAGE_VERSION "0.7"
| #define PACKAGE_STRING "the Parma Watchdog Library 0.7"
| #define PACKAGE_BUGREPORT "bagnara@cs.unipr.it"
| #define NDEBUG 1
| #define HAVE_SETITIMER 1
| #define TIME_WITH_SYS_TIME 1
| /* end confdefs.h.  */
| #include <ac_nonexistent.h>
configure:5923: checking for grep that handles long lines and -e
configure:5983: result: /bin/grep
configure:5988: checking for egrep
configure:6052: result: /bin/grep -E
configure:6057: checking for ANSI C header files
configure:6087: gcc -c  -g -O2 -I/home/john/thesis/milepost/ctuning-cc-2.5-gcc-4.4.4-ici-2.05-milepost-2.1/install/include -fpermissive  conftest.c >&5
cc1: warning: command line option '-fpermissive' is valid for C++/ObjC++ but not for C
configure:6094: $? = 0
configure:6193: gcc -o conftest  -g -O2 -I/home/john/thesis/milepost/ctuning-cc-2.5-gcc-4.4.4-ici-2.05-milepost-2.1/install/include -fpermissive  -L/home/john/thesis/milepost/ctuning-cc-2.5-gcc-4.4.4-ici-2.05-milepost-2.1/install/lib conftest.c  >&5
cc1: warning: command line option '-fpermissive' is valid for C++/ObjC++ but not for C
configure:6197: $? = 0
configure:6203: ./conftest
configure:6207: $? = 0
configure:6225: result: yes
configure:6249: checking for sys/types.h
configure:6270: gcc -c  -g -O2 -I/home/john/thesis/milepost/ctuning-cc-2.5-gcc-4.4.4-ici-2.05-milepost-2.1/install/include -fpermissive  conftest.c >&5
cc1: warning: command line option '-fpermissive' is valid for C++/ObjC++ but not for C
configure:6277: $? = 0
configure:6294: result: yes
configure:6249: checking for sys/stat.h
configure:6270: gcc -c  -g -O2 -I/home/john/thesis/milepost/ctuning-cc-2.5-gcc-4.4.4-ici-2.05-milepost-2.1/install/include -fpermissive  conftest.c >&5
cc1: warning: command line option '-fpermissive' is valid for C++/ObjC++ but not for C
configure:6277: $? = 0
configure:6294: result: yes
configure:6249: checking for stdlib.h
configure:6270: gcc -c  -g -O2 -I/home/john/thesis/milepost/ctuning-cc-2.5-gcc-4.4.4-ici-2.05-milepost-2.1/install/include -fpermissive  conftest.c >&5
cc1: warning: command line option '-fpermissive' is valid for C++/ObjC++ but not for C
configure:6277: $? = 0
configure:6294: result: yes
configure:6249: checking for string.h
configure:6270: gcc -c  -g -O2 -I/home/john/thesis/milepost/ctuning-cc-2.5-gcc-4.4.4-ici-2.05-milepost-2.1/install/include -fpermissive  conftest.c >&5
cc1: warning: command line option '-fpermissive' is valid for C++/ObjC++ but not for C
configure:6277: $? = 0
configure:6294: result: yes
configure:6249: checking for memory.h
configure:6270: gcc -c  -g -O2 -I/home/john/thesis/milepost/ctuning-cc-2.5-gcc-4.4.4-ici-2.05-milepost-2.1/install/include -fpermissive  conftest.c >&5
cc1: warning: command line option '-fpermissive' is valid for C++/ObjC++ but not for C
configure:6277: $? = 0
configure:6294: result: yes
configure:6249: checking for strings.h
configure:6270: gcc -c  -g -O2 -I/home/john/thesis/milepost/ctuning-cc-2.5-gcc-4.4.4-ici-2.05-milepost-2.1/install/include -fpermissive  conftest.c >&5
cc1: warning: command line option '-fpermissive' is valid for C++/ObjC++ but not for C
configure:6277: $? = 0
configure:6294: result: yes
configure:6249: checking for inttypes.h
configure:6270: gcc -c  -g -O2 -I/home/john/thesis/milepost/ctuning-cc-2.5-gcc-4.4.4-ici-2.05-milepost-2.1/install/include -fpermissive  conftest.c >&5
cc1: warning: command line option '-fpermissive' is valid for C++/ObjC++ but not for C
configure:6277: $? = 0
configure:6294: result: yes
configure:6249: checking for stdint.h
configure:6270: gcc -c  -g -O2 -I/home/john/thesis/milepost/ctuning-cc-2.5-gcc-4.4.4-ici-2.05-milepost-2.1/install/include -fpermissive  conftest.c >&5
cc1: warning: command line option '-fpermissive' is valid for C++/ObjC++ but not for C
configure:6277: $? = 0
configure:6294: result: yes
configure:6249: checking for unistd.h
configure:6270: gcc -c  -g -O2 -I/home/john/thesis/milepost/ctuning-cc-2.5-gcc-4.4.4-ici-2.05-milepost-2.1/install/include -fpermissive  conftest.c >&5
cc1: warning: command line option '-fpermissive' is valid for C++/ObjC++ but not for C
configure:6277: $? = 0
configure:6294: result: yes
configure:6325: checking fenv.h usability
configure:6342: gcc -c  -g -O2 -I/home/john/thesis/milepost/ctuning-cc-2.5-gcc-4.4.4-ici-2.05-milepost-2.1/install/include -fpermissive  conftest.c >&5
cc1: warning: command line option '-fpermissive' is valid for C++/ObjC++ but not for C
configure:6349: $? = 0
configure:6363: result: yes
configure:6367: checking fenv.h presence
configure:6382: gcc -E  conftest.c
configure:6389: $? = 0
configure:6403: result: yes
configure:6436: checking for fenv.h
configure:6445: result: yes
configure:6325: checking sys/time.h usability
configure:6342: gcc -c  -g -O2 -I/home/john/thesis/milepost/ctuning-cc-2.5-gcc-4.4.4-ici-2.05-milepost-2.1/install/include -fpermissive  conftest.c >&5
cc1: warning: command line option '-fpermissive' is valid for C++/ObjC++ but not for C
configure:6349: $? = 0
configure:6363: result: yes
configure:6367: checking sys/time.h presence
configure:6382: gcc -E  conftest.c
configure:6389: $? = 0
configure:6403: result: yes
configure:6436: checking for sys/time.h
configure:6445: result: yes
configure:6462: checking whether getenv is declared
configure:6492: gcc -c  -g -O2 -I/home/john/thesis/milepost/ctuning-cc-2.5-gcc-4.4.4-ici-2.05-milepost-2.1/install/include -fpermissive  conftest.c >&5
cc1: warning: command line option '-fpermissive' is valid for C++/ObjC++ but not for C
conftest.c:23:19: fatal error: cstdlib: No such file or directory
compilation terminated.
configure:6499: $? = 1
configure: failed program was:
| /* confdefs.h.  */
| #define PACKAGE_NAME "the Parma Watchdog Library"
| #define PACKAGE_TARNAME "pwl"
| #define PACKAGE_VERSION "0.7"
| #define PACKAGE_STRING "the Parma Watchdog Library 0.7"
| #define PACKAGE_BUGREPORT "bagnara@cs.unipr.it"
| #define NDEBUG 1
| #define HAVE_SETITIMER 1
| #define TIME_WITH_SYS_TIME 1
| #define STDC_HEADERS 1
| #define HAVE_SYS_TYPES_H 1
| #define HAVE_SYS_STAT_H 1
| #define HAVE_STDLIB_H 1
| #define HAVE_STRING_H 1
| #define HAVE_MEMORY_H 1
| #define HAVE_STRINGS_H 1
| #define HAVE_INTTYPES_H 1
| #define HAVE_STDINT_H 1
| #define HAVE_UNISTD_H 1
| #define HAVE_FENV_H 1
| #define HAVE_SYS_TIME_H 1
| /* end confdefs.h.  */
| #include <cstdlib>
| 
| int
| main ()
| {
| #ifndef getenv
|   (void) getenv;
| #endif
| 
|   ;
|   return 0;
| }
configure:6514: result: no
configure:6534: checking for siginfo_t
configure:6565: gcc -c  -g -O2 -I/home/john/thesis/milepost/ctuning-cc-2.5-gcc-4.4.4-ici-2.05-milepost-2.1/install/include -fpermissive  conftest.c >&5
cc1: warning: command line option '-fpermissive' is valid for C++/ObjC++ but not for C
configure:6572: $? = 0
configure:6602: gcc -c  -g -O2 -I/home/john/thesis/milepost/ctuning-cc-2.5-gcc-4.4.4-ici-2.05-milepost-2.1/install/include -fpermissive  conftest.c >&5
cc1: warning: command line option '-fpermissive' is valid for C++/ObjC++ but not for C
conftest.c: In function 'main':
conftest.c:31:24: error: expected expression before ')' token
 if (sizeof ((siginfo_t)))
                        ^
configure:6609: $? = 1
configure: failed program was:
| /* confdefs.h.  */
| #define PACKAGE_NAME "the Parma Watchdog Library"
| #define PACKAGE_TARNAME "pwl"
| #define PACKAGE_VERSION "0.7"
| #define PACKAGE_STRING "the Parma Watchdog Library 0.7"
| #define PACKAGE_BUGREPORT "bagnara@cs.unipr.it"
| #define NDEBUG 1
| #define HAVE_SETITIMER 1
| #define TIME_WITH_SYS_TIME 1
| #define STDC_HEADERS 1
| #define HAVE_SYS_TYPES_H 1
| #define HAVE_SYS_STAT_H 1
| #define HAVE_STDLIB_H 1
| #define HAVE_STRING_H 1
| #define HAVE_MEMORY_H 1
| #define HAVE_STRINGS_H 1
| #define HAVE_INTTYPES_H 1
| #define HAVE_STDINT_H 1
| #define HAVE_UNISTD_H 1
| #define HAVE_FENV_H 1
| #define HAVE_SYS_TIME_H 1
| #define HAVE_DECL_GETENV 0
| /* end confdefs.h.  */
| 
| #include <signal.h>
| 
| 
| int
| main ()
| {
| if (sizeof ((siginfo_t)))
| 	  return 0;
|   ;
|   return 0;
| }
configure:6632: result: yes
configure:6671: checking for a sed that does not truncate output
configure:6737: result: /bin/sed
configure:6755: checking for fgrep
configure:6819: result: /bin/grep -F
configure:6854: checking for ld used by gcc
configure:6921: result: /usr/bin/ld
configure:6930: checking if the linker (/usr/bin/ld) is GNU ld
configure:6945: result: yes
configure:6957: checking for BSD- or MS-compatible name lister (nm)
configure:7006: result: /usr/bin/nm -B
configure:7124: checking the name lister (/usr/bin/nm -B) interface
configure:7131: gcc -c  -g -O2 -I/home/john/thesis/milepost/ctuning-cc-2.5-gcc-4.4.4-ici-2.05-milepost-2.1/install/include -fpermissive  conftest.c >&5
cc1: warning: command line option '-fpermissive' is valid for C++/ObjC++ but not for C
configure:7134: /usr/bin/nm -B "conftest.o"
configure:7137: output
0000000000000000 B some_variable
configure:7144: result: BSD nm
configure:7147: checking whether ln -s works
configure:7151: result: yes
configure:7159: checking the maximum length of command line arguments
configure:7279: result: 1572864
configure:7296: checking whether the shell understands some XSI constructs
configure:7306: result: yes
configure:7310: checking whether the shell understands "+="
configure:7316: result: yes
configure:7351: checking for /usr/bin/ld option to reload object files
configure:7358: result: -r
configure:7427: checking for objdump
configure:7443: found /usr/bin/objdump
configure:7454: result: objdump
configure:7486: checking how to recognize dependent libraries
configure:7682: result: pass_all
configure:7742: checking for ar
configure:7758: found /usr/bin/ar
configure:7769: result: ar
configure:7847: checking for strip
configure:7863: found /usr/bin/strip
configure:7874: result: strip
configure:7946: checking for ranlib
configure:7962: found /usr/bin/ranlib
configure:7973: result: ranlib
configure:8063: checking command to parse /usr/bin/nm -B output from gcc object
configure:8181: gcc -c  -g -O2 -I/home/john/thesis/milepost/ctuning-cc-2.5-gcc-4.4.4-ici-2.05-milepost-2.1/install/include -fpermissive  conftest.c >&5
cc1: warning: command line option '-fpermissive' is valid for C++/ObjC++ but not for C
configure:8184: $? = 0
configure:8188: /usr/bin/nm -B conftest.o \| sed -n -e 's/^.*[	 ]\([ABCDGIRSTW][ABCDGIRSTW]*\)[	 ][	 ]*\([_A-Za-z][_A-Za-z0-9]*\)$/\1 \2 \2/p' \> conftest.nm
configure:8191: $? = 0
configure:8245: gcc -o conftest  -g -O2 -I/home/john/thesis/milepost/ctuning-cc-2.5-gcc-4.4.4-ici-2.05-milepost-2.1/install/include -fpermissive  -L/home/john/thesis/milepost/ctuning-cc-2.5-gcc-4.4.4-ici-2.05-milepost-2.1/install/lib conftest.c conftstm.o >&5
cc1: warning: command line option '-fpermissive' is valid for C++/ObjC++ but not for C
configure:8248: $? = 0
configure:8286: result: ok
configure:8381: gcc -c  -g -O2 -I/home/john/thesis/milepost/ctuning-cc-2.5-gcc-4.4.4-ici-2.05-milepost-2.1/install/include -fpermissive  conftest.c >&5
cc1: warning: command line option '-fpermissive' is valid for C++/ObjC++ but not for C
configure:8384: $? = 0
configure:9151: checking for dlfcn.h
configure:9172: gcc -c  -g -O2 -I/home/john/thesis/milepost/ctuning-cc-2.5-gcc-4.4.4-ici-2.05-milepost-2.1/install/include -fpermissive  conftest.c >&5
cc1: warning: command line option '-fpermissive' is valid for C++/ObjC++ but not for C
configure:9179: $? = 0
configure:9196: result: yes
configure:9323: checking for C++ compiler version
configure:9331: g++ --version >&5
g++ (Ubuntu 5.3.1-14ubuntu2.1) 5.3.1 20160413
Copyright (C) 2015 Free Software Foundation, Inc.
This is free software; see the source for copying conditions.  There is NO
warranty; not even for MERCHANTABILITY or FITNESS FOR A PARTICULAR PURPOSE.

configure:9335: $? = 0
configure:9342: g++ -v >&5
Using built-in specs.
COLLECT_GCC=g++
COLLECT_LTO_WRAPPER=/usr/lib/gcc/x86_64-linux-gnu/5/lto-wrapper
Target: x86_64-linux-gnu
Configured with: ../src/configure -v --with-pkgversion='Ubuntu 5.3.1-14ubuntu2.1' --with-bugurl=file:///usr/share/doc/gcc-5/README.Bugs --enable-languages=c,ada,c++,java,go,d,fortran,objc,obj-c++ --prefix=/usr --program-suffix=-5 --enable-shared --enable-linker-build-id --libexecdir=/usr/lib --without-included-gettext --enable-threads=posix --libdir=/usr/lib --enable-nls --with-sysroot=/ --enable-clocale=gnu --enable-libstdcxx-debug --enable-libstdcxx-time=yes --with-default-libstdcxx-abi=new --enable-gnu-unique-object --disable-vtable-verify --enable-libmpx --enable-plugin --with-system-zlib --disable-browser-plugin --enable-java-awt=gtk --enable-gtk-cairo --with-java-home=/usr/lib/jvm/java-1.5.0-gcj-5-amd64/jre --enable-java-home --with-jvm-root-dir=/usr/lib/jvm/java-1.5.0-gcj-5-amd64 --with-jvm-jar-dir=/usr/lib/jvm-exports/java-1.5.0-gcj-5-amd64 --with-arch-directory=amd64 --with-ecj-jar=/usr/share/java/eclipse-ecj.jar --enable-objc-gc --enable-multiarch --disable-werror --with-arch-32=i686 --with-abi=m64 --with-multilib-list=m32,m64,mx32 --enable-multilib --with-tune=generic --enable-checking=release --build=x86_64-linux-gnu --host=x86_64-linux-gnu --target=x86_64-linux-gnu
Thread model: posix
gcc version 5.3.1 20160413 (Ubuntu 5.3.1-14ubuntu2.1) 
configure:9346: $? = 0
configure:9353: g++ -V >&5
g++: error: unrecognized command line option '-V'
g++: fatal error: no input files
compilation terminated.
configure:9357: $? = 1
configure:9360: checking whether we are using the GNU C++ compiler
configure:9413: result: yes
configure:9422: checking whether g++ accepts -g
configure:9560: result: yes
configure:9585: checking dependency style of g++
configure:9676: result: gcc3
configure:9699: checking how to run the C++ preprocessor
configure:9813: result: g++ -E
configure:9842: g++ -E  conftest.cpp
configure:9849: $? = 0
configure:9880: g++ -E  conftest.cpp
conftest.cpp:26:28: fatal error: ac_nonexistent.h: No such file or directory
compilation terminated.
configure:9887: $? = 1
configure: failed program was:
| /* confdefs.h.  */
| #define PACKAGE_NAME "the Parma Watchdog Library"
| #define PACKAGE_TARNAME "pwl"
| #define PACKAGE_VERSION "0.7"
| #define PACKAGE_STRING "the Parma Watchdog Library 0.7"
| #define PACKAGE_BUGREPORT "bagnara@cs.unipr.it"
| #define NDEBUG 1
| #define HAVE_SETITIMER 1
| #define TIME_WITH_SYS_TIME 1
| #define STDC_HEADERS 1
| #define HAVE_SYS_TYPES_H 1
| #define HAVE_SYS_STAT_H 1
| #define HAVE_STDLIB_H 1
| #define HAVE_STRING_H 1
| #define HAVE_MEMORY_H 1
| #define HAVE_STRINGS_H 1
| #define HAVE_INTTYPES_H 1
| #define HAVE_STDINT_H 1
| #define HAVE_UNISTD_H 1
| #define HAVE_FENV_H 1
| #define HAVE_SYS_TIME_H 1
| #define HAVE_DECL_GETENV 0
| #define HAVE_SIGINFO_T 1
| #define HAVE_DLFCN_H 1
| /* end confdefs.h.  */
| #include <ac_nonexistent.h>
configure:10099: checking for objdir
configure:10114: result: .libs
configure:10410: checking if gcc supports -fno-rtti -fno-exceptions
configure:10428: gcc -c  -g -O2 -I/home/john/thesis/milepost/ctuning-cc-2.5-gcc-4.4.4-ici-2.05-milepost-2.1/install/include -fpermissive  -fno-rtti -fno-exceptions conftest.c >&5
cc1: warning: command line option '-fpermissive' is valid for C++/ObjC++ but not for C
cc1: warning: command line option '-fno-rtti' is valid for C++/ObjC++ but not for C
configure:10432: $? = 0
configure:10445: result: no
configure:10465: checking for gcc option to produce PIC
configure:10737: result: -fPIC -DPIC
configure:10749: checking if gcc PIC flag -fPIC -DPIC works
configure:10767: gcc -c  -g -O2 -I/home/john/thesis/milepost/ctuning-cc-2.5-gcc-4.4.4-ici-2.05-milepost-2.1/install/include -fpermissive  -fPIC -DPIC -DPIC conftest.c >&5
cc1: warning: command line option '-fpermissive' is valid for C++/ObjC++ but not for C
configure:10771: $? = 0
configure:10784: result: yes
configure:10808: checking if gcc static flag -static works
cc1: warning: command line option '-fpermissive' is valid for C++/ObjC++ but not for C
configure:10836: result: yes
configure:10851: checking if gcc supports -c -o file.o
configure:10872: gcc -c  -g -O2 -I/home/john/thesis/milepost/ctuning-cc-2.5-gcc-4.4.4-ici-2.05-milepost-2.1/install/include -fpermissive  -o out/conftest2.o conftest.c >&5
cc1: warning: command line option '-fpermissive' is valid for C++/ObjC++ but not for C
configure:10876: $? = 0
configure:10898: result: yes
configure:10906: checking if gcc supports -c -o file.o
configure:10953: result: yes
configure:10986: checking whether the gcc linker (/usr/bin/ld -m elf_x86_64) supports shared libraries
configure:12060: result: yes
configure:12097: checking whether -lc should be explicitly linked in
configure:12102: gcc -c  -g -O2 -I/home/john/thesis/milepost/ctuning-cc-2.5-gcc-4.4.4-ici-2.05-milepost-2.1/install/include -fpermissive  conftest.c >&5
cc1: warning: command line option '-fpermissive' is valid for C++/ObjC++ but not for C
configure:12105: $? = 0
configure:12120: gcc -shared conftest.o  -v -Wl,-soname -Wl,conftest -o conftest 2\>\&1 \| /bin/grep  -lc  \>/dev/null 2\>\&1
configure:12123: $? = 0
configure:12135: result: no
configure:12299: checking dynamic linker characteristics
configure:12742: gcc -o conftest  -g -O2 -I/home/john/thesis/milepost/ctuning-cc-2.5-gcc-4.4.4-ici-2.05-milepost-2.1/install/include -fpermissive  -L/home/john/thesis/milepost/ctuning-cc-2.5-gcc-4.4.4-ici-2.05-milepost-2.1/install/lib -Wl,-rpath -Wl,/foo conftest.c  >&5
cc1: warning: command line option '-fpermissive' is valid for C++/ObjC++ but not for C
configure:12749: $? = 0
configure:12982: result: GNU/Linux ld.so
configure:13084: checking how to hardcode library paths into programs
configure:13109: result: immediate
configure:13232: checking for shl_load
configure:13288: gcc -o conftest  -g -O2 -I/home/john/thesis/milepost/ctuning-cc-2.5-gcc-4.4.4-ici-2.05-milepost-2.1/install/include -fpermissive  -L/home/john/thesis/milepost/ctuning-cc-2.5-gcc-4.4.4-ici-2.05-milepost-2.1/install/lib conftest.c  >&5
cc1: warning: command line option '-fpermissive' is valid for C++/ObjC++ but not for C
/tmp/ccc07MoB.o: In function `main':
/home/john/thesis/milepost/ctuning-cc-2.5-gcc-4.4.4-ici-2.05-milepost-2.1/install/obj-ppl/Watchdog/conftest.c:61: undefined reference to `shl_load'
collect2: error: ld returned 1 exit status
configure:13295: $? = 1
configure: failed program was:
| /* confdefs.h.  */
| #define PACKAGE_NAME "the Parma Watchdog Library"
| #define PACKAGE_TARNAME "pwl"
| #define PACKAGE_VERSION "0.7"
| #define PACKAGE_STRING "the Parma Watchdog Library 0.7"
| #define PACKAGE_BUGREPORT "bagnara@cs.unipr.it"
| #define NDEBUG 1
| #define HAVE_SETITIMER 1
| #define TIME_WITH_SYS_TIME 1
| #define STDC_HEADERS 1
| #define HAVE_SYS_TYPES_H 1
| #define HAVE_SYS_STAT_H 1
| #define HAVE_STDLIB_H 1
| #define HAVE_STRING_H 1
| #define HAVE_MEMORY_H 1
| #define HAVE_STRINGS_H 1
| #define HAVE_INTTYPES_H 1
| #define HAVE_STDINT_H 1
| #define HAVE_UNISTD_H 1
| #define HAVE_FENV_H 1
| #define HAVE_SYS_TIME_H 1
| #define HAVE_DECL_GETENV 0
| #define HAVE_SIGINFO_T 1
| #define HAVE_DLFCN_H 1
| #define LT_OBJDIR ".libs/"
| /* end confdefs.h.  */
| /* Define shl_load to an innocuous variant, in case <limits.h> declares shl_load.
|    For example, HP-UX 11i <limits.h> declares gettimeofday.  */
| #define shl_load innocuous_shl_load
| 
| /* System header to define __stub macros and hopefully few prototypes,
|     which can conflict with char shl_load (); below.
|     Prefer <limits.h> to <assert.h> if __STDC__ is defined, since
|     <limits.h> exists even on freestanding compilers.  */
| 
| #ifdef __STDC__
| # include <limits.h>
| #else
| # include <assert.h>
| #endif
| 
| #undef shl_load
| 
| /* Override any GCC internal prototype to avoid an error.
|    Use char because int might match the return type of a GCC
|    builtin and then its argument prototype would still apply.  */
| #ifdef __cplusplus
| extern "C"
| #endif
| char shl_load ();
| /* The GNU C library defines this for functions which it implements
|     to always fail with ENOSYS.  Some functions are actually named
|     something starting with __ and the normal name is an alias.  */
| #if defined __stub_shl_load || defined __stub___shl_load
| choke me
| #endif
| 
| int
| main ()
| {
| return shl_load ();
|   ;
|   return 0;
| }
configure:13315: result: no
configure:13320: checking for shl_load in -ldld
configure:13355: gcc -o conftest  -g -O2 -I/home/john/thesis/milepost/ctuning-cc-2.5-gcc-4.4.4-ici-2.05-milepost-2.1/install/include -fpermissive  -L/home/john/thesis/milepost/ctuning-cc-2.5-gcc-4.4.4-ici-2.05-milepost-2.1/install/lib conftest.c -ldld   >&5
cc1: warning: command line option '-fpermissive' is valid for C++/ObjC++ but not for C
/usr/bin/ld: cannot find -ldld
collect2: error: ld returned 1 exit status
configure:13362: $? = 1
configure: failed program was:
| /* confdefs.h.  */
| #define PACKAGE_NAME "the Parma Watchdog Library"
| #define PACKAGE_TARNAME "pwl"
| #define PACKAGE_VERSION "0.7"
| #define PACKAGE_STRING "the Parma Watchdog Library 0.7"
| #define PACKAGE_BUGREPORT "bagnara@cs.unipr.it"
| #define NDEBUG 1
| #define HAVE_SETITIMER 1
| #define TIME_WITH_SYS_TIME 1
| #define STDC_HEADERS 1
| #define HAVE_SYS_TYPES_H 1
| #define HAVE_SYS_STAT_H 1
| #define HAVE_STDLIB_H 1
| #define HAVE_STRING_H 1
| #define HAVE_MEMORY_H 1
| #define HAVE_STRINGS_H 1
| #define HAVE_INTTYPES_H 1
| #define HAVE_STDINT_H 1
| #define HAVE_UNISTD_H 1
| #define HAVE_FENV_H 1
| #define HAVE_SYS_TIME_H 1
| #define HAVE_DECL_GETENV 0
| #define HAVE_SIGINFO_T 1
| #define HAVE_DLFCN_H 1
| #define LT_OBJDIR ".libs/"
| /* end confdefs.h.  */
| 
| /* Override any GCC internal prototype to avoid an error.
|    Use char because int might match the return type of a GCC
|    builtin and then its argument prototype would still apply.  */
| #ifdef __cplusplus
| extern "C"
| #endif
| char shl_load ();
| int
| main ()
| {
| return shl_load ();
|   ;
|   return 0;
| }
configure:13383: result: no
configure:13388: checking for dlopen
configure:13444: gcc -o conftest  -g -O2 -I/home/john/thesis/milepost/ctuning-cc-2.5-gcc-4.4.4-ici-2.05-milepost-2.1/install/include -fpermissive  -L/home/john/thesis/milepost/ctuning-cc-2.5-gcc-4.4.4-ici-2.05-milepost-2.1/install/lib conftest.c  >&5
cc1: warning: command line option '-fpermissive' is valid for C++/ObjC++ but not for C
/tmp/ccxc5oJC.o: In function `main':
/home/john/thesis/milepost/ctuning-cc-2.5-gcc-4.4.4-ici-2.05-milepost-2.1/install/obj-ppl/Watchdog/conftest.c:61: undefined reference to `dlopen'
collect2: error: ld returned 1 exit status
configure:13451: $? = 1
configure: failed program was:
| /* confdefs.h.  */
| #define PACKAGE_NAME "the Parma Watchdog Library"
| #define PACKAGE_TARNAME "pwl"
| #define PACKAGE_VERSION "0.7"
| #define PACKAGE_STRING "the Parma Watchdog Library 0.7"
| #define PACKAGE_BUGREPORT "bagnara@cs.unipr.it"
| #define NDEBUG 1
| #define HAVE_SETITIMER 1
| #define TIME_WITH_SYS_TIME 1
| #define STDC_HEADERS 1
| #define HAVE_SYS_TYPES_H 1
| #define HAVE_SYS_STAT_H 1
| #define HAVE_STDLIB_H 1
| #define HAVE_STRING_H 1
| #define HAVE_MEMORY_H 1
| #define HAVE_STRINGS_H 1
| #define HAVE_INTTYPES_H 1
| #define HAVE_STDINT_H 1
| #define HAVE_UNISTD_H 1
| #define HAVE_FENV_H 1
| #define HAVE_SYS_TIME_H 1
| #define HAVE_DECL_GETENV 0
| #define HAVE_SIGINFO_T 1
| #define HAVE_DLFCN_H 1
| #define LT_OBJDIR ".libs/"
| /* end confdefs.h.  */
| /* Define dlopen to an innocuous variant, in case <limits.h> declares dlopen.
|    For example, HP-UX 11i <limits.h> declares gettimeofday.  */
| #define dlopen innocuous_dlopen
| 
| /* System header to define __stub macros and hopefully few prototypes,
|     which can conflict with char dlopen (); below.
|     Prefer <limits.h> to <assert.h> if __STDC__ is defined, since
|     <limits.h> exists even on freestanding compilers.  */
| 
| #ifdef __STDC__
| # include <limits.h>
| #else
| # include <assert.h>
| #endif
| 
| #undef dlopen
| 
| /* Override any GCC internal prototype to avoid an error.
|    Use char because int might match the return type of a GCC
|    builtin and then its argument prototype would still apply.  */
| #ifdef __cplusplus
| extern "C"
| #endif
| char dlopen ();
| /* The GNU C library defines this for functions which it implements
|     to always fail with ENOSYS.  Some functions are actually named
|     something starting with __ and the normal name is an alias.  */
| #if defined __stub_dlopen || defined __stub___dlopen
| choke me
| #endif
| 
| int
| main ()
| {
| return dlopen ();
|   ;
|   return 0;
| }
configure:13471: result: no
configure:13476: checking for dlopen in -ldl
configure:13511: gcc -o conftest  -g -O2 -I/home/john/thesis/milepost/ctuning-cc-2.5-gcc-4.4.4-ici-2.05-milepost-2.1/install/include -fpermissive  -L/home/john/thesis/milepost/ctuning-cc-2.5-gcc-4.4.4-ici-2.05-milepost-2.1/install/lib conftest.c -ldl   >&5
cc1: warning: command line option '-fpermissive' is valid for C++/ObjC++ but not for C
configure:13518: $? = 0
configure:13539: result: yes
configure:13716: checking whether a program can dlopen itself
configure:13786: gcc -o conftest  -g -O2 -I/home/john/thesis/milepost/ctuning-cc-2.5-gcc-4.4.4-ici-2.05-milepost-2.1/install/include -fpermissive  -DHAVE_DLFCN_H -L/home/john/thesis/milepost/ctuning-cc-2.5-gcc-4.4.4-ici-2.05-milepost-2.1/install/lib -Wl,--export-dynamic conftest.c -ldl  >&5
cc1: warning: command line option '-fpermissive' is valid for C++/ObjC++ but not for C
configure:13789: $? = 0
configure:13807: result: yes
configure:13812: checking whether a statically linked program can dlopen itself
configure:13882: gcc -o conftest  -g -O2 -I/home/john/thesis/milepost/ctuning-cc-2.5-gcc-4.4.4-ici-2.05-milepost-2.1/install/include -fpermissive  -DHAVE_DLFCN_H -L/home/john/thesis/milepost/ctuning-cc-2.5-gcc-4.4.4-ici-2.05-milepost-2.1/install/lib -Wl,--export-dynamic -static conftest.c -ldl  >&5
cc1: warning: command line option '-fpermissive' is valid for C++/ObjC++ but not for C
/tmp/cckfc8EU.o: In function `main':
/home/john/thesis/milepost/ctuning-cc-2.5-gcc-4.4.4-ici-2.05-milepost-2.1/install/obj-ppl/Watchdog/configure:13866: warning: Using 'dlopen' in statically linked applications requires at runtime the shared libraries from the glibc version used for linking
/usr/bin/ld: dynamic STT_GNU_IFUNC symbol `strcmp' with pointer equality in `/usr/lib/gcc/x86_64-linux-gnu/5/../../../x86_64-linux-gnu/libc.a(strcmp.o)' can not be used when making an executable; recompile with -fPIE and relink with -pie
collect2: error: ld returned 1 exit status
configure:13885: $? = 1
configure:13903: result: no
configure:13942: checking whether stripping libraries is possible
configure:13947: result: yes
configure:13982: checking if libtool supports shared libraries
configure:13984: result: yes
configure:13987: checking whether to build shared libraries
configure:14008: result: yes
configure:14011: checking whether to build static libraries
configure:14015: result: yes
configure:14165: checking for ld used by g++
configure:14232: result: /usr/bin/ld -m elf_x86_64
configure:14241: checking if the linker (/usr/bin/ld -m elf_x86_64) is GNU ld
configure:14256: result: yes
configure:14311: checking whether the g++ linker (/usr/bin/ld -m elf_x86_64) supports shared libraries
configure:15286: result: yes
configure:15314: g++ -c  -g -O2 -I/home/john/thesis/milepost/ctuning-cc-2.5-gcc-4.4.4-ici-2.05-milepost-2.1/install/include -fpermissive  conftest.cpp >&5
configure:15317: $? = 0
configure:15499: checking for g++ option to produce PIC
configure:15816: result: -fPIC -DPIC
configure:15825: checking if g++ PIC flag -fPIC -DPIC works
configure:15843: g++ -c  -g -O2 -I/home/john/thesis/milepost/ctuning-cc-2.5-gcc-4.4.4-ici-2.05-milepost-2.1/install/include -fpermissive  -fPIC -DPIC -DPIC conftest.cpp >&5
configure:15847: $? = 0
configure:15860: result: yes
configure:15881: checking if g++ static flag -static works
configure:15909: result: yes
configure:15921: checking if g++ supports -c -o file.o
configure:15942: g++ -c  -g -O2 -I/home/john/thesis/milepost/ctuning-cc-2.5-gcc-4.4.4-ici-2.05-milepost-2.1/install/include -fpermissive  -o out/conftest2.o conftest.cpp >&5
configure:15946: $? = 0
configure:15968: result: yes
configure:15973: checking if g++ supports -c -o file.o
configure:16020: result: yes
configure:16050: checking whether the g++ linker (/usr/bin/ld -m elf_x86_64) supports shared libraries
configure:16076: result: yes
configure:16213: checking dynamic linker characteristics
configure:16604: g++ -o conftest  -g -O2 -I/home/john/thesis/milepost/ctuning-cc-2.5-gcc-4.4.4-ici-2.05-milepost-2.1/install/include -fpermissive  -L/home/john/thesis/milepost/ctuning-cc-2.5-gcc-4.4.4-ici-2.05-milepost-2.1/install/lib -Wl,-rpath -Wl,/foo conftest.cpp  >&5
configure:16611: $? = 0
configure:16844: result: GNU/Linux ld.so
configure:16895: checking how to hardcode library paths into programs
configure:16920: result: immediate
configure:17169: creating ./config.status

## ---------------------- ##
## Running config.status. ##
## ---------------------- ##

This file was extended by the Parma Watchdog Library config.status 0.7, which was
generated by GNU Autoconf 2.63.  Invocation command line was

  CONFIG_FILES    = 
  CONFIG_HEADERS  = 
  CONFIG_LINKS    = 
  CONFIG_COMMANDS = 
  $ ./config.status 

on ubuntu

config.status:1076: creating Makefile
config.status:1076: creating src/Makefile
config.status:1076: creating m4/Makefile
config.status:1076: creating doc/Makefile
config.status:1076: creating doc/user.doxyconf-latex
config.status:1076: creating doc/devref.doxyconf-latex
config.status:1076: creating doc/user.doxyconf-html
config.status:1076: creating doc/devref.doxyconf-html
config.status:1076: creating tests/Makefile
config.status:1076: creating utils/Makefile
config.status:1076: creating config.h
config.status:1343: executing depfiles commands
config.status:1343: executing libtool commands

## ---------------- ##
## Cache variables. ##
## ---------------- ##

ac_cv_build=x86_64-unknown-linux-gnu
ac_cv_c_compiler_gnu=yes
ac_cv_c_const=yes
ac_cv_cxx_compiler_gnu=yes
ac_cv_env_CCC_set=
ac_cv_env_CCC_value=
ac_cv_env_CC_set=
ac_cv_env_CC_value=
ac_cv_env_CFLAGS_set=set
ac_cv_env_CFLAGS_value='-I/home/john/thesis/milepost/ctuning-cc-2.5-gcc-4.4.4-ici-2.05-milepost-2.1/install/include -fpermissive'
ac_cv_env_CPPFLAGS_set=
ac_cv_env_CPPFLAGS_value=
ac_cv_env_CPP_set=
ac_cv_env_CPP_value=
ac_cv_env_CXXCPP_set=
ac_cv_env_CXXCPP_value=
ac_cv_env_CXXFLAGS_set=set
ac_cv_env_CXXFLAGS_value='-I/home/john/thesis/milepost/ctuning-cc-2.5-gcc-4.4.4-ici-2.05-milepost-2.1/install/include -fpermissive'
ac_cv_env_CXX_set=
ac_cv_env_CXX_value=
ac_cv_env_LDFLAGS_set=set
ac_cv_env_LDFLAGS_value=-L/home/john/thesis/milepost/ctuning-cc-2.5-gcc-4.4.4-ici-2.05-milepost-2.1/install/lib
ac_cv_env_LIBS_set=
ac_cv_env_LIBS_value=
ac_cv_env_build_alias_set=
ac_cv_env_build_alias_value=
ac_cv_env_host_alias_set=
ac_cv_env_host_alias_value=
ac_cv_env_target_alias_set=
ac_cv_env_target_alias_value=
ac_cv_func_dlopen=no
ac_cv_func_setitimer=yes
ac_cv_func_shl_load=no
ac_cv_have_decl_getenv=no
ac_cv_header_dlfcn_h=yes
ac_cv_header_fenv_h=yes
ac_cv_header_inttypes_h=yes
ac_cv_header_memory_h=yes
ac_cv_header_stdc=yes
ac_cv_header_stdint_h=yes
ac_cv_header_stdlib_h=yes
ac_cv_header_string_h=yes
ac_cv_header_strings_h=yes
ac_cv_header_sys_stat_h=yes
ac_cv_header_sys_time_h=yes
ac_cv_header_sys_types_h=yes
ac_cv_header_time=yes
ac_cv_header_unistd_h=yes
ac_cv_host=x86_64-unknown-linux-gnu
ac_cv_lib_dl_dlopen=yes
ac_cv_lib_dld_shl_load=no
ac_cv_objext=o
ac_cv_path_EGREP='/bin/grep -E'
ac_cv_path_FGREP='/bin/grep -F'
ac_cv_path_GREP=/bin/grep
ac_cv_path_PERL=/usr/bin/perl
ac_cv_path_SED=/bin/sed
ac_cv_path_install='/usr/bin/install -c'
ac_cv_path_mkdir=/bin/mkdir
ac_cv_prog_AWK=gawk
ac_cv_prog_CPP='gcc -E'
ac_cv_prog_CXXCPP='g++ -E'
ac_cv_prog_ac_ct_AR=ar
ac_cv_prog_ac_ct_CC=gcc
ac_cv_prog_ac_ct_CXX=g++
ac_cv_prog_ac_ct_OBJDUMP=objdump
ac_cv_prog_ac_ct_RANLIB=ranlib
ac_cv_prog_ac_ct_STRIP=strip
ac_cv_prog_cc_c89=
ac_cv_prog_cc_g=yes
ac_cv_prog_cxx_g=yes
ac_cv_prog_make_make_set=yes
ac_cv_type_siginfo_t=yes
acl_cv_hardcode_direct=no
acl_cv_hardcode_libdir_flag_spec='${wl}-rpath ${wl}$libdir'
acl_cv_hardcode_libdir_separator=
acl_cv_hardcode_minus_L=no
acl_cv_libext=a
acl_cv_libname_spec='lib$name'
acl_cv_library_names_spec='$libname$shrext'
acl_cv_path_LD=/usr/bin/ld
acl_cv_prog_gnu_ld=yes
acl_cv_rpath=done
acl_cv_shlibext=so
acl_cv_wl=-Wl,
am_cv_CC_dependencies_compiler_type=gcc3
am_cv_CXX_dependencies_compiler_type=gcc3
lt_cv_deplibs_check_method=pass_all
lt_cv_dlopen=dlopen
lt_cv_dlopen_libs=-ldl
lt_cv_dlopen_self=yes
lt_cv_dlopen_self_static=no
lt_cv_file_magic_cmd='$MAGIC_CMD'
lt_cv_file_magic_test_file=
lt_cv_ld_reload_flag=-r
lt_cv_nm_interface='BSD nm'
lt_cv_objdir=.libs
lt_cv_path_LD=/usr/bin/ld
lt_cv_path_LDCXX='/usr/bin/ld -m elf_x86_64'
lt_cv_path_NM='/usr/bin/nm -B'
lt_cv_prog_compiler_c_o=yes
lt_cv_prog_compiler_c_o_CXX=yes
lt_cv_prog_compiler_pic_works=yes
lt_cv_prog_compiler_pic_works_CXX=yes
lt_cv_prog_compiler_rtti_exceptions=no
lt_cv_prog_compiler_static_works=yes
lt_cv_prog_compiler_static_works_CXX=yes
lt_cv_prog_gnu_ld=yes
lt_cv_prog_gnu_ldcxx=yes
lt_cv_sys_global_symbol_pipe='sed -n -e '\''s/^.*[	 ]\([ABCDGIRSTW][ABCDGIRSTW]*\)[	 ][	 ]*\([_A-Za-z][_A-Za-z0-9]*\)$/\1 \2 \2/p'\'''
lt_cv_sys_global_symbol_to_c_name_address='sed -n -e '\''s/^: \([^ ]*\) $/  {\"\1\", (void *) 0},/p'\'' -e '\''s/^[ABCDGIRSTW]* \([^ ]*\) \([^ ]*\)$/  {"\2", (void *) \&\2},/p'\'''
lt_cv_sys_global_symbol_to_c_name_address_lib_prefix='sed -n -e '\''s/^: \([^ ]*\) $/  {\"\1\", (void *) 0},/p'\'' -e '\''s/^[ABCDGIRSTW]* \([^ ]*\) \(lib[^ ]*\)$/  {"\2", (void *) \&\2},/p'\'' -e '\''s/^[ABCDGIRSTW]* \([^ ]*\) \([^ ]*\)$/  {"lib\2", (void *) \&\2},/p'\'''
lt_cv_sys_global_symbol_to_cdecl='sed -n -e '\''s/^T .* \(.*\)$/extern int \1();/p'\'' -e '\''s/^[ABCDGIRSTW]* .* \(.*\)$/extern char \1;/p'\'''
lt_cv_sys_max_cmd_len=1572864

## ----------------- ##
## Output variables. ##
## ----------------- ##

ACLOCAL='${SHELL} /home/john/thesis/milepost/ctuning-cc-2.5-gcc-4.4.4-ici-2.05-milepost-2.1/src-third-party/ppl-0.10.2-modified/Watchdog/missing --run aclocal-1.10'
AMDEPBACKSLASH='\'
AMDEP_FALSE='#'
AMDEP_TRUE=''
AMTAR='${SHELL} /home/john/thesis/milepost/ctuning-cc-2.5-gcc-4.4.4-ici-2.05-milepost-2.1/src-third-party/ppl-0.10.2-modified/Watchdog/missing --run tar'
AR='ar'
AUTOCONF='${SHELL} /home/john/thesis/milepost/ctuning-cc-2.5-gcc-4.4.4-ici-2.05-milepost-2.1/src-third-party/ppl-0.10.2-modified/Watchdog/missing --run autoconf'
AUTOHEADER='${SHELL} /home/john/thesis/milepost/ctuning-cc-2.5-gcc-4.4.4-ici-2.05-milepost-2.1/src-third-party/ppl-0.10.2-modified/Watchdog/missing --run autoheader'
AUTOMAKE='${SHELL} /home/john/thesis/milepost/ctuning-cc-2.5-gcc-4.4.4-ici-2.05-milepost-2.1/src-third-party/ppl-0.10.2-modified/Watchdog/missing --run automake-1.10'
AWK='gawk'
BUILD_WATCHDOG_LIBRARY_FALSE='#'
BUILD_WATCHDOG_LIBRARY_TRUE=''
CC='gcc'
CCDEPMODE='depmode=gcc3'
CFLAGS=' -g -O2 -I/home/john/thesis/milepost/ctuning-cc-2.5-gcc-4.4.4-ici-2.05-milepost-2.1/install/include -fpermissive -W -Wall'
CPP='gcc -E'
CPPFLAGS=''
CXX='g++'
CXXCPP='g++ -E'
CXXDEPMODE='depmode=gcc3'
CXXFLAGS=' -g -O2 -I/home/john/thesis/milepost/ctuning-cc-2.5-gcc-4.4.4-ici-2.05-milepost-2.1/install/include -fpermissive -W -Wall'
CYGPATH_W='echo'
DEFS='-DHAVE_CONFIG_H'
DEPDIR='.deps'
DSYMUTIL=''
DUMPBIN=''
ECHO_C=''
ECHO_N='-n'
ECHO_T=''
EGREP='/bin/grep -E'
EXEEXT=''
FGREP='/bin/grep -F'
GCC_FALSE='#'
GCC_TRUE=''
GREP='/bin/grep'
HAVE_PERL_FALSE='#'
HAVE_PERL_TRUE=''
INSTALL_DATA='${INSTALL} -m 644'
INSTALL_PROGRAM='${INSTALL}'
INSTALL_SCRIPT='${INSTALL}'
INSTALL_STRIP_PROGRAM='$(install_sh) -c -s'
ISODATE='2016-06-19'
LD='/usr/bin/ld -m elf_x86_64'
LDFLAGS='-L/home/john/thesis/milepost/ctuning-cc-2.5-gcc-4.4.4-ici-2.05-milepost-2.1/install/lib'
LIBOBJS=''
LIBS=''
LIBTOOL='$(SHELL) $(top_builddir)/libtool'
LIPO=''
LN_S='ln -s'
LTLIBOBJS=''
MAKEINFO='${SHELL} /home/john/thesis/milepost/ctuning-cc-2.5-gcc-4.4.4-ici-2.05-milepost-2.1/src-third-party/ppl-0.10.2-modified/Watchdog/missing --run makeinfo'
MKDIR_P='/bin/mkdir -p'
NM='/usr/bin/nm -B'
NMEDIT=''
NO_UNDEFINED_FALSE=''
NO_UNDEFINED_TRUE='#'
OBJDUMP='objdump'
OBJEXT='o'
OTOOL64=''
OTOOL=''
PACKAGE='pwl'
PACKAGE_BUGREPORT='bagnara@cs.unipr.it'
PACKAGE_NAME='the Parma Watchdog Library'
PACKAGE_STRING='the Parma Watchdog Library 0.7'
PACKAGE_TARNAME='pwl'
PACKAGE_VERSION='0.7'
PATH_SEPARATOR=':'
PERL='/usr/bin/perl'
RANLIB='ranlib'
SED='/bin/sed'
SET_MAKE=''
SHELL='/bin/bash'
STRIP='strip'
VALGRIND=''
VALGRIND_TESTS_ENABLED_FALSE=''
VALGRIND_TESTS_ENABLED_TRUE='#'
VERSION='0.7'
ac_ct_CC='gcc'
ac_ct_CXX='g++'
ac_ct_DUMPBIN=''
am__fastdepCC_FALSE='#'
am__fastdepCC_TRUE=''
am__fastdepCXX_FALSE='#'
am__fastdepCXX_TRUE=''
am__include='include'
am__isrc=' -I$(srcdir)'
am__leading_dot='.'
am__quote=''
am__tar='${AMTAR} chof - "$$tardir"'
am__untar='${AMTAR} xf -'
bindir='${exec_prefix}/bin'
build='x86_64-unknown-linux-gnu'
build_alias=''
build_cpu='x86_64'
build_os='linux-gnu'
build_vendor='unknown'
datadir='${datarootdir}'
datarootdir='${prefix}/share'
debug_flag='-DNDEBUG=1'
docdir='${datarootdir}/doc/${PACKAGE_TARNAME}'
dvidir='${docdir}'
exec_prefix='${prefix}'
host='x86_64-unknown-linux-gnu'
host_alias=''
host_cpu='x86_64'
host_os='linux-gnu'
host_vendor='unknown'
htmldir='${docdir}'
includedir='${prefix}/include'
infodir='${datarootdir}/info'
install_sh='$(SHELL) /home/john/thesis/milepost/ctuning-cc-2.5-gcc-4.4.4-ici-2.05-milepost-2.1/src-third-party/ppl-0.10.2-modified/Watchdog/install-sh'
libdir='${exec_prefix}/lib'
libexecdir='${exec_prefix}/libexec'
localedir='${datarootdir}/locale'
localstatedir='${prefix}/var'
lt_ECHO='echo'
mandir='${datarootdir}/man'
mkdir_p='/bin/mkdir -p'
oldincludedir='/usr/include'
pdfdir='${docdir}'
prefix='/home/john/thesis/milepost/ctuning-cc-2.5-gcc-4.4.4-ici-2.05-milepost-2.1/install'
program_transform_name='s,x,x,'
psdir='${docdir}'
sbindir='${exec_prefix}/sbin'
sharedstatedir='${prefix}/com'
sysconfdir='${prefix}/etc'
target_alias=''

## ----------- ##
## confdefs.h. ##
## ----------- ##

#define PACKAGE_NAME "the Parma Watchdog Library"
#define PACKAGE_TARNAME "pwl"
#define PACKAGE_VERSION "0.7"
#define PACKAGE_STRING "the Parma Watchdog Library 0.7"
#define PACKAGE_BUGREPORT "bagnara@cs.unipr.it"
#define NDEBUG 1
#define HAVE_SETITIMER 1
#define TIME_WITH_SYS_TIME 1
#define STDC_HEADERS 1
#define HAVE_SYS_TYPES_H 1
#define HAVE_SYS_STAT_H 1
#define HAVE_STDLIB_H 1
#define HAVE_STRING_H 1
#define HAVE_MEMORY_H 1
#define HAVE_STRINGS_H 1
#define HAVE_INTTYPES_H 1
#define HAVE_STDINT_H 1
#define HAVE_UNISTD_H 1
#define HAVE_FENV_H 1
#define HAVE_SYS_TIME_H 1
#define HAVE_DECL_GETENV 0
#define HAVE_SIGINFO_T 1
#define HAVE_DLFCN_H 1
#define LT_OBJDIR ".libs/"

configure: exit 0
