\BOOKMARK [0][-]{chapter.2}{Introduction}{}
\BOOKMARK [-1][-]{part.5}{I A \(somewhat\) Formal Introduction to CDF}{}
\BOOKMARK [0][-]{chapter.6}{The Meaning of Type-0 CDF Instances}{part.5}
\BOOKMARK [1][-]{section.7}{Type-0 CDF Instances}{chapter.6}
\BOOKMARK [2][-]{subsection.12}{Simple Taxonomies in CDF}{section.7}
\BOOKMARK [2][-]{subsection.21}{General Relations between Objects in Classes}{section.7}
\BOOKMARK [2][-]{subsection.29}{Class Relations}{section.7}
\BOOKMARK [1][-]{section.32}{Product Classes}{chapter.6}
\BOOKMARK [1][-]{section.38}{Models of Type-0 Instances}{chapter.6}
\BOOKMARK [1][-]{section.41}{Inheritance}{chapter.6}
\BOOKMARK [0][-]{chapter.60}{The Meaning of Type-1 CDF Instances}{part.5}
\BOOKMARK [1][-]{section.61}{Class Expressions and CDF Facts}{chapter.60}
\BOOKMARK [2][-]{subsection.66}{Class Expressions and Ontology Theories}{section.61}
\BOOKMARK [1][-]{section.69}{Necessary Conditions}{chapter.60}
\BOOKMARK [1][-]{section.75}{Local Class Expressions}{chapter.60}
\BOOKMARK [-1][-]{part.77}{II Using CDF}{}
\BOOKMARK [0][-]{chapter.78}{Implementation and System Features}{part.77}
\BOOKMARK [1][-]{section.80}{CDF Instances}{chapter.78}
\BOOKMARK [2][-]{subsection.84}{Extensional Facts and Intensional Rules}{section.80}
\BOOKMARK [2][-]{subsection.86}{The Top-level Hierarchy and Primitive Types}{section.80}
\BOOKMARK [2][-]{subsection.90}{Basic CDF Predicates}{section.80}
\BOOKMARK [1][-]{section.91}{The Type-0 Query Interface}{chapter.78}
\BOOKMARK [2][-]{subsection.92}{Virtual Identifiers}{section.91}
\BOOKMARK [2][-]{subsection.94}{Computing Irredundant Answers}{section.91}
\BOOKMARK [2][-]{subsection.97}{Implementations of isa/2}{section.91}
\BOOKMARK [2][-]{subsection.108}{The Type-0 API}{section.91}
\BOOKMARK [1][-]{section.109}{The Type-1 API}{chapter.78}
\BOOKMARK [2][-]{subsection.111}{The CDF Theorem Prover}{section.109}
\BOOKMARK [2][-]{subsection.113}{The Type-1 API}{section.109}
\BOOKMARK [1][-]{section.114}{Updating CDF Instances}{chapter.78}
\BOOKMARK [2][-]{subsection.115}{The Update API}{section.114}
\BOOKMARK [1][-]{section.116}{Semantic Checking}{chapter.78}
\BOOKMARK [2][-]{subsection.117}{Classes of Semantic Checking Predicates}{section.116}
\BOOKMARK [2][-]{subsection.118}{System Contexts}{section.116}
\BOOKMARK [2][-]{subsection.119}{Adding User Contexts}{section.116}
\BOOKMARK [2][-]{subsection.120}{Semantic Checking Predicates}{section.116}
\BOOKMARK [1][-]{section.121}{Configuring and Examining the CDF System}{chapter.78}
\BOOKMARK [2][-]{subsection.122}{The Configuration API}{section.121}
\BOOKMARK [1][-]{section.123}{CDF Components and I/O}{chapter.78}
\BOOKMARK [2][-]{subsection.124}{CDF Components}{section.123}
\BOOKMARK [2][-]{subsection.126}{I/O for CDF}{section.123}
\BOOKMARK [2][-]{subsection.128}{Component and I/O API}{section.123}
\BOOKMARK [1][-]{section.131}{Database Access for CDF}{chapter.78}
\BOOKMARK [2][-]{subsection.132}{Storing a CDF in an ODBC database}{section.131}
\BOOKMARK [2][-]{subsection.133}{Lazy Access to an CDF Stored in a RDB}{section.131}
\BOOKMARK [2][-]{subsection.134}{Updatable External Object Data Sources}{section.131}
\BOOKMARK [1][-]{section.136}{Concurrency Control in CDF}{chapter.78}
\BOOKMARK [0][-]{chapter.137}{Programming with CDF}{part.77}
\BOOKMARK [1][-]{section.138}{CDF as a Constraint Language}{chapter.137}
\BOOKMARK [1][-]{section.141}{Non-Monotonic Reasoning and CDF}{chapter.137}
\BOOKMARK [1][-]{section.142}{Using CDF Relations in Rules}{chapter.137}
\BOOKMARK [1][-]{section.143}{CDF and FLORA-2}{chapter.137}
