/** -------------------------------------------------
 ** Algorithm:   Warmr
 ** Output type: freq_queries.out
 ** Date:        7/14/2016 16:37:16
 ** ACE version: 1.2.20
 ** Hardware:    ubuntu : x86_64 running Linux
 ** -------------------------------------------------
 **/

sample_size(392.0).
min_rel_freq(0.5).
min_abs_freq(196.0).

level(1).
freq(1,1,[true],1.0).
c_counter(1,1).
f_counter(1,1).

level(2).
freq(2,1,[true,triangle(A)],0.778061224489796).
freq(2,2,[true,square(A)],0.783163265306122).
freq(2,3,[true,circle(A)],0.701530612244898).
c_counter(2,3).
f_counter(2,3).

level(3).
freq(3,1,[true,triangle(A),square(B)],0.604591836734694).
freq(3,2,[true,triangle(A),circle(B)],0.510204081632653).
freq(3,3,[true,triangle(A),config(A,up)],0.533163265306122).
freq(3,4,[true,square(A),circle(B)],0.51530612244898).
freq(3,5,[true,circle(A),in(A,B)],0.522959183673469).
c_counter(3,18).
f_counter(3,5).

level(4).
c_counter(4,13).
f_counter(4,0).
