/** -------------------------------------------------
 ** Algorithm:   Tilde
 ** Output type: out
 ** Date:        7/20/2016 18:6:9
 ** ACE version: 1.2.20
 ** Hardware:    ubuntu : x86_64 running Linux
 ** -------------------------------------------------
 ** Settings:
 **
 ** Common ** 
 *  heuristic : gainratio (default) 
 *  tilde_mode : classify (default) 
 *  intra_literal_sharing : yes (default) 
 *  query_batch_size : default (default) 
 *  single_query_generation : no (default) 
 *  inst_generation_prob : 1.0 (default) 
 *  rmode_inst_generation_prob : 1.0 (default) 
 *  query_sample_probability : 1.0 (default) 
 *  query_sample_algo : smart (default) 
 *  aggregate_refiners : no (default) 
 *  aggregate_recursion : no (default) 
 *  aggregate_maxconjuncts : 2 (default) 
 *  aggregate_lookahead : no (default) 
 *  aggregate_refinement : no (default) 
 *  example_cache : 102400 (default) 
 *  select_root_models : on (default) 
 *  write_predictions : [] (default) 
 *  compatibility : ace1.1 (default) 
 *  max_query_len : inf (default) 
 *  log_pid : off (default) 
 *  nsplit_unsorted_fractions : 0 (default) 
 *  nsplit_sorting : basic (default) 
 *  nsplit_version : basic (default) 
 *  nsplit_talking : off (default) 
 *  discretize : entropy (default) 
 *  transform_queries : once (default) 
 *  output_dir : default (default) 
 *  bg_file : default (default) 
 *  kb_file : default (default) 
 *  randomise : none (default) 
 *  report_timings : off (default) 
 *  default_prefix : off (default) 
 *  default_min : 1 (default) 
 *  default_preprocessing : off (default) 
 *  mi_distance_maxsample : 100 (default) 
 *  language_warnings : on (default) 
 *  expert_implicit_language : off (default) 
 *  granularity : 10 (default) 
 *  leave_out : false (default) 
 *  classes : [true,false] 
 *  use_packs : none 
 *  outerloop : queries (default) 
 *  talking : 3 (default) 
 *  load : examples 
 ** Tilde ** 
 *  combining_rules_EMiters : 10 (default) 
 *  combining_rules_EMruns : 5 (default) 
 *  combining_rules : off (default) 
 *  write_ensemble_models : [] (default) 
 *  tilde_maxdepth : inf (default) 
 *  exhaustive_lookahead : 0 (default) 
 *  query_length_bias : short (default) 
 *  special_min : 0.0 (default) 
 *  out_of_bag : no (default) 
 *  roulette_wheel_selection : no (default) 
 *  tilde_rst_optimization : no (default) 
 *  repeat_exec_time : 1 (default) 
 *  combination_rule : sum (default) 
 *  show_averages : 1 (default) 
 *  classify_mode : 0 (default) 
 *  complexity_penalty : 1.0 (default) 
 *  precompute : [] (default) 
 *  resume : off (default) 
 *  m_estimate : none (default) 
 *  output_options : [c45,prolog] (default) 
 *  prune_rules : false (default) 
 *  confidence_level : 0.25 (default) 
 *  random_test_set : 0 (default) 
 *  random_validation_set : 0 (default) 
 *  stopping_criterion : mincases (default) 
 *  pruning : c45 (default) 
 *  discretization : none (default) 
 *  multiscore_2 : off (default) 
 *  multiscore : off (default) 
 *  sampling_strategy : none 
 *  max_querytime : 100 (default) 
 *  accuracy : 1.0 (default) 
 *  tilde_test_eval_model : std (default) 
 *  minimal_cases : 2 (default) 
 *  ftest : 0.05 (default) 
 *  tilde_version : 3.0 (default) 
 ************** 
 ** Language:
 **
 ** WARMODE BIAS ** 
 *  warmode(method(+-obj)) 
 *  warmode(basic_block(+-obj)) 
 *  warmode(in(+-obj,+-obj)) 
 *  warmode(directed_edge(+-obj,+-obj)) 
 *  warmode(method_call(+-obj,+-obj)) 
 *  warmode(method_call(+-obj,+-obj)) 
 ** RMODE BIAS ** 
 *  rmode(inf:method(+-A)) 
 *  rmode(inf:basic_block(+-A)) 
 *  rmode(inf:in(+-A,+-B)) 
 *  rmode(inf:directed_edge(+-A,+-B)) 
 *  rmode(inf:method_call(+-A,+-B)) 
 *  rmode(inf:method_call(+-A,+-B)) 
 *  max_lookahead(1) 
 *  typed_language(yes) 
 *  type(method(obj)) 
 *  type(basic_block(obj)) 
 *  type(in(obj,obj)) 
 *  type(directed_edge(obj,obj)) 
 *  type(method_call(obj,obj)) 
 *  type(member(A,B)) 
 *  type(for_int(A,B,C)) 
 ******************** 
 **/

Average discretization time: 0.0
Average induction time: 0.0

Model:
    Complexity: 1.0 nodes, 1.0 literals
    C4.5 error estimate: 2.6717622253221, relative: 0.0513800427946559
Training:
    Number of examples: 52

    REAL\PRED | true      false     
    ----------------------------------------------
    true      | 12        0         | 12
    false     | 0         40        | 40
    ----------------------------------------------
              | 12        40        | 52

    Accuracy: 1.0 (stderr: 0.0, default: 0.769230769230769)
    Cramer's coefficient: 1.0
    Class: true: TP = 1.0, FP = 0.0
Testing:
    Number of examples: 40

    REAL\PRED | true      false     
    ----------------------------------------------
    true      | 0         0         | 0
    false     | 0         40        | 40
    ----------------------------------------------
              | 0         40        | 40

    Accuracy: 1.0 (stderr: 0.0, default: 1.0)
    Cramer's coefficient: 0.0
    Class: true: TP = -nan, FP = 0.0


Compact notation of tree:

method(-A) ? 
+--yes: [true] 12.0 [[true:12.0,false:0.0]]
+--no:  [false] 40.0 [[true:0.0,false:40.0]]

Equivalent prolog program:

class([true]) :- method(A), !.
% 12.0/12.0=1.0
class([false]).
% 40.0/40.0=1.0


