/** -------------------------------------------------
 ** Algorithm:   Warmr
 ** Output type: freq_packs.out
 ** Date:        7/21/2016 0:44:36
 ** ACE version: 1.2.20
 ** Hardware:    ubuntu : x86_64 running Linux
 ** -------------------------------------------------
 **/

sample_size(52.0)
min_rel_freq(0.5)
min_abs_freq(26.0)

level(1)
true 1.0
c_counter(1,1)
f_counter(1,1)

level(2)
true,method(A) 1.0
     basic_block(A) 1.0
     in(A,B) 1.0
     directed_edge(A,B) 1.0
c_counter(2,8)
f_counter(2,4)

level(3)
true,method(A),basic_block(B) 1.0
               in(B,A) 1.0
               in(B,C) 1.0
               directed_edge(B,C) 1.0
     basic_block(A),in(A,B) 1.0
                    in(B,C) 1.0
                    directed_edge(A,B) 0.980769230769231
                    directed_edge(B,A) 1.0
                    directed_edge(B,C) 1.0
     in(A,B),directed_edge(A,C) 0.980769230769231
             directed_edge(C,A) 1.0
             directed_edge(C,D) 1.0
     directed_edge(A,B),directed_edge(B,C) 0.980769230769231
c_counter(3,25)
f_counter(3,13)

level(4)
true,method(A),basic_block(B),in(B,A) 1.0
                              in(B,C) 1.0
                              in(C,A) 1.0
                              in(C,D) 1.0
                              directed_edge(B,C) 0.980769230769231
                              directed_edge(C,B) 1.0
                              directed_edge(C,D) 1.0
               in(B,A),directed_edge(B,C) 0.980769230769231
                       directed_edge(C,B) 1.0
                       directed_edge(C,D) 1.0
               in(B,C),method(C) 1.0
                       directed_edge(B,D) 0.980769230769231
                       directed_edge(D,B) 1.0
                       directed_edge(D,E) 1.0
               directed_edge(B,C),directed_edge(C,D) 0.980769230769231
     basic_block(A),in(A,B),directed_edge(A,C) 0.980769230769231
                            directed_edge(C,A) 1.0
                            directed_edge(C,D) 1.0
                    in(B,C),basic_block(B) 1.0
                            directed_edge(B,A) 0.980769230769231
                            directed_edge(B,D) 0.980769230769231
                            directed_edge(A,B) 0.980769230769231
                            directed_edge(A,D) 0.980769230769231
                            directed_edge(D,B) 1.0
                            directed_edge(D,A) 1.0
                            directed_edge(D,E) 1.0
                    directed_edge(A,B),basic_block(B) 0.980769230769231
                                       directed_edge(B,C) 0.961538461538462
                                       directed_edge(C,A) 0.980769230769231
                    directed_edge(B,A),directed_edge(C,B) 0.980769230769231
                    directed_edge(B,C),basic_block(C) 1.0
                                       basic_block(B) 0.980769230769231
                                       directed_edge(C,D) 0.980769230769231
     in(A,B),directed_edge(A,C),in(C,B) 0.980769230769231
                                in(C,D) 0.980769230769231
                                directed_edge(C,D) 0.961538461538462
                                directed_edge(D,A) 0.980769230769231
             directed_edge(C,A),directed_edge(D,C) 0.980769230769231
             directed_edge(C,D),in(D,B) 1.0
                                in(C,B) 0.980769230769231
                                directed_edge(D,E) 0.980769230769231
     directed_edge(A,B),directed_edge(B,C),directed_edge(C,A) 0.75
                                           directed_edge(C,D) 0.961538461538462
                                           directed_edge(A,C) 0.75
c_counter(4,44)
f_counter(4,44)
